<?xml version="1.0" encoding="UTF-8"?>
<testsuite name="RandoopRegressionTest0" tests="6" skipped="0" failures="0" errors="0" timestamp="2024-04-08T16:49:45" hostname="MacBook-Pro-685.local" time="0.005">
  <properties/>
  <testcase name="test1" classname="RandoopRegressionTest0" time="0.002"/>
  <testcase name="test2" classname="RandoopRegressionTest0" time="0.0"/>
  <testcase name="test3" classname="RandoopRegressionTest0" time="0.0"/>
  <testcase name="test1" classname="RandoopRegressionTest0" time="0.0"/>
  <testcase name="test2" classname="RandoopRegressionTest0" time="0.0"/>
  <testcase name="test3" classname="RandoopRegressionTest0" time="0.0"/>
  <system-out><![CDATA[]]></system-out>
  <system-err><![CDATA[]]></system-err>
</testsuite>
