<?xml version="1.0" encoding="UTF-8"?>
<testsuite name="RandoopRegressionTest6" tests="400" skipped="0" failures="0" errors="0" timestamp="2024-04-08T15:47:02" hostname="MacBook-Pro-685.local" time="0.185">
  <properties/>
  <testcase name="test3001" classname="RandoopRegressionTest6" time="0.0"/>
  <testcase name="test3002" classname="RandoopRegressionTest6" time="0.0"/>
  <testcase name="test3003" classname="RandoopRegressionTest6" time="0.0"/>
  <testcase name="test3004" classname="RandoopRegressionTest6" time="0.0"/>
  <testcase name="test3005" classname="RandoopRegressionTest6" time="0.0"/>
  <testcase name="test3006" classname="RandoopRegressionTest6" time="0.0"/>
  <testcase name="test3007" classname="RandoopRegressionTest6" time="0.0"/>
  <testcase name="test3008" classname="RandoopRegressionTest6" time="0.001"/>
  <testcase name="test3009" classname="RandoopRegressionTest6" time="0.0"/>
  <testcase name="test3010" classname="RandoopRegressionTest6" time="0.0"/>
  <testcase name="test3011" classname="RandoopRegressionTest6" time="0.0"/>
  <testcase name="test3012" classname="RandoopRegressionTest6" time="0.0"/>
  <testcase name="test3013" classname="RandoopRegressionTest6" time="0.0"/>
  <testcase name="test3014" classname="RandoopRegressionTest6" time="0.0"/>
  <testcase name="test3015" classname="RandoopRegressionTest6" time="0.0"/>
  <testcase name="test3016" classname="RandoopRegressionTest6" time="0.0"/>
  <testcase name="test3017" classname="RandoopRegressionTest6" time="0.0"/>
  <testcase name="test3018" classname="RandoopRegressionTest6" time="0.0"/>
  <testcase name="test3019" classname="RandoopRegressionTest6" time="0.0"/>
  <testcase name="test3020" classname="RandoopRegressionTest6" time="0.0"/>
  <testcase name="test3021" classname="RandoopRegressionTest6" time="0.0"/>
  <testcase name="test3022" classname="RandoopRegressionTest6" time="0.0"/>
  <testcase name="test3023" classname="RandoopRegressionTest6" time="0.0"/>
  <testcase name="test3024" classname="RandoopRegressionTest6" time="0.0"/>
  <testcase name="test3025" classname="RandoopRegressionTest6" time="0.0"/>
  <testcase name="test3026" classname="RandoopRegressionTest6" time="0.0"/>
  <testcase name="test3027" classname="RandoopRegressionTest6" time="0.001"/>
  <testcase name="test3028" classname="RandoopRegressionTest6" time="0.0"/>
  <testcase name="test3029" classname="RandoopRegressionTest6" time="0.0"/>
  <testcase name="test3030" classname="RandoopRegressionTest6" time="0.0"/>
  <testcase name="test3031" classname="RandoopRegressionTest6" time="0.0"/>
  <testcase name="test3032" classname="RandoopRegressionTest6" time="0.0"/>
  <testcase name="test3033" classname="RandoopRegressionTest6" time="0.0"/>
  <testcase name="test3034" classname="RandoopRegressionTest6" time="0.0"/>
  <testcase name="test3035" classname="RandoopRegressionTest6" time="0.0"/>
  <testcase name="test3036" classname="RandoopRegressionTest6" time="0.0"/>
  <testcase name="test3037" classname="RandoopRegressionTest6" time="0.0"/>
  <testcase name="test3038" classname="RandoopRegressionTest6" time="0.0"/>
  <testcase name="test3039" classname="RandoopRegressionTest6" time="0.0"/>
  <testcase name="test3040" classname="RandoopRegressionTest6" time="0.0"/>
  <testcase name="test3041" classname="RandoopRegressionTest6" time="0.0"/>
  <testcase name="test3042" classname="RandoopRegressionTest6" time="0.0"/>
  <testcase name="test3043" classname="RandoopRegressionTest6" time="0.0"/>
  <testcase name="test3044" classname="RandoopRegressionTest6" time="0.0"/>
  <testcase name="test3045" classname="RandoopRegressionTest6" time="0.0"/>
  <testcase name="test3046" classname="RandoopRegressionTest6" time="0.0"/>
  <testcase name="test3047" classname="RandoopRegressionTest6" time="0.0"/>
  <testcase name="test3048" classname="RandoopRegressionTest6" time="0.0"/>
  <testcase name="test3049" classname="RandoopRegressionTest6" time="0.0"/>
  <testcase name="test3050" classname="RandoopRegressionTest6" time="0.0"/>
  <testcase name="test3051" classname="RandoopRegressionTest6" time="0.0"/>
  <testcase name="test3052" classname="RandoopRegressionTest6" time="0.001"/>
  <testcase name="test3053" classname="RandoopRegressionTest6" time="0.0"/>
  <testcase name="test3054" classname="RandoopRegressionTest6" time="0.0"/>
  <testcase name="test3055" classname="RandoopRegressionTest6" time="0.0"/>
  <testcase name="test3056" classname="RandoopRegressionTest6" time="0.0"/>
  <testcase name="test3057" classname="RandoopRegressionTest6" time="0.0"/>
  <testcase name="test3058" classname="RandoopRegressionTest6" time="0.0"/>
  <testcase name="test3059" classname="RandoopRegressionTest6" time="0.0"/>
  <testcase name="test3060" classname="RandoopRegressionTest6" time="0.0"/>
  <testcase name="test3061" classname="RandoopRegressionTest6" time="0.0"/>
  <testcase name="test3062" classname="RandoopRegressionTest6" time="0.0"/>
  <testcase name="test3063" classname="RandoopRegressionTest6" time="0.0"/>
  <testcase name="test3064" classname="RandoopRegressionTest6" time="0.0"/>
  <testcase name="test3065" classname="RandoopRegressionTest6" time="0.0"/>
  <testcase name="test3066" classname="RandoopRegressionTest6" time="0.0"/>
  <testcase name="test3067" classname="RandoopRegressionTest6" time="0.0"/>
  <testcase name="test3068" classname="RandoopRegressionTest6" time="0.0"/>
  <testcase name="test3069" classname="RandoopRegressionTest6" time="0.0"/>
  <testcase name="test3070" classname="RandoopRegressionTest6" time="0.0"/>
  <testcase name="test3071" classname="RandoopRegressionTest6" time="0.0"/>
  <testcase name="test3072" classname="RandoopRegressionTest6" time="0.0"/>
  <testcase name="test3073" classname="RandoopRegressionTest6" time="0.0"/>
  <testcase name="test3074" classname="RandoopRegressionTest6" time="0.0"/>
  <testcase name="test3075" classname="RandoopRegressionTest6" time="0.0"/>
  <testcase name="test3076" classname="RandoopRegressionTest6" time="0.001"/>
  <testcase name="test3077" classname="RandoopRegressionTest6" time="0.0"/>
  <testcase name="test3078" classname="RandoopRegressionTest6" time="0.0"/>
  <testcase name="test3079" classname="RandoopRegressionTest6" time="0.0"/>
  <testcase name="test3080" classname="RandoopRegressionTest6" time="0.0"/>
  <testcase name="test3081" classname="RandoopRegressionTest6" time="0.0"/>
  <testcase name="test3082" classname="RandoopRegressionTest6" time="0.0"/>
  <testcase name="test3083" classname="RandoopRegressionTest6" time="0.0"/>
  <testcase name="test3084" classname="RandoopRegressionTest6" time="0.0"/>
  <testcase name="test3085" classname="RandoopRegressionTest6" time="0.0"/>
  <testcase name="test3086" classname="RandoopRegressionTest6" time="0.0"/>
  <testcase name="test3087" classname="RandoopRegressionTest6" time="0.0"/>
  <testcase name="test3088" classname="RandoopRegressionTest6" time="0.0"/>
  <testcase name="test3089" classname="RandoopRegressionTest6" time="0.0"/>
  <testcase name="test3090" classname="RandoopRegressionTest6" time="0.0"/>
  <testcase name="test3091" classname="RandoopRegressionTest6" time="0.0"/>
  <testcase name="test3092" classname="RandoopRegressionTest6" time="0.0"/>
  <testcase name="test3093" classname="RandoopRegressionTest6" time="0.0"/>
  <testcase name="test3094" classname="RandoopRegressionTest6" time="0.0"/>
  <testcase name="test3095" classname="RandoopRegressionTest6" time="0.0"/>
  <testcase name="test3096" classname="RandoopRegressionTest6" time="0.0"/>
  <testcase name="test3097" classname="RandoopRegressionTest6" time="0.0"/>
  <testcase name="test3098" classname="RandoopRegressionTest6" time="0.0"/>
  <testcase name="test3099" classname="RandoopRegressionTest6" time="0.0"/>
  <testcase name="test3100" classname="RandoopRegressionTest6" time="0.0"/>
  <testcase name="test3101" classname="RandoopRegressionTest6" time="0.001"/>
  <testcase name="test3102" classname="RandoopRegressionTest6" time="0.0"/>
  <testcase name="test3103" classname="RandoopRegressionTest6" time="0.0"/>
  <testcase name="test3104" classname="RandoopRegressionTest6" time="0.0"/>
  <testcase name="test3105" classname="RandoopRegressionTest6" time="0.0"/>
  <testcase name="test3106" classname="RandoopRegressionTest6" time="0.0"/>
  <testcase name="test3107" classname="RandoopRegressionTest6" time="0.0"/>
  <testcase name="test3108" classname="RandoopRegressionTest6" time="0.0"/>
  <testcase name="test3109" classname="RandoopRegressionTest6" time="0.0"/>
  <testcase name="test3110" classname="RandoopRegressionTest6" time="0.0"/>
  <testcase name="test3111" classname="RandoopRegressionTest6" time="0.0"/>
  <testcase name="test3112" classname="RandoopRegressionTest6" time="0.0"/>
  <testcase name="test3113" classname="RandoopRegressionTest6" time="0.0"/>
  <testcase name="test3114" classname="RandoopRegressionTest6" time="0.0"/>
  <testcase name="test3115" classname="RandoopRegressionTest6" time="0.0"/>
  <testcase name="test3116" classname="RandoopRegressionTest6" time="0.0"/>
  <testcase name="test3117" classname="RandoopRegressionTest6" time="0.0"/>
  <testcase name="test3118" classname="RandoopRegressionTest6" time="0.0"/>
  <testcase name="test3119" classname="RandoopRegressionTest6" time="0.0"/>
  <testcase name="test3120" classname="RandoopRegressionTest6" time="0.0"/>
  <testcase name="test3121" classname="RandoopRegressionTest6" time="0.0"/>
  <testcase name="test3122" classname="RandoopRegressionTest6" time="0.0"/>
  <testcase name="test3123" classname="RandoopRegressionTest6" time="0.001"/>
  <testcase name="test3124" classname="RandoopRegressionTest6" time="0.0"/>
  <testcase name="test3125" classname="RandoopRegressionTest6" time="0.0"/>
  <testcase name="test3126" classname="RandoopRegressionTest6" time="0.0"/>
  <testcase name="test3127" classname="RandoopRegressionTest6" time="0.0"/>
  <testcase name="test3128" classname="RandoopRegressionTest6" time="0.0"/>
  <testcase name="test3129" classname="RandoopRegressionTest6" time="0.0"/>
  <testcase name="test3130" classname="RandoopRegressionTest6" time="0.0"/>
  <testcase name="test3131" classname="RandoopRegressionTest6" time="0.0"/>
  <testcase name="test3132" classname="RandoopRegressionTest6" time="0.0"/>
  <testcase name="test3133" classname="RandoopRegressionTest6" time="0.0"/>
  <testcase name="test3134" classname="RandoopRegressionTest6" time="0.0"/>
  <testcase name="test3135" classname="RandoopRegressionTest6" time="0.0"/>
  <testcase name="test3136" classname="RandoopRegressionTest6" time="0.0"/>
  <testcase name="test3137" classname="RandoopRegressionTest6" time="0.0"/>
  <testcase name="test3138" classname="RandoopRegressionTest6" time="0.0"/>
  <testcase name="test3139" classname="RandoopRegressionTest6" time="0.0"/>
  <testcase name="test3140" classname="RandoopRegressionTest6" time="0.0"/>
  <testcase name="test3141" classname="RandoopRegressionTest6" time="0.001"/>
  <testcase name="test3142" classname="RandoopRegressionTest6" time="0.0"/>
  <testcase name="test3143" classname="RandoopRegressionTest6" time="0.0"/>
  <testcase name="test3144" classname="RandoopRegressionTest6" time="0.0"/>
  <testcase name="test3145" classname="RandoopRegressionTest6" time="0.0"/>
  <testcase name="test3146" classname="RandoopRegressionTest6" time="0.0"/>
  <testcase name="test3147" classname="RandoopRegressionTest6" time="0.0"/>
  <testcase name="test3148" classname="RandoopRegressionTest6" time="0.0"/>
  <testcase name="test3149" classname="RandoopRegressionTest6" time="0.0"/>
  <testcase name="test3150" classname="RandoopRegressionTest6" time="0.0"/>
  <testcase name="test3151" classname="RandoopRegressionTest6" time="0.0"/>
  <testcase name="test3152" classname="RandoopRegressionTest6" time="0.0"/>
  <testcase name="test3153" classname="RandoopRegressionTest6" time="0.0"/>
  <testcase name="test3154" classname="RandoopRegressionTest6" time="0.0"/>
  <testcase name="test3155" classname="RandoopRegressionTest6" time="0.0"/>
  <testcase name="test3156" classname="RandoopRegressionTest6" time="0.0"/>
  <testcase name="test3157" classname="RandoopRegressionTest6" time="0.0"/>
  <testcase name="test3158" classname="RandoopRegressionTest6" time="0.0"/>
  <testcase name="test3159" classname="RandoopRegressionTest6" time="0.0"/>
  <testcase name="test3160" classname="RandoopRegressionTest6" time="0.0"/>
  <testcase name="test3161" classname="RandoopRegressionTest6" time="0.0"/>
  <testcase name="test3162" classname="RandoopRegressionTest6" time="0.0"/>
  <testcase name="test3163" classname="RandoopRegressionTest6" time="0.0"/>
  <testcase name="test3164" classname="RandoopRegressionTest6" time="0.0"/>
  <testcase name="test3165" classname="RandoopRegressionTest6" time="0.0"/>
  <testcase name="test3166" classname="RandoopRegressionTest6" time="0.0"/>
  <testcase name="test3167" classname="RandoopRegressionTest6" time="0.0"/>
  <testcase name="test3168" classname="RandoopRegressionTest6" time="0.0"/>
  <testcase name="test3169" classname="RandoopRegressionTest6" time="0.0"/>
  <testcase name="test3170" classname="RandoopRegressionTest6" time="0.0"/>
  <testcase name="test3171" classname="RandoopRegressionTest6" time="0.0"/>
  <testcase name="test3172" classname="RandoopRegressionTest6" time="0.0"/>
  <testcase name="test3173" classname="RandoopRegressionTest6" time="0.0"/>
  <testcase name="test3174" classname="RandoopRegressionTest6" time="0.0"/>
  <testcase name="test3175" classname="RandoopRegressionTest6" time="0.0"/>
  <testcase name="test3176" classname="RandoopRegressionTest6" time="0.0"/>
  <testcase name="test3177" classname="RandoopRegressionTest6" time="0.0"/>
  <testcase name="test3178" classname="RandoopRegressionTest6" time="0.0"/>
  <testcase name="test3179" classname="RandoopRegressionTest6" time="0.0"/>
  <testcase name="test3180" classname="RandoopRegressionTest6" time="0.0"/>
  <testcase name="test3181" classname="RandoopRegressionTest6" time="0.0"/>
  <testcase name="test3182" classname="RandoopRegressionTest6" time="0.0"/>
  <testcase name="test3183" classname="RandoopRegressionTest6" time="0.0"/>
  <testcase name="test3184" classname="RandoopRegressionTest6" time="0.0"/>
  <testcase name="test3185" classname="RandoopRegressionTest6" time="0.0"/>
  <testcase name="test3186" classname="RandoopRegressionTest6" time="0.0"/>
  <testcase name="test3187" classname="RandoopRegressionTest6" time="0.0"/>
  <testcase name="test3188" classname="RandoopRegressionTest6" time="0.0"/>
  <testcase name="test3189" classname="RandoopRegressionTest6" time="0.0"/>
  <testcase name="test3190" classname="RandoopRegressionTest6" time="0.0"/>
  <testcase name="test3191" classname="RandoopRegressionTest6" time="0.0"/>
  <testcase name="test3192" classname="RandoopRegressionTest6" time="0.0"/>
  <testcase name="test3193" classname="RandoopRegressionTest6" time="0.0"/>
  <testcase name="test3194" classname="RandoopRegressionTest6" time="0.0"/>
  <testcase name="test3195" classname="RandoopRegressionTest6" time="0.0"/>
  <testcase name="test3196" classname="RandoopRegressionTest6" time="0.0"/>
  <testcase name="test3197" classname="RandoopRegressionTest6" time="0.0"/>
  <testcase name="test3198" classname="RandoopRegressionTest6" time="0.0"/>
  <testcase name="test3199" classname="RandoopRegressionTest6" time="0.0"/>
  <testcase name="test3200" classname="RandoopRegressionTest6" time="0.0"/>
  <testcase name="test3001" classname="RandoopRegressionTest6" time="0.0"/>
  <testcase name="test3002" classname="RandoopRegressionTest6" time="0.0"/>
  <testcase name="test3003" classname="RandoopRegressionTest6" time="0.0"/>
  <testcase name="test3004" classname="RandoopRegressionTest6" time="0.0"/>
  <testcase name="test3005" classname="RandoopRegressionTest6" time="0.0"/>
  <testcase name="test3006" classname="RandoopRegressionTest6" time="0.0"/>
  <testcase name="test3007" classname="RandoopRegressionTest6" time="0.0"/>
  <testcase name="test3008" classname="RandoopRegressionTest6" time="0.0"/>
  <testcase name="test3009" classname="RandoopRegressionTest6" time="0.0"/>
  <testcase name="test3010" classname="RandoopRegressionTest6" time="0.0"/>
  <testcase name="test3011" classname="RandoopRegressionTest6" time="0.0"/>
  <testcase name="test3012" classname="RandoopRegressionTest6" time="0.0"/>
  <testcase name="test3013" classname="RandoopRegressionTest6" time="0.0"/>
  <testcase name="test3014" classname="RandoopRegressionTest6" time="0.0"/>
  <testcase name="test3015" classname="RandoopRegressionTest6" time="0.0"/>
  <testcase name="test3016" classname="RandoopRegressionTest6" time="0.0"/>
  <testcase name="test3017" classname="RandoopRegressionTest6" time="0.0"/>
  <testcase name="test3018" classname="RandoopRegressionTest6" time="0.0"/>
  <testcase name="test3019" classname="RandoopRegressionTest6" time="0.0"/>
  <testcase name="test3020" classname="RandoopRegressionTest6" time="0.0"/>
  <testcase name="test3021" classname="RandoopRegressionTest6" time="0.0"/>
  <testcase name="test3022" classname="RandoopRegressionTest6" time="0.0"/>
  <testcase name="test3023" classname="RandoopRegressionTest6" time="0.0"/>
  <testcase name="test3024" classname="RandoopRegressionTest6" time="0.0"/>
  <testcase name="test3025" classname="RandoopRegressionTest6" time="0.0"/>
  <testcase name="test3026" classname="RandoopRegressionTest6" time="0.0"/>
  <testcase name="test3027" classname="RandoopRegressionTest6" time="0.0"/>
  <testcase name="test3028" classname="RandoopRegressionTest6" time="0.0"/>
  <testcase name="test3029" classname="RandoopRegressionTest6" time="0.0"/>
  <testcase name="test3030" classname="RandoopRegressionTest6" time="0.0"/>
  <testcase name="test3031" classname="RandoopRegressionTest6" time="0.0"/>
  <testcase name="test3032" classname="RandoopRegressionTest6" time="0.0"/>
  <testcase name="test3033" classname="RandoopRegressionTest6" time="0.0"/>
  <testcase name="test3034" classname="RandoopRegressionTest6" time="0.0"/>
  <testcase name="test3035" classname="RandoopRegressionTest6" time="0.0"/>
  <testcase name="test3036" classname="RandoopRegressionTest6" time="0.0"/>
  <testcase name="test3037" classname="RandoopRegressionTest6" time="0.0"/>
  <testcase name="test3038" classname="RandoopRegressionTest6" time="0.0"/>
  <testcase name="test3039" classname="RandoopRegressionTest6" time="0.0"/>
  <testcase name="test3040" classname="RandoopRegressionTest6" time="0.0"/>
  <testcase name="test3041" classname="RandoopRegressionTest6" time="0.0"/>
  <testcase name="test3042" classname="RandoopRegressionTest6" time="0.0"/>
  <testcase name="test3043" classname="RandoopRegressionTest6" time="0.0"/>
  <testcase name="test3044" classname="RandoopRegressionTest6" time="0.0"/>
  <testcase name="test3045" classname="RandoopRegressionTest6" time="0.0"/>
  <testcase name="test3046" classname="RandoopRegressionTest6" time="0.0"/>
  <testcase name="test3047" classname="RandoopRegressionTest6" time="0.0"/>
  <testcase name="test3048" classname="RandoopRegressionTest6" time="0.0"/>
  <testcase name="test3049" classname="RandoopRegressionTest6" time="0.0"/>
  <testcase name="test3050" classname="RandoopRegressionTest6" time="0.0"/>
  <testcase name="test3051" classname="RandoopRegressionTest6" time="0.0"/>
  <testcase name="test3052" classname="RandoopRegressionTest6" time="0.0"/>
  <testcase name="test3053" classname="RandoopRegressionTest6" time="0.0"/>
  <testcase name="test3054" classname="RandoopRegressionTest6" time="0.0"/>
  <testcase name="test3055" classname="RandoopRegressionTest6" time="0.0"/>
  <testcase name="test3056" classname="RandoopRegressionTest6" time="0.0"/>
  <testcase name="test3057" classname="RandoopRegressionTest6" time="0.0"/>
  <testcase name="test3058" classname="RandoopRegressionTest6" time="0.0"/>
  <testcase name="test3059" classname="RandoopRegressionTest6" time="0.0"/>
  <testcase name="test3060" classname="RandoopRegressionTest6" time="0.0"/>
  <testcase name="test3061" classname="RandoopRegressionTest6" time="0.0"/>
  <testcase name="test3062" classname="RandoopRegressionTest6" time="0.0"/>
  <testcase name="test3063" classname="RandoopRegressionTest6" time="0.0"/>
  <testcase name="test3064" classname="RandoopRegressionTest6" time="0.0"/>
  <testcase name="test3065" classname="RandoopRegressionTest6" time="0.0"/>
  <testcase name="test3066" classname="RandoopRegressionTest6" time="0.0"/>
  <testcase name="test3067" classname="RandoopRegressionTest6" time="0.0"/>
  <testcase name="test3068" classname="RandoopRegressionTest6" time="0.0"/>
  <testcase name="test3069" classname="RandoopRegressionTest6" time="0.0"/>
  <testcase name="test3070" classname="RandoopRegressionTest6" time="0.0"/>
  <testcase name="test3071" classname="RandoopRegressionTest6" time="0.0"/>
  <testcase name="test3072" classname="RandoopRegressionTest6" time="0.001"/>
  <testcase name="test3073" classname="RandoopRegressionTest6" time="0.0"/>
  <testcase name="test3074" classname="RandoopRegressionTest6" time="0.0"/>
  <testcase name="test3075" classname="RandoopRegressionTest6" time="0.0"/>
  <testcase name="test3076" classname="RandoopRegressionTest6" time="0.0"/>
  <testcase name="test3077" classname="RandoopRegressionTest6" time="0.0"/>
  <testcase name="test3078" classname="RandoopRegressionTest6" time="0.0"/>
  <testcase name="test3079" classname="RandoopRegressionTest6" time="0.0"/>
  <testcase name="test3080" classname="RandoopRegressionTest6" time="0.0"/>
  <testcase name="test3081" classname="RandoopRegressionTest6" time="0.0"/>
  <testcase name="test3082" classname="RandoopRegressionTest6" time="0.0"/>
  <testcase name="test3083" classname="RandoopRegressionTest6" time="0.0"/>
  <testcase name="test3084" classname="RandoopRegressionTest6" time="0.0"/>
  <testcase name="test3085" classname="RandoopRegressionTest6" time="0.0"/>
  <testcase name="test3086" classname="RandoopRegressionTest6" time="0.0"/>
  <testcase name="test3087" classname="RandoopRegressionTest6" time="0.0"/>
  <testcase name="test3088" classname="RandoopRegressionTest6" time="0.0"/>
  <testcase name="test3089" classname="RandoopRegressionTest6" time="0.0"/>
  <testcase name="test3090" classname="RandoopRegressionTest6" time="0.0"/>
  <testcase name="test3091" classname="RandoopRegressionTest6" time="0.0"/>
  <testcase name="test3092" classname="RandoopRegressionTest6" time="0.0"/>
  <testcase name="test3093" classname="RandoopRegressionTest6" time="0.0"/>
  <testcase name="test3094" classname="RandoopRegressionTest6" time="0.0"/>
  <testcase name="test3095" classname="RandoopRegressionTest6" time="0.0"/>
  <testcase name="test3096" classname="RandoopRegressionTest6" time="0.0"/>
  <testcase name="test3097" classname="RandoopRegressionTest6" time="0.0"/>
  <testcase name="test3098" classname="RandoopRegressionTest6" time="0.0"/>
  <testcase name="test3099" classname="RandoopRegressionTest6" time="0.0"/>
  <testcase name="test3100" classname="RandoopRegressionTest6" time="0.0"/>
  <testcase name="test3101" classname="RandoopRegressionTest6" time="0.0"/>
  <testcase name="test3102" classname="RandoopRegressionTest6" time="0.0"/>
  <testcase name="test3103" classname="RandoopRegressionTest6" time="0.0"/>
  <testcase name="test3104" classname="RandoopRegressionTest6" time="0.0"/>
  <testcase name="test3105" classname="RandoopRegressionTest6" time="0.0"/>
  <testcase name="test3106" classname="RandoopRegressionTest6" time="0.0"/>
  <testcase name="test3107" classname="RandoopRegressionTest6" time="0.0"/>
  <testcase name="test3108" classname="RandoopRegressionTest6" time="0.0"/>
  <testcase name="test3109" classname="RandoopRegressionTest6" time="0.0"/>
  <testcase name="test3110" classname="RandoopRegressionTest6" time="0.0"/>
  <testcase name="test3111" classname="RandoopRegressionTest6" time="0.0"/>
  <testcase name="test3112" classname="RandoopRegressionTest6" time="0.0"/>
  <testcase name="test3113" classname="RandoopRegressionTest6" time="0.001"/>
  <testcase name="test3114" classname="RandoopRegressionTest6" time="0.0"/>
  <testcase name="test3115" classname="RandoopRegressionTest6" time="0.0"/>
  <testcase name="test3116" classname="RandoopRegressionTest6" time="0.0"/>
  <testcase name="test3117" classname="RandoopRegressionTest6" time="0.0"/>
  <testcase name="test3118" classname="RandoopRegressionTest6" time="0.0"/>
  <testcase name="test3119" classname="RandoopRegressionTest6" time="0.0"/>
  <testcase name="test3120" classname="RandoopRegressionTest6" time="0.0"/>
  <testcase name="test3121" classname="RandoopRegressionTest6" time="0.0"/>
  <testcase name="test3122" classname="RandoopRegressionTest6" time="0.0"/>
  <testcase name="test3123" classname="RandoopRegressionTest6" time="0.0"/>
  <testcase name="test3124" classname="RandoopRegressionTest6" time="0.0"/>
  <testcase name="test3125" classname="RandoopRegressionTest6" time="0.0"/>
  <testcase name="test3126" classname="RandoopRegressionTest6" time="0.0"/>
  <testcase name="test3127" classname="RandoopRegressionTest6" time="0.0"/>
  <testcase name="test3128" classname="RandoopRegressionTest6" time="0.0"/>
  <testcase name="test3129" classname="RandoopRegressionTest6" time="0.0"/>
  <testcase name="test3130" classname="RandoopRegressionTest6" time="0.0"/>
  <testcase name="test3131" classname="RandoopRegressionTest6" time="0.0"/>
  <testcase name="test3132" classname="RandoopRegressionTest6" time="0.0"/>
  <testcase name="test3133" classname="RandoopRegressionTest6" time="0.0"/>
  <testcase name="test3134" classname="RandoopRegressionTest6" time="0.0"/>
  <testcase name="test3135" classname="RandoopRegressionTest6" time="0.0"/>
  <testcase name="test3136" classname="RandoopRegressionTest6" time="0.0"/>
  <testcase name="test3137" classname="RandoopRegressionTest6" time="0.0"/>
  <testcase name="test3138" classname="RandoopRegressionTest6" time="0.0"/>
  <testcase name="test3139" classname="RandoopRegressionTest6" time="0.0"/>
  <testcase name="test3140" classname="RandoopRegressionTest6" time="0.0"/>
  <testcase name="test3141" classname="RandoopRegressionTest6" time="0.0"/>
  <testcase name="test3142" classname="RandoopRegressionTest6" time="0.0"/>
  <testcase name="test3143" classname="RandoopRegressionTest6" time="0.0"/>
  <testcase name="test3144" classname="RandoopRegressionTest6" time="0.0"/>
  <testcase name="test3145" classname="RandoopRegressionTest6" time="0.0"/>
  <testcase name="test3146" classname="RandoopRegressionTest6" time="0.0"/>
  <testcase name="test3147" classname="RandoopRegressionTest6" time="0.0"/>
  <testcase name="test3148" classname="RandoopRegressionTest6" time="0.0"/>
  <testcase name="test3149" classname="RandoopRegressionTest6" time="0.0"/>
  <testcase name="test3150" classname="RandoopRegressionTest6" time="0.0"/>
  <testcase name="test3151" classname="RandoopRegressionTest6" time="0.0"/>
  <testcase name="test3152" classname="RandoopRegressionTest6" time="0.0"/>
  <testcase name="test3153" classname="RandoopRegressionTest6" time="0.0"/>
  <testcase name="test3154" classname="RandoopRegressionTest6" time="0.0"/>
  <testcase name="test3155" classname="RandoopRegressionTest6" time="0.0"/>
  <testcase name="test3156" classname="RandoopRegressionTest6" time="0.0"/>
  <testcase name="test3157" classname="RandoopRegressionTest6" time="0.0"/>
  <testcase name="test3158" classname="RandoopRegressionTest6" time="0.0"/>
  <testcase name="test3159" classname="RandoopRegressionTest6" time="0.0"/>
  <testcase name="test3160" classname="RandoopRegressionTest6" time="0.0"/>
  <testcase name="test3161" classname="RandoopRegressionTest6" time="0.0"/>
  <testcase name="test3162" classname="RandoopRegressionTest6" time="0.0"/>
  <testcase name="test3163" classname="RandoopRegressionTest6" time="0.0"/>
  <testcase name="test3164" classname="RandoopRegressionTest6" time="0.0"/>
  <testcase name="test3165" classname="RandoopRegressionTest6" time="0.0"/>
  <testcase name="test3166" classname="RandoopRegressionTest6" time="0.0"/>
  <testcase name="test3167" classname="RandoopRegressionTest6" time="0.0"/>
  <testcase name="test3168" classname="RandoopRegressionTest6" time="0.0"/>
  <testcase name="test3169" classname="RandoopRegressionTest6" time="0.0"/>
  <testcase name="test3170" classname="RandoopRegressionTest6" time="0.0"/>
  <testcase name="test3171" classname="RandoopRegressionTest6" time="0.0"/>
  <testcase name="test3172" classname="RandoopRegressionTest6" time="0.0"/>
  <testcase name="test3173" classname="RandoopRegressionTest6" time="0.0"/>
  <testcase name="test3174" classname="RandoopRegressionTest6" time="0.0"/>
  <testcase name="test3175" classname="RandoopRegressionTest6" time="0.0"/>
  <testcase name="test3176" classname="RandoopRegressionTest6" time="0.0"/>
  <testcase name="test3177" classname="RandoopRegressionTest6" time="0.0"/>
  <testcase name="test3178" classname="RandoopRegressionTest6" time="0.0"/>
  <testcase name="test3179" classname="RandoopRegressionTest6" time="0.0"/>
  <testcase name="test3180" classname="RandoopRegressionTest6" time="0.001"/>
  <testcase name="test3181" classname="RandoopRegressionTest6" time="0.0"/>
  <testcase name="test3182" classname="RandoopRegressionTest6" time="0.0"/>
  <testcase name="test3183" classname="RandoopRegressionTest6" time="0.0"/>
  <testcase name="test3184" classname="RandoopRegressionTest6" time="0.0"/>
  <testcase name="test3185" classname="RandoopRegressionTest6" time="0.0"/>
  <testcase name="test3186" classname="RandoopRegressionTest6" time="0.0"/>
  <testcase name="test3187" classname="RandoopRegressionTest6" time="0.0"/>
  <testcase name="test3188" classname="RandoopRegressionTest6" time="0.0"/>
  <testcase name="test3189" classname="RandoopRegressionTest6" time="0.0"/>
  <testcase name="test3190" classname="RandoopRegressionTest6" time="0.0"/>
  <testcase name="test3191" classname="RandoopRegressionTest6" time="0.0"/>
  <testcase name="test3192" classname="RandoopRegressionTest6" time="0.0"/>
  <testcase name="test3193" classname="RandoopRegressionTest6" time="0.0"/>
  <testcase name="test3194" classname="RandoopRegressionTest6" time="0.0"/>
  <testcase name="test3195" classname="RandoopRegressionTest6" time="0.0"/>
  <testcase name="test3196" classname="RandoopRegressionTest6" time="0.0"/>
  <testcase name="test3197" classname="RandoopRegressionTest6" time="0.0"/>
  <testcase name="test3198" classname="RandoopRegressionTest6" time="0.0"/>
  <testcase name="test3199" classname="RandoopRegressionTest6" time="0.0"/>
  <testcase name="test3200" classname="RandoopRegressionTest6" time="0.0"/>
  <system-out><![CDATA[]]></system-out>
  <system-err><![CDATA[]]></system-err>
</testsuite>
