<?xml version="1.0" encoding="UTF-8"?>
<testsuite name="RandoopRegressionTest5" tests="1000" skipped="0" failures="0" errors="0" timestamp="2024-04-08T16:38:46" hostname="MacBook-Pro-685.local" time="0.223">
  <properties/>
  <testcase name="test2501" classname="RandoopRegressionTest5" time="0.0"/>
  <testcase name="test2502" classname="RandoopRegressionTest5" time="0.0"/>
  <testcase name="test2503" classname="RandoopRegressionTest5" time="0.0"/>
  <testcase name="test2504" classname="RandoopRegressionTest5" time="0.0"/>
  <testcase name="test2505" classname="RandoopRegressionTest5" time="0.0"/>
  <testcase name="test2506" classname="RandoopRegressionTest5" time="0.0"/>
  <testcase name="test2507" classname="RandoopRegressionTest5" time="0.0"/>
  <testcase name="test2508" classname="RandoopRegressionTest5" time="0.0"/>
  <testcase name="test2509" classname="RandoopRegressionTest5" time="0.0"/>
  <testcase name="test2510" classname="RandoopRegressionTest5" time="0.0"/>
  <testcase name="test2511" classname="RandoopRegressionTest5" time="0.0"/>
  <testcase name="test2512" classname="RandoopRegressionTest5" time="0.0"/>
  <testcase name="test2513" classname="RandoopRegressionTest5" time="0.0"/>
  <testcase name="test2514" classname="RandoopRegressionTest5" time="0.0"/>
  <testcase name="test2515" classname="RandoopRegressionTest5" time="0.0"/>
  <testcase name="test2516" classname="RandoopRegressionTest5" time="0.0"/>
  <testcase name="test2517" classname="RandoopRegressionTest5" time="0.0"/>
  <testcase name="test2518" classname="RandoopRegressionTest5" time="0.0"/>
  <testcase name="test2519" classname="RandoopRegressionTest5" time="0.0"/>
  <testcase name="test2520" classname="RandoopRegressionTest5" time="0.0"/>
  <testcase name="test2521" classname="RandoopRegressionTest5" time="0.0"/>
  <testcase name="test2522" classname="RandoopRegressionTest5" time="0.0"/>
  <testcase name="test2523" classname="RandoopRegressionTest5" time="0.0"/>
  <testcase name="test2524" classname="RandoopRegressionTest5" time="0.0"/>
  <testcase name="test2525" classname="RandoopRegressionTest5" time="0.0"/>
  <testcase name="test2526" classname="RandoopRegressionTest5" time="0.0"/>
  <testcase name="test2527" classname="RandoopRegressionTest5" time="0.0"/>
  <testcase name="test2528" classname="RandoopRegressionTest5" time="0.0"/>
  <testcase name="test2529" classname="RandoopRegressionTest5" time="0.0"/>
  <testcase name="test2530" classname="RandoopRegressionTest5" time="0.0"/>
  <testcase name="test2531" classname="RandoopRegressionTest5" time="0.0"/>
  <testcase name="test2532" classname="RandoopRegressionTest5" time="0.0"/>
  <testcase name="test2533" classname="RandoopRegressionTest5" time="0.0"/>
  <testcase name="test2534" classname="RandoopRegressionTest5" time="0.001"/>
  <testcase name="test2535" classname="RandoopRegressionTest5" time="0.0"/>
  <testcase name="test2536" classname="RandoopRegressionTest5" time="0.0"/>
  <testcase name="test2537" classname="RandoopRegressionTest5" time="0.0"/>
  <testcase name="test2538" classname="RandoopRegressionTest5" time="0.0"/>
  <testcase name="test2539" classname="RandoopRegressionTest5" time="0.0"/>
  <testcase name="test2540" classname="RandoopRegressionTest5" time="0.0"/>
  <testcase name="test2541" classname="RandoopRegressionTest5" time="0.0"/>
  <testcase name="test2542" classname="RandoopRegressionTest5" time="0.0"/>
  <testcase name="test2543" classname="RandoopRegressionTest5" time="0.0"/>
  <testcase name="test2544" classname="RandoopRegressionTest5" time="0.0"/>
  <testcase name="test2545" classname="RandoopRegressionTest5" time="0.0"/>
  <testcase name="test2546" classname="RandoopRegressionTest5" time="0.0"/>
  <testcase name="test2547" classname="RandoopRegressionTest5" time="0.0"/>
  <testcase name="test2548" classname="RandoopRegressionTest5" time="0.0"/>
  <testcase name="test2549" classname="RandoopRegressionTest5" time="0.0"/>
  <testcase name="test2550" classname="RandoopRegressionTest5" time="0.0"/>
  <testcase name="test2551" classname="RandoopRegressionTest5" time="0.0"/>
  <testcase name="test2552" classname="RandoopRegressionTest5" time="0.0"/>
  <testcase name="test2553" classname="RandoopRegressionTest5" time="0.0"/>
  <testcase name="test2554" classname="RandoopRegressionTest5" time="0.0"/>
  <testcase name="test2555" classname="RandoopRegressionTest5" time="0.0"/>
  <testcase name="test2556" classname="RandoopRegressionTest5" time="0.0"/>
  <testcase name="test2557" classname="RandoopRegressionTest5" time="0.0"/>
  <testcase name="test2558" classname="RandoopRegressionTest5" time="0.0"/>
  <testcase name="test2559" classname="RandoopRegressionTest5" time="0.0"/>
  <testcase name="test2560" classname="RandoopRegressionTest5" time="0.0"/>
  <testcase name="test2561" classname="RandoopRegressionTest5" time="0.0"/>
  <testcase name="test2562" classname="RandoopRegressionTest5" time="0.0"/>
  <testcase name="test2563" classname="RandoopRegressionTest5" time="0.0"/>
  <testcase name="test2564" classname="RandoopRegressionTest5" time="0.0"/>
  <testcase name="test2565" classname="RandoopRegressionTest5" time="0.0"/>
  <testcase name="test2566" classname="RandoopRegressionTest5" time="0.0"/>
  <testcase name="test2567" classname="RandoopRegressionTest5" time="0.0"/>
  <testcase name="test2568" classname="RandoopRegressionTest5" time="0.0"/>
  <testcase name="test2569" classname="RandoopRegressionTest5" time="0.0"/>
  <testcase name="test2570" classname="RandoopRegressionTest5" time="0.0"/>
  <testcase name="test2571" classname="RandoopRegressionTest5" time="0.0"/>
  <testcase name="test2572" classname="RandoopRegressionTest5" time="0.0"/>
  <testcase name="test2573" classname="RandoopRegressionTest5" time="0.0"/>
  <testcase name="test2574" classname="RandoopRegressionTest5" time="0.0"/>
  <testcase name="test2575" classname="RandoopRegressionTest5" time="0.0"/>
  <testcase name="test2576" classname="RandoopRegressionTest5" time="0.0"/>
  <testcase name="test2577" classname="RandoopRegressionTest5" time="0.0"/>
  <testcase name="test2578" classname="RandoopRegressionTest5" time="0.0"/>
  <testcase name="test2579" classname="RandoopRegressionTest5" time="0.0"/>
  <testcase name="test2580" classname="RandoopRegressionTest5" time="0.0"/>
  <testcase name="test2581" classname="RandoopRegressionTest5" time="0.0"/>
  <testcase name="test2582" classname="RandoopRegressionTest5" time="0.0"/>
  <testcase name="test2583" classname="RandoopRegressionTest5" time="0.0"/>
  <testcase name="test2584" classname="RandoopRegressionTest5" time="0.0"/>
  <testcase name="test2585" classname="RandoopRegressionTest5" time="0.0"/>
  <testcase name="test2586" classname="RandoopRegressionTest5" time="0.0"/>
  <testcase name="test2587" classname="RandoopRegressionTest5" time="0.0"/>
  <testcase name="test2588" classname="RandoopRegressionTest5" time="0.0"/>
  <testcase name="test2589" classname="RandoopRegressionTest5" time="0.0"/>
  <testcase name="test2590" classname="RandoopRegressionTest5" time="0.0"/>
  <testcase name="test2591" classname="RandoopRegressionTest5" time="0.0"/>
  <testcase name="test2592" classname="RandoopRegressionTest5" time="0.0"/>
  <testcase name="test2593" classname="RandoopRegressionTest5" time="0.0"/>
  <testcase name="test2594" classname="RandoopRegressionTest5" time="0.0"/>
  <testcase name="test2595" classname="RandoopRegressionTest5" time="0.001"/>
  <testcase name="test2596" classname="RandoopRegressionTest5" time="0.0"/>
  <testcase name="test2597" classname="RandoopRegressionTest5" time="0.0"/>
  <testcase name="test2598" classname="RandoopRegressionTest5" time="0.0"/>
  <testcase name="test2599" classname="RandoopRegressionTest5" time="0.0"/>
  <testcase name="test2600" classname="RandoopRegressionTest5" time="0.0"/>
  <testcase name="test2601" classname="RandoopRegressionTest5" time="0.0"/>
  <testcase name="test2602" classname="RandoopRegressionTest5" time="0.0"/>
  <testcase name="test2603" classname="RandoopRegressionTest5" time="0.0"/>
  <testcase name="test2604" classname="RandoopRegressionTest5" time="0.0"/>
  <testcase name="test2605" classname="RandoopRegressionTest5" time="0.0"/>
  <testcase name="test2606" classname="RandoopRegressionTest5" time="0.0"/>
  <testcase name="test2607" classname="RandoopRegressionTest5" time="0.0"/>
  <testcase name="test2608" classname="RandoopRegressionTest5" time="0.0"/>
  <testcase name="test2609" classname="RandoopRegressionTest5" time="0.0"/>
  <testcase name="test2610" classname="RandoopRegressionTest5" time="0.0"/>
  <testcase name="test2611" classname="RandoopRegressionTest5" time="0.0"/>
  <testcase name="test2612" classname="RandoopRegressionTest5" time="0.0"/>
  <testcase name="test2613" classname="RandoopRegressionTest5" time="0.0"/>
  <testcase name="test2614" classname="RandoopRegressionTest5" time="0.0"/>
  <testcase name="test2615" classname="RandoopRegressionTest5" time="0.0"/>
  <testcase name="test2616" classname="RandoopRegressionTest5" time="0.0"/>
  <testcase name="test2617" classname="RandoopRegressionTest5" time="0.0"/>
  <testcase name="test2618" classname="RandoopRegressionTest5" time="0.0"/>
  <testcase name="test2619" classname="RandoopRegressionTest5" time="0.0"/>
  <testcase name="test2620" classname="RandoopRegressionTest5" time="0.0"/>
  <testcase name="test2621" classname="RandoopRegressionTest5" time="0.0"/>
  <testcase name="test2622" classname="RandoopRegressionTest5" time="0.0"/>
  <testcase name="test2623" classname="RandoopRegressionTest5" time="0.0"/>
  <testcase name="test2624" classname="RandoopRegressionTest5" time="0.0"/>
  <testcase name="test2625" classname="RandoopRegressionTest5" time="0.0"/>
  <testcase name="test2626" classname="RandoopRegressionTest5" time="0.0"/>
  <testcase name="test2627" classname="RandoopRegressionTest5" time="0.0"/>
  <testcase name="test2628" classname="RandoopRegressionTest5" time="0.0"/>
  <testcase name="test2629" classname="RandoopRegressionTest5" time="0.0"/>
  <testcase name="test2630" classname="RandoopRegressionTest5" time="0.0"/>
  <testcase name="test2631" classname="RandoopRegressionTest5" time="0.0"/>
  <testcase name="test2632" classname="RandoopRegressionTest5" time="0.0"/>
  <testcase name="test2633" classname="RandoopRegressionTest5" time="0.0"/>
  <testcase name="test2634" classname="RandoopRegressionTest5" time="0.0"/>
  <testcase name="test2635" classname="RandoopRegressionTest5" time="0.0"/>
  <testcase name="test2636" classname="RandoopRegressionTest5" time="0.0"/>
  <testcase name="test2637" classname="RandoopRegressionTest5" time="0.0"/>
  <testcase name="test2638" classname="RandoopRegressionTest5" time="0.0"/>
  <testcase name="test2639" classname="RandoopRegressionTest5" time="0.0"/>
  <testcase name="test2640" classname="RandoopRegressionTest5" time="0.0"/>
  <testcase name="test2641" classname="RandoopRegressionTest5" time="0.0"/>
  <testcase name="test2642" classname="RandoopRegressionTest5" time="0.0"/>
  <testcase name="test2643" classname="RandoopRegressionTest5" time="0.0"/>
  <testcase name="test2644" classname="RandoopRegressionTest5" time="0.0"/>
  <testcase name="test2645" classname="RandoopRegressionTest5" time="0.0"/>
  <testcase name="test2646" classname="RandoopRegressionTest5" time="0.0"/>
  <testcase name="test2647" classname="RandoopRegressionTest5" time="0.001"/>
  <testcase name="test2648" classname="RandoopRegressionTest5" time="0.0"/>
  <testcase name="test2649" classname="RandoopRegressionTest5" time="0.0"/>
  <testcase name="test2650" classname="RandoopRegressionTest5" time="0.0"/>
  <testcase name="test2651" classname="RandoopRegressionTest5" time="0.0"/>
  <testcase name="test2652" classname="RandoopRegressionTest5" time="0.0"/>
  <testcase name="test2653" classname="RandoopRegressionTest5" time="0.0"/>
  <testcase name="test2654" classname="RandoopRegressionTest5" time="0.0"/>
  <testcase name="test2655" classname="RandoopRegressionTest5" time="0.0"/>
  <testcase name="test2656" classname="RandoopRegressionTest5" time="0.0"/>
  <testcase name="test2657" classname="RandoopRegressionTest5" time="0.0"/>
  <testcase name="test2658" classname="RandoopRegressionTest5" time="0.0"/>
  <testcase name="test2659" classname="RandoopRegressionTest5" time="0.0"/>
  <testcase name="test2660" classname="RandoopRegressionTest5" time="0.0"/>
  <testcase name="test2661" classname="RandoopRegressionTest5" time="0.0"/>
  <testcase name="test2662" classname="RandoopRegressionTest5" time="0.0"/>
  <testcase name="test2663" classname="RandoopRegressionTest5" time="0.0"/>
  <testcase name="test2664" classname="RandoopRegressionTest5" time="0.0"/>
  <testcase name="test2665" classname="RandoopRegressionTest5" time="0.0"/>
  <testcase name="test2666" classname="RandoopRegressionTest5" time="0.0"/>
  <testcase name="test2667" classname="RandoopRegressionTest5" time="0.0"/>
  <testcase name="test2668" classname="RandoopRegressionTest5" time="0.0"/>
  <testcase name="test2669" classname="RandoopRegressionTest5" time="0.0"/>
  <testcase name="test2670" classname="RandoopRegressionTest5" time="0.0"/>
  <testcase name="test2671" classname="RandoopRegressionTest5" time="0.0"/>
  <testcase name="test2672" classname="RandoopRegressionTest5" time="0.0"/>
  <testcase name="test2673" classname="RandoopRegressionTest5" time="0.0"/>
  <testcase name="test2674" classname="RandoopRegressionTest5" time="0.0"/>
  <testcase name="test2675" classname="RandoopRegressionTest5" time="0.0"/>
  <testcase name="test2676" classname="RandoopRegressionTest5" time="0.0"/>
  <testcase name="test2677" classname="RandoopRegressionTest5" time="0.0"/>
  <testcase name="test2678" classname="RandoopRegressionTest5" time="0.0"/>
  <testcase name="test2679" classname="RandoopRegressionTest5" time="0.0"/>
  <testcase name="test2680" classname="RandoopRegressionTest5" time="0.0"/>
  <testcase name="test2681" classname="RandoopRegressionTest5" time="0.0"/>
  <testcase name="test2682" classname="RandoopRegressionTest5" time="0.0"/>
  <testcase name="test2683" classname="RandoopRegressionTest5" time="0.0"/>
  <testcase name="test2684" classname="RandoopRegressionTest5" time="0.0"/>
  <testcase name="test2685" classname="RandoopRegressionTest5" time="0.0"/>
  <testcase name="test2686" classname="RandoopRegressionTest5" time="0.001"/>
  <testcase name="test2687" classname="RandoopRegressionTest5" time="0.0"/>
  <testcase name="test2688" classname="RandoopRegressionTest5" time="0.0"/>
  <testcase name="test2689" classname="RandoopRegressionTest5" time="0.0"/>
  <testcase name="test2690" classname="RandoopRegressionTest5" time="0.0"/>
  <testcase name="test2691" classname="RandoopRegressionTest5" time="0.0"/>
  <testcase name="test2692" classname="RandoopRegressionTest5" time="0.0"/>
  <testcase name="test2693" classname="RandoopRegressionTest5" time="0.0"/>
  <testcase name="test2694" classname="RandoopRegressionTest5" time="0.0"/>
  <testcase name="test2695" classname="RandoopRegressionTest5" time="0.0"/>
  <testcase name="test2696" classname="RandoopRegressionTest5" time="0.0"/>
  <testcase name="test2697" classname="RandoopRegressionTest5" time="0.0"/>
  <testcase name="test2698" classname="RandoopRegressionTest5" time="0.0"/>
  <testcase name="test2699" classname="RandoopRegressionTest5" time="0.0"/>
  <testcase name="test2700" classname="RandoopRegressionTest5" time="0.0"/>
  <testcase name="test2701" classname="RandoopRegressionTest5" time="0.0"/>
  <testcase name="test2702" classname="RandoopRegressionTest5" time="0.0"/>
  <testcase name="test2703" classname="RandoopRegressionTest5" time="0.0"/>
  <testcase name="test2704" classname="RandoopRegressionTest5" time="0.0"/>
  <testcase name="test2705" classname="RandoopRegressionTest5" time="0.0"/>
  <testcase name="test2706" classname="RandoopRegressionTest5" time="0.0"/>
  <testcase name="test2707" classname="RandoopRegressionTest5" time="0.0"/>
  <testcase name="test2708" classname="RandoopRegressionTest5" time="0.0"/>
  <testcase name="test2709" classname="RandoopRegressionTest5" time="0.0"/>
  <testcase name="test2710" classname="RandoopRegressionTest5" time="0.0"/>
  <testcase name="test2711" classname="RandoopRegressionTest5" time="0.0"/>
  <testcase name="test2712" classname="RandoopRegressionTest5" time="0.0"/>
  <testcase name="test2713" classname="RandoopRegressionTest5" time="0.0"/>
  <testcase name="test2714" classname="RandoopRegressionTest5" time="0.0"/>
  <testcase name="test2715" classname="RandoopRegressionTest5" time="0.0"/>
  <testcase name="test2716" classname="RandoopRegressionTest5" time="0.0"/>
  <testcase name="test2717" classname="RandoopRegressionTest5" time="0.0"/>
  <testcase name="test2718" classname="RandoopRegressionTest5" time="0.0"/>
  <testcase name="test2719" classname="RandoopRegressionTest5" time="0.0"/>
  <testcase name="test2720" classname="RandoopRegressionTest5" time="0.0"/>
  <testcase name="test2721" classname="RandoopRegressionTest5" time="0.0"/>
  <testcase name="test2722" classname="RandoopRegressionTest5" time="0.0"/>
  <testcase name="test2723" classname="RandoopRegressionTest5" time="0.0"/>
  <testcase name="test2724" classname="RandoopRegressionTest5" time="0.0"/>
  <testcase name="test2725" classname="RandoopRegressionTest5" time="0.0"/>
  <testcase name="test2726" classname="RandoopRegressionTest5" time="0.0"/>
  <testcase name="test2727" classname="RandoopRegressionTest5" time="0.0"/>
  <testcase name="test2728" classname="RandoopRegressionTest5" time="0.0"/>
  <testcase name="test2729" classname="RandoopRegressionTest5" time="0.0"/>
  <testcase name="test2730" classname="RandoopRegressionTest5" time="0.0"/>
  <testcase name="test2731" classname="RandoopRegressionTest5" time="0.0"/>
  <testcase name="test2732" classname="RandoopRegressionTest5" time="0.0"/>
  <testcase name="test2733" classname="RandoopRegressionTest5" time="0.0"/>
  <testcase name="test2734" classname="RandoopRegressionTest5" time="0.0"/>
  <testcase name="test2735" classname="RandoopRegressionTest5" time="0.0"/>
  <testcase name="test2736" classname="RandoopRegressionTest5" time="0.0"/>
  <testcase name="test2737" classname="RandoopRegressionTest5" time="0.0"/>
  <testcase name="test2738" classname="RandoopRegressionTest5" time="0.0"/>
  <testcase name="test2739" classname="RandoopRegressionTest5" time="0.0"/>
  <testcase name="test2740" classname="RandoopRegressionTest5" time="0.0"/>
  <testcase name="test2741" classname="RandoopRegressionTest5" time="0.0"/>
  <testcase name="test2742" classname="RandoopRegressionTest5" time="0.0"/>
  <testcase name="test2743" classname="RandoopRegressionTest5" time="0.0"/>
  <testcase name="test2744" classname="RandoopRegressionTest5" time="0.0"/>
  <testcase name="test2745" classname="RandoopRegressionTest5" time="0.0"/>
  <testcase name="test2746" classname="RandoopRegressionTest5" time="0.0"/>
  <testcase name="test2747" classname="RandoopRegressionTest5" time="0.0"/>
  <testcase name="test2748" classname="RandoopRegressionTest5" time="0.0"/>
  <testcase name="test2749" classname="RandoopRegressionTest5" time="0.0"/>
  <testcase name="test2750" classname="RandoopRegressionTest5" time="0.0"/>
  <testcase name="test2751" classname="RandoopRegressionTest5" time="0.0"/>
  <testcase name="test2752" classname="RandoopRegressionTest5" time="0.0"/>
  <testcase name="test2753" classname="RandoopRegressionTest5" time="0.0"/>
  <testcase name="test2754" classname="RandoopRegressionTest5" time="0.0"/>
  <testcase name="test2755" classname="RandoopRegressionTest5" time="0.0"/>
  <testcase name="test2756" classname="RandoopRegressionTest5" time="0.0"/>
  <testcase name="test2757" classname="RandoopRegressionTest5" time="0.001"/>
  <testcase name="test2758" classname="RandoopRegressionTest5" time="0.0"/>
  <testcase name="test2759" classname="RandoopRegressionTest5" time="0.0"/>
  <testcase name="test2760" classname="RandoopRegressionTest5" time="0.0"/>
  <testcase name="test2761" classname="RandoopRegressionTest5" time="0.0"/>
  <testcase name="test2762" classname="RandoopRegressionTest5" time="0.0"/>
  <testcase name="test2763" classname="RandoopRegressionTest5" time="0.0"/>
  <testcase name="test2764" classname="RandoopRegressionTest5" time="0.0"/>
  <testcase name="test2765" classname="RandoopRegressionTest5" time="0.0"/>
  <testcase name="test2766" classname="RandoopRegressionTest5" time="0.0"/>
  <testcase name="test2767" classname="RandoopRegressionTest5" time="0.0"/>
  <testcase name="test2768" classname="RandoopRegressionTest5" time="0.0"/>
  <testcase name="test2769" classname="RandoopRegressionTest5" time="0.0"/>
  <testcase name="test2770" classname="RandoopRegressionTest5" time="0.0"/>
  <testcase name="test2771" classname="RandoopRegressionTest5" time="0.0"/>
  <testcase name="test2772" classname="RandoopRegressionTest5" time="0.0"/>
  <testcase name="test2773" classname="RandoopRegressionTest5" time="0.0"/>
  <testcase name="test2774" classname="RandoopRegressionTest5" time="0.0"/>
  <testcase name="test2775" classname="RandoopRegressionTest5" time="0.0"/>
  <testcase name="test2776" classname="RandoopRegressionTest5" time="0.0"/>
  <testcase name="test2777" classname="RandoopRegressionTest5" time="0.0"/>
  <testcase name="test2778" classname="RandoopRegressionTest5" time="0.0"/>
  <testcase name="test2779" classname="RandoopRegressionTest5" time="0.0"/>
  <testcase name="test2780" classname="RandoopRegressionTest5" time="0.0"/>
  <testcase name="test2781" classname="RandoopRegressionTest5" time="0.0"/>
  <testcase name="test2782" classname="RandoopRegressionTest5" time="0.0"/>
  <testcase name="test2783" classname="RandoopRegressionTest5" time="0.0"/>
  <testcase name="test2784" classname="RandoopRegressionTest5" time="0.0"/>
  <testcase name="test2785" classname="RandoopRegressionTest5" time="0.0"/>
  <testcase name="test2786" classname="RandoopRegressionTest5" time="0.0"/>
  <testcase name="test2787" classname="RandoopRegressionTest5" time="0.0"/>
  <testcase name="test2788" classname="RandoopRegressionTest5" time="0.0"/>
  <testcase name="test2789" classname="RandoopRegressionTest5" time="0.0"/>
  <testcase name="test2790" classname="RandoopRegressionTest5" time="0.0"/>
  <testcase name="test2791" classname="RandoopRegressionTest5" time="0.0"/>
  <testcase name="test2792" classname="RandoopRegressionTest5" time="0.0"/>
  <testcase name="test2793" classname="RandoopRegressionTest5" time="0.0"/>
  <testcase name="test2794" classname="RandoopRegressionTest5" time="0.0"/>
  <testcase name="test2795" classname="RandoopRegressionTest5" time="0.0"/>
  <testcase name="test2796" classname="RandoopRegressionTest5" time="0.0"/>
  <testcase name="test2797" classname="RandoopRegressionTest5" time="0.0"/>
  <testcase name="test2798" classname="RandoopRegressionTest5" time="0.0"/>
  <testcase name="test2799" classname="RandoopRegressionTest5" time="0.001"/>
  <testcase name="test2800" classname="RandoopRegressionTest5" time="0.0"/>
  <testcase name="test2801" classname="RandoopRegressionTest5" time="0.0"/>
  <testcase name="test2802" classname="RandoopRegressionTest5" time="0.0"/>
  <testcase name="test2803" classname="RandoopRegressionTest5" time="0.0"/>
  <testcase name="test2804" classname="RandoopRegressionTest5" time="0.0"/>
  <testcase name="test2805" classname="RandoopRegressionTest5" time="0.0"/>
  <testcase name="test2806" classname="RandoopRegressionTest5" time="0.0"/>
  <testcase name="test2807" classname="RandoopRegressionTest5" time="0.0"/>
  <testcase name="test2808" classname="RandoopRegressionTest5" time="0.0"/>
  <testcase name="test2809" classname="RandoopRegressionTest5" time="0.0"/>
  <testcase name="test2810" classname="RandoopRegressionTest5" time="0.0"/>
  <testcase name="test2811" classname="RandoopRegressionTest5" time="0.0"/>
  <testcase name="test2812" classname="RandoopRegressionTest5" time="0.0"/>
  <testcase name="test2813" classname="RandoopRegressionTest5" time="0.0"/>
  <testcase name="test2814" classname="RandoopRegressionTest5" time="0.0"/>
  <testcase name="test2815" classname="RandoopRegressionTest5" time="0.001"/>
  <testcase name="test2816" classname="RandoopRegressionTest5" time="0.0"/>
  <testcase name="test2817" classname="RandoopRegressionTest5" time="0.0"/>
  <testcase name="test2818" classname="RandoopRegressionTest5" time="0.0"/>
  <testcase name="test2819" classname="RandoopRegressionTest5" time="0.0"/>
  <testcase name="test2820" classname="RandoopRegressionTest5" time="0.0"/>
  <testcase name="test2821" classname="RandoopRegressionTest5" time="0.0"/>
  <testcase name="test2822" classname="RandoopRegressionTest5" time="0.0"/>
  <testcase name="test2823" classname="RandoopRegressionTest5" time="0.0"/>
  <testcase name="test2824" classname="RandoopRegressionTest5" time="0.0"/>
  <testcase name="test2825" classname="RandoopRegressionTest5" time="0.0"/>
  <testcase name="test2826" classname="RandoopRegressionTest5" time="0.0"/>
  <testcase name="test2827" classname="RandoopRegressionTest5" time="0.0"/>
  <testcase name="test2828" classname="RandoopRegressionTest5" time="0.0"/>
  <testcase name="test2829" classname="RandoopRegressionTest5" time="0.0"/>
  <testcase name="test2830" classname="RandoopRegressionTest5" time="0.0"/>
  <testcase name="test2831" classname="RandoopRegressionTest5" time="0.0"/>
  <testcase name="test2832" classname="RandoopRegressionTest5" time="0.0"/>
  <testcase name="test2833" classname="RandoopRegressionTest5" time="0.0"/>
  <testcase name="test2834" classname="RandoopRegressionTest5" time="0.0"/>
  <testcase name="test2835" classname="RandoopRegressionTest5" time="0.0"/>
  <testcase name="test2836" classname="RandoopRegressionTest5" time="0.0"/>
  <testcase name="test2837" classname="RandoopRegressionTest5" time="0.0"/>
  <testcase name="test2838" classname="RandoopRegressionTest5" time="0.0"/>
  <testcase name="test2839" classname="RandoopRegressionTest5" time="0.0"/>
  <testcase name="test2840" classname="RandoopRegressionTest5" time="0.0"/>
  <testcase name="test2841" classname="RandoopRegressionTest5" time="0.0"/>
  <testcase name="test2842" classname="RandoopRegressionTest5" time="0.0"/>
  <testcase name="test2843" classname="RandoopRegressionTest5" time="0.0"/>
  <testcase name="test2844" classname="RandoopRegressionTest5" time="0.0"/>
  <testcase name="test2845" classname="RandoopRegressionTest5" time="0.0"/>
  <testcase name="test2846" classname="RandoopRegressionTest5" time="0.0"/>
  <testcase name="test2847" classname="RandoopRegressionTest5" time="0.0"/>
  <testcase name="test2848" classname="RandoopRegressionTest5" time="0.0"/>
  <testcase name="test2849" classname="RandoopRegressionTest5" time="0.001"/>
  <testcase name="test2850" classname="RandoopRegressionTest5" time="0.0"/>
  <testcase name="test2851" classname="RandoopRegressionTest5" time="0.0"/>
  <testcase name="test2852" classname="RandoopRegressionTest5" time="0.0"/>
  <testcase name="test2853" classname="RandoopRegressionTest5" time="0.0"/>
  <testcase name="test2854" classname="RandoopRegressionTest5" time="0.0"/>
  <testcase name="test2855" classname="RandoopRegressionTest5" time="0.0"/>
  <testcase name="test2856" classname="RandoopRegressionTest5" time="0.0"/>
  <testcase name="test2857" classname="RandoopRegressionTest5" time="0.0"/>
  <testcase name="test2858" classname="RandoopRegressionTest5" time="0.0"/>
  <testcase name="test2859" classname="RandoopRegressionTest5" time="0.0"/>
  <testcase name="test2860" classname="RandoopRegressionTest5" time="0.0"/>
  <testcase name="test2861" classname="RandoopRegressionTest5" time="0.0"/>
  <testcase name="test2862" classname="RandoopRegressionTest5" time="0.0"/>
  <testcase name="test2863" classname="RandoopRegressionTest5" time="0.0"/>
  <testcase name="test2864" classname="RandoopRegressionTest5" time="0.0"/>
  <testcase name="test2865" classname="RandoopRegressionTest5" time="0.0"/>
  <testcase name="test2866" classname="RandoopRegressionTest5" time="0.0"/>
  <testcase name="test2867" classname="RandoopRegressionTest5" time="0.001"/>
  <testcase name="test2868" classname="RandoopRegressionTest5" time="0.0"/>
  <testcase name="test2869" classname="RandoopRegressionTest5" time="0.0"/>
  <testcase name="test2870" classname="RandoopRegressionTest5" time="0.0"/>
  <testcase name="test2871" classname="RandoopRegressionTest5" time="0.0"/>
  <testcase name="test2872" classname="RandoopRegressionTest5" time="0.0"/>
  <testcase name="test2873" classname="RandoopRegressionTest5" time="0.0"/>
  <testcase name="test2874" classname="RandoopRegressionTest5" time="0.0"/>
  <testcase name="test2875" classname="RandoopRegressionTest5" time="0.0"/>
  <testcase name="test2876" classname="RandoopRegressionTest5" time="0.0"/>
  <testcase name="test2877" classname="RandoopRegressionTest5" time="0.0"/>
  <testcase name="test2878" classname="RandoopRegressionTest5" time="0.0"/>
  <testcase name="test2879" classname="RandoopRegressionTest5" time="0.0"/>
  <testcase name="test2880" classname="RandoopRegressionTest5" time="0.0"/>
  <testcase name="test2881" classname="RandoopRegressionTest5" time="0.0"/>
  <testcase name="test2882" classname="RandoopRegressionTest5" time="0.0"/>
  <testcase name="test2883" classname="RandoopRegressionTest5" time="0.0"/>
  <testcase name="test2884" classname="RandoopRegressionTest5" time="0.0"/>
  <testcase name="test2885" classname="RandoopRegressionTest5" time="0.0"/>
  <testcase name="test2886" classname="RandoopRegressionTest5" time="0.001"/>
  <testcase name="test2887" classname="RandoopRegressionTest5" time="0.0"/>
  <testcase name="test2888" classname="RandoopRegressionTest5" time="0.0"/>
  <testcase name="test2889" classname="RandoopRegressionTest5" time="0.0"/>
  <testcase name="test2890" classname="RandoopRegressionTest5" time="0.0"/>
  <testcase name="test2891" classname="RandoopRegressionTest5" time="0.0"/>
  <testcase name="test2892" classname="RandoopRegressionTest5" time="0.0"/>
  <testcase name="test2893" classname="RandoopRegressionTest5" time="0.0"/>
  <testcase name="test2894" classname="RandoopRegressionTest5" time="0.0"/>
  <testcase name="test2895" classname="RandoopRegressionTest5" time="0.0"/>
  <testcase name="test2896" classname="RandoopRegressionTest5" time="0.0"/>
  <testcase name="test2897" classname="RandoopRegressionTest5" time="0.0"/>
  <testcase name="test2898" classname="RandoopRegressionTest5" time="0.0"/>
  <testcase name="test2899" classname="RandoopRegressionTest5" time="0.0"/>
  <testcase name="test2900" classname="RandoopRegressionTest5" time="0.0"/>
  <testcase name="test2901" classname="RandoopRegressionTest5" time="0.001"/>
  <testcase name="test2902" classname="RandoopRegressionTest5" time="0.0"/>
  <testcase name="test2903" classname="RandoopRegressionTest5" time="0.0"/>
  <testcase name="test2904" classname="RandoopRegressionTest5" time="0.0"/>
  <testcase name="test2905" classname="RandoopRegressionTest5" time="0.0"/>
  <testcase name="test2906" classname="RandoopRegressionTest5" time="0.0"/>
  <testcase name="test2907" classname="RandoopRegressionTest5" time="0.0"/>
  <testcase name="test2908" classname="RandoopRegressionTest5" time="0.0"/>
  <testcase name="test2909" classname="RandoopRegressionTest5" time="0.0"/>
  <testcase name="test2910" classname="RandoopRegressionTest5" time="0.0"/>
  <testcase name="test2911" classname="RandoopRegressionTest5" time="0.0"/>
  <testcase name="test2912" classname="RandoopRegressionTest5" time="0.0"/>
  <testcase name="test2913" classname="RandoopRegressionTest5" time="0.0"/>
  <testcase name="test2914" classname="RandoopRegressionTest5" time="0.0"/>
  <testcase name="test2915" classname="RandoopRegressionTest5" time="0.0"/>
  <testcase name="test2916" classname="RandoopRegressionTest5" time="0.0"/>
  <testcase name="test2917" classname="RandoopRegressionTest5" time="0.0"/>
  <testcase name="test2918" classname="RandoopRegressionTest5" time="0.0"/>
  <testcase name="test2919" classname="RandoopRegressionTest5" time="0.001"/>
  <testcase name="test2920" classname="RandoopRegressionTest5" time="0.0"/>
  <testcase name="test2921" classname="RandoopRegressionTest5" time="0.0"/>
  <testcase name="test2922" classname="RandoopRegressionTest5" time="0.0"/>
  <testcase name="test2923" classname="RandoopRegressionTest5" time="0.0"/>
  <testcase name="test2924" classname="RandoopRegressionTest5" time="0.0"/>
  <testcase name="test2925" classname="RandoopRegressionTest5" time="0.0"/>
  <testcase name="test2926" classname="RandoopRegressionTest5" time="0.0"/>
  <testcase name="test2927" classname="RandoopRegressionTest5" time="0.0"/>
  <testcase name="test2928" classname="RandoopRegressionTest5" time="0.0"/>
  <testcase name="test2929" classname="RandoopRegressionTest5" time="0.0"/>
  <testcase name="test2930" classname="RandoopRegressionTest5" time="0.0"/>
  <testcase name="test2931" classname="RandoopRegressionTest5" time="0.0"/>
  <testcase name="test2932" classname="RandoopRegressionTest5" time="0.0"/>
  <testcase name="test2933" classname="RandoopRegressionTest5" time="0.0"/>
  <testcase name="test2934" classname="RandoopRegressionTest5" time="0.0"/>
  <testcase name="test2935" classname="RandoopRegressionTest5" time="0.0"/>
  <testcase name="test2936" classname="RandoopRegressionTest5" time="0.0"/>
  <testcase name="test2937" classname="RandoopRegressionTest5" time="0.0"/>
  <testcase name="test2938" classname="RandoopRegressionTest5" time="0.0"/>
  <testcase name="test2939" classname="RandoopRegressionTest5" time="0.0"/>
  <testcase name="test2940" classname="RandoopRegressionTest5" time="0.0"/>
  <testcase name="test2941" classname="RandoopRegressionTest5" time="0.001"/>
  <testcase name="test2942" classname="RandoopRegressionTest5" time="0.0"/>
  <testcase name="test2943" classname="RandoopRegressionTest5" time="0.0"/>
  <testcase name="test2944" classname="RandoopRegressionTest5" time="0.0"/>
  <testcase name="test2945" classname="RandoopRegressionTest5" time="0.0"/>
  <testcase name="test2946" classname="RandoopRegressionTest5" time="0.0"/>
  <testcase name="test2947" classname="RandoopRegressionTest5" time="0.0"/>
  <testcase name="test2948" classname="RandoopRegressionTest5" time="0.0"/>
  <testcase name="test2949" classname="RandoopRegressionTest5" time="0.0"/>
  <testcase name="test2950" classname="RandoopRegressionTest5" time="0.0"/>
  <testcase name="test2951" classname="RandoopRegressionTest5" time="0.0"/>
  <testcase name="test2952" classname="RandoopRegressionTest5" time="0.0"/>
  <testcase name="test2953" classname="RandoopRegressionTest5" time="0.0"/>
  <testcase name="test2954" classname="RandoopRegressionTest5" time="0.0"/>
  <testcase name="test2955" classname="RandoopRegressionTest5" time="0.0"/>
  <testcase name="test2956" classname="RandoopRegressionTest5" time="0.0"/>
  <testcase name="test2957" classname="RandoopRegressionTest5" time="0.0"/>
  <testcase name="test2958" classname="RandoopRegressionTest5" time="0.0"/>
  <testcase name="test2959" classname="RandoopRegressionTest5" time="0.0"/>
  <testcase name="test2960" classname="RandoopRegressionTest5" time="0.0"/>
  <testcase name="test2961" classname="RandoopRegressionTest5" time="0.001"/>
  <testcase name="test2962" classname="RandoopRegressionTest5" time="0.0"/>
  <testcase name="test2963" classname="RandoopRegressionTest5" time="0.0"/>
  <testcase name="test2964" classname="RandoopRegressionTest5" time="0.0"/>
  <testcase name="test2965" classname="RandoopRegressionTest5" time="0.0"/>
  <testcase name="test2966" classname="RandoopRegressionTest5" time="0.0"/>
  <testcase name="test2967" classname="RandoopRegressionTest5" time="0.0"/>
  <testcase name="test2968" classname="RandoopRegressionTest5" time="0.0"/>
  <testcase name="test2969" classname="RandoopRegressionTest5" time="0.0"/>
  <testcase name="test2970" classname="RandoopRegressionTest5" time="0.0"/>
  <testcase name="test2971" classname="RandoopRegressionTest5" time="0.0"/>
  <testcase name="test2972" classname="RandoopRegressionTest5" time="0.0"/>
  <testcase name="test2973" classname="RandoopRegressionTest5" time="0.0"/>
  <testcase name="test2974" classname="RandoopRegressionTest5" time="0.0"/>
  <testcase name="test2975" classname="RandoopRegressionTest5" time="0.0"/>
  <testcase name="test2976" classname="RandoopRegressionTest5" time="0.0"/>
  <testcase name="test2977" classname="RandoopRegressionTest5" time="0.0"/>
  <testcase name="test2978" classname="RandoopRegressionTest5" time="0.0"/>
  <testcase name="test2979" classname="RandoopRegressionTest5" time="0.0"/>
  <testcase name="test2980" classname="RandoopRegressionTest5" time="0.0"/>
  <testcase name="test2981" classname="RandoopRegressionTest5" time="0.0"/>
  <testcase name="test2982" classname="RandoopRegressionTest5" time="0.0"/>
  <testcase name="test2983" classname="RandoopRegressionTest5" time="0.0"/>
  <testcase name="test2984" classname="RandoopRegressionTest5" time="0.0"/>
  <testcase name="test2985" classname="RandoopRegressionTest5" time="0.0"/>
  <testcase name="test2986" classname="RandoopRegressionTest5" time="0.0"/>
  <testcase name="test2987" classname="RandoopRegressionTest5" time="0.0"/>
  <testcase name="test2988" classname="RandoopRegressionTest5" time="0.0"/>
  <testcase name="test2989" classname="RandoopRegressionTest5" time="0.0"/>
  <testcase name="test2990" classname="RandoopRegressionTest5" time="0.0"/>
  <testcase name="test2991" classname="RandoopRegressionTest5" time="0.0"/>
  <testcase name="test2992" classname="RandoopRegressionTest5" time="0.0"/>
  <testcase name="test2993" classname="RandoopRegressionTest5" time="0.0"/>
  <testcase name="test2994" classname="RandoopRegressionTest5" time="0.0"/>
  <testcase name="test2995" classname="RandoopRegressionTest5" time="0.0"/>
  <testcase name="test2996" classname="RandoopRegressionTest5" time="0.0"/>
  <testcase name="test2997" classname="RandoopRegressionTest5" time="0.0"/>
  <testcase name="test2998" classname="RandoopRegressionTest5" time="0.0"/>
  <testcase name="test2999" classname="RandoopRegressionTest5" time="0.0"/>
  <testcase name="test3000" classname="RandoopRegressionTest5" time="0.0"/>
  <testcase name="test2501" classname="RandoopRegressionTest5" time="0.0"/>
  <testcase name="test2502" classname="RandoopRegressionTest5" time="0.0"/>
  <testcase name="test2503" classname="RandoopRegressionTest5" time="0.0"/>
  <testcase name="test2504" classname="RandoopRegressionTest5" time="0.0"/>
  <testcase name="test2505" classname="RandoopRegressionTest5" time="0.0"/>
  <testcase name="test2506" classname="RandoopRegressionTest5" time="0.0"/>
  <testcase name="test2507" classname="RandoopRegressionTest5" time="0.0"/>
  <testcase name="test2508" classname="RandoopRegressionTest5" time="0.0"/>
  <testcase name="test2509" classname="RandoopRegressionTest5" time="0.0"/>
  <testcase name="test2510" classname="RandoopRegressionTest5" time="0.0"/>
  <testcase name="test2511" classname="RandoopRegressionTest5" time="0.0"/>
  <testcase name="test2512" classname="RandoopRegressionTest5" time="0.0"/>
  <testcase name="test2513" classname="RandoopRegressionTest5" time="0.0"/>
  <testcase name="test2514" classname="RandoopRegressionTest5" time="0.0"/>
  <testcase name="test2515" classname="RandoopRegressionTest5" time="0.0"/>
  <testcase name="test2516" classname="RandoopRegressionTest5" time="0.0"/>
  <testcase name="test2517" classname="RandoopRegressionTest5" time="0.0"/>
  <testcase name="test2518" classname="RandoopRegressionTest5" time="0.0"/>
  <testcase name="test2519" classname="RandoopRegressionTest5" time="0.0"/>
  <testcase name="test2520" classname="RandoopRegressionTest5" time="0.0"/>
  <testcase name="test2521" classname="RandoopRegressionTest5" time="0.0"/>
  <testcase name="test2522" classname="RandoopRegressionTest5" time="0.0"/>
  <testcase name="test2523" classname="RandoopRegressionTest5" time="0.0"/>
  <testcase name="test2524" classname="RandoopRegressionTest5" time="0.0"/>
  <testcase name="test2525" classname="RandoopRegressionTest5" time="0.0"/>
  <testcase name="test2526" classname="RandoopRegressionTest5" time="0.0"/>
  <testcase name="test2527" classname="RandoopRegressionTest5" time="0.0"/>
  <testcase name="test2528" classname="RandoopRegressionTest5" time="0.0"/>
  <testcase name="test2529" classname="RandoopRegressionTest5" time="0.001"/>
  <testcase name="test2530" classname="RandoopRegressionTest5" time="0.0"/>
  <testcase name="test2531" classname="RandoopRegressionTest5" time="0.0"/>
  <testcase name="test2532" classname="RandoopRegressionTest5" time="0.0"/>
  <testcase name="test2533" classname="RandoopRegressionTest5" time="0.0"/>
  <testcase name="test2534" classname="RandoopRegressionTest5" time="0.0"/>
  <testcase name="test2535" classname="RandoopRegressionTest5" time="0.0"/>
  <testcase name="test2536" classname="RandoopRegressionTest5" time="0.001"/>
  <testcase name="test2537" classname="RandoopRegressionTest5" time="0.0"/>
  <testcase name="test2538" classname="RandoopRegressionTest5" time="0.0"/>
  <testcase name="test2539" classname="RandoopRegressionTest5" time="0.0"/>
  <testcase name="test2540" classname="RandoopRegressionTest5" time="0.0"/>
  <testcase name="test2541" classname="RandoopRegressionTest5" time="0.0"/>
  <testcase name="test2542" classname="RandoopRegressionTest5" time="0.0"/>
  <testcase name="test2543" classname="RandoopRegressionTest5" time="0.0"/>
  <testcase name="test2544" classname="RandoopRegressionTest5" time="0.0"/>
  <testcase name="test2545" classname="RandoopRegressionTest5" time="0.0"/>
  <testcase name="test2546" classname="RandoopRegressionTest5" time="0.0"/>
  <testcase name="test2547" classname="RandoopRegressionTest5" time="0.0"/>
  <testcase name="test2548" classname="RandoopRegressionTest5" time="0.0"/>
  <testcase name="test2549" classname="RandoopRegressionTest5" time="0.0"/>
  <testcase name="test2550" classname="RandoopRegressionTest5" time="0.0"/>
  <testcase name="test2551" classname="RandoopRegressionTest5" time="0.0"/>
  <testcase name="test2552" classname="RandoopRegressionTest5" time="0.0"/>
  <testcase name="test2553" classname="RandoopRegressionTest5" time="0.0"/>
  <testcase name="test2554" classname="RandoopRegressionTest5" time="0.0"/>
  <testcase name="test2555" classname="RandoopRegressionTest5" time="0.0"/>
  <testcase name="test2556" classname="RandoopRegressionTest5" time="0.0"/>
  <testcase name="test2557" classname="RandoopRegressionTest5" time="0.0"/>
  <testcase name="test2558" classname="RandoopRegressionTest5" time="0.0"/>
  <testcase name="test2559" classname="RandoopRegressionTest5" time="0.0"/>
  <testcase name="test2560" classname="RandoopRegressionTest5" time="0.0"/>
  <testcase name="test2561" classname="RandoopRegressionTest5" time="0.0"/>
  <testcase name="test2562" classname="RandoopRegressionTest5" time="0.0"/>
  <testcase name="test2563" classname="RandoopRegressionTest5" time="0.0"/>
  <testcase name="test2564" classname="RandoopRegressionTest5" time="0.0"/>
  <testcase name="test2565" classname="RandoopRegressionTest5" time="0.0"/>
  <testcase name="test2566" classname="RandoopRegressionTest5" time="0.0"/>
  <testcase name="test2567" classname="RandoopRegressionTest5" time="0.0"/>
  <testcase name="test2568" classname="RandoopRegressionTest5" time="0.0"/>
  <testcase name="test2569" classname="RandoopRegressionTest5" time="0.0"/>
  <testcase name="test2570" classname="RandoopRegressionTest5" time="0.0"/>
  <testcase name="test2571" classname="RandoopRegressionTest5" time="0.001"/>
  <testcase name="test2572" classname="RandoopRegressionTest5" time="0.0"/>
  <testcase name="test2573" classname="RandoopRegressionTest5" time="0.0"/>
  <testcase name="test2574" classname="RandoopRegressionTest5" time="0.0"/>
  <testcase name="test2575" classname="RandoopRegressionTest5" time="0.0"/>
  <testcase name="test2576" classname="RandoopRegressionTest5" time="0.0"/>
  <testcase name="test2577" classname="RandoopRegressionTest5" time="0.0"/>
  <testcase name="test2578" classname="RandoopRegressionTest5" time="0.0"/>
  <testcase name="test2579" classname="RandoopRegressionTest5" time="0.0"/>
  <testcase name="test2580" classname="RandoopRegressionTest5" time="0.0"/>
  <testcase name="test2581" classname="RandoopRegressionTest5" time="0.0"/>
  <testcase name="test2582" classname="RandoopRegressionTest5" time="0.001"/>
  <testcase name="test2583" classname="RandoopRegressionTest5" time="0.0"/>
  <testcase name="test2584" classname="RandoopRegressionTest5" time="0.0"/>
  <testcase name="test2585" classname="RandoopRegressionTest5" time="0.0"/>
  <testcase name="test2586" classname="RandoopRegressionTest5" time="0.0"/>
  <testcase name="test2587" classname="RandoopRegressionTest5" time="0.0"/>
  <testcase name="test2588" classname="RandoopRegressionTest5" time="0.0"/>
  <testcase name="test2589" classname="RandoopRegressionTest5" time="0.0"/>
  <testcase name="test2590" classname="RandoopRegressionTest5" time="0.0"/>
  <testcase name="test2591" classname="RandoopRegressionTest5" time="0.0"/>
  <testcase name="test2592" classname="RandoopRegressionTest5" time="0.0"/>
  <testcase name="test2593" classname="RandoopRegressionTest5" time="0.0"/>
  <testcase name="test2594" classname="RandoopRegressionTest5" time="0.0"/>
  <testcase name="test2595" classname="RandoopRegressionTest5" time="0.0"/>
  <testcase name="test2596" classname="RandoopRegressionTest5" time="0.0"/>
  <testcase name="test2597" classname="RandoopRegressionTest5" time="0.0"/>
  <testcase name="test2598" classname="RandoopRegressionTest5" time="0.0"/>
  <testcase name="test2599" classname="RandoopRegressionTest5" time="0.0"/>
  <testcase name="test2600" classname="RandoopRegressionTest5" time="0.0"/>
  <testcase name="test2601" classname="RandoopRegressionTest5" time="0.0"/>
  <testcase name="test2602" classname="RandoopRegressionTest5" time="0.0"/>
  <testcase name="test2603" classname="RandoopRegressionTest5" time="0.0"/>
  <testcase name="test2604" classname="RandoopRegressionTest5" time="0.0"/>
  <testcase name="test2605" classname="RandoopRegressionTest5" time="0.0"/>
  <testcase name="test2606" classname="RandoopRegressionTest5" time="0.0"/>
  <testcase name="test2607" classname="RandoopRegressionTest5" time="0.0"/>
  <testcase name="test2608" classname="RandoopRegressionTest5" time="0.0"/>
  <testcase name="test2609" classname="RandoopRegressionTest5" time="0.0"/>
  <testcase name="test2610" classname="RandoopRegressionTest5" time="0.0"/>
  <testcase name="test2611" classname="RandoopRegressionTest5" time="0.0"/>
  <testcase name="test2612" classname="RandoopRegressionTest5" time="0.001"/>
  <testcase name="test2613" classname="RandoopRegressionTest5" time="0.0"/>
  <testcase name="test2614" classname="RandoopRegressionTest5" time="0.0"/>
  <testcase name="test2615" classname="RandoopRegressionTest5" time="0.0"/>
  <testcase name="test2616" classname="RandoopRegressionTest5" time="0.0"/>
  <testcase name="test2617" classname="RandoopRegressionTest5" time="0.0"/>
  <testcase name="test2618" classname="RandoopRegressionTest5" time="0.0"/>
  <testcase name="test2619" classname="RandoopRegressionTest5" time="0.0"/>
  <testcase name="test2620" classname="RandoopRegressionTest5" time="0.0"/>
  <testcase name="test2621" classname="RandoopRegressionTest5" time="0.0"/>
  <testcase name="test2622" classname="RandoopRegressionTest5" time="0.0"/>
  <testcase name="test2623" classname="RandoopRegressionTest5" time="0.001"/>
  <testcase name="test2624" classname="RandoopRegressionTest5" time="0.0"/>
  <testcase name="test2625" classname="RandoopRegressionTest5" time="0.0"/>
  <testcase name="test2626" classname="RandoopRegressionTest5" time="0.0"/>
  <testcase name="test2627" classname="RandoopRegressionTest5" time="0.0"/>
  <testcase name="test2628" classname="RandoopRegressionTest5" time="0.0"/>
  <testcase name="test2629" classname="RandoopRegressionTest5" time="0.0"/>
  <testcase name="test2630" classname="RandoopRegressionTest5" time="0.0"/>
  <testcase name="test2631" classname="RandoopRegressionTest5" time="0.0"/>
  <testcase name="test2632" classname="RandoopRegressionTest5" time="0.0"/>
  <testcase name="test2633" classname="RandoopRegressionTest5" time="0.0"/>
  <testcase name="test2634" classname="RandoopRegressionTest5" time="0.0"/>
  <testcase name="test2635" classname="RandoopRegressionTest5" time="0.0"/>
  <testcase name="test2636" classname="RandoopRegressionTest5" time="0.0"/>
  <testcase name="test2637" classname="RandoopRegressionTest5" time="0.0"/>
  <testcase name="test2638" classname="RandoopRegressionTest5" time="0.0"/>
  <testcase name="test2639" classname="RandoopRegressionTest5" time="0.0"/>
  <testcase name="test2640" classname="RandoopRegressionTest5" time="0.0"/>
  <testcase name="test2641" classname="RandoopRegressionTest5" time="0.0"/>
  <testcase name="test2642" classname="RandoopRegressionTest5" time="0.0"/>
  <testcase name="test2643" classname="RandoopRegressionTest5" time="0.0"/>
  <testcase name="test2644" classname="RandoopRegressionTest5" time="0.0"/>
  <testcase name="test2645" classname="RandoopRegressionTest5" time="0.0"/>
  <testcase name="test2646" classname="RandoopRegressionTest5" time="0.0"/>
  <testcase name="test2647" classname="RandoopRegressionTest5" time="0.0"/>
  <testcase name="test2648" classname="RandoopRegressionTest5" time="0.0"/>
  <testcase name="test2649" classname="RandoopRegressionTest5" time="0.0"/>
  <testcase name="test2650" classname="RandoopRegressionTest5" time="0.0"/>
  <testcase name="test2651" classname="RandoopRegressionTest5" time="0.0"/>
  <testcase name="test2652" classname="RandoopRegressionTest5" time="0.0"/>
  <testcase name="test2653" classname="RandoopRegressionTest5" time="0.0"/>
  <testcase name="test2654" classname="RandoopRegressionTest5" time="0.0"/>
  <testcase name="test2655" classname="RandoopRegressionTest5" time="0.0"/>
  <testcase name="test2656" classname="RandoopRegressionTest5" time="0.0"/>
  <testcase name="test2657" classname="RandoopRegressionTest5" time="0.0"/>
  <testcase name="test2658" classname="RandoopRegressionTest5" time="0.0"/>
  <testcase name="test2659" classname="RandoopRegressionTest5" time="0.0"/>
  <testcase name="test2660" classname="RandoopRegressionTest5" time="0.0"/>
  <testcase name="test2661" classname="RandoopRegressionTest5" time="0.0"/>
  <testcase name="test2662" classname="RandoopRegressionTest5" time="0.0"/>
  <testcase name="test2663" classname="RandoopRegressionTest5" time="0.0"/>
  <testcase name="test2664" classname="RandoopRegressionTest5" time="0.0"/>
  <testcase name="test2665" classname="RandoopRegressionTest5" time="0.0"/>
  <testcase name="test2666" classname="RandoopRegressionTest5" time="0.0"/>
  <testcase name="test2667" classname="RandoopRegressionTest5" time="0.0"/>
  <testcase name="test2668" classname="RandoopRegressionTest5" time="0.0"/>
  <testcase name="test2669" classname="RandoopRegressionTest5" time="0.0"/>
  <testcase name="test2670" classname="RandoopRegressionTest5" time="0.0"/>
  <testcase name="test2671" classname="RandoopRegressionTest5" time="0.0"/>
  <testcase name="test2672" classname="RandoopRegressionTest5" time="0.0"/>
  <testcase name="test2673" classname="RandoopRegressionTest5" time="0.0"/>
  <testcase name="test2674" classname="RandoopRegressionTest5" time="0.0"/>
  <testcase name="test2675" classname="RandoopRegressionTest5" time="0.0"/>
  <testcase name="test2676" classname="RandoopRegressionTest5" time="0.0"/>
  <testcase name="test2677" classname="RandoopRegressionTest5" time="0.0"/>
  <testcase name="test2678" classname="RandoopRegressionTest5" time="0.0"/>
  <testcase name="test2679" classname="RandoopRegressionTest5" time="0.0"/>
  <testcase name="test2680" classname="RandoopRegressionTest5" time="0.0"/>
  <testcase name="test2681" classname="RandoopRegressionTest5" time="0.0"/>
  <testcase name="test2682" classname="RandoopRegressionTest5" time="0.0"/>
  <testcase name="test2683" classname="RandoopRegressionTest5" time="0.0"/>
  <testcase name="test2684" classname="RandoopRegressionTest5" time="0.0"/>
  <testcase name="test2685" classname="RandoopRegressionTest5" time="0.0"/>
  <testcase name="test2686" classname="RandoopRegressionTest5" time="0.0"/>
  <testcase name="test2687" classname="RandoopRegressionTest5" time="0.0"/>
  <testcase name="test2688" classname="RandoopRegressionTest5" time="0.0"/>
  <testcase name="test2689" classname="RandoopRegressionTest5" time="0.0"/>
  <testcase name="test2690" classname="RandoopRegressionTest5" time="0.0"/>
  <testcase name="test2691" classname="RandoopRegressionTest5" time="0.0"/>
  <testcase name="test2692" classname="RandoopRegressionTest5" time="0.0"/>
  <testcase name="test2693" classname="RandoopRegressionTest5" time="0.0"/>
  <testcase name="test2694" classname="RandoopRegressionTest5" time="0.0"/>
  <testcase name="test2695" classname="RandoopRegressionTest5" time="0.0"/>
  <testcase name="test2696" classname="RandoopRegressionTest5" time="0.0"/>
  <testcase name="test2697" classname="RandoopRegressionTest5" time="0.0"/>
  <testcase name="test2698" classname="RandoopRegressionTest5" time="0.0"/>
  <testcase name="test2699" classname="RandoopRegressionTest5" time="0.0"/>
  <testcase name="test2700" classname="RandoopRegressionTest5" time="0.0"/>
  <testcase name="test2701" classname="RandoopRegressionTest5" time="0.0"/>
  <testcase name="test2702" classname="RandoopRegressionTest5" time="0.0"/>
  <testcase name="test2703" classname="RandoopRegressionTest5" time="0.0"/>
  <testcase name="test2704" classname="RandoopRegressionTest5" time="0.0"/>
  <testcase name="test2705" classname="RandoopRegressionTest5" time="0.0"/>
  <testcase name="test2706" classname="RandoopRegressionTest5" time="0.0"/>
  <testcase name="test2707" classname="RandoopRegressionTest5" time="0.0"/>
  <testcase name="test2708" classname="RandoopRegressionTest5" time="0.0"/>
  <testcase name="test2709" classname="RandoopRegressionTest5" time="0.0"/>
  <testcase name="test2710" classname="RandoopRegressionTest5" time="0.001"/>
  <testcase name="test2711" classname="RandoopRegressionTest5" time="0.0"/>
  <testcase name="test2712" classname="RandoopRegressionTest5" time="0.0"/>
  <testcase name="test2713" classname="RandoopRegressionTest5" time="0.0"/>
  <testcase name="test2714" classname="RandoopRegressionTest5" time="0.0"/>
  <testcase name="test2715" classname="RandoopRegressionTest5" time="0.0"/>
  <testcase name="test2716" classname="RandoopRegressionTest5" time="0.0"/>
  <testcase name="test2717" classname="RandoopRegressionTest5" time="0.0"/>
  <testcase name="test2718" classname="RandoopRegressionTest5" time="0.0"/>
  <testcase name="test2719" classname="RandoopRegressionTest5" time="0.0"/>
  <testcase name="test2720" classname="RandoopRegressionTest5" time="0.0"/>
  <testcase name="test2721" classname="RandoopRegressionTest5" time="0.0"/>
  <testcase name="test2722" classname="RandoopRegressionTest5" time="0.0"/>
  <testcase name="test2723" classname="RandoopRegressionTest5" time="0.0"/>
  <testcase name="test2724" classname="RandoopRegressionTest5" time="0.0"/>
  <testcase name="test2725" classname="RandoopRegressionTest5" time="0.0"/>
  <testcase name="test2726" classname="RandoopRegressionTest5" time="0.0"/>
  <testcase name="test2727" classname="RandoopRegressionTest5" time="0.0"/>
  <testcase name="test2728" classname="RandoopRegressionTest5" time="0.0"/>
  <testcase name="test2729" classname="RandoopRegressionTest5" time="0.0"/>
  <testcase name="test2730" classname="RandoopRegressionTest5" time="0.0"/>
  <testcase name="test2731" classname="RandoopRegressionTest5" time="0.0"/>
  <testcase name="test2732" classname="RandoopRegressionTest5" time="0.0"/>
  <testcase name="test2733" classname="RandoopRegressionTest5" time="0.0"/>
  <testcase name="test2734" classname="RandoopRegressionTest5" time="0.0"/>
  <testcase name="test2735" classname="RandoopRegressionTest5" time="0.0"/>
  <testcase name="test2736" classname="RandoopRegressionTest5" time="0.0"/>
  <testcase name="test2737" classname="RandoopRegressionTest5" time="0.0"/>
  <testcase name="test2738" classname="RandoopRegressionTest5" time="0.0"/>
  <testcase name="test2739" classname="RandoopRegressionTest5" time="0.0"/>
  <testcase name="test2740" classname="RandoopRegressionTest5" time="0.0"/>
  <testcase name="test2741" classname="RandoopRegressionTest5" time="0.0"/>
  <testcase name="test2742" classname="RandoopRegressionTest5" time="0.0"/>
  <testcase name="test2743" classname="RandoopRegressionTest5" time="0.0"/>
  <testcase name="test2744" classname="RandoopRegressionTest5" time="0.0"/>
  <testcase name="test2745" classname="RandoopRegressionTest5" time="0.0"/>
  <testcase name="test2746" classname="RandoopRegressionTest5" time="0.0"/>
  <testcase name="test2747" classname="RandoopRegressionTest5" time="0.0"/>
  <testcase name="test2748" classname="RandoopRegressionTest5" time="0.0"/>
  <testcase name="test2749" classname="RandoopRegressionTest5" time="0.0"/>
  <testcase name="test2750" classname="RandoopRegressionTest5" time="0.0"/>
  <testcase name="test2751" classname="RandoopRegressionTest5" time="0.0"/>
  <testcase name="test2752" classname="RandoopRegressionTest5" time="0.0"/>
  <testcase name="test2753" classname="RandoopRegressionTest5" time="0.0"/>
  <testcase name="test2754" classname="RandoopRegressionTest5" time="0.0"/>
  <testcase name="test2755" classname="RandoopRegressionTest5" time="0.0"/>
  <testcase name="test2756" classname="RandoopRegressionTest5" time="0.0"/>
  <testcase name="test2757" classname="RandoopRegressionTest5" time="0.0"/>
  <testcase name="test2758" classname="RandoopRegressionTest5" time="0.0"/>
  <testcase name="test2759" classname="RandoopRegressionTest5" time="0.0"/>
  <testcase name="test2760" classname="RandoopRegressionTest5" time="0.0"/>
  <testcase name="test2761" classname="RandoopRegressionTest5" time="0.0"/>
  <testcase name="test2762" classname="RandoopRegressionTest5" time="0.0"/>
  <testcase name="test2763" classname="RandoopRegressionTest5" time="0.0"/>
  <testcase name="test2764" classname="RandoopRegressionTest5" time="0.0"/>
  <testcase name="test2765" classname="RandoopRegressionTest5" time="0.0"/>
  <testcase name="test2766" classname="RandoopRegressionTest5" time="0.0"/>
  <testcase name="test2767" classname="RandoopRegressionTest5" time="0.0"/>
  <testcase name="test2768" classname="RandoopRegressionTest5" time="0.0"/>
  <testcase name="test2769" classname="RandoopRegressionTest5" time="0.0"/>
  <testcase name="test2770" classname="RandoopRegressionTest5" time="0.0"/>
  <testcase name="test2771" classname="RandoopRegressionTest5" time="0.0"/>
  <testcase name="test2772" classname="RandoopRegressionTest5" time="0.0"/>
  <testcase name="test2773" classname="RandoopRegressionTest5" time="0.0"/>
  <testcase name="test2774" classname="RandoopRegressionTest5" time="0.0"/>
  <testcase name="test2775" classname="RandoopRegressionTest5" time="0.0"/>
  <testcase name="test2776" classname="RandoopRegressionTest5" time="0.0"/>
  <testcase name="test2777" classname="RandoopRegressionTest5" time="0.0"/>
  <testcase name="test2778" classname="RandoopRegressionTest5" time="0.0"/>
  <testcase name="test2779" classname="RandoopRegressionTest5" time="0.0"/>
  <testcase name="test2780" classname="RandoopRegressionTest5" time="0.0"/>
  <testcase name="test2781" classname="RandoopRegressionTest5" time="0.0"/>
  <testcase name="test2782" classname="RandoopRegressionTest5" time="0.0"/>
  <testcase name="test2783" classname="RandoopRegressionTest5" time="0.0"/>
  <testcase name="test2784" classname="RandoopRegressionTest5" time="0.0"/>
  <testcase name="test2785" classname="RandoopRegressionTest5" time="0.0"/>
  <testcase name="test2786" classname="RandoopRegressionTest5" time="0.0"/>
  <testcase name="test2787" classname="RandoopRegressionTest5" time="0.0"/>
  <testcase name="test2788" classname="RandoopRegressionTest5" time="0.0"/>
  <testcase name="test2789" classname="RandoopRegressionTest5" time="0.0"/>
  <testcase name="test2790" classname="RandoopRegressionTest5" time="0.0"/>
  <testcase name="test2791" classname="RandoopRegressionTest5" time="0.0"/>
  <testcase name="test2792" classname="RandoopRegressionTest5" time="0.001"/>
  <testcase name="test2793" classname="RandoopRegressionTest5" time="0.0"/>
  <testcase name="test2794" classname="RandoopRegressionTest5" time="0.0"/>
  <testcase name="test2795" classname="RandoopRegressionTest5" time="0.0"/>
  <testcase name="test2796" classname="RandoopRegressionTest5" time="0.0"/>
  <testcase name="test2797" classname="RandoopRegressionTest5" time="0.0"/>
  <testcase name="test2798" classname="RandoopRegressionTest5" time="0.0"/>
  <testcase name="test2799" classname="RandoopRegressionTest5" time="0.0"/>
  <testcase name="test2800" classname="RandoopRegressionTest5" time="0.0"/>
  <testcase name="test2801" classname="RandoopRegressionTest5" time="0.0"/>
  <testcase name="test2802" classname="RandoopRegressionTest5" time="0.0"/>
  <testcase name="test2803" classname="RandoopRegressionTest5" time="0.0"/>
  <testcase name="test2804" classname="RandoopRegressionTest5" time="0.0"/>
  <testcase name="test2805" classname="RandoopRegressionTest5" time="0.0"/>
  <testcase name="test2806" classname="RandoopRegressionTest5" time="0.0"/>
  <testcase name="test2807" classname="RandoopRegressionTest5" time="0.0"/>
  <testcase name="test2808" classname="RandoopRegressionTest5" time="0.0"/>
  <testcase name="test2809" classname="RandoopRegressionTest5" time="0.0"/>
  <testcase name="test2810" classname="RandoopRegressionTest5" time="0.0"/>
  <testcase name="test2811" classname="RandoopRegressionTest5" time="0.0"/>
  <testcase name="test2812" classname="RandoopRegressionTest5" time="0.0"/>
  <testcase name="test2813" classname="RandoopRegressionTest5" time="0.0"/>
  <testcase name="test2814" classname="RandoopRegressionTest5" time="0.0"/>
  <testcase name="test2815" classname="RandoopRegressionTest5" time="0.0"/>
  <testcase name="test2816" classname="RandoopRegressionTest5" time="0.0"/>
  <testcase name="test2817" classname="RandoopRegressionTest5" time="0.0"/>
  <testcase name="test2818" classname="RandoopRegressionTest5" time="0.0"/>
  <testcase name="test2819" classname="RandoopRegressionTest5" time="0.0"/>
  <testcase name="test2820" classname="RandoopRegressionTest5" time="0.0"/>
  <testcase name="test2821" classname="RandoopRegressionTest5" time="0.0"/>
  <testcase name="test2822" classname="RandoopRegressionTest5" time="0.0"/>
  <testcase name="test2823" classname="RandoopRegressionTest5" time="0.0"/>
  <testcase name="test2824" classname="RandoopRegressionTest5" time="0.0"/>
  <testcase name="test2825" classname="RandoopRegressionTest5" time="0.0"/>
  <testcase name="test2826" classname="RandoopRegressionTest5" time="0.0"/>
  <testcase name="test2827" classname="RandoopRegressionTest5" time="0.0"/>
  <testcase name="test2828" classname="RandoopRegressionTest5" time="0.0"/>
  <testcase name="test2829" classname="RandoopRegressionTest5" time="0.0"/>
  <testcase name="test2830" classname="RandoopRegressionTest5" time="0.0"/>
  <testcase name="test2831" classname="RandoopRegressionTest5" time="0.0"/>
  <testcase name="test2832" classname="RandoopRegressionTest5" time="0.0"/>
  <testcase name="test2833" classname="RandoopRegressionTest5" time="0.0"/>
  <testcase name="test2834" classname="RandoopRegressionTest5" time="0.0"/>
  <testcase name="test2835" classname="RandoopRegressionTest5" time="0.0"/>
  <testcase name="test2836" classname="RandoopRegressionTest5" time="0.001"/>
  <testcase name="test2837" classname="RandoopRegressionTest5" time="0.0"/>
  <testcase name="test2838" classname="RandoopRegressionTest5" time="0.0"/>
  <testcase name="test2839" classname="RandoopRegressionTest5" time="0.0"/>
  <testcase name="test2840" classname="RandoopRegressionTest5" time="0.0"/>
  <testcase name="test2841" classname="RandoopRegressionTest5" time="0.0"/>
  <testcase name="test2842" classname="RandoopRegressionTest5" time="0.0"/>
  <testcase name="test2843" classname="RandoopRegressionTest5" time="0.0"/>
  <testcase name="test2844" classname="RandoopRegressionTest5" time="0.0"/>
  <testcase name="test2845" classname="RandoopRegressionTest5" time="0.0"/>
  <testcase name="test2846" classname="RandoopRegressionTest5" time="0.0"/>
  <testcase name="test2847" classname="RandoopRegressionTest5" time="0.0"/>
  <testcase name="test2848" classname="RandoopRegressionTest5" time="0.0"/>
  <testcase name="test2849" classname="RandoopRegressionTest5" time="0.0"/>
  <testcase name="test2850" classname="RandoopRegressionTest5" time="0.0"/>
  <testcase name="test2851" classname="RandoopRegressionTest5" time="0.0"/>
  <testcase name="test2852" classname="RandoopRegressionTest5" time="0.0"/>
  <testcase name="test2853" classname="RandoopRegressionTest5" time="0.0"/>
  <testcase name="test2854" classname="RandoopRegressionTest5" time="0.0"/>
  <testcase name="test2855" classname="RandoopRegressionTest5" time="0.0"/>
  <testcase name="test2856" classname="RandoopRegressionTest5" time="0.0"/>
  <testcase name="test2857" classname="RandoopRegressionTest5" time="0.0"/>
  <testcase name="test2858" classname="RandoopRegressionTest5" time="0.0"/>
  <testcase name="test2859" classname="RandoopRegressionTest5" time="0.0"/>
  <testcase name="test2860" classname="RandoopRegressionTest5" time="0.0"/>
  <testcase name="test2861" classname="RandoopRegressionTest5" time="0.0"/>
  <testcase name="test2862" classname="RandoopRegressionTest5" time="0.0"/>
  <testcase name="test2863" classname="RandoopRegressionTest5" time="0.0"/>
  <testcase name="test2864" classname="RandoopRegressionTest5" time="0.0"/>
  <testcase name="test2865" classname="RandoopRegressionTest5" time="0.0"/>
  <testcase name="test2866" classname="RandoopRegressionTest5" time="0.0"/>
  <testcase name="test2867" classname="RandoopRegressionTest5" time="0.0"/>
  <testcase name="test2868" classname="RandoopRegressionTest5" time="0.0"/>
  <testcase name="test2869" classname="RandoopRegressionTest5" time="0.0"/>
  <testcase name="test2870" classname="RandoopRegressionTest5" time="0.0"/>
  <testcase name="test2871" classname="RandoopRegressionTest5" time="0.0"/>
  <testcase name="test2872" classname="RandoopRegressionTest5" time="0.0"/>
  <testcase name="test2873" classname="RandoopRegressionTest5" time="0.0"/>
  <testcase name="test2874" classname="RandoopRegressionTest5" time="0.0"/>
  <testcase name="test2875" classname="RandoopRegressionTest5" time="0.0"/>
  <testcase name="test2876" classname="RandoopRegressionTest5" time="0.0"/>
  <testcase name="test2877" classname="RandoopRegressionTest5" time="0.0"/>
  <testcase name="test2878" classname="RandoopRegressionTest5" time="0.0"/>
  <testcase name="test2879" classname="RandoopRegressionTest5" time="0.0"/>
  <testcase name="test2880" classname="RandoopRegressionTest5" time="0.001"/>
  <testcase name="test2881" classname="RandoopRegressionTest5" time="0.0"/>
  <testcase name="test2882" classname="RandoopRegressionTest5" time="0.0"/>
  <testcase name="test2883" classname="RandoopRegressionTest5" time="0.0"/>
  <testcase name="test2884" classname="RandoopRegressionTest5" time="0.0"/>
  <testcase name="test2885" classname="RandoopRegressionTest5" time="0.0"/>
  <testcase name="test2886" classname="RandoopRegressionTest5" time="0.0"/>
  <testcase name="test2887" classname="RandoopRegressionTest5" time="0.0"/>
  <testcase name="test2888" classname="RandoopRegressionTest5" time="0.0"/>
  <testcase name="test2889" classname="RandoopRegressionTest5" time="0.0"/>
  <testcase name="test2890" classname="RandoopRegressionTest5" time="0.0"/>
  <testcase name="test2891" classname="RandoopRegressionTest5" time="0.0"/>
  <testcase name="test2892" classname="RandoopRegressionTest5" time="0.0"/>
  <testcase name="test2893" classname="RandoopRegressionTest5" time="0.0"/>
  <testcase name="test2894" classname="RandoopRegressionTest5" time="0.0"/>
  <testcase name="test2895" classname="RandoopRegressionTest5" time="0.0"/>
  <testcase name="test2896" classname="RandoopRegressionTest5" time="0.0"/>
  <testcase name="test2897" classname="RandoopRegressionTest5" time="0.0"/>
  <testcase name="test2898" classname="RandoopRegressionTest5" time="0.0"/>
  <testcase name="test2899" classname="RandoopRegressionTest5" time="0.0"/>
  <testcase name="test2900" classname="RandoopRegressionTest5" time="0.0"/>
  <testcase name="test2901" classname="RandoopRegressionTest5" time="0.0"/>
  <testcase name="test2902" classname="RandoopRegressionTest5" time="0.0"/>
  <testcase name="test2903" classname="RandoopRegressionTest5" time="0.0"/>
  <testcase name="test2904" classname="RandoopRegressionTest5" time="0.0"/>
  <testcase name="test2905" classname="RandoopRegressionTest5" time="0.0"/>
  <testcase name="test2906" classname="RandoopRegressionTest5" time="0.0"/>
  <testcase name="test2907" classname="RandoopRegressionTest5" time="0.0"/>
  <testcase name="test2908" classname="RandoopRegressionTest5" time="0.0"/>
  <testcase name="test2909" classname="RandoopRegressionTest5" time="0.0"/>
  <testcase name="test2910" classname="RandoopRegressionTest5" time="0.0"/>
  <testcase name="test2911" classname="RandoopRegressionTest5" time="0.0"/>
  <testcase name="test2912" classname="RandoopRegressionTest5" time="0.0"/>
  <testcase name="test2913" classname="RandoopRegressionTest5" time="0.0"/>
  <testcase name="test2914" classname="RandoopRegressionTest5" time="0.0"/>
  <testcase name="test2915" classname="RandoopRegressionTest5" time="0.0"/>
  <testcase name="test2916" classname="RandoopRegressionTest5" time="0.0"/>
  <testcase name="test2917" classname="RandoopRegressionTest5" time="0.0"/>
  <testcase name="test2918" classname="RandoopRegressionTest5" time="0.0"/>
  <testcase name="test2919" classname="RandoopRegressionTest5" time="0.0"/>
  <testcase name="test2920" classname="RandoopRegressionTest5" time="0.0"/>
  <testcase name="test2921" classname="RandoopRegressionTest5" time="0.0"/>
  <testcase name="test2922" classname="RandoopRegressionTest5" time="0.0"/>
  <testcase name="test2923" classname="RandoopRegressionTest5" time="0.0"/>
  <testcase name="test2924" classname="RandoopRegressionTest5" time="0.001"/>
  <testcase name="test2925" classname="RandoopRegressionTest5" time="0.0"/>
  <testcase name="test2926" classname="RandoopRegressionTest5" time="0.0"/>
  <testcase name="test2927" classname="RandoopRegressionTest5" time="0.0"/>
  <testcase name="test2928" classname="RandoopRegressionTest5" time="0.0"/>
  <testcase name="test2929" classname="RandoopRegressionTest5" time="0.0"/>
  <testcase name="test2930" classname="RandoopRegressionTest5" time="0.0"/>
  <testcase name="test2931" classname="RandoopRegressionTest5" time="0.0"/>
  <testcase name="test2932" classname="RandoopRegressionTest5" time="0.0"/>
  <testcase name="test2933" classname="RandoopRegressionTest5" time="0.0"/>
  <testcase name="test2934" classname="RandoopRegressionTest5" time="0.0"/>
  <testcase name="test2935" classname="RandoopRegressionTest5" time="0.0"/>
  <testcase name="test2936" classname="RandoopRegressionTest5" time="0.0"/>
  <testcase name="test2937" classname="RandoopRegressionTest5" time="0.0"/>
  <testcase name="test2938" classname="RandoopRegressionTest5" time="0.0"/>
  <testcase name="test2939" classname="RandoopRegressionTest5" time="0.0"/>
  <testcase name="test2940" classname="RandoopRegressionTest5" time="0.0"/>
  <testcase name="test2941" classname="RandoopRegressionTest5" time="0.0"/>
  <testcase name="test2942" classname="RandoopRegressionTest5" time="0.0"/>
  <testcase name="test2943" classname="RandoopRegressionTest5" time="0.0"/>
  <testcase name="test2944" classname="RandoopRegressionTest5" time="0.0"/>
  <testcase name="test2945" classname="RandoopRegressionTest5" time="0.0"/>
  <testcase name="test2946" classname="RandoopRegressionTest5" time="0.0"/>
  <testcase name="test2947" classname="RandoopRegressionTest5" time="0.001"/>
  <testcase name="test2948" classname="RandoopRegressionTest5" time="0.0"/>
  <testcase name="test2949" classname="RandoopRegressionTest5" time="0.0"/>
  <testcase name="test2950" classname="RandoopRegressionTest5" time="0.0"/>
  <testcase name="test2951" classname="RandoopRegressionTest5" time="0.002"/>
  <testcase name="test2952" classname="RandoopRegressionTest5" time="0.0"/>
  <testcase name="test2953" classname="RandoopRegressionTest5" time="0.0"/>
  <testcase name="test2954" classname="RandoopRegressionTest5" time="0.0"/>
  <testcase name="test2955" classname="RandoopRegressionTest5" time="0.0"/>
  <testcase name="test2956" classname="RandoopRegressionTest5" time="0.0"/>
  <testcase name="test2957" classname="RandoopRegressionTest5" time="0.0"/>
  <testcase name="test2958" classname="RandoopRegressionTest5" time="0.0"/>
  <testcase name="test2959" classname="RandoopRegressionTest5" time="0.0"/>
  <testcase name="test2960" classname="RandoopRegressionTest5" time="0.001"/>
  <testcase name="test2961" classname="RandoopRegressionTest5" time="0.0"/>
  <testcase name="test2962" classname="RandoopRegressionTest5" time="0.0"/>
  <testcase name="test2963" classname="RandoopRegressionTest5" time="0.0"/>
  <testcase name="test2964" classname="RandoopRegressionTest5" time="0.0"/>
  <testcase name="test2965" classname="RandoopRegressionTest5" time="0.0"/>
  <testcase name="test2966" classname="RandoopRegressionTest5" time="0.0"/>
  <testcase name="test2967" classname="RandoopRegressionTest5" time="0.0"/>
  <testcase name="test2968" classname="RandoopRegressionTest5" time="0.0"/>
  <testcase name="test2969" classname="RandoopRegressionTest5" time="0.0"/>
  <testcase name="test2970" classname="RandoopRegressionTest5" time="0.0"/>
  <testcase name="test2971" classname="RandoopRegressionTest5" time="0.0"/>
  <testcase name="test2972" classname="RandoopRegressionTest5" time="0.0"/>
  <testcase name="test2973" classname="RandoopRegressionTest5" time="0.0"/>
  <testcase name="test2974" classname="RandoopRegressionTest5" time="0.0"/>
  <testcase name="test2975" classname="RandoopRegressionTest5" time="0.0"/>
  <testcase name="test2976" classname="RandoopRegressionTest5" time="0.0"/>
  <testcase name="test2977" classname="RandoopRegressionTest5" time="0.0"/>
  <testcase name="test2978" classname="RandoopRegressionTest5" time="0.0"/>
  <testcase name="test2979" classname="RandoopRegressionTest5" time="0.0"/>
  <testcase name="test2980" classname="RandoopRegressionTest5" time="0.0"/>
  <testcase name="test2981" classname="RandoopRegressionTest5" time="0.0"/>
  <testcase name="test2982" classname="RandoopRegressionTest5" time="0.0"/>
  <testcase name="test2983" classname="RandoopRegressionTest5" time="0.0"/>
  <testcase name="test2984" classname="RandoopRegressionTest5" time="0.0"/>
  <testcase name="test2985" classname="RandoopRegressionTest5" time="0.0"/>
  <testcase name="test2986" classname="RandoopRegressionTest5" time="0.0"/>
  <testcase name="test2987" classname="RandoopRegressionTest5" time="0.0"/>
  <testcase name="test2988" classname="RandoopRegressionTest5" time="0.0"/>
  <testcase name="test2989" classname="RandoopRegressionTest5" time="0.0"/>
  <testcase name="test2990" classname="RandoopRegressionTest5" time="0.001"/>
  <testcase name="test2991" classname="RandoopRegressionTest5" time="0.0"/>
  <testcase name="test2992" classname="RandoopRegressionTest5" time="0.0"/>
  <testcase name="test2993" classname="RandoopRegressionTest5" time="0.0"/>
  <testcase name="test2994" classname="RandoopRegressionTest5" time="0.0"/>
  <testcase name="test2995" classname="RandoopRegressionTest5" time="0.0"/>
  <testcase name="test2996" classname="RandoopRegressionTest5" time="0.0"/>
  <testcase name="test2997" classname="RandoopRegressionTest5" time="0.0"/>
  <testcase name="test2998" classname="RandoopRegressionTest5" time="0.0"/>
  <testcase name="test2999" classname="RandoopRegressionTest5" time="0.0"/>
  <testcase name="test3000" classname="RandoopRegressionTest5" time="0.0"/>
  <system-out><![CDATA[]]></system-out>
  <system-err><![CDATA[]]></system-err>
</testsuite>
