<?xml version="1.0" encoding="UTF-8"?>
<testsuite name="RandoopRegressionTest0" tests="197" skipped="0" failures="0" errors="0" timestamp="2024-04-08T16:27:12" hostname="MacBook-Pro-685.local" time="0.046">
  <properties/>
  <testcase name="test001" classname="RandoopRegressionTest0" time="0.003"/>
  <testcase name="test002" classname="RandoopRegressionTest0" time="0.0"/>
  <testcase name="test003" classname="RandoopRegressionTest0" time="0.0"/>
  <testcase name="test004" classname="RandoopRegressionTest0" time="0.0"/>
  <testcase name="test005" classname="RandoopRegressionTest0" time="0.0"/>
  <testcase name="test006" classname="RandoopRegressionTest0" time="0.0"/>
  <testcase name="test007" classname="RandoopRegressionTest0" time="0.0"/>
  <testcase name="test008" classname="RandoopRegressionTest0" time="0.0"/>
  <testcase name="test009" classname="RandoopRegressionTest0" time="0.0"/>
  <testcase name="test010" classname="RandoopRegressionTest0" time="0.0"/>
  <testcase name="test011" classname="RandoopRegressionTest0" time="0.0"/>
  <testcase name="test012" classname="RandoopRegressionTest0" time="0.0"/>
  <testcase name="test013" classname="RandoopRegressionTest0" time="0.0"/>
  <testcase name="test014" classname="RandoopRegressionTest0" time="0.0"/>
  <testcase name="test015" classname="RandoopRegressionTest0" time="0.0"/>
  <testcase name="test016" classname="RandoopRegressionTest0" time="0.001"/>
  <testcase name="test017" classname="RandoopRegressionTest0" time="0.0"/>
  <testcase name="test018" classname="RandoopRegressionTest0" time="0.0"/>
  <testcase name="test019" classname="RandoopRegressionTest0" time="0.0"/>
  <testcase name="test020" classname="RandoopRegressionTest0" time="0.0"/>
  <testcase name="test021" classname="RandoopRegressionTest0" time="0.0"/>
  <testcase name="test022" classname="RandoopRegressionTest0" time="0.0"/>
  <testcase name="test023" classname="RandoopRegressionTest0" time="0.0"/>
  <testcase name="test024" classname="RandoopRegressionTest0" time="0.0"/>
  <testcase name="test025" classname="RandoopRegressionTest0" time="0.0"/>
  <testcase name="test026" classname="RandoopRegressionTest0" time="0.0"/>
  <testcase name="test027" classname="RandoopRegressionTest0" time="0.0"/>
  <testcase name="test028" classname="RandoopRegressionTest0" time="0.001"/>
  <testcase name="test029" classname="RandoopRegressionTest0" time="0.0"/>
  <testcase name="test030" classname="RandoopRegressionTest0" time="0.0"/>
  <testcase name="test031" classname="RandoopRegressionTest0" time="0.0"/>
  <testcase name="test032" classname="RandoopRegressionTest0" time="0.0"/>
  <testcase name="test033" classname="RandoopRegressionTest0" time="0.0"/>
  <testcase name="test034" classname="RandoopRegressionTest0" time="0.0"/>
  <testcase name="test035" classname="RandoopRegressionTest0" time="0.0"/>
  <testcase name="test036" classname="RandoopRegressionTest0" time="0.0"/>
  <testcase name="test037" classname="RandoopRegressionTest0" time="0.0"/>
  <testcase name="test038" classname="RandoopRegressionTest0" time="0.0"/>
  <testcase name="test039" classname="RandoopRegressionTest0" time="0.0"/>
  <testcase name="test040" classname="RandoopRegressionTest0" time="0.0"/>
  <testcase name="test041" classname="RandoopRegressionTest0" time="0.0"/>
  <testcase name="test042" classname="RandoopRegressionTest0" time="0.0"/>
  <testcase name="test043" classname="RandoopRegressionTest0" time="0.0"/>
  <testcase name="test044" classname="RandoopRegressionTest0" time="0.0"/>
  <testcase name="test045" classname="RandoopRegressionTest0" time="0.0"/>
  <testcase name="test046" classname="RandoopRegressionTest0" time="0.0"/>
  <testcase name="test047" classname="RandoopRegressionTest0" time="0.0"/>
  <testcase name="test048" classname="RandoopRegressionTest0" time="0.0"/>
  <testcase name="test049" classname="RandoopRegressionTest0" time="0.001"/>
  <testcase name="test050" classname="RandoopRegressionTest0" time="0.0"/>
  <testcase name="test051" classname="RandoopRegressionTest0" time="0.0"/>
  <testcase name="test052" classname="RandoopRegressionTest0" time="0.001"/>
  <testcase name="test053" classname="RandoopRegressionTest0" time="0.0"/>
  <testcase name="test054" classname="RandoopRegressionTest0" time="0.0"/>
  <testcase name="test055" classname="RandoopRegressionTest0" time="0.0"/>
  <testcase name="test056" classname="RandoopRegressionTest0" time="0.001"/>
  <testcase name="test057" classname="RandoopRegressionTest0" time="0.0"/>
  <testcase name="test058" classname="RandoopRegressionTest0" time="0.0"/>
  <testcase name="test059" classname="RandoopRegressionTest0" time="0.0"/>
  <testcase name="test060" classname="RandoopRegressionTest0" time="0.0"/>
  <testcase name="test061" classname="RandoopRegressionTest0" time="0.001"/>
  <testcase name="test062" classname="RandoopRegressionTest0" time="0.0"/>
  <testcase name="test063" classname="RandoopRegressionTest0" time="0.0"/>
  <testcase name="test064" classname="RandoopRegressionTest0" time="0.0"/>
  <testcase name="test065" classname="RandoopRegressionTest0" time="0.001"/>
  <testcase name="test066" classname="RandoopRegressionTest0" time="0.0"/>
  <testcase name="test067" classname="RandoopRegressionTest0" time="0.0"/>
  <testcase name="test068" classname="RandoopRegressionTest0" time="0.0"/>
  <testcase name="test069" classname="RandoopRegressionTest0" time="0.0"/>
  <testcase name="test070" classname="RandoopRegressionTest0" time="0.0"/>
  <testcase name="test071" classname="RandoopRegressionTest0" time="0.0"/>
  <testcase name="test072" classname="RandoopRegressionTest0" time="0.0"/>
  <testcase name="test073" classname="RandoopRegressionTest0" time="0.0"/>
  <testcase name="test074" classname="RandoopRegressionTest0" time="0.0"/>
  <testcase name="test075" classname="RandoopRegressionTest0" time="0.0"/>
  <testcase name="test076" classname="RandoopRegressionTest0" time="0.0"/>
  <testcase name="test077" classname="RandoopRegressionTest0" time="0.0"/>
  <testcase name="test078" classname="RandoopRegressionTest0" time="0.0"/>
  <testcase name="test079" classname="RandoopRegressionTest0" time="0.0"/>
  <testcase name="test080" classname="RandoopRegressionTest0" time="0.0"/>
  <testcase name="test081" classname="RandoopRegressionTest0" time="0.0"/>
  <testcase name="test082" classname="RandoopRegressionTest0" time="0.0"/>
  <testcase name="test083" classname="RandoopRegressionTest0" time="0.0"/>
  <testcase name="test084" classname="RandoopRegressionTest0" time="0.0"/>
  <testcase name="test085" classname="RandoopRegressionTest0" time="0.0"/>
  <testcase name="test086" classname="RandoopRegressionTest0" time="0.0"/>
  <testcase name="test087" classname="RandoopRegressionTest0" time="0.0"/>
  <testcase name="test088" classname="RandoopRegressionTest0" time="0.0"/>
  <testcase name="test089" classname="RandoopRegressionTest0" time="0.0"/>
  <testcase name="test090" classname="RandoopRegressionTest0" time="0.0"/>
  <testcase name="test091" classname="RandoopRegressionTest0" time="0.0"/>
  <testcase name="test092" classname="RandoopRegressionTest0" time="0.001"/>
  <testcase name="test093" classname="RandoopRegressionTest0" time="0.0"/>
  <testcase name="test094" classname="RandoopRegressionTest0" time="0.0"/>
  <testcase name="test095" classname="RandoopRegressionTest0" time="0.0"/>
  <testcase name="test096" classname="RandoopRegressionTest0" time="0.0"/>
  <testcase name="test097" classname="RandoopRegressionTest0" time="0.0"/>
  <testcase name="test098" classname="RandoopRegressionTest0" time="0.0"/>
  <testcase name="test099" classname="RandoopRegressionTest0" time="0.0"/>
  <testcase name="test100" classname="RandoopRegressionTest0" time="0.0"/>
  <testcase name="test101" classname="RandoopRegressionTest0" time="0.0"/>
  <testcase name="test102" classname="RandoopRegressionTest0" time="0.001"/>
  <testcase name="test103" classname="RandoopRegressionTest0" time="0.0"/>
  <testcase name="test104" classname="RandoopRegressionTest0" time="0.0"/>
  <testcase name="test105" classname="RandoopRegressionTest0" time="0.0"/>
  <testcase name="test106" classname="RandoopRegressionTest0" time="0.001"/>
  <testcase name="test107" classname="RandoopRegressionTest0" time="0.0"/>
  <testcase name="test108" classname="RandoopRegressionTest0" time="0.0"/>
  <testcase name="test109" classname="RandoopRegressionTest0" time="0.001"/>
  <testcase name="test110" classname="RandoopRegressionTest0" time="0.0"/>
  <testcase name="test111" classname="RandoopRegressionTest0" time="0.0"/>
  <testcase name="test112" classname="RandoopRegressionTest0" time="0.0"/>
  <testcase name="test113" classname="RandoopRegressionTest0" time="0.0"/>
  <testcase name="test114" classname="RandoopRegressionTest0" time="0.001"/>
  <testcase name="test115" classname="RandoopRegressionTest0" time="0.0"/>
  <testcase name="test116" classname="RandoopRegressionTest0" time="0.0"/>
  <testcase name="test117" classname="RandoopRegressionTest0" time="0.0"/>
  <testcase name="test118" classname="RandoopRegressionTest0" time="0.0"/>
  <testcase name="test119" classname="RandoopRegressionTest0" time="0.0"/>
  <testcase name="test120" classname="RandoopRegressionTest0" time="0.0"/>
  <testcase name="test121" classname="RandoopRegressionTest0" time="0.0"/>
  <testcase name="test122" classname="RandoopRegressionTest0" time="0.0"/>
  <testcase name="test123" classname="RandoopRegressionTest0" time="0.0"/>
  <testcase name="test124" classname="RandoopRegressionTest0" time="0.0"/>
  <testcase name="test125" classname="RandoopRegressionTest0" time="0.0"/>
  <testcase name="test126" classname="RandoopRegressionTest0" time="0.0"/>
  <testcase name="test127" classname="RandoopRegressionTest0" time="0.0"/>
  <testcase name="test128" classname="RandoopRegressionTest0" time="0.0"/>
  <testcase name="test129" classname="RandoopRegressionTest0" time="0.0"/>
  <testcase name="test130" classname="RandoopRegressionTest0" time="0.0"/>
  <testcase name="test131" classname="RandoopRegressionTest0" time="0.0"/>
  <testcase name="test132" classname="RandoopRegressionTest0" time="0.0"/>
  <testcase name="test133" classname="RandoopRegressionTest0" time="0.0"/>
  <testcase name="test134" classname="RandoopRegressionTest0" time="0.0"/>
  <testcase name="test135" classname="RandoopRegressionTest0" time="0.0"/>
  <testcase name="test136" classname="RandoopRegressionTest0" time="0.0"/>
  <testcase name="test137" classname="RandoopRegressionTest0" time="0.0"/>
  <testcase name="test138" classname="RandoopRegressionTest0" time="0.0"/>
  <testcase name="test139" classname="RandoopRegressionTest0" time="0.0"/>
  <testcase name="test140" classname="RandoopRegressionTest0" time="0.0"/>
  <testcase name="test141" classname="RandoopRegressionTest0" time="0.0"/>
  <testcase name="test142" classname="RandoopRegressionTest0" time="0.0"/>
  <testcase name="test143" classname="RandoopRegressionTest0" time="0.0"/>
  <testcase name="test144" classname="RandoopRegressionTest0" time="0.0"/>
  <testcase name="test145" classname="RandoopRegressionTest0" time="0.0"/>
  <testcase name="test146" classname="RandoopRegressionTest0" time="0.0"/>
  <testcase name="test147" classname="RandoopRegressionTest0" time="0.0"/>
  <testcase name="test148" classname="RandoopRegressionTest0" time="0.0"/>
  <testcase name="test149" classname="RandoopRegressionTest0" time="0.0"/>
  <testcase name="test150" classname="RandoopRegressionTest0" time="0.0"/>
  <testcase name="test151" classname="RandoopRegressionTest0" time="0.0"/>
  <testcase name="test152" classname="RandoopRegressionTest0" time="0.0"/>
  <testcase name="test153" classname="RandoopRegressionTest0" time="0.0"/>
  <testcase name="test154" classname="RandoopRegressionTest0" time="0.0"/>
  <testcase name="test155" classname="RandoopRegressionTest0" time="0.0"/>
  <testcase name="test156" classname="RandoopRegressionTest0" time="0.0"/>
  <testcase name="test157" classname="RandoopRegressionTest0" time="0.001"/>
  <testcase name="test158" classname="RandoopRegressionTest0" time="0.0"/>
  <testcase name="test159" classname="RandoopRegressionTest0" time="0.0"/>
  <testcase name="test160" classname="RandoopRegressionTest0" time="0.0"/>
  <testcase name="test161" classname="RandoopRegressionTest0" time="0.0"/>
  <testcase name="test162" classname="RandoopRegressionTest0" time="0.0"/>
  <testcase name="test163" classname="RandoopRegressionTest0" time="0.001"/>
  <testcase name="test164" classname="RandoopRegressionTest0" time="0.0"/>
  <testcase name="test165" classname="RandoopRegressionTest0" time="0.0"/>
  <testcase name="test166" classname="RandoopRegressionTest0" time="0.0"/>
  <testcase name="test167" classname="RandoopRegressionTest0" time="0.0"/>
  <testcase name="test168" classname="RandoopRegressionTest0" time="0.0"/>
  <testcase name="test169" classname="RandoopRegressionTest0" time="0.0"/>
  <testcase name="test170" classname="RandoopRegressionTest0" time="0.0"/>
  <testcase name="test171" classname="RandoopRegressionTest0" time="0.0"/>
  <testcase name="test172" classname="RandoopRegressionTest0" time="0.0"/>
  <testcase name="test173" classname="RandoopRegressionTest0" time="0.0"/>
  <testcase name="test174" classname="RandoopRegressionTest0" time="0.0"/>
  <testcase name="test175" classname="RandoopRegressionTest0" time="0.0"/>
  <testcase name="test176" classname="RandoopRegressionTest0" time="0.0"/>
  <testcase name="test177" classname="RandoopRegressionTest0" time="0.0"/>
  <testcase name="test178" classname="RandoopRegressionTest0" time="0.001"/>
  <testcase name="test179" classname="RandoopRegressionTest0" time="0.0"/>
  <testcase name="test180" classname="RandoopRegressionTest0" time="0.0"/>
  <testcase name="test181" classname="RandoopRegressionTest0" time="0.0"/>
  <testcase name="test182" classname="RandoopRegressionTest0" time="0.0"/>
  <testcase name="test183" classname="RandoopRegressionTest0" time="0.0"/>
  <testcase name="test184" classname="RandoopRegressionTest0" time="0.001"/>
  <testcase name="test185" classname="RandoopRegressionTest0" time="0.0"/>
  <testcase name="test186" classname="RandoopRegressionTest0" time="0.0"/>
  <testcase name="test187" classname="RandoopRegressionTest0" time="0.0"/>
  <testcase name="test188" classname="RandoopRegressionTest0" time="0.0"/>
  <testcase name="test189" classname="RandoopRegressionTest0" time="0.0"/>
  <testcase name="test190" classname="RandoopRegressionTest0" time="0.001"/>
  <testcase name="test191" classname="RandoopRegressionTest0" time="0.0"/>
  <testcase name="test192" classname="RandoopRegressionTest0" time="0.0"/>
  <testcase name="test193" classname="RandoopRegressionTest0" time="0.0"/>
  <testcase name="test194" classname="RandoopRegressionTest0" time="0.0"/>
  <testcase name="test195" classname="RandoopRegressionTest0" time="0.001"/>
  <testcase name="test196" classname="RandoopRegressionTest0" time="0.0"/>
  <testcase name="test197" classname="RandoopRegressionTest0" time="0.0"/>
  <system-out><![CDATA[]]></system-out>
  <system-err><![CDATA[]]></system-err>
</testsuite>
