<?xml version="1.0" encoding="UTF-8"?>
<testsuite name="RandoopRegressionTest4" tests="94" skipped="0" failures="0" errors="0" timestamp="2024-04-08T16:30:52" hostname="MacBook-Pro-685.local" time="0.127">
  <properties/>
  <testcase name="test2001" classname="RandoopRegressionTest4" time="0.0"/>
  <testcase name="test2002" classname="RandoopRegressionTest4" time="0.0"/>
  <testcase name="test2003" classname="RandoopRegressionTest4" time="0.0"/>
  <testcase name="test2004" classname="RandoopRegressionTest4" time="0.0"/>
  <testcase name="test2005" classname="RandoopRegressionTest4" time="0.0"/>
  <testcase name="test2006" classname="RandoopRegressionTest4" time="0.0"/>
  <testcase name="test2007" classname="RandoopRegressionTest4" time="0.0"/>
  <testcase name="test2008" classname="RandoopRegressionTest4" time="0.0"/>
  <testcase name="test2009" classname="RandoopRegressionTest4" time="0.0"/>
  <testcase name="test2010" classname="RandoopRegressionTest4" time="0.0"/>
  <testcase name="test2011" classname="RandoopRegressionTest4" time="0.0"/>
  <testcase name="test2012" classname="RandoopRegressionTest4" time="0.0"/>
  <testcase name="test2013" classname="RandoopRegressionTest4" time="0.0"/>
  <testcase name="test2014" classname="RandoopRegressionTest4" time="0.0"/>
  <testcase name="test2015" classname="RandoopRegressionTest4" time="0.0"/>
  <testcase name="test2016" classname="RandoopRegressionTest4" time="0.0"/>
  <testcase name="test2017" classname="RandoopRegressionTest4" time="0.001"/>
  <testcase name="test2018" classname="RandoopRegressionTest4" time="0.0"/>
  <testcase name="test2019" classname="RandoopRegressionTest4" time="0.0"/>
  <testcase name="test2020" classname="RandoopRegressionTest4" time="0.0"/>
  <testcase name="test2021" classname="RandoopRegressionTest4" time="0.0"/>
  <testcase name="test2022" classname="RandoopRegressionTest4" time="0.0"/>
  <testcase name="test2023" classname="RandoopRegressionTest4" time="0.0"/>
  <testcase name="test2024" classname="RandoopRegressionTest4" time="0.0"/>
  <testcase name="test2025" classname="RandoopRegressionTest4" time="0.001"/>
  <testcase name="test2026" classname="RandoopRegressionTest4" time="0.0"/>
  <testcase name="test2027" classname="RandoopRegressionTest4" time="0.0"/>
  <testcase name="test2028" classname="RandoopRegressionTest4" time="0.0"/>
  <testcase name="test2029" classname="RandoopRegressionTest4" time="0.0"/>
  <testcase name="test2030" classname="RandoopRegressionTest4" time="0.0"/>
  <testcase name="test2031" classname="RandoopRegressionTest4" time="0.0"/>
  <testcase name="test2032" classname="RandoopRegressionTest4" time="0.0"/>
  <testcase name="test2033" classname="RandoopRegressionTest4" time="0.0"/>
  <testcase name="test2034" classname="RandoopRegressionTest4" time="0.0"/>
  <testcase name="test2035" classname="RandoopRegressionTest4" time="0.001"/>
  <testcase name="test2036" classname="RandoopRegressionTest4" time="0.0"/>
  <testcase name="test2037" classname="RandoopRegressionTest4" time="0.0"/>
  <testcase name="test2038" classname="RandoopRegressionTest4" time="0.0"/>
  <testcase name="test2039" classname="RandoopRegressionTest4" time="0.0"/>
  <testcase name="test2040" classname="RandoopRegressionTest4" time="0.0"/>
  <testcase name="test2041" classname="RandoopRegressionTest4" time="0.0"/>
  <testcase name="test2042" classname="RandoopRegressionTest4" time="0.0"/>
  <testcase name="test2043" classname="RandoopRegressionTest4" time="0.0"/>
  <testcase name="test2044" classname="RandoopRegressionTest4" time="0.0"/>
  <testcase name="test2045" classname="RandoopRegressionTest4" time="0.0"/>
  <testcase name="test2046" classname="RandoopRegressionTest4" time="0.0"/>
  <testcase name="test2047" classname="RandoopRegressionTest4" time="0.0"/>
  <testcase name="test2001" classname="RandoopRegressionTest4" time="0.0"/>
  <testcase name="test2002" classname="RandoopRegressionTest4" time="0.0"/>
  <testcase name="test2003" classname="RandoopRegressionTest4" time="0.0"/>
  <testcase name="test2004" classname="RandoopRegressionTest4" time="0.0"/>
  <testcase name="test2005" classname="RandoopRegressionTest4" time="0.0"/>
  <testcase name="test2006" classname="RandoopRegressionTest4" time="0.0"/>
  <testcase name="test2007" classname="RandoopRegressionTest4" time="0.0"/>
  <testcase name="test2008" classname="RandoopRegressionTest4" time="0.0"/>
  <testcase name="test2009" classname="RandoopRegressionTest4" time="0.0"/>
  <testcase name="test2010" classname="RandoopRegressionTest4" time="0.0"/>
  <testcase name="test2011" classname="RandoopRegressionTest4" time="0.0"/>
  <testcase name="test2012" classname="RandoopRegressionTest4" time="0.0"/>
  <testcase name="test2013" classname="RandoopRegressionTest4" time="0.0"/>
  <testcase name="test2014" classname="RandoopRegressionTest4" time="0.0"/>
  <testcase name="test2015" classname="RandoopRegressionTest4" time="0.0"/>
  <testcase name="test2016" classname="RandoopRegressionTest4" time="0.0"/>
  <testcase name="test2017" classname="RandoopRegressionTest4" time="0.0"/>
  <testcase name="test2018" classname="RandoopRegressionTest4" time="0.0"/>
  <testcase name="test2019" classname="RandoopRegressionTest4" time="0.0"/>
  <testcase name="test2020" classname="RandoopRegressionTest4" time="0.0"/>
  <testcase name="test2021" classname="RandoopRegressionTest4" time="0.0"/>
  <testcase name="test2022" classname="RandoopRegressionTest4" time="0.0"/>
  <testcase name="test2023" classname="RandoopRegressionTest4" time="0.001"/>
  <testcase name="test2024" classname="RandoopRegressionTest4" time="0.0"/>
  <testcase name="test2025" classname="RandoopRegressionTest4" time="0.0"/>
  <testcase name="test2026" classname="RandoopRegressionTest4" time="0.0"/>
  <testcase name="test2027" classname="RandoopRegressionTest4" time="0.0"/>
  <testcase name="test2028" classname="RandoopRegressionTest4" time="0.0"/>
  <testcase name="test2029" classname="RandoopRegressionTest4" time="0.0"/>
  <testcase name="test2030" classname="RandoopRegressionTest4" time="0.0"/>
  <testcase name="test2031" classname="RandoopRegressionTest4" time="0.0"/>
  <testcase name="test2032" classname="RandoopRegressionTest4" time="0.0"/>
  <testcase name="test2033" classname="RandoopRegressionTest4" time="0.0"/>
  <testcase name="test2034" classname="RandoopRegressionTest4" time="0.0"/>
  <testcase name="test2035" classname="RandoopRegressionTest4" time="0.0"/>
  <testcase name="test2036" classname="RandoopRegressionTest4" time="0.0"/>
  <testcase name="test2037" classname="RandoopRegressionTest4" time="0.0"/>
  <testcase name="test2038" classname="RandoopRegressionTest4" time="0.001"/>
  <testcase name="test2039" classname="RandoopRegressionTest4" time="0.0"/>
  <testcase name="test2040" classname="RandoopRegressionTest4" time="0.0"/>
  <testcase name="test2041" classname="RandoopRegressionTest4" time="0.0"/>
  <testcase name="test2042" classname="RandoopRegressionTest4" time="0.0"/>
  <testcase name="test2043" classname="RandoopRegressionTest4" time="0.0"/>
  <testcase name="test2044" classname="RandoopRegressionTest4" time="0.0"/>
  <testcase name="test2045" classname="RandoopRegressionTest4" time="0.0"/>
  <testcase name="test2046" classname="RandoopRegressionTest4" time="0.0"/>
  <testcase name="test2047" classname="RandoopRegressionTest4" time="0.0"/>
  <system-out><![CDATA[]]></system-out>
  <system-err><![CDATA[]]></system-err>
</testsuite>
