<?xml version="1.0" encoding="UTF-8"?>
<testsuite name="RandoopRegressionTest1" tests="356" skipped="0" failures="0" errors="0" timestamp="2024-04-08T16:00:41" hostname="MacBook-Pro-685.local" time="0.091">
  <properties/>
  <testcase name="test501" classname="RandoopRegressionTest1" time="0.0"/>
  <testcase name="test502" classname="RandoopRegressionTest1" time="0.0"/>
  <testcase name="test503" classname="RandoopRegressionTest1" time="0.0"/>
  <testcase name="test504" classname="RandoopRegressionTest1" time="0.0"/>
  <testcase name="test505" classname="RandoopRegressionTest1" time="0.0"/>
  <testcase name="test506" classname="RandoopRegressionTest1" time="0.0"/>
  <testcase name="test507" classname="RandoopRegressionTest1" time="0.0"/>
  <testcase name="test508" classname="RandoopRegressionTest1" time="0.0"/>
  <testcase name="test509" classname="RandoopRegressionTest1" time="0.0"/>
  <testcase name="test510" classname="RandoopRegressionTest1" time="0.0"/>
  <testcase name="test511" classname="RandoopRegressionTest1" time="0.0"/>
  <testcase name="test512" classname="RandoopRegressionTest1" time="0.0"/>
  <testcase name="test513" classname="RandoopRegressionTest1" time="0.0"/>
  <testcase name="test514" classname="RandoopRegressionTest1" time="0.0"/>
  <testcase name="test515" classname="RandoopRegressionTest1" time="0.0"/>
  <testcase name="test516" classname="RandoopRegressionTest1" time="0.0"/>
  <testcase name="test517" classname="RandoopRegressionTest1" time="0.0"/>
  <testcase name="test518" classname="RandoopRegressionTest1" time="0.0"/>
  <testcase name="test519" classname="RandoopRegressionTest1" time="0.001"/>
  <testcase name="test520" classname="RandoopRegressionTest1" time="0.0"/>
  <testcase name="test521" classname="RandoopRegressionTest1" time="0.0"/>
  <testcase name="test522" classname="RandoopRegressionTest1" time="0.0"/>
  <testcase name="test523" classname="RandoopRegressionTest1" time="0.0"/>
  <testcase name="test524" classname="RandoopRegressionTest1" time="0.0"/>
  <testcase name="test525" classname="RandoopRegressionTest1" time="0.0"/>
  <testcase name="test526" classname="RandoopRegressionTest1" time="0.0"/>
  <testcase name="test527" classname="RandoopRegressionTest1" time="0.001"/>
  <testcase name="test528" classname="RandoopRegressionTest1" time="0.0"/>
  <testcase name="test529" classname="RandoopRegressionTest1" time="0.0"/>
  <testcase name="test530" classname="RandoopRegressionTest1" time="0.0"/>
  <testcase name="test531" classname="RandoopRegressionTest1" time="0.0"/>
  <testcase name="test532" classname="RandoopRegressionTest1" time="0.0"/>
  <testcase name="test533" classname="RandoopRegressionTest1" time="0.0"/>
  <testcase name="test534" classname="RandoopRegressionTest1" time="0.0"/>
  <testcase name="test535" classname="RandoopRegressionTest1" time="0.0"/>
  <testcase name="test536" classname="RandoopRegressionTest1" time="0.0"/>
  <testcase name="test537" classname="RandoopRegressionTest1" time="0.0"/>
  <testcase name="test538" classname="RandoopRegressionTest1" time="0.0"/>
  <testcase name="test539" classname="RandoopRegressionTest1" time="0.001"/>
  <testcase name="test540" classname="RandoopRegressionTest1" time="0.0"/>
  <testcase name="test541" classname="RandoopRegressionTest1" time="0.0"/>
  <testcase name="test542" classname="RandoopRegressionTest1" time="0.0"/>
  <testcase name="test543" classname="RandoopRegressionTest1" time="0.0"/>
  <testcase name="test544" classname="RandoopRegressionTest1" time="0.0"/>
  <testcase name="test545" classname="RandoopRegressionTest1" time="0.0"/>
  <testcase name="test546" classname="RandoopRegressionTest1" time="0.0"/>
  <testcase name="test547" classname="RandoopRegressionTest1" time="0.0"/>
  <testcase name="test548" classname="RandoopRegressionTest1" time="0.0"/>
  <testcase name="test549" classname="RandoopRegressionTest1" time="0.0"/>
  <testcase name="test550" classname="RandoopRegressionTest1" time="0.0"/>
  <testcase name="test551" classname="RandoopRegressionTest1" time="0.0"/>
  <testcase name="test552" classname="RandoopRegressionTest1" time="0.0"/>
  <testcase name="test553" classname="RandoopRegressionTest1" time="0.0"/>
  <testcase name="test554" classname="RandoopRegressionTest1" time="0.0"/>
  <testcase name="test555" classname="RandoopRegressionTest1" time="0.0"/>
  <testcase name="test556" classname="RandoopRegressionTest1" time="0.0"/>
  <testcase name="test557" classname="RandoopRegressionTest1" time="0.0"/>
  <testcase name="test558" classname="RandoopRegressionTest1" time="0.0"/>
  <testcase name="test559" classname="RandoopRegressionTest1" time="0.0"/>
  <testcase name="test560" classname="RandoopRegressionTest1" time="0.0"/>
  <testcase name="test561" classname="RandoopRegressionTest1" time="0.0"/>
  <testcase name="test562" classname="RandoopRegressionTest1" time="0.0"/>
  <testcase name="test563" classname="RandoopRegressionTest1" time="0.0"/>
  <testcase name="test564" classname="RandoopRegressionTest1" time="0.0"/>
  <testcase name="test565" classname="RandoopRegressionTest1" time="0.0"/>
  <testcase name="test566" classname="RandoopRegressionTest1" time="0.0"/>
  <testcase name="test567" classname="RandoopRegressionTest1" time="0.0"/>
  <testcase name="test568" classname="RandoopRegressionTest1" time="0.0"/>
  <testcase name="test569" classname="RandoopRegressionTest1" time="0.0"/>
  <testcase name="test570" classname="RandoopRegressionTest1" time="0.0"/>
  <testcase name="test571" classname="RandoopRegressionTest1" time="0.0"/>
  <testcase name="test572" classname="RandoopRegressionTest1" time="0.0"/>
  <testcase name="test573" classname="RandoopRegressionTest1" time="0.0"/>
  <testcase name="test574" classname="RandoopRegressionTest1" time="0.0"/>
  <testcase name="test575" classname="RandoopRegressionTest1" time="0.0"/>
  <testcase name="test576" classname="RandoopRegressionTest1" time="0.0"/>
  <testcase name="test577" classname="RandoopRegressionTest1" time="0.0"/>
  <testcase name="test578" classname="RandoopRegressionTest1" time="0.0"/>
  <testcase name="test579" classname="RandoopRegressionTest1" time="0.0"/>
  <testcase name="test580" classname="RandoopRegressionTest1" time="0.0"/>
  <testcase name="test581" classname="RandoopRegressionTest1" time="0.0"/>
  <testcase name="test582" classname="RandoopRegressionTest1" time="0.0"/>
  <testcase name="test583" classname="RandoopRegressionTest1" time="0.0"/>
  <testcase name="test584" classname="RandoopRegressionTest1" time="0.0"/>
  <testcase name="test585" classname="RandoopRegressionTest1" time="0.0"/>
  <testcase name="test586" classname="RandoopRegressionTest1" time="0.0"/>
  <testcase name="test587" classname="RandoopRegressionTest1" time="0.0"/>
  <testcase name="test588" classname="RandoopRegressionTest1" time="0.0"/>
  <testcase name="test589" classname="RandoopRegressionTest1" time="0.0"/>
  <testcase name="test590" classname="RandoopRegressionTest1" time="0.0"/>
  <testcase name="test591" classname="RandoopRegressionTest1" time="0.0"/>
  <testcase name="test592" classname="RandoopRegressionTest1" time="0.0"/>
  <testcase name="test593" classname="RandoopRegressionTest1" time="0.0"/>
  <testcase name="test594" classname="RandoopRegressionTest1" time="0.0"/>
  <testcase name="test595" classname="RandoopRegressionTest1" time="0.0"/>
  <testcase name="test596" classname="RandoopRegressionTest1" time="0.0"/>
  <testcase name="test597" classname="RandoopRegressionTest1" time="0.0"/>
  <testcase name="test598" classname="RandoopRegressionTest1" time="0.0"/>
  <testcase name="test599" classname="RandoopRegressionTest1" time="0.0"/>
  <testcase name="test600" classname="RandoopRegressionTest1" time="0.001"/>
  <testcase name="test601" classname="RandoopRegressionTest1" time="0.0"/>
  <testcase name="test602" classname="RandoopRegressionTest1" time="0.0"/>
  <testcase name="test603" classname="RandoopRegressionTest1" time="0.0"/>
  <testcase name="test604" classname="RandoopRegressionTest1" time="0.0"/>
  <testcase name="test605" classname="RandoopRegressionTest1" time="0.0"/>
  <testcase name="test606" classname="RandoopRegressionTest1" time="0.0"/>
  <testcase name="test607" classname="RandoopRegressionTest1" time="0.0"/>
  <testcase name="test608" classname="RandoopRegressionTest1" time="0.0"/>
  <testcase name="test609" classname="RandoopRegressionTest1" time="0.0"/>
  <testcase name="test610" classname="RandoopRegressionTest1" time="0.0"/>
  <testcase name="test611" classname="RandoopRegressionTest1" time="0.0"/>
  <testcase name="test612" classname="RandoopRegressionTest1" time="0.0"/>
  <testcase name="test613" classname="RandoopRegressionTest1" time="0.0"/>
  <testcase name="test614" classname="RandoopRegressionTest1" time="0.0"/>
  <testcase name="test615" classname="RandoopRegressionTest1" time="0.0"/>
  <testcase name="test616" classname="RandoopRegressionTest1" time="0.0"/>
  <testcase name="test617" classname="RandoopRegressionTest1" time="0.0"/>
  <testcase name="test618" classname="RandoopRegressionTest1" time="0.0"/>
  <testcase name="test619" classname="RandoopRegressionTest1" time="0.0"/>
  <testcase name="test620" classname="RandoopRegressionTest1" time="0.0"/>
  <testcase name="test621" classname="RandoopRegressionTest1" time="0.0"/>
  <testcase name="test622" classname="RandoopRegressionTest1" time="0.0"/>
  <testcase name="test623" classname="RandoopRegressionTest1" time="0.0"/>
  <testcase name="test624" classname="RandoopRegressionTest1" time="0.0"/>
  <testcase name="test625" classname="RandoopRegressionTest1" time="0.0"/>
  <testcase name="test626" classname="RandoopRegressionTest1" time="0.001"/>
  <testcase name="test627" classname="RandoopRegressionTest1" time="0.0"/>
  <testcase name="test628" classname="RandoopRegressionTest1" time="0.0"/>
  <testcase name="test629" classname="RandoopRegressionTest1" time="0.0"/>
  <testcase name="test630" classname="RandoopRegressionTest1" time="0.001"/>
  <testcase name="test631" classname="RandoopRegressionTest1" time="0.0"/>
  <testcase name="test632" classname="RandoopRegressionTest1" time="0.0"/>
  <testcase name="test633" classname="RandoopRegressionTest1" time="0.0"/>
  <testcase name="test634" classname="RandoopRegressionTest1" time="0.0"/>
  <testcase name="test635" classname="RandoopRegressionTest1" time="0.0"/>
  <testcase name="test636" classname="RandoopRegressionTest1" time="0.0"/>
  <testcase name="test637" classname="RandoopRegressionTest1" time="0.001"/>
  <testcase name="test638" classname="RandoopRegressionTest1" time="0.0"/>
  <testcase name="test639" classname="RandoopRegressionTest1" time="0.0"/>
  <testcase name="test640" classname="RandoopRegressionTest1" time="0.0"/>
  <testcase name="test641" classname="RandoopRegressionTest1" time="0.0"/>
  <testcase name="test642" classname="RandoopRegressionTest1" time="0.0"/>
  <testcase name="test643" classname="RandoopRegressionTest1" time="0.0"/>
  <testcase name="test644" classname="RandoopRegressionTest1" time="0.0"/>
  <testcase name="test645" classname="RandoopRegressionTest1" time="0.0"/>
  <testcase name="test646" classname="RandoopRegressionTest1" time="0.0"/>
  <testcase name="test647" classname="RandoopRegressionTest1" time="0.0"/>
  <testcase name="test648" classname="RandoopRegressionTest1" time="0.0"/>
  <testcase name="test649" classname="RandoopRegressionTest1" time="0.0"/>
  <testcase name="test650" classname="RandoopRegressionTest1" time="0.0"/>
  <testcase name="test651" classname="RandoopRegressionTest1" time="0.0"/>
  <testcase name="test652" classname="RandoopRegressionTest1" time="0.0"/>
  <testcase name="test653" classname="RandoopRegressionTest1" time="0.0"/>
  <testcase name="test654" classname="RandoopRegressionTest1" time="0.0"/>
  <testcase name="test655" classname="RandoopRegressionTest1" time="0.0"/>
  <testcase name="test656" classname="RandoopRegressionTest1" time="0.0"/>
  <testcase name="test657" classname="RandoopRegressionTest1" time="0.0"/>
  <testcase name="test658" classname="RandoopRegressionTest1" time="0.0"/>
  <testcase name="test659" classname="RandoopRegressionTest1" time="0.0"/>
  <testcase name="test660" classname="RandoopRegressionTest1" time="0.0"/>
  <testcase name="test661" classname="RandoopRegressionTest1" time="0.0"/>
  <testcase name="test662" classname="RandoopRegressionTest1" time="0.0"/>
  <testcase name="test663" classname="RandoopRegressionTest1" time="0.001"/>
  <testcase name="test664" classname="RandoopRegressionTest1" time="0.0"/>
  <testcase name="test665" classname="RandoopRegressionTest1" time="0.0"/>
  <testcase name="test666" classname="RandoopRegressionTest1" time="0.0"/>
  <testcase name="test667" classname="RandoopRegressionTest1" time="0.0"/>
  <testcase name="test668" classname="RandoopRegressionTest1" time="0.0"/>
  <testcase name="test669" classname="RandoopRegressionTest1" time="0.0"/>
  <testcase name="test670" classname="RandoopRegressionTest1" time="0.0"/>
  <testcase name="test671" classname="RandoopRegressionTest1" time="0.0"/>
  <testcase name="test672" classname="RandoopRegressionTest1" time="0.0"/>
  <testcase name="test673" classname="RandoopRegressionTest1" time="0.0"/>
  <testcase name="test674" classname="RandoopRegressionTest1" time="0.0"/>
  <testcase name="test675" classname="RandoopRegressionTest1" time="0.0"/>
  <testcase name="test676" classname="RandoopRegressionTest1" time="0.0"/>
  <testcase name="test677" classname="RandoopRegressionTest1" time="0.0"/>
  <testcase name="test678" classname="RandoopRegressionTest1" time="0.0"/>
  <testcase name="test501" classname="RandoopRegressionTest1" time="0.0"/>
  <testcase name="test502" classname="RandoopRegressionTest1" time="0.0"/>
  <testcase name="test503" classname="RandoopRegressionTest1" time="0.0"/>
  <testcase name="test504" classname="RandoopRegressionTest1" time="0.0"/>
  <testcase name="test505" classname="RandoopRegressionTest1" time="0.0"/>
  <testcase name="test506" classname="RandoopRegressionTest1" time="0.0"/>
  <testcase name="test507" classname="RandoopRegressionTest1" time="0.0"/>
  <testcase name="test508" classname="RandoopRegressionTest1" time="0.0"/>
  <testcase name="test509" classname="RandoopRegressionTest1" time="0.0"/>
  <testcase name="test510" classname="RandoopRegressionTest1" time="0.0"/>
  <testcase name="test511" classname="RandoopRegressionTest1" time="0.0"/>
  <testcase name="test512" classname="RandoopRegressionTest1" time="0.0"/>
  <testcase name="test513" classname="RandoopRegressionTest1" time="0.0"/>
  <testcase name="test514" classname="RandoopRegressionTest1" time="0.0"/>
  <testcase name="test515" classname="RandoopRegressionTest1" time="0.0"/>
  <testcase name="test516" classname="RandoopRegressionTest1" time="0.0"/>
  <testcase name="test517" classname="RandoopRegressionTest1" time="0.0"/>
  <testcase name="test518" classname="RandoopRegressionTest1" time="0.001"/>
  <testcase name="test519" classname="RandoopRegressionTest1" time="0.0"/>
  <testcase name="test520" classname="RandoopRegressionTest1" time="0.0"/>
  <testcase name="test521" classname="RandoopRegressionTest1" time="0.0"/>
  <testcase name="test522" classname="RandoopRegressionTest1" time="0.0"/>
  <testcase name="test523" classname="RandoopRegressionTest1" time="0.0"/>
  <testcase name="test524" classname="RandoopRegressionTest1" time="0.0"/>
  <testcase name="test525" classname="RandoopRegressionTest1" time="0.0"/>
  <testcase name="test526" classname="RandoopRegressionTest1" time="0.0"/>
  <testcase name="test527" classname="RandoopRegressionTest1" time="0.0"/>
  <testcase name="test528" classname="RandoopRegressionTest1" time="0.0"/>
  <testcase name="test529" classname="RandoopRegressionTest1" time="0.0"/>
  <testcase name="test530" classname="RandoopRegressionTest1" time="0.0"/>
  <testcase name="test531" classname="RandoopRegressionTest1" time="0.0"/>
  <testcase name="test532" classname="RandoopRegressionTest1" time="0.0"/>
  <testcase name="test533" classname="RandoopRegressionTest1" time="0.0"/>
  <testcase name="test534" classname="RandoopRegressionTest1" time="0.001"/>
  <testcase name="test535" classname="RandoopRegressionTest1" time="0.0"/>
  <testcase name="test536" classname="RandoopRegressionTest1" time="0.0"/>
  <testcase name="test537" classname="RandoopRegressionTest1" time="0.0"/>
  <testcase name="test538" classname="RandoopRegressionTest1" time="0.0"/>
  <testcase name="test539" classname="RandoopRegressionTest1" time="0.0"/>
  <testcase name="test540" classname="RandoopRegressionTest1" time="0.0"/>
  <testcase name="test541" classname="RandoopRegressionTest1" time="0.0"/>
  <testcase name="test542" classname="RandoopRegressionTest1" time="0.0"/>
  <testcase name="test543" classname="RandoopRegressionTest1" time="0.0"/>
  <testcase name="test544" classname="RandoopRegressionTest1" time="0.0"/>
  <testcase name="test545" classname="RandoopRegressionTest1" time="0.0"/>
  <testcase name="test546" classname="RandoopRegressionTest1" time="0.0"/>
  <testcase name="test547" classname="RandoopRegressionTest1" time="0.0"/>
  <testcase name="test548" classname="RandoopRegressionTest1" time="0.0"/>
  <testcase name="test549" classname="RandoopRegressionTest1" time="0.0"/>
  <testcase name="test550" classname="RandoopRegressionTest1" time="0.0"/>
  <testcase name="test551" classname="RandoopRegressionTest1" time="0.0"/>
  <testcase name="test552" classname="RandoopRegressionTest1" time="0.0"/>
  <testcase name="test553" classname="RandoopRegressionTest1" time="0.0"/>
  <testcase name="test554" classname="RandoopRegressionTest1" time="0.0"/>
  <testcase name="test555" classname="RandoopRegressionTest1" time="0.0"/>
  <testcase name="test556" classname="RandoopRegressionTest1" time="0.0"/>
  <testcase name="test557" classname="RandoopRegressionTest1" time="0.0"/>
  <testcase name="test558" classname="RandoopRegressionTest1" time="0.0"/>
  <testcase name="test559" classname="RandoopRegressionTest1" time="0.0"/>
  <testcase name="test560" classname="RandoopRegressionTest1" time="0.0"/>
  <testcase name="test561" classname="RandoopRegressionTest1" time="0.0"/>
  <testcase name="test562" classname="RandoopRegressionTest1" time="0.0"/>
  <testcase name="test563" classname="RandoopRegressionTest1" time="0.0"/>
  <testcase name="test564" classname="RandoopRegressionTest1" time="0.0"/>
  <testcase name="test565" classname="RandoopRegressionTest1" time="0.0"/>
  <testcase name="test566" classname="RandoopRegressionTest1" time="0.0"/>
  <testcase name="test567" classname="RandoopRegressionTest1" time="0.0"/>
  <testcase name="test568" classname="RandoopRegressionTest1" time="0.0"/>
  <testcase name="test569" classname="RandoopRegressionTest1" time="0.0"/>
  <testcase name="test570" classname="RandoopRegressionTest1" time="0.0"/>
  <testcase name="test571" classname="RandoopRegressionTest1" time="0.0"/>
  <testcase name="test572" classname="RandoopRegressionTest1" time="0.0"/>
  <testcase name="test573" classname="RandoopRegressionTest1" time="0.0"/>
  <testcase name="test574" classname="RandoopRegressionTest1" time="0.0"/>
  <testcase name="test575" classname="RandoopRegressionTest1" time="0.0"/>
  <testcase name="test576" classname="RandoopRegressionTest1" time="0.0"/>
  <testcase name="test577" classname="RandoopRegressionTest1" time="0.0"/>
  <testcase name="test578" classname="RandoopRegressionTest1" time="0.0"/>
  <testcase name="test579" classname="RandoopRegressionTest1" time="0.0"/>
  <testcase name="test580" classname="RandoopRegressionTest1" time="0.0"/>
  <testcase name="test581" classname="RandoopRegressionTest1" time="0.0"/>
  <testcase name="test582" classname="RandoopRegressionTest1" time="0.0"/>
  <testcase name="test583" classname="RandoopRegressionTest1" time="0.0"/>
  <testcase name="test584" classname="RandoopRegressionTest1" time="0.0"/>
  <testcase name="test585" classname="RandoopRegressionTest1" time="0.0"/>
  <testcase name="test586" classname="RandoopRegressionTest1" time="0.0"/>
  <testcase name="test587" classname="RandoopRegressionTest1" time="0.0"/>
  <testcase name="test588" classname="RandoopRegressionTest1" time="0.0"/>
  <testcase name="test589" classname="RandoopRegressionTest1" time="0.0"/>
  <testcase name="test590" classname="RandoopRegressionTest1" time="0.0"/>
  <testcase name="test591" classname="RandoopRegressionTest1" time="0.0"/>
  <testcase name="test592" classname="RandoopRegressionTest1" time="0.0"/>
  <testcase name="test593" classname="RandoopRegressionTest1" time="0.0"/>
  <testcase name="test594" classname="RandoopRegressionTest1" time="0.0"/>
  <testcase name="test595" classname="RandoopRegressionTest1" time="0.0"/>
  <testcase name="test596" classname="RandoopRegressionTest1" time="0.0"/>
  <testcase name="test597" classname="RandoopRegressionTest1" time="0.0"/>
  <testcase name="test598" classname="RandoopRegressionTest1" time="0.001"/>
  <testcase name="test599" classname="RandoopRegressionTest1" time="0.0"/>
  <testcase name="test600" classname="RandoopRegressionTest1" time="0.0"/>
  <testcase name="test601" classname="RandoopRegressionTest1" time="0.0"/>
  <testcase name="test602" classname="RandoopRegressionTest1" time="0.0"/>
  <testcase name="test603" classname="RandoopRegressionTest1" time="0.0"/>
  <testcase name="test604" classname="RandoopRegressionTest1" time="0.0"/>
  <testcase name="test605" classname="RandoopRegressionTest1" time="0.0"/>
  <testcase name="test606" classname="RandoopRegressionTest1" time="0.0"/>
  <testcase name="test607" classname="RandoopRegressionTest1" time="0.0"/>
  <testcase name="test608" classname="RandoopRegressionTest1" time="0.0"/>
  <testcase name="test609" classname="RandoopRegressionTest1" time="0.0"/>
  <testcase name="test610" classname="RandoopRegressionTest1" time="0.0"/>
  <testcase name="test611" classname="RandoopRegressionTest1" time="0.0"/>
  <testcase name="test612" classname="RandoopRegressionTest1" time="0.0"/>
  <testcase name="test613" classname="RandoopRegressionTest1" time="0.0"/>
  <testcase name="test614" classname="RandoopRegressionTest1" time="0.0"/>
  <testcase name="test615" classname="RandoopRegressionTest1" time="0.0"/>
  <testcase name="test616" classname="RandoopRegressionTest1" time="0.0"/>
  <testcase name="test617" classname="RandoopRegressionTest1" time="0.0"/>
  <testcase name="test618" classname="RandoopRegressionTest1" time="0.0"/>
  <testcase name="test619" classname="RandoopRegressionTest1" time="0.0"/>
  <testcase name="test620" classname="RandoopRegressionTest1" time="0.0"/>
  <testcase name="test621" classname="RandoopRegressionTest1" time="0.0"/>
  <testcase name="test622" classname="RandoopRegressionTest1" time="0.0"/>
  <testcase name="test623" classname="RandoopRegressionTest1" time="0.0"/>
  <testcase name="test624" classname="RandoopRegressionTest1" time="0.0"/>
  <testcase name="test625" classname="RandoopRegressionTest1" time="0.0"/>
  <testcase name="test626" classname="RandoopRegressionTest1" time="0.0"/>
  <testcase name="test627" classname="RandoopRegressionTest1" time="0.0"/>
  <testcase name="test628" classname="RandoopRegressionTest1" time="0.0"/>
  <testcase name="test629" classname="RandoopRegressionTest1" time="0.001"/>
  <testcase name="test630" classname="RandoopRegressionTest1" time="0.0"/>
  <testcase name="test631" classname="RandoopRegressionTest1" time="0.0"/>
  <testcase name="test632" classname="RandoopRegressionTest1" time="0.0"/>
  <testcase name="test633" classname="RandoopRegressionTest1" time="0.0"/>
  <testcase name="test634" classname="RandoopRegressionTest1" time="0.0"/>
  <testcase name="test635" classname="RandoopRegressionTest1" time="0.0"/>
  <testcase name="test636" classname="RandoopRegressionTest1" time="0.0"/>
  <testcase name="test637" classname="RandoopRegressionTest1" time="0.0"/>
  <testcase name="test638" classname="RandoopRegressionTest1" time="0.0"/>
  <testcase name="test639" classname="RandoopRegressionTest1" time="0.0"/>
  <testcase name="test640" classname="RandoopRegressionTest1" time="0.0"/>
  <testcase name="test641" classname="RandoopRegressionTest1" time="0.0"/>
  <testcase name="test642" classname="RandoopRegressionTest1" time="0.0"/>
  <testcase name="test643" classname="RandoopRegressionTest1" time="0.0"/>
  <testcase name="test644" classname="RandoopRegressionTest1" time="0.0"/>
  <testcase name="test645" classname="RandoopRegressionTest1" time="0.0"/>
  <testcase name="test646" classname="RandoopRegressionTest1" time="0.0"/>
  <testcase name="test647" classname="RandoopRegressionTest1" time="0.0"/>
  <testcase name="test648" classname="RandoopRegressionTest1" time="0.0"/>
  <testcase name="test649" classname="RandoopRegressionTest1" time="0.0"/>
  <testcase name="test650" classname="RandoopRegressionTest1" time="0.0"/>
  <testcase name="test651" classname="RandoopRegressionTest1" time="0.0"/>
  <testcase name="test652" classname="RandoopRegressionTest1" time="0.0"/>
  <testcase name="test653" classname="RandoopRegressionTest1" time="0.0"/>
  <testcase name="test654" classname="RandoopRegressionTest1" time="0.0"/>
  <testcase name="test655" classname="RandoopRegressionTest1" time="0.0"/>
  <testcase name="test656" classname="RandoopRegressionTest1" time="0.0"/>
  <testcase name="test657" classname="RandoopRegressionTest1" time="0.0"/>
  <testcase name="test658" classname="RandoopRegressionTest1" time="0.0"/>
  <testcase name="test659" classname="RandoopRegressionTest1" time="0.0"/>
  <testcase name="test660" classname="RandoopRegressionTest1" time="0.0"/>
  <testcase name="test661" classname="RandoopRegressionTest1" time="0.0"/>
  <testcase name="test662" classname="RandoopRegressionTest1" time="0.0"/>
  <testcase name="test663" classname="RandoopRegressionTest1" time="0.0"/>
  <testcase name="test664" classname="RandoopRegressionTest1" time="0.0"/>
  <testcase name="test665" classname="RandoopRegressionTest1" time="0.0"/>
  <testcase name="test666" classname="RandoopRegressionTest1" time="0.0"/>
  <testcase name="test667" classname="RandoopRegressionTest1" time="0.0"/>
  <testcase name="test668" classname="RandoopRegressionTest1" time="0.0"/>
  <testcase name="test669" classname="RandoopRegressionTest1" time="0.0"/>
  <testcase name="test670" classname="RandoopRegressionTest1" time="0.0"/>
  <testcase name="test671" classname="RandoopRegressionTest1" time="0.0"/>
  <testcase name="test672" classname="RandoopRegressionTest1" time="0.0"/>
  <testcase name="test673" classname="RandoopRegressionTest1" time="0.0"/>
  <testcase name="test674" classname="RandoopRegressionTest1" time="0.0"/>
  <testcase name="test675" classname="RandoopRegressionTest1" time="0.0"/>
  <testcase name="test676" classname="RandoopRegressionTest1" time="0.0"/>
  <testcase name="test677" classname="RandoopRegressionTest1" time="0.0"/>
  <testcase name="test678" classname="RandoopRegressionTest1" time="0.0"/>
  <system-out><![CDATA[]]></system-out>
  <system-err><![CDATA[]]></system-err>
</testsuite>
