<?xml version="1.0" encoding="UTF-8"?>
<testsuite name="RandoopRegressionTest0" tests="1000" skipped="0" failures="0" errors="0" timestamp="2024-04-08T16:00:41" hostname="MacBook-Pro-685.local" time="0.163">
  <properties/>
  <testcase name="test001" classname="RandoopRegressionTest0" time="0.003"/>
  <testcase name="test002" classname="RandoopRegressionTest0" time="0.0"/>
  <testcase name="test003" classname="RandoopRegressionTest0" time="0.0"/>
  <testcase name="test004" classname="RandoopRegressionTest0" time="0.0"/>
  <testcase name="test005" classname="RandoopRegressionTest0" time="0.0"/>
  <testcase name="test006" classname="RandoopRegressionTest0" time="0.0"/>
  <testcase name="test007" classname="RandoopRegressionTest0" time="0.0"/>
  <testcase name="test008" classname="RandoopRegressionTest0" time="0.0"/>
  <testcase name="test009" classname="RandoopRegressionTest0" time="0.0"/>
  <testcase name="test010" classname="RandoopRegressionTest0" time="0.0"/>
  <testcase name="test011" classname="RandoopRegressionTest0" time="0.0"/>
  <testcase name="test012" classname="RandoopRegressionTest0" time="0.0"/>
  <testcase name="test013" classname="RandoopRegressionTest0" time="0.0"/>
  <testcase name="test014" classname="RandoopRegressionTest0" time="0.0"/>
  <testcase name="test015" classname="RandoopRegressionTest0" time="0.0"/>
  <testcase name="test016" classname="RandoopRegressionTest0" time="0.001"/>
  <testcase name="test017" classname="RandoopRegressionTest0" time="0.0"/>
  <testcase name="test018" classname="RandoopRegressionTest0" time="0.0"/>
  <testcase name="test019" classname="RandoopRegressionTest0" time="0.0"/>
  <testcase name="test020" classname="RandoopRegressionTest0" time="0.0"/>
  <testcase name="test021" classname="RandoopRegressionTest0" time="0.0"/>
  <testcase name="test022" classname="RandoopRegressionTest0" time="0.0"/>
  <testcase name="test023" classname="RandoopRegressionTest0" time="0.0"/>
  <testcase name="test024" classname="RandoopRegressionTest0" time="0.0"/>
  <testcase name="test025" classname="RandoopRegressionTest0" time="0.0"/>
  <testcase name="test026" classname="RandoopRegressionTest0" time="0.0"/>
  <testcase name="test027" classname="RandoopRegressionTest0" time="0.0"/>
  <testcase name="test028" classname="RandoopRegressionTest0" time="0.0"/>
  <testcase name="test029" classname="RandoopRegressionTest0" time="0.0"/>
  <testcase name="test030" classname="RandoopRegressionTest0" time="0.0"/>
  <testcase name="test031" classname="RandoopRegressionTest0" time="0.0"/>
  <testcase name="test032" classname="RandoopRegressionTest0" time="0.0"/>
  <testcase name="test033" classname="RandoopRegressionTest0" time="0.001"/>
  <testcase name="test034" classname="RandoopRegressionTest0" time="0.0"/>
  <testcase name="test035" classname="RandoopRegressionTest0" time="0.0"/>
  <testcase name="test036" classname="RandoopRegressionTest0" time="0.0"/>
  <testcase name="test037" classname="RandoopRegressionTest0" time="0.0"/>
  <testcase name="test038" classname="RandoopRegressionTest0" time="0.0"/>
  <testcase name="test039" classname="RandoopRegressionTest0" time="0.0"/>
  <testcase name="test040" classname="RandoopRegressionTest0" time="0.0"/>
  <testcase name="test041" classname="RandoopRegressionTest0" time="0.0"/>
  <testcase name="test042" classname="RandoopRegressionTest0" time="0.0"/>
  <testcase name="test043" classname="RandoopRegressionTest0" time="0.0"/>
  <testcase name="test044" classname="RandoopRegressionTest0" time="0.0"/>
  <testcase name="test045" classname="RandoopRegressionTest0" time="0.0"/>
  <testcase name="test046" classname="RandoopRegressionTest0" time="0.0"/>
  <testcase name="test047" classname="RandoopRegressionTest0" time="0.0"/>
  <testcase name="test048" classname="RandoopRegressionTest0" time="0.001"/>
  <testcase name="test049" classname="RandoopRegressionTest0" time="0.0"/>
  <testcase name="test050" classname="RandoopRegressionTest0" time="0.0"/>
  <testcase name="test051" classname="RandoopRegressionTest0" time="0.0"/>
  <testcase name="test052" classname="RandoopRegressionTest0" time="0.0"/>
  <testcase name="test053" classname="RandoopRegressionTest0" time="0.0"/>
  <testcase name="test054" classname="RandoopRegressionTest0" time="0.001"/>
  <testcase name="test055" classname="RandoopRegressionTest0" time="0.0"/>
  <testcase name="test056" classname="RandoopRegressionTest0" time="0.0"/>
  <testcase name="test057" classname="RandoopRegressionTest0" time="0.0"/>
  <testcase name="test058" classname="RandoopRegressionTest0" time="0.0"/>
  <testcase name="test059" classname="RandoopRegressionTest0" time="0.0"/>
  <testcase name="test060" classname="RandoopRegressionTest0" time="0.0"/>
  <testcase name="test061" classname="RandoopRegressionTest0" time="0.0"/>
  <testcase name="test062" classname="RandoopRegressionTest0" time="0.0"/>
  <testcase name="test063" classname="RandoopRegressionTest0" time="0.0"/>
  <testcase name="test064" classname="RandoopRegressionTest0" time="0.0"/>
  <testcase name="test065" classname="RandoopRegressionTest0" time="0.0"/>
  <testcase name="test066" classname="RandoopRegressionTest0" time="0.0"/>
  <testcase name="test067" classname="RandoopRegressionTest0" time="0.0"/>
  <testcase name="test068" classname="RandoopRegressionTest0" time="0.0"/>
  <testcase name="test069" classname="RandoopRegressionTest0" time="0.0"/>
  <testcase name="test070" classname="RandoopRegressionTest0" time="0.0"/>
  <testcase name="test071" classname="RandoopRegressionTest0" time="0.0"/>
  <testcase name="test072" classname="RandoopRegressionTest0" time="0.0"/>
  <testcase name="test073" classname="RandoopRegressionTest0" time="0.0"/>
  <testcase name="test074" classname="RandoopRegressionTest0" time="0.0"/>
  <testcase name="test075" classname="RandoopRegressionTest0" time="0.0"/>
  <testcase name="test076" classname="RandoopRegressionTest0" time="0.0"/>
  <testcase name="test077" classname="RandoopRegressionTest0" time="0.0"/>
  <testcase name="test078" classname="RandoopRegressionTest0" time="0.0"/>
  <testcase name="test079" classname="RandoopRegressionTest0" time="0.0"/>
  <testcase name="test080" classname="RandoopRegressionTest0" time="0.0"/>
  <testcase name="test081" classname="RandoopRegressionTest0" time="0.0"/>
  <testcase name="test082" classname="RandoopRegressionTest0" time="0.0"/>
  <testcase name="test083" classname="RandoopRegressionTest0" time="0.0"/>
  <testcase name="test084" classname="RandoopRegressionTest0" time="0.0"/>
  <testcase name="test085" classname="RandoopRegressionTest0" time="0.001"/>
  <testcase name="test086" classname="RandoopRegressionTest0" time="0.0"/>
  <testcase name="test087" classname="RandoopRegressionTest0" time="0.0"/>
  <testcase name="test088" classname="RandoopRegressionTest0" time="0.0"/>
  <testcase name="test089" classname="RandoopRegressionTest0" time="0.0"/>
  <testcase name="test090" classname="RandoopRegressionTest0" time="0.0"/>
  <testcase name="test091" classname="RandoopRegressionTest0" time="0.0"/>
  <testcase name="test092" classname="RandoopRegressionTest0" time="0.001"/>
  <testcase name="test093" classname="RandoopRegressionTest0" time="0.0"/>
  <testcase name="test094" classname="RandoopRegressionTest0" time="0.0"/>
  <testcase name="test095" classname="RandoopRegressionTest0" time="0.0"/>
  <testcase name="test096" classname="RandoopRegressionTest0" time="0.0"/>
  <testcase name="test097" classname="RandoopRegressionTest0" time="0.001"/>
  <testcase name="test098" classname="RandoopRegressionTest0" time="0.0"/>
  <testcase name="test099" classname="RandoopRegressionTest0" time="0.0"/>
  <testcase name="test100" classname="RandoopRegressionTest0" time="0.0"/>
  <testcase name="test101" classname="RandoopRegressionTest0" time="0.0"/>
  <testcase name="test102" classname="RandoopRegressionTest0" time="0.0"/>
  <testcase name="test103" classname="RandoopRegressionTest0" time="0.0"/>
  <testcase name="test104" classname="RandoopRegressionTest0" time="0.0"/>
  <testcase name="test105" classname="RandoopRegressionTest0" time="0.0"/>
  <testcase name="test106" classname="RandoopRegressionTest0" time="0.0"/>
  <testcase name="test107" classname="RandoopRegressionTest0" time="0.0"/>
  <testcase name="test108" classname="RandoopRegressionTest0" time="0.0"/>
  <testcase name="test109" classname="RandoopRegressionTest0" time="0.0"/>
  <testcase name="test110" classname="RandoopRegressionTest0" time="0.001"/>
  <testcase name="test111" classname="RandoopRegressionTest0" time="0.0"/>
  <testcase name="test112" classname="RandoopRegressionTest0" time="0.0"/>
  <testcase name="test113" classname="RandoopRegressionTest0" time="0.0"/>
  <testcase name="test114" classname="RandoopRegressionTest0" time="0.0"/>
  <testcase name="test115" classname="RandoopRegressionTest0" time="0.0"/>
  <testcase name="test116" classname="RandoopRegressionTest0" time="0.0"/>
  <testcase name="test117" classname="RandoopRegressionTest0" time="0.0"/>
  <testcase name="test118" classname="RandoopRegressionTest0" time="0.0"/>
  <testcase name="test119" classname="RandoopRegressionTest0" time="0.0"/>
  <testcase name="test120" classname="RandoopRegressionTest0" time="0.0"/>
  <testcase name="test121" classname="RandoopRegressionTest0" time="0.0"/>
  <testcase name="test122" classname="RandoopRegressionTest0" time="0.0"/>
  <testcase name="test123" classname="RandoopRegressionTest0" time="0.001"/>
  <testcase name="test124" classname="RandoopRegressionTest0" time="0.0"/>
  <testcase name="test125" classname="RandoopRegressionTest0" time="0.0"/>
  <testcase name="test126" classname="RandoopRegressionTest0" time="0.0"/>
  <testcase name="test127" classname="RandoopRegressionTest0" time="0.0"/>
  <testcase name="test128" classname="RandoopRegressionTest0" time="0.0"/>
  <testcase name="test129" classname="RandoopRegressionTest0" time="0.0"/>
  <testcase name="test130" classname="RandoopRegressionTest0" time="0.0"/>
  <testcase name="test131" classname="RandoopRegressionTest0" time="0.0"/>
  <testcase name="test132" classname="RandoopRegressionTest0" time="0.001"/>
  <testcase name="test133" classname="RandoopRegressionTest0" time="0.0"/>
  <testcase name="test134" classname="RandoopRegressionTest0" time="0.0"/>
  <testcase name="test135" classname="RandoopRegressionTest0" time="0.0"/>
  <testcase name="test136" classname="RandoopRegressionTest0" time="0.0"/>
  <testcase name="test137" classname="RandoopRegressionTest0" time="0.0"/>
  <testcase name="test138" classname="RandoopRegressionTest0" time="0.001"/>
  <testcase name="test139" classname="RandoopRegressionTest0" time="0.0"/>
  <testcase name="test140" classname="RandoopRegressionTest0" time="0.0"/>
  <testcase name="test141" classname="RandoopRegressionTest0" time="0.0"/>
  <testcase name="test142" classname="RandoopRegressionTest0" time="0.0"/>
  <testcase name="test143" classname="RandoopRegressionTest0" time="0.0"/>
  <testcase name="test144" classname="RandoopRegressionTest0" time="0.0"/>
  <testcase name="test145" classname="RandoopRegressionTest0" time="0.0"/>
  <testcase name="test146" classname="RandoopRegressionTest0" time="0.0"/>
  <testcase name="test147" classname="RandoopRegressionTest0" time="0.0"/>
  <testcase name="test148" classname="RandoopRegressionTest0" time="0.0"/>
  <testcase name="test149" classname="RandoopRegressionTest0" time="0.0"/>
  <testcase name="test150" classname="RandoopRegressionTest0" time="0.0"/>
  <testcase name="test151" classname="RandoopRegressionTest0" time="0.0"/>
  <testcase name="test152" classname="RandoopRegressionTest0" time="0.0"/>
  <testcase name="test153" classname="RandoopRegressionTest0" time="0.0"/>
  <testcase name="test154" classname="RandoopRegressionTest0" time="0.0"/>
  <testcase name="test155" classname="RandoopRegressionTest0" time="0.0"/>
  <testcase name="test156" classname="RandoopRegressionTest0" time="0.0"/>
  <testcase name="test157" classname="RandoopRegressionTest0" time="0.0"/>
  <testcase name="test158" classname="RandoopRegressionTest0" time="0.0"/>
  <testcase name="test159" classname="RandoopRegressionTest0" time="0.0"/>
  <testcase name="test160" classname="RandoopRegressionTest0" time="0.0"/>
  <testcase name="test161" classname="RandoopRegressionTest0" time="0.0"/>
  <testcase name="test162" classname="RandoopRegressionTest0" time="0.0"/>
  <testcase name="test163" classname="RandoopRegressionTest0" time="0.0"/>
  <testcase name="test164" classname="RandoopRegressionTest0" time="0.0"/>
  <testcase name="test165" classname="RandoopRegressionTest0" time="0.0"/>
  <testcase name="test166" classname="RandoopRegressionTest0" time="0.001"/>
  <testcase name="test167" classname="RandoopRegressionTest0" time="0.0"/>
  <testcase name="test168" classname="RandoopRegressionTest0" time="0.0"/>
  <testcase name="test169" classname="RandoopRegressionTest0" time="0.0"/>
  <testcase name="test170" classname="RandoopRegressionTest0" time="0.0"/>
  <testcase name="test171" classname="RandoopRegressionTest0" time="0.001"/>
  <testcase name="test172" classname="RandoopRegressionTest0" time="0.0"/>
  <testcase name="test173" classname="RandoopRegressionTest0" time="0.0"/>
  <testcase name="test174" classname="RandoopRegressionTest0" time="0.0"/>
  <testcase name="test175" classname="RandoopRegressionTest0" time="0.0"/>
  <testcase name="test176" classname="RandoopRegressionTest0" time="0.001"/>
  <testcase name="test177" classname="RandoopRegressionTest0" time="0.0"/>
  <testcase name="test178" classname="RandoopRegressionTest0" time="0.0"/>
  <testcase name="test179" classname="RandoopRegressionTest0" time="0.0"/>
  <testcase name="test180" classname="RandoopRegressionTest0" time="0.0"/>
  <testcase name="test181" classname="RandoopRegressionTest0" time="0.0"/>
  <testcase name="test182" classname="RandoopRegressionTest0" time="0.0"/>
  <testcase name="test183" classname="RandoopRegressionTest0" time="0.0"/>
  <testcase name="test184" classname="RandoopRegressionTest0" time="0.0"/>
  <testcase name="test185" classname="RandoopRegressionTest0" time="0.0"/>
  <testcase name="test186" classname="RandoopRegressionTest0" time="0.0"/>
  <testcase name="test187" classname="RandoopRegressionTest0" time="0.0"/>
  <testcase name="test188" classname="RandoopRegressionTest0" time="0.0"/>
  <testcase name="test189" classname="RandoopRegressionTest0" time="0.0"/>
  <testcase name="test190" classname="RandoopRegressionTest0" time="0.0"/>
  <testcase name="test191" classname="RandoopRegressionTest0" time="0.0"/>
  <testcase name="test192" classname="RandoopRegressionTest0" time="0.0"/>
  <testcase name="test193" classname="RandoopRegressionTest0" time="0.0"/>
  <testcase name="test194" classname="RandoopRegressionTest0" time="0.0"/>
  <testcase name="test195" classname="RandoopRegressionTest0" time="0.0"/>
  <testcase name="test196" classname="RandoopRegressionTest0" time="0.0"/>
  <testcase name="test197" classname="RandoopRegressionTest0" time="0.0"/>
  <testcase name="test198" classname="RandoopRegressionTest0" time="0.0"/>
  <testcase name="test199" classname="RandoopRegressionTest0" time="0.001"/>
  <testcase name="test200" classname="RandoopRegressionTest0" time="0.0"/>
  <testcase name="test201" classname="RandoopRegressionTest0" time="0.0"/>
  <testcase name="test202" classname="RandoopRegressionTest0" time="0.0"/>
  <testcase name="test203" classname="RandoopRegressionTest0" time="0.0"/>
  <testcase name="test204" classname="RandoopRegressionTest0" time="0.0"/>
  <testcase name="test205" classname="RandoopRegressionTest0" time="0.0"/>
  <testcase name="test206" classname="RandoopRegressionTest0" time="0.0"/>
  <testcase name="test207" classname="RandoopRegressionTest0" time="0.0"/>
  <testcase name="test208" classname="RandoopRegressionTest0" time="0.0"/>
  <testcase name="test209" classname="RandoopRegressionTest0" time="0.0"/>
  <testcase name="test210" classname="RandoopRegressionTest0" time="0.0"/>
  <testcase name="test211" classname="RandoopRegressionTest0" time="0.0"/>
  <testcase name="test212" classname="RandoopRegressionTest0" time="0.0"/>
  <testcase name="test213" classname="RandoopRegressionTest0" time="0.0"/>
  <testcase name="test214" classname="RandoopRegressionTest0" time="0.0"/>
  <testcase name="test215" classname="RandoopRegressionTest0" time="0.0"/>
  <testcase name="test216" classname="RandoopRegressionTest0" time="0.0"/>
  <testcase name="test217" classname="RandoopRegressionTest0" time="0.001"/>
  <testcase name="test218" classname="RandoopRegressionTest0" time="0.0"/>
  <testcase name="test219" classname="RandoopRegressionTest0" time="0.0"/>
  <testcase name="test220" classname="RandoopRegressionTest0" time="0.0"/>
  <testcase name="test221" classname="RandoopRegressionTest0" time="0.0"/>
  <testcase name="test222" classname="RandoopRegressionTest0" time="0.0"/>
  <testcase name="test223" classname="RandoopRegressionTest0" time="0.0"/>
  <testcase name="test224" classname="RandoopRegressionTest0" time="0.0"/>
  <testcase name="test225" classname="RandoopRegressionTest0" time="0.0"/>
  <testcase name="test226" classname="RandoopRegressionTest0" time="0.0"/>
  <testcase name="test227" classname="RandoopRegressionTest0" time="0.0"/>
  <testcase name="test228" classname="RandoopRegressionTest0" time="0.0"/>
  <testcase name="test229" classname="RandoopRegressionTest0" time="0.0"/>
  <testcase name="test230" classname="RandoopRegressionTest0" time="0.0"/>
  <testcase name="test231" classname="RandoopRegressionTest0" time="0.0"/>
  <testcase name="test232" classname="RandoopRegressionTest0" time="0.0"/>
  <testcase name="test233" classname="RandoopRegressionTest0" time="0.0"/>
  <testcase name="test234" classname="RandoopRegressionTest0" time="0.0"/>
  <testcase name="test235" classname="RandoopRegressionTest0" time="0.0"/>
  <testcase name="test236" classname="RandoopRegressionTest0" time="0.0"/>
  <testcase name="test237" classname="RandoopRegressionTest0" time="0.0"/>
  <testcase name="test238" classname="RandoopRegressionTest0" time="0.0"/>
  <testcase name="test239" classname="RandoopRegressionTest0" time="0.0"/>
  <testcase name="test240" classname="RandoopRegressionTest0" time="0.0"/>
  <testcase name="test241" classname="RandoopRegressionTest0" time="0.001"/>
  <testcase name="test242" classname="RandoopRegressionTest0" time="0.0"/>
  <testcase name="test243" classname="RandoopRegressionTest0" time="0.0"/>
  <testcase name="test244" classname="RandoopRegressionTest0" time="0.0"/>
  <testcase name="test245" classname="RandoopRegressionTest0" time="0.0"/>
  <testcase name="test246" classname="RandoopRegressionTest0" time="0.0"/>
  <testcase name="test247" classname="RandoopRegressionTest0" time="0.0"/>
  <testcase name="test248" classname="RandoopRegressionTest0" time="0.0"/>
  <testcase name="test249" classname="RandoopRegressionTest0" time="0.0"/>
  <testcase name="test250" classname="RandoopRegressionTest0" time="0.0"/>
  <testcase name="test251" classname="RandoopRegressionTest0" time="0.0"/>
  <testcase name="test252" classname="RandoopRegressionTest0" time="0.0"/>
  <testcase name="test253" classname="RandoopRegressionTest0" time="0.0"/>
  <testcase name="test254" classname="RandoopRegressionTest0" time="0.0"/>
  <testcase name="test255" classname="RandoopRegressionTest0" time="0.0"/>
  <testcase name="test256" classname="RandoopRegressionTest0" time="0.0"/>
  <testcase name="test257" classname="RandoopRegressionTest0" time="0.0"/>
  <testcase name="test258" classname="RandoopRegressionTest0" time="0.0"/>
  <testcase name="test259" classname="RandoopRegressionTest0" time="0.0"/>
  <testcase name="test260" classname="RandoopRegressionTest0" time="0.0"/>
  <testcase name="test261" classname="RandoopRegressionTest0" time="0.0"/>
  <testcase name="test262" classname="RandoopRegressionTest0" time="0.0"/>
  <testcase name="test263" classname="RandoopRegressionTest0" time="0.0"/>
  <testcase name="test264" classname="RandoopRegressionTest0" time="0.0"/>
  <testcase name="test265" classname="RandoopRegressionTest0" time="0.0"/>
  <testcase name="test266" classname="RandoopRegressionTest0" time="0.0"/>
  <testcase name="test267" classname="RandoopRegressionTest0" time="0.0"/>
  <testcase name="test268" classname="RandoopRegressionTest0" time="0.0"/>
  <testcase name="test269" classname="RandoopRegressionTest0" time="0.0"/>
  <testcase name="test270" classname="RandoopRegressionTest0" time="0.001"/>
  <testcase name="test271" classname="RandoopRegressionTest0" time="0.0"/>
  <testcase name="test272" classname="RandoopRegressionTest0" time="0.0"/>
  <testcase name="test273" classname="RandoopRegressionTest0" time="0.0"/>
  <testcase name="test274" classname="RandoopRegressionTest0" time="0.0"/>
  <testcase name="test275" classname="RandoopRegressionTest0" time="0.0"/>
  <testcase name="test276" classname="RandoopRegressionTest0" time="0.0"/>
  <testcase name="test277" classname="RandoopRegressionTest0" time="0.0"/>
  <testcase name="test278" classname="RandoopRegressionTest0" time="0.0"/>
  <testcase name="test279" classname="RandoopRegressionTest0" time="0.0"/>
  <testcase name="test280" classname="RandoopRegressionTest0" time="0.0"/>
  <testcase name="test281" classname="RandoopRegressionTest0" time="0.0"/>
  <testcase name="test282" classname="RandoopRegressionTest0" time="0.0"/>
  <testcase name="test283" classname="RandoopRegressionTest0" time="0.0"/>
  <testcase name="test284" classname="RandoopRegressionTest0" time="0.0"/>
  <testcase name="test285" classname="RandoopRegressionTest0" time="0.001"/>
  <testcase name="test286" classname="RandoopRegressionTest0" time="0.0"/>
  <testcase name="test287" classname="RandoopRegressionTest0" time="0.0"/>
  <testcase name="test288" classname="RandoopRegressionTest0" time="0.0"/>
  <testcase name="test289" classname="RandoopRegressionTest0" time="0.0"/>
  <testcase name="test290" classname="RandoopRegressionTest0" time="0.0"/>
  <testcase name="test291" classname="RandoopRegressionTest0" time="0.0"/>
  <testcase name="test292" classname="RandoopRegressionTest0" time="0.001"/>
  <testcase name="test293" classname="RandoopRegressionTest0" time="0.0"/>
  <testcase name="test294" classname="RandoopRegressionTest0" time="0.0"/>
  <testcase name="test295" classname="RandoopRegressionTest0" time="0.0"/>
  <testcase name="test296" classname="RandoopRegressionTest0" time="0.0"/>
  <testcase name="test297" classname="RandoopRegressionTest0" time="0.0"/>
  <testcase name="test298" classname="RandoopRegressionTest0" time="0.0"/>
  <testcase name="test299" classname="RandoopRegressionTest0" time="0.001"/>
  <testcase name="test300" classname="RandoopRegressionTest0" time="0.0"/>
  <testcase name="test301" classname="RandoopRegressionTest0" time="0.0"/>
  <testcase name="test302" classname="RandoopRegressionTest0" time="0.0"/>
  <testcase name="test303" classname="RandoopRegressionTest0" time="0.0"/>
  <testcase name="test304" classname="RandoopRegressionTest0" time="0.0"/>
  <testcase name="test305" classname="RandoopRegressionTest0" time="0.0"/>
  <testcase name="test306" classname="RandoopRegressionTest0" time="0.001"/>
  <testcase name="test307" classname="RandoopRegressionTest0" time="0.0"/>
  <testcase name="test308" classname="RandoopRegressionTest0" time="0.0"/>
  <testcase name="test309" classname="RandoopRegressionTest0" time="0.0"/>
  <testcase name="test310" classname="RandoopRegressionTest0" time="0.0"/>
  <testcase name="test311" classname="RandoopRegressionTest0" time="0.0"/>
  <testcase name="test312" classname="RandoopRegressionTest0" time="0.0"/>
  <testcase name="test313" classname="RandoopRegressionTest0" time="0.0"/>
  <testcase name="test314" classname="RandoopRegressionTest0" time="0.0"/>
  <testcase name="test315" classname="RandoopRegressionTest0" time="0.0"/>
  <testcase name="test316" classname="RandoopRegressionTest0" time="0.0"/>
  <testcase name="test317" classname="RandoopRegressionTest0" time="0.0"/>
  <testcase name="test318" classname="RandoopRegressionTest0" time="0.0"/>
  <testcase name="test319" classname="RandoopRegressionTest0" time="0.0"/>
  <testcase name="test320" classname="RandoopRegressionTest0" time="0.0"/>
  <testcase name="test321" classname="RandoopRegressionTest0" time="0.0"/>
  <testcase name="test322" classname="RandoopRegressionTest0" time="0.0"/>
  <testcase name="test323" classname="RandoopRegressionTest0" time="0.0"/>
  <testcase name="test324" classname="RandoopRegressionTest0" time="0.0"/>
  <testcase name="test325" classname="RandoopRegressionTest0" time="0.0"/>
  <testcase name="test326" classname="RandoopRegressionTest0" time="0.0"/>
  <testcase name="test327" classname="RandoopRegressionTest0" time="0.0"/>
  <testcase name="test328" classname="RandoopRegressionTest0" time="0.0"/>
  <testcase name="test329" classname="RandoopRegressionTest0" time="0.0"/>
  <testcase name="test330" classname="RandoopRegressionTest0" time="0.0"/>
  <testcase name="test331" classname="RandoopRegressionTest0" time="0.0"/>
  <testcase name="test332" classname="RandoopRegressionTest0" time="0.0"/>
  <testcase name="test333" classname="RandoopRegressionTest0" time="0.0"/>
  <testcase name="test334" classname="RandoopRegressionTest0" time="0.0"/>
  <testcase name="test335" classname="RandoopRegressionTest0" time="0.0"/>
  <testcase name="test336" classname="RandoopRegressionTest0" time="0.0"/>
  <testcase name="test337" classname="RandoopRegressionTest0" time="0.0"/>
  <testcase name="test338" classname="RandoopRegressionTest0" time="0.0"/>
  <testcase name="test339" classname="RandoopRegressionTest0" time="0.0"/>
  <testcase name="test340" classname="RandoopRegressionTest0" time="0.0"/>
  <testcase name="test341" classname="RandoopRegressionTest0" time="0.0"/>
  <testcase name="test342" classname="RandoopRegressionTest0" time="0.0"/>
  <testcase name="test343" classname="RandoopRegressionTest0" time="0.0"/>
  <testcase name="test344" classname="RandoopRegressionTest0" time="0.0"/>
  <testcase name="test345" classname="RandoopRegressionTest0" time="0.0"/>
  <testcase name="test346" classname="RandoopRegressionTest0" time="0.0"/>
  <testcase name="test347" classname="RandoopRegressionTest0" time="0.0"/>
  <testcase name="test348" classname="RandoopRegressionTest0" time="0.0"/>
  <testcase name="test349" classname="RandoopRegressionTest0" time="0.0"/>
  <testcase name="test350" classname="RandoopRegressionTest0" time="0.0"/>
  <testcase name="test351" classname="RandoopRegressionTest0" time="0.0"/>
  <testcase name="test352" classname="RandoopRegressionTest0" time="0.0"/>
  <testcase name="test353" classname="RandoopRegressionTest0" time="0.0"/>
  <testcase name="test354" classname="RandoopRegressionTest0" time="0.0"/>
  <testcase name="test355" classname="RandoopRegressionTest0" time="0.0"/>
  <testcase name="test356" classname="RandoopRegressionTest0" time="0.0"/>
  <testcase name="test357" classname="RandoopRegressionTest0" time="0.0"/>
  <testcase name="test358" classname="RandoopRegressionTest0" time="0.002"/>
  <testcase name="test359" classname="RandoopRegressionTest0" time="0.0"/>
  <testcase name="test360" classname="RandoopRegressionTest0" time="0.0"/>
  <testcase name="test361" classname="RandoopRegressionTest0" time="0.0"/>
  <testcase name="test362" classname="RandoopRegressionTest0" time="0.0"/>
  <testcase name="test363" classname="RandoopRegressionTest0" time="0.0"/>
  <testcase name="test364" classname="RandoopRegressionTest0" time="0.0"/>
  <testcase name="test365" classname="RandoopRegressionTest0" time="0.0"/>
  <testcase name="test366" classname="RandoopRegressionTest0" time="0.0"/>
  <testcase name="test367" classname="RandoopRegressionTest0" time="0.0"/>
  <testcase name="test368" classname="RandoopRegressionTest0" time="0.0"/>
  <testcase name="test369" classname="RandoopRegressionTest0" time="0.0"/>
  <testcase name="test370" classname="RandoopRegressionTest0" time="0.0"/>
  <testcase name="test371" classname="RandoopRegressionTest0" time="0.0"/>
  <testcase name="test372" classname="RandoopRegressionTest0" time="0.0"/>
  <testcase name="test373" classname="RandoopRegressionTest0" time="0.001"/>
  <testcase name="test374" classname="RandoopRegressionTest0" time="0.0"/>
  <testcase name="test375" classname="RandoopRegressionTest0" time="0.0"/>
  <testcase name="test376" classname="RandoopRegressionTest0" time="0.0"/>
  <testcase name="test377" classname="RandoopRegressionTest0" time="0.0"/>
  <testcase name="test378" classname="RandoopRegressionTest0" time="0.0"/>
  <testcase name="test379" classname="RandoopRegressionTest0" time="0.0"/>
  <testcase name="test380" classname="RandoopRegressionTest0" time="0.0"/>
  <testcase name="test381" classname="RandoopRegressionTest0" time="0.0"/>
  <testcase name="test382" classname="RandoopRegressionTest0" time="0.0"/>
  <testcase name="test383" classname="RandoopRegressionTest0" time="0.0"/>
  <testcase name="test384" classname="RandoopRegressionTest0" time="0.0"/>
  <testcase name="test385" classname="RandoopRegressionTest0" time="0.001"/>
  <testcase name="test386" classname="RandoopRegressionTest0" time="0.0"/>
  <testcase name="test387" classname="RandoopRegressionTest0" time="0.0"/>
  <testcase name="test388" classname="RandoopRegressionTest0" time="0.0"/>
  <testcase name="test389" classname="RandoopRegressionTest0" time="0.0"/>
  <testcase name="test390" classname="RandoopRegressionTest0" time="0.0"/>
  <testcase name="test391" classname="RandoopRegressionTest0" time="0.0"/>
  <testcase name="test392" classname="RandoopRegressionTest0" time="0.0"/>
  <testcase name="test393" classname="RandoopRegressionTest0" time="0.0"/>
  <testcase name="test394" classname="RandoopRegressionTest0" time="0.0"/>
  <testcase name="test395" classname="RandoopRegressionTest0" time="0.0"/>
  <testcase name="test396" classname="RandoopRegressionTest0" time="0.0"/>
  <testcase name="test397" classname="RandoopRegressionTest0" time="0.0"/>
  <testcase name="test398" classname="RandoopRegressionTest0" time="0.0"/>
  <testcase name="test399" classname="RandoopRegressionTest0" time="0.0"/>
  <testcase name="test400" classname="RandoopRegressionTest0" time="0.0"/>
  <testcase name="test401" classname="RandoopRegressionTest0" time="0.0"/>
  <testcase name="test402" classname="RandoopRegressionTest0" time="0.0"/>
  <testcase name="test403" classname="RandoopRegressionTest0" time="0.0"/>
  <testcase name="test404" classname="RandoopRegressionTest0" time="0.0"/>
  <testcase name="test405" classname="RandoopRegressionTest0" time="0.0"/>
  <testcase name="test406" classname="RandoopRegressionTest0" time="0.0"/>
  <testcase name="test407" classname="RandoopRegressionTest0" time="0.0"/>
  <testcase name="test408" classname="RandoopRegressionTest0" time="0.0"/>
  <testcase name="test409" classname="RandoopRegressionTest0" time="0.0"/>
  <testcase name="test410" classname="RandoopRegressionTest0" time="0.0"/>
  <testcase name="test411" classname="RandoopRegressionTest0" time="0.0"/>
  <testcase name="test412" classname="RandoopRegressionTest0" time="0.0"/>
  <testcase name="test413" classname="RandoopRegressionTest0" time="0.0"/>
  <testcase name="test414" classname="RandoopRegressionTest0" time="0.0"/>
  <testcase name="test415" classname="RandoopRegressionTest0" time="0.0"/>
  <testcase name="test416" classname="RandoopRegressionTest0" time="0.0"/>
  <testcase name="test417" classname="RandoopRegressionTest0" time="0.0"/>
  <testcase name="test418" classname="RandoopRegressionTest0" time="0.0"/>
  <testcase name="test419" classname="RandoopRegressionTest0" time="0.0"/>
  <testcase name="test420" classname="RandoopRegressionTest0" time="0.0"/>
  <testcase name="test421" classname="RandoopRegressionTest0" time="0.0"/>
  <testcase name="test422" classname="RandoopRegressionTest0" time="0.0"/>
  <testcase name="test423" classname="RandoopRegressionTest0" time="0.001"/>
  <testcase name="test424" classname="RandoopRegressionTest0" time="0.0"/>
  <testcase name="test425" classname="RandoopRegressionTest0" time="0.0"/>
  <testcase name="test426" classname="RandoopRegressionTest0" time="0.0"/>
  <testcase name="test427" classname="RandoopRegressionTest0" time="0.0"/>
  <testcase name="test428" classname="RandoopRegressionTest0" time="0.0"/>
  <testcase name="test429" classname="RandoopRegressionTest0" time="0.0"/>
  <testcase name="test430" classname="RandoopRegressionTest0" time="0.0"/>
  <testcase name="test431" classname="RandoopRegressionTest0" time="0.0"/>
  <testcase name="test432" classname="RandoopRegressionTest0" time="0.0"/>
  <testcase name="test433" classname="RandoopRegressionTest0" time="0.0"/>
  <testcase name="test434" classname="RandoopRegressionTest0" time="0.0"/>
  <testcase name="test435" classname="RandoopRegressionTest0" time="0.0"/>
  <testcase name="test436" classname="RandoopRegressionTest0" time="0.0"/>
  <testcase name="test437" classname="RandoopRegressionTest0" time="0.0"/>
  <testcase name="test438" classname="RandoopRegressionTest0" time="0.001"/>
  <testcase name="test439" classname="RandoopRegressionTest0" time="0.0"/>
  <testcase name="test440" classname="RandoopRegressionTest0" time="0.0"/>
  <testcase name="test441" classname="RandoopRegressionTest0" time="0.0"/>
  <testcase name="test442" classname="RandoopRegressionTest0" time="0.0"/>
  <testcase name="test443" classname="RandoopRegressionTest0" time="0.0"/>
  <testcase name="test444" classname="RandoopRegressionTest0" time="0.0"/>
  <testcase name="test445" classname="RandoopRegressionTest0" time="0.0"/>
  <testcase name="test446" classname="RandoopRegressionTest0" time="0.0"/>
  <testcase name="test447" classname="RandoopRegressionTest0" time="0.0"/>
  <testcase name="test448" classname="RandoopRegressionTest0" time="0.0"/>
  <testcase name="test449" classname="RandoopRegressionTest0" time="0.0"/>
  <testcase name="test450" classname="RandoopRegressionTest0" time="0.001"/>
  <testcase name="test451" classname="RandoopRegressionTest0" time="0.0"/>
  <testcase name="test452" classname="RandoopRegressionTest0" time="0.0"/>
  <testcase name="test453" classname="RandoopRegressionTest0" time="0.0"/>
  <testcase name="test454" classname="RandoopRegressionTest0" time="0.0"/>
  <testcase name="test455" classname="RandoopRegressionTest0" time="0.0"/>
  <testcase name="test456" classname="RandoopRegressionTest0" time="0.0"/>
  <testcase name="test457" classname="RandoopRegressionTest0" time="0.0"/>
  <testcase name="test458" classname="RandoopRegressionTest0" time="0.0"/>
  <testcase name="test459" classname="RandoopRegressionTest0" time="0.0"/>
  <testcase name="test460" classname="RandoopRegressionTest0" time="0.0"/>
  <testcase name="test461" classname="RandoopRegressionTest0" time="0.0"/>
  <testcase name="test462" classname="RandoopRegressionTest0" time="0.0"/>
  <testcase name="test463" classname="RandoopRegressionTest0" time="0.0"/>
  <testcase name="test464" classname="RandoopRegressionTest0" time="0.0"/>
  <testcase name="test465" classname="RandoopRegressionTest0" time="0.0"/>
  <testcase name="test466" classname="RandoopRegressionTest0" time="0.0"/>
  <testcase name="test467" classname="RandoopRegressionTest0" time="0.0"/>
  <testcase name="test468" classname="RandoopRegressionTest0" time="0.0"/>
  <testcase name="test469" classname="RandoopRegressionTest0" time="0.0"/>
  <testcase name="test470" classname="RandoopRegressionTest0" time="0.0"/>
  <testcase name="test471" classname="RandoopRegressionTest0" time="0.0"/>
  <testcase name="test472" classname="RandoopRegressionTest0" time="0.0"/>
  <testcase name="test473" classname="RandoopRegressionTest0" time="0.0"/>
  <testcase name="test474" classname="RandoopRegressionTest0" time="0.0"/>
  <testcase name="test475" classname="RandoopRegressionTest0" time="0.0"/>
  <testcase name="test476" classname="RandoopRegressionTest0" time="0.001"/>
  <testcase name="test477" classname="RandoopRegressionTest0" time="0.0"/>
  <testcase name="test478" classname="RandoopRegressionTest0" time="0.0"/>
  <testcase name="test479" classname="RandoopRegressionTest0" time="0.0"/>
  <testcase name="test480" classname="RandoopRegressionTest0" time="0.0"/>
  <testcase name="test481" classname="RandoopRegressionTest0" time="0.0"/>
  <testcase name="test482" classname="RandoopRegressionTest0" time="0.0"/>
  <testcase name="test483" classname="RandoopRegressionTest0" time="0.0"/>
  <testcase name="test484" classname="RandoopRegressionTest0" time="0.0"/>
  <testcase name="test485" classname="RandoopRegressionTest0" time="0.0"/>
  <testcase name="test486" classname="RandoopRegressionTest0" time="0.0"/>
  <testcase name="test487" classname="RandoopRegressionTest0" time="0.001"/>
  <testcase name="test488" classname="RandoopRegressionTest0" time="0.0"/>
  <testcase name="test489" classname="RandoopRegressionTest0" time="0.0"/>
  <testcase name="test490" classname="RandoopRegressionTest0" time="0.0"/>
  <testcase name="test491" classname="RandoopRegressionTest0" time="0.0"/>
  <testcase name="test492" classname="RandoopRegressionTest0" time="0.0"/>
  <testcase name="test493" classname="RandoopRegressionTest0" time="0.0"/>
  <testcase name="test494" classname="RandoopRegressionTest0" time="0.0"/>
  <testcase name="test495" classname="RandoopRegressionTest0" time="0.0"/>
  <testcase name="test496" classname="RandoopRegressionTest0" time="0.0"/>
  <testcase name="test497" classname="RandoopRegressionTest0" time="0.0"/>
  <testcase name="test498" classname="RandoopRegressionTest0" time="0.0"/>
  <testcase name="test499" classname="RandoopRegressionTest0" time="0.0"/>
  <testcase name="test500" classname="RandoopRegressionTest0" time="0.0"/>
  <testcase name="test001" classname="RandoopRegressionTest0" time="0.001"/>
  <testcase name="test002" classname="RandoopRegressionTest0" time="0.0"/>
  <testcase name="test003" classname="RandoopRegressionTest0" time="0.0"/>
  <testcase name="test004" classname="RandoopRegressionTest0" time="0.0"/>
  <testcase name="test005" classname="RandoopRegressionTest0" time="0.0"/>
  <testcase name="test006" classname="RandoopRegressionTest0" time="0.0"/>
  <testcase name="test007" classname="RandoopRegressionTest0" time="0.0"/>
  <testcase name="test008" classname="RandoopRegressionTest0" time="0.0"/>
  <testcase name="test009" classname="RandoopRegressionTest0" time="0.0"/>
  <testcase name="test010" classname="RandoopRegressionTest0" time="0.0"/>
  <testcase name="test011" classname="RandoopRegressionTest0" time="0.0"/>
  <testcase name="test012" classname="RandoopRegressionTest0" time="0.0"/>
  <testcase name="test013" classname="RandoopRegressionTest0" time="0.0"/>
  <testcase name="test014" classname="RandoopRegressionTest0" time="0.0"/>
  <testcase name="test015" classname="RandoopRegressionTest0" time="0.0"/>
  <testcase name="test016" classname="RandoopRegressionTest0" time="0.0"/>
  <testcase name="test017" classname="RandoopRegressionTest0" time="0.0"/>
  <testcase name="test018" classname="RandoopRegressionTest0" time="0.0"/>
  <testcase name="test019" classname="RandoopRegressionTest0" time="0.0"/>
  <testcase name="test020" classname="RandoopRegressionTest0" time="0.0"/>
  <testcase name="test021" classname="RandoopRegressionTest0" time="0.0"/>
  <testcase name="test022" classname="RandoopRegressionTest0" time="0.0"/>
  <testcase name="test023" classname="RandoopRegressionTest0" time="0.0"/>
  <testcase name="test024" classname="RandoopRegressionTest0" time="0.0"/>
  <testcase name="test025" classname="RandoopRegressionTest0" time="0.0"/>
  <testcase name="test026" classname="RandoopRegressionTest0" time="0.0"/>
  <testcase name="test027" classname="RandoopRegressionTest0" time="0.0"/>
  <testcase name="test028" classname="RandoopRegressionTest0" time="0.0"/>
  <testcase name="test029" classname="RandoopRegressionTest0" time="0.001"/>
  <testcase name="test030" classname="RandoopRegressionTest0" time="0.0"/>
  <testcase name="test031" classname="RandoopRegressionTest0" time="0.0"/>
  <testcase name="test032" classname="RandoopRegressionTest0" time="0.0"/>
  <testcase name="test033" classname="RandoopRegressionTest0" time="0.0"/>
  <testcase name="test034" classname="RandoopRegressionTest0" time="0.0"/>
  <testcase name="test035" classname="RandoopRegressionTest0" time="0.0"/>
  <testcase name="test036" classname="RandoopRegressionTest0" time="0.0"/>
  <testcase name="test037" classname="RandoopRegressionTest0" time="0.0"/>
  <testcase name="test038" classname="RandoopRegressionTest0" time="0.0"/>
  <testcase name="test039" classname="RandoopRegressionTest0" time="0.0"/>
  <testcase name="test040" classname="RandoopRegressionTest0" time="0.0"/>
  <testcase name="test041" classname="RandoopRegressionTest0" time="0.0"/>
  <testcase name="test042" classname="RandoopRegressionTest0" time="0.0"/>
  <testcase name="test043" classname="RandoopRegressionTest0" time="0.0"/>
  <testcase name="test044" classname="RandoopRegressionTest0" time="0.0"/>
  <testcase name="test045" classname="RandoopRegressionTest0" time="0.0"/>
  <testcase name="test046" classname="RandoopRegressionTest0" time="0.0"/>
  <testcase name="test047" classname="RandoopRegressionTest0" time="0.0"/>
  <testcase name="test048" classname="RandoopRegressionTest0" time="0.0"/>
  <testcase name="test049" classname="RandoopRegressionTest0" time="0.0"/>
  <testcase name="test050" classname="RandoopRegressionTest0" time="0.0"/>
  <testcase name="test051" classname="RandoopRegressionTest0" time="0.0"/>
  <testcase name="test052" classname="RandoopRegressionTest0" time="0.0"/>
  <testcase name="test053" classname="RandoopRegressionTest0" time="0.0"/>
  <testcase name="test054" classname="RandoopRegressionTest0" time="0.0"/>
  <testcase name="test055" classname="RandoopRegressionTest0" time="0.001"/>
  <testcase name="test056" classname="RandoopRegressionTest0" time="0.0"/>
  <testcase name="test057" classname="RandoopRegressionTest0" time="0.0"/>
  <testcase name="test058" classname="RandoopRegressionTest0" time="0.0"/>
  <testcase name="test059" classname="RandoopRegressionTest0" time="0.0"/>
  <testcase name="test060" classname="RandoopRegressionTest0" time="0.0"/>
  <testcase name="test061" classname="RandoopRegressionTest0" time="0.0"/>
  <testcase name="test062" classname="RandoopRegressionTest0" time="0.0"/>
  <testcase name="test063" classname="RandoopRegressionTest0" time="0.0"/>
  <testcase name="test064" classname="RandoopRegressionTest0" time="0.0"/>
  <testcase name="test065" classname="RandoopRegressionTest0" time="0.0"/>
  <testcase name="test066" classname="RandoopRegressionTest0" time="0.0"/>
  <testcase name="test067" classname="RandoopRegressionTest0" time="0.0"/>
  <testcase name="test068" classname="RandoopRegressionTest0" time="0.0"/>
  <testcase name="test069" classname="RandoopRegressionTest0" time="0.0"/>
  <testcase name="test070" classname="RandoopRegressionTest0" time="0.0"/>
  <testcase name="test071" classname="RandoopRegressionTest0" time="0.0"/>
  <testcase name="test072" classname="RandoopRegressionTest0" time="0.0"/>
  <testcase name="test073" classname="RandoopRegressionTest0" time="0.0"/>
  <testcase name="test074" classname="RandoopRegressionTest0" time="0.0"/>
  <testcase name="test075" classname="RandoopRegressionTest0" time="0.0"/>
  <testcase name="test076" classname="RandoopRegressionTest0" time="0.0"/>
  <testcase name="test077" classname="RandoopRegressionTest0" time="0.0"/>
  <testcase name="test078" classname="RandoopRegressionTest0" time="0.0"/>
  <testcase name="test079" classname="RandoopRegressionTest0" time="0.0"/>
  <testcase name="test080" classname="RandoopRegressionTest0" time="0.0"/>
  <testcase name="test081" classname="RandoopRegressionTest0" time="0.0"/>
  <testcase name="test082" classname="RandoopRegressionTest0" time="0.0"/>
  <testcase name="test083" classname="RandoopRegressionTest0" time="0.0"/>
  <testcase name="test084" classname="RandoopRegressionTest0" time="0.0"/>
  <testcase name="test085" classname="RandoopRegressionTest0" time="0.0"/>
  <testcase name="test086" classname="RandoopRegressionTest0" time="0.0"/>
  <testcase name="test087" classname="RandoopRegressionTest0" time="0.0"/>
  <testcase name="test088" classname="RandoopRegressionTest0" time="0.0"/>
  <testcase name="test089" classname="RandoopRegressionTest0" time="0.0"/>
  <testcase name="test090" classname="RandoopRegressionTest0" time="0.0"/>
  <testcase name="test091" classname="RandoopRegressionTest0" time="0.0"/>
  <testcase name="test092" classname="RandoopRegressionTest0" time="0.0"/>
  <testcase name="test093" classname="RandoopRegressionTest0" time="0.0"/>
  <testcase name="test094" classname="RandoopRegressionTest0" time="0.0"/>
  <testcase name="test095" classname="RandoopRegressionTest0" time="0.0"/>
  <testcase name="test096" classname="RandoopRegressionTest0" time="0.0"/>
  <testcase name="test097" classname="RandoopRegressionTest0" time="0.0"/>
  <testcase name="test098" classname="RandoopRegressionTest0" time="0.0"/>
  <testcase name="test099" classname="RandoopRegressionTest0" time="0.0"/>
  <testcase name="test100" classname="RandoopRegressionTest0" time="0.0"/>
  <testcase name="test101" classname="RandoopRegressionTest0" time="0.0"/>
  <testcase name="test102" classname="RandoopRegressionTest0" time="0.0"/>
  <testcase name="test103" classname="RandoopRegressionTest0" time="0.0"/>
  <testcase name="test104" classname="RandoopRegressionTest0" time="0.001"/>
  <testcase name="test105" classname="RandoopRegressionTest0" time="0.0"/>
  <testcase name="test106" classname="RandoopRegressionTest0" time="0.0"/>
  <testcase name="test107" classname="RandoopRegressionTest0" time="0.0"/>
  <testcase name="test108" classname="RandoopRegressionTest0" time="0.0"/>
  <testcase name="test109" classname="RandoopRegressionTest0" time="0.0"/>
  <testcase name="test110" classname="RandoopRegressionTest0" time="0.0"/>
  <testcase name="test111" classname="RandoopRegressionTest0" time="0.0"/>
  <testcase name="test112" classname="RandoopRegressionTest0" time="0.0"/>
  <testcase name="test113" classname="RandoopRegressionTest0" time="0.0"/>
  <testcase name="test114" classname="RandoopRegressionTest0" time="0.0"/>
  <testcase name="test115" classname="RandoopRegressionTest0" time="0.0"/>
  <testcase name="test116" classname="RandoopRegressionTest0" time="0.0"/>
  <testcase name="test117" classname="RandoopRegressionTest0" time="0.0"/>
  <testcase name="test118" classname="RandoopRegressionTest0" time="0.0"/>
  <testcase name="test119" classname="RandoopRegressionTest0" time="0.0"/>
  <testcase name="test120" classname="RandoopRegressionTest0" time="0.0"/>
  <testcase name="test121" classname="RandoopRegressionTest0" time="0.0"/>
  <testcase name="test122" classname="RandoopRegressionTest0" time="0.0"/>
  <testcase name="test123" classname="RandoopRegressionTest0" time="0.0"/>
  <testcase name="test124" classname="RandoopRegressionTest0" time="0.0"/>
  <testcase name="test125" classname="RandoopRegressionTest0" time="0.0"/>
  <testcase name="test126" classname="RandoopRegressionTest0" time="0.0"/>
  <testcase name="test127" classname="RandoopRegressionTest0" time="0.0"/>
  <testcase name="test128" classname="RandoopRegressionTest0" time="0.0"/>
  <testcase name="test129" classname="RandoopRegressionTest0" time="0.0"/>
  <testcase name="test130" classname="RandoopRegressionTest0" time="0.0"/>
  <testcase name="test131" classname="RandoopRegressionTest0" time="0.0"/>
  <testcase name="test132" classname="RandoopRegressionTest0" time="0.0"/>
  <testcase name="test133" classname="RandoopRegressionTest0" time="0.0"/>
  <testcase name="test134" classname="RandoopRegressionTest0" time="0.0"/>
  <testcase name="test135" classname="RandoopRegressionTest0" time="0.0"/>
  <testcase name="test136" classname="RandoopRegressionTest0" time="0.0"/>
  <testcase name="test137" classname="RandoopRegressionTest0" time="0.0"/>
  <testcase name="test138" classname="RandoopRegressionTest0" time="0.0"/>
  <testcase name="test139" classname="RandoopRegressionTest0" time="0.0"/>
  <testcase name="test140" classname="RandoopRegressionTest0" time="0.0"/>
  <testcase name="test141" classname="RandoopRegressionTest0" time="0.0"/>
  <testcase name="test142" classname="RandoopRegressionTest0" time="0.0"/>
  <testcase name="test143" classname="RandoopRegressionTest0" time="0.0"/>
  <testcase name="test144" classname="RandoopRegressionTest0" time="0.0"/>
  <testcase name="test145" classname="RandoopRegressionTest0" time="0.0"/>
  <testcase name="test146" classname="RandoopRegressionTest0" time="0.0"/>
  <testcase name="test147" classname="RandoopRegressionTest0" time="0.0"/>
  <testcase name="test148" classname="RandoopRegressionTest0" time="0.0"/>
  <testcase name="test149" classname="RandoopRegressionTest0" time="0.0"/>
  <testcase name="test150" classname="RandoopRegressionTest0" time="0.0"/>
  <testcase name="test151" classname="RandoopRegressionTest0" time="0.0"/>
  <testcase name="test152" classname="RandoopRegressionTest0" time="0.0"/>
  <testcase name="test153" classname="RandoopRegressionTest0" time="0.0"/>
  <testcase name="test154" classname="RandoopRegressionTest0" time="0.0"/>
  <testcase name="test155" classname="RandoopRegressionTest0" time="0.0"/>
  <testcase name="test156" classname="RandoopRegressionTest0" time="0.0"/>
  <testcase name="test157" classname="RandoopRegressionTest0" time="0.0"/>
  <testcase name="test158" classname="RandoopRegressionTest0" time="0.0"/>
  <testcase name="test159" classname="RandoopRegressionTest0" time="0.0"/>
  <testcase name="test160" classname="RandoopRegressionTest0" time="0.0"/>
  <testcase name="test161" classname="RandoopRegressionTest0" time="0.0"/>
  <testcase name="test162" classname="RandoopRegressionTest0" time="0.0"/>
  <testcase name="test163" classname="RandoopRegressionTest0" time="0.0"/>
  <testcase name="test164" classname="RandoopRegressionTest0" time="0.001"/>
  <testcase name="test165" classname="RandoopRegressionTest0" time="0.0"/>
  <testcase name="test166" classname="RandoopRegressionTest0" time="0.0"/>
  <testcase name="test167" classname="RandoopRegressionTest0" time="0.0"/>
  <testcase name="test168" classname="RandoopRegressionTest0" time="0.0"/>
  <testcase name="test169" classname="RandoopRegressionTest0" time="0.0"/>
  <testcase name="test170" classname="RandoopRegressionTest0" time="0.0"/>
  <testcase name="test171" classname="RandoopRegressionTest0" time="0.0"/>
  <testcase name="test172" classname="RandoopRegressionTest0" time="0.0"/>
  <testcase name="test173" classname="RandoopRegressionTest0" time="0.0"/>
  <testcase name="test174" classname="RandoopRegressionTest0" time="0.0"/>
  <testcase name="test175" classname="RandoopRegressionTest0" time="0.0"/>
  <testcase name="test176" classname="RandoopRegressionTest0" time="0.0"/>
  <testcase name="test177" classname="RandoopRegressionTest0" time="0.0"/>
  <testcase name="test178" classname="RandoopRegressionTest0" time="0.0"/>
  <testcase name="test179" classname="RandoopRegressionTest0" time="0.0"/>
  <testcase name="test180" classname="RandoopRegressionTest0" time="0.0"/>
  <testcase name="test181" classname="RandoopRegressionTest0" time="0.0"/>
  <testcase name="test182" classname="RandoopRegressionTest0" time="0.0"/>
  <testcase name="test183" classname="RandoopRegressionTest0" time="0.0"/>
  <testcase name="test184" classname="RandoopRegressionTest0" time="0.0"/>
  <testcase name="test185" classname="RandoopRegressionTest0" time="0.0"/>
  <testcase name="test186" classname="RandoopRegressionTest0" time="0.0"/>
  <testcase name="test187" classname="RandoopRegressionTest0" time="0.0"/>
  <testcase name="test188" classname="RandoopRegressionTest0" time="0.0"/>
  <testcase name="test189" classname="RandoopRegressionTest0" time="0.0"/>
  <testcase name="test190" classname="RandoopRegressionTest0" time="0.0"/>
  <testcase name="test191" classname="RandoopRegressionTest0" time="0.0"/>
  <testcase name="test192" classname="RandoopRegressionTest0" time="0.0"/>
  <testcase name="test193" classname="RandoopRegressionTest0" time="0.0"/>
  <testcase name="test194" classname="RandoopRegressionTest0" time="0.0"/>
  <testcase name="test195" classname="RandoopRegressionTest0" time="0.0"/>
  <testcase name="test196" classname="RandoopRegressionTest0" time="0.0"/>
  <testcase name="test197" classname="RandoopRegressionTest0" time="0.0"/>
  <testcase name="test198" classname="RandoopRegressionTest0" time="0.0"/>
  <testcase name="test199" classname="RandoopRegressionTest0" time="0.0"/>
  <testcase name="test200" classname="RandoopRegressionTest0" time="0.0"/>
  <testcase name="test201" classname="RandoopRegressionTest0" time="0.0"/>
  <testcase name="test202" classname="RandoopRegressionTest0" time="0.0"/>
  <testcase name="test203" classname="RandoopRegressionTest0" time="0.0"/>
  <testcase name="test204" classname="RandoopRegressionTest0" time="0.0"/>
  <testcase name="test205" classname="RandoopRegressionTest0" time="0.0"/>
  <testcase name="test206" classname="RandoopRegressionTest0" time="0.0"/>
  <testcase name="test207" classname="RandoopRegressionTest0" time="0.0"/>
  <testcase name="test208" classname="RandoopRegressionTest0" time="0.001"/>
  <testcase name="test209" classname="RandoopRegressionTest0" time="0.0"/>
  <testcase name="test210" classname="RandoopRegressionTest0" time="0.0"/>
  <testcase name="test211" classname="RandoopRegressionTest0" time="0.0"/>
  <testcase name="test212" classname="RandoopRegressionTest0" time="0.0"/>
  <testcase name="test213" classname="RandoopRegressionTest0" time="0.0"/>
  <testcase name="test214" classname="RandoopRegressionTest0" time="0.0"/>
  <testcase name="test215" classname="RandoopRegressionTest0" time="0.0"/>
  <testcase name="test216" classname="RandoopRegressionTest0" time="0.0"/>
  <testcase name="test217" classname="RandoopRegressionTest0" time="0.0"/>
  <testcase name="test218" classname="RandoopRegressionTest0" time="0.0"/>
  <testcase name="test219" classname="RandoopRegressionTest0" time="0.0"/>
  <testcase name="test220" classname="RandoopRegressionTest0" time="0.001"/>
  <testcase name="test221" classname="RandoopRegressionTest0" time="0.0"/>
  <testcase name="test222" classname="RandoopRegressionTest0" time="0.0"/>
  <testcase name="test223" classname="RandoopRegressionTest0" time="0.0"/>
  <testcase name="test224" classname="RandoopRegressionTest0" time="0.0"/>
  <testcase name="test225" classname="RandoopRegressionTest0" time="0.0"/>
  <testcase name="test226" classname="RandoopRegressionTest0" time="0.0"/>
  <testcase name="test227" classname="RandoopRegressionTest0" time="0.0"/>
  <testcase name="test228" classname="RandoopRegressionTest0" time="0.0"/>
  <testcase name="test229" classname="RandoopRegressionTest0" time="0.0"/>
  <testcase name="test230" classname="RandoopRegressionTest0" time="0.0"/>
  <testcase name="test231" classname="RandoopRegressionTest0" time="0.0"/>
  <testcase name="test232" classname="RandoopRegressionTest0" time="0.0"/>
  <testcase name="test233" classname="RandoopRegressionTest0" time="0.0"/>
  <testcase name="test234" classname="RandoopRegressionTest0" time="0.0"/>
  <testcase name="test235" classname="RandoopRegressionTest0" time="0.0"/>
  <testcase name="test236" classname="RandoopRegressionTest0" time="0.0"/>
  <testcase name="test237" classname="RandoopRegressionTest0" time="0.0"/>
  <testcase name="test238" classname="RandoopRegressionTest0" time="0.0"/>
  <testcase name="test239" classname="RandoopRegressionTest0" time="0.0"/>
  <testcase name="test240" classname="RandoopRegressionTest0" time="0.0"/>
  <testcase name="test241" classname="RandoopRegressionTest0" time="0.0"/>
  <testcase name="test242" classname="RandoopRegressionTest0" time="0.0"/>
  <testcase name="test243" classname="RandoopRegressionTest0" time="0.0"/>
  <testcase name="test244" classname="RandoopRegressionTest0" time="0.0"/>
  <testcase name="test245" classname="RandoopRegressionTest0" time="0.0"/>
  <testcase name="test246" classname="RandoopRegressionTest0" time="0.0"/>
  <testcase name="test247" classname="RandoopRegressionTest0" time="0.0"/>
  <testcase name="test248" classname="RandoopRegressionTest0" time="0.0"/>
  <testcase name="test249" classname="RandoopRegressionTest0" time="0.0"/>
  <testcase name="test250" classname="RandoopRegressionTest0" time="0.0"/>
  <testcase name="test251" classname="RandoopRegressionTest0" time="0.0"/>
  <testcase name="test252" classname="RandoopRegressionTest0" time="0.0"/>
  <testcase name="test253" classname="RandoopRegressionTest0" time="0.0"/>
  <testcase name="test254" classname="RandoopRegressionTest0" time="0.0"/>
  <testcase name="test255" classname="RandoopRegressionTest0" time="0.0"/>
  <testcase name="test256" classname="RandoopRegressionTest0" time="0.0"/>
  <testcase name="test257" classname="RandoopRegressionTest0" time="0.0"/>
  <testcase name="test258" classname="RandoopRegressionTest0" time="0.0"/>
  <testcase name="test259" classname="RandoopRegressionTest0" time="0.0"/>
  <testcase name="test260" classname="RandoopRegressionTest0" time="0.0"/>
  <testcase name="test261" classname="RandoopRegressionTest0" time="0.0"/>
  <testcase name="test262" classname="RandoopRegressionTest0" time="0.0"/>
  <testcase name="test263" classname="RandoopRegressionTest0" time="0.0"/>
  <testcase name="test264" classname="RandoopRegressionTest0" time="0.0"/>
  <testcase name="test265" classname="RandoopRegressionTest0" time="0.0"/>
  <testcase name="test266" classname="RandoopRegressionTest0" time="0.001"/>
  <testcase name="test267" classname="RandoopRegressionTest0" time="0.0"/>
  <testcase name="test268" classname="RandoopRegressionTest0" time="0.0"/>
  <testcase name="test269" classname="RandoopRegressionTest0" time="0.0"/>
  <testcase name="test270" classname="RandoopRegressionTest0" time="0.0"/>
  <testcase name="test271" classname="RandoopRegressionTest0" time="0.0"/>
  <testcase name="test272" classname="RandoopRegressionTest0" time="0.0"/>
  <testcase name="test273" classname="RandoopRegressionTest0" time="0.0"/>
  <testcase name="test274" classname="RandoopRegressionTest0" time="0.0"/>
  <testcase name="test275" classname="RandoopRegressionTest0" time="0.0"/>
  <testcase name="test276" classname="RandoopRegressionTest0" time="0.0"/>
  <testcase name="test277" classname="RandoopRegressionTest0" time="0.001"/>
  <testcase name="test278" classname="RandoopRegressionTest0" time="0.0"/>
  <testcase name="test279" classname="RandoopRegressionTest0" time="0.0"/>
  <testcase name="test280" classname="RandoopRegressionTest0" time="0.0"/>
  <testcase name="test281" classname="RandoopRegressionTest0" time="0.0"/>
  <testcase name="test282" classname="RandoopRegressionTest0" time="0.0"/>
  <testcase name="test283" classname="RandoopRegressionTest0" time="0.0"/>
  <testcase name="test284" classname="RandoopRegressionTest0" time="0.0"/>
  <testcase name="test285" classname="RandoopRegressionTest0" time="0.0"/>
  <testcase name="test286" classname="RandoopRegressionTest0" time="0.0"/>
  <testcase name="test287" classname="RandoopRegressionTest0" time="0.0"/>
  <testcase name="test288" classname="RandoopRegressionTest0" time="0.0"/>
  <testcase name="test289" classname="RandoopRegressionTest0" time="0.0"/>
  <testcase name="test290" classname="RandoopRegressionTest0" time="0.0"/>
  <testcase name="test291" classname="RandoopRegressionTest0" time="0.0"/>
  <testcase name="test292" classname="RandoopRegressionTest0" time="0.0"/>
  <testcase name="test293" classname="RandoopRegressionTest0" time="0.0"/>
  <testcase name="test294" classname="RandoopRegressionTest0" time="0.0"/>
  <testcase name="test295" classname="RandoopRegressionTest0" time="0.0"/>
  <testcase name="test296" classname="RandoopRegressionTest0" time="0.0"/>
  <testcase name="test297" classname="RandoopRegressionTest0" time="0.0"/>
  <testcase name="test298" classname="RandoopRegressionTest0" time="0.0"/>
  <testcase name="test299" classname="RandoopRegressionTest0" time="0.0"/>
  <testcase name="test300" classname="RandoopRegressionTest0" time="0.0"/>
  <testcase name="test301" classname="RandoopRegressionTest0" time="0.0"/>
  <testcase name="test302" classname="RandoopRegressionTest0" time="0.0"/>
  <testcase name="test303" classname="RandoopRegressionTest0" time="0.0"/>
  <testcase name="test304" classname="RandoopRegressionTest0" time="0.0"/>
  <testcase name="test305" classname="RandoopRegressionTest0" time="0.0"/>
  <testcase name="test306" classname="RandoopRegressionTest0" time="0.0"/>
  <testcase name="test307" classname="RandoopRegressionTest0" time="0.0"/>
  <testcase name="test308" classname="RandoopRegressionTest0" time="0.0"/>
  <testcase name="test309" classname="RandoopRegressionTest0" time="0.0"/>
  <testcase name="test310" classname="RandoopRegressionTest0" time="0.0"/>
  <testcase name="test311" classname="RandoopRegressionTest0" time="0.0"/>
  <testcase name="test312" classname="RandoopRegressionTest0" time="0.0"/>
  <testcase name="test313" classname="RandoopRegressionTest0" time="0.0"/>
  <testcase name="test314" classname="RandoopRegressionTest0" time="0.0"/>
  <testcase name="test315" classname="RandoopRegressionTest0" time="0.0"/>
  <testcase name="test316" classname="RandoopRegressionTest0" time="0.0"/>
  <testcase name="test317" classname="RandoopRegressionTest0" time="0.0"/>
  <testcase name="test318" classname="RandoopRegressionTest0" time="0.0"/>
  <testcase name="test319" classname="RandoopRegressionTest0" time="0.0"/>
  <testcase name="test320" classname="RandoopRegressionTest0" time="0.0"/>
  <testcase name="test321" classname="RandoopRegressionTest0" time="0.0"/>
  <testcase name="test322" classname="RandoopRegressionTest0" time="0.0"/>
  <testcase name="test323" classname="RandoopRegressionTest0" time="0.0"/>
  <testcase name="test324" classname="RandoopRegressionTest0" time="0.0"/>
  <testcase name="test325" classname="RandoopRegressionTest0" time="0.0"/>
  <testcase name="test326" classname="RandoopRegressionTest0" time="0.0"/>
  <testcase name="test327" classname="RandoopRegressionTest0" time="0.0"/>
  <testcase name="test328" classname="RandoopRegressionTest0" time="0.0"/>
  <testcase name="test329" classname="RandoopRegressionTest0" time="0.0"/>
  <testcase name="test330" classname="RandoopRegressionTest0" time="0.0"/>
  <testcase name="test331" classname="RandoopRegressionTest0" time="0.0"/>
  <testcase name="test332" classname="RandoopRegressionTest0" time="0.0"/>
  <testcase name="test333" classname="RandoopRegressionTest0" time="0.0"/>
  <testcase name="test334" classname="RandoopRegressionTest0" time="0.0"/>
  <testcase name="test335" classname="RandoopRegressionTest0" time="0.0"/>
  <testcase name="test336" classname="RandoopRegressionTest0" time="0.0"/>
  <testcase name="test337" classname="RandoopRegressionTest0" time="0.0"/>
  <testcase name="test338" classname="RandoopRegressionTest0" time="0.0"/>
  <testcase name="test339" classname="RandoopRegressionTest0" time="0.0"/>
  <testcase name="test340" classname="RandoopRegressionTest0" time="0.0"/>
  <testcase name="test341" classname="RandoopRegressionTest0" time="0.0"/>
  <testcase name="test342" classname="RandoopRegressionTest0" time="0.0"/>
  <testcase name="test343" classname="RandoopRegressionTest0" time="0.0"/>
  <testcase name="test344" classname="RandoopRegressionTest0" time="0.0"/>
  <testcase name="test345" classname="RandoopRegressionTest0" time="0.0"/>
  <testcase name="test346" classname="RandoopRegressionTest0" time="0.0"/>
  <testcase name="test347" classname="RandoopRegressionTest0" time="0.0"/>
  <testcase name="test348" classname="RandoopRegressionTest0" time="0.0"/>
  <testcase name="test349" classname="RandoopRegressionTest0" time="0.001"/>
  <testcase name="test350" classname="RandoopRegressionTest0" time="0.0"/>
  <testcase name="test351" classname="RandoopRegressionTest0" time="0.0"/>
  <testcase name="test352" classname="RandoopRegressionTest0" time="0.0"/>
  <testcase name="test353" classname="RandoopRegressionTest0" time="0.0"/>
  <testcase name="test354" classname="RandoopRegressionTest0" time="0.0"/>
  <testcase name="test355" classname="RandoopRegressionTest0" time="0.0"/>
  <testcase name="test356" classname="RandoopRegressionTest0" time="0.0"/>
  <testcase name="test357" classname="RandoopRegressionTest0" time="0.0"/>
  <testcase name="test358" classname="RandoopRegressionTest0" time="0.0"/>
  <testcase name="test359" classname="RandoopRegressionTest0" time="0.0"/>
  <testcase name="test360" classname="RandoopRegressionTest0" time="0.0"/>
  <testcase name="test361" classname="RandoopRegressionTest0" time="0.0"/>
  <testcase name="test362" classname="RandoopRegressionTest0" time="0.0"/>
  <testcase name="test363" classname="RandoopRegressionTest0" time="0.0"/>
  <testcase name="test364" classname="RandoopRegressionTest0" time="0.0"/>
  <testcase name="test365" classname="RandoopRegressionTest0" time="0.0"/>
  <testcase name="test366" classname="RandoopRegressionTest0" time="0.0"/>
  <testcase name="test367" classname="RandoopRegressionTest0" time="0.0"/>
  <testcase name="test368" classname="RandoopRegressionTest0" time="0.0"/>
  <testcase name="test369" classname="RandoopRegressionTest0" time="0.0"/>
  <testcase name="test370" classname="RandoopRegressionTest0" time="0.0"/>
  <testcase name="test371" classname="RandoopRegressionTest0" time="0.0"/>
  <testcase name="test372" classname="RandoopRegressionTest0" time="0.0"/>
  <testcase name="test373" classname="RandoopRegressionTest0" time="0.0"/>
  <testcase name="test374" classname="RandoopRegressionTest0" time="0.0"/>
  <testcase name="test375" classname="RandoopRegressionTest0" time="0.0"/>
  <testcase name="test376" classname="RandoopRegressionTest0" time="0.0"/>
  <testcase name="test377" classname="RandoopRegressionTest0" time="0.0"/>
  <testcase name="test378" classname="RandoopRegressionTest0" time="0.0"/>
  <testcase name="test379" classname="RandoopRegressionTest0" time="0.0"/>
  <testcase name="test380" classname="RandoopRegressionTest0" time="0.0"/>
  <testcase name="test381" classname="RandoopRegressionTest0" time="0.0"/>
  <testcase name="test382" classname="RandoopRegressionTest0" time="0.0"/>
  <testcase name="test383" classname="RandoopRegressionTest0" time="0.0"/>
  <testcase name="test384" classname="RandoopRegressionTest0" time="0.0"/>
  <testcase name="test385" classname="RandoopRegressionTest0" time="0.0"/>
  <testcase name="test386" classname="RandoopRegressionTest0" time="0.0"/>
  <testcase name="test387" classname="RandoopRegressionTest0" time="0.0"/>
  <testcase name="test388" classname="RandoopRegressionTest0" time="0.0"/>
  <testcase name="test389" classname="RandoopRegressionTest0" time="0.0"/>
  <testcase name="test390" classname="RandoopRegressionTest0" time="0.0"/>
  <testcase name="test391" classname="RandoopRegressionTest0" time="0.0"/>
  <testcase name="test392" classname="RandoopRegressionTest0" time="0.0"/>
  <testcase name="test393" classname="RandoopRegressionTest0" time="0.0"/>
  <testcase name="test394" classname="RandoopRegressionTest0" time="0.0"/>
  <testcase name="test395" classname="RandoopRegressionTest0" time="0.0"/>
  <testcase name="test396" classname="RandoopRegressionTest0" time="0.0"/>
  <testcase name="test397" classname="RandoopRegressionTest0" time="0.0"/>
  <testcase name="test398" classname="RandoopRegressionTest0" time="0.0"/>
  <testcase name="test399" classname="RandoopRegressionTest0" time="0.0"/>
  <testcase name="test400" classname="RandoopRegressionTest0" time="0.0"/>
  <testcase name="test401" classname="RandoopRegressionTest0" time="0.0"/>
  <testcase name="test402" classname="RandoopRegressionTest0" time="0.0"/>
  <testcase name="test403" classname="RandoopRegressionTest0" time="0.0"/>
  <testcase name="test404" classname="RandoopRegressionTest0" time="0.0"/>
  <testcase name="test405" classname="RandoopRegressionTest0" time="0.0"/>
  <testcase name="test406" classname="RandoopRegressionTest0" time="0.0"/>
  <testcase name="test407" classname="RandoopRegressionTest0" time="0.0"/>
  <testcase name="test408" classname="RandoopRegressionTest0" time="0.001"/>
  <testcase name="test409" classname="RandoopRegressionTest0" time="0.0"/>
  <testcase name="test410" classname="RandoopRegressionTest0" time="0.0"/>
  <testcase name="test411" classname="RandoopRegressionTest0" time="0.0"/>
  <testcase name="test412" classname="RandoopRegressionTest0" time="0.0"/>
  <testcase name="test413" classname="RandoopRegressionTest0" time="0.0"/>
  <testcase name="test414" classname="RandoopRegressionTest0" time="0.0"/>
  <testcase name="test415" classname="RandoopRegressionTest0" time="0.0"/>
  <testcase name="test416" classname="RandoopRegressionTest0" time="0.0"/>
  <testcase name="test417" classname="RandoopRegressionTest0" time="0.0"/>
  <testcase name="test418" classname="RandoopRegressionTest0" time="0.0"/>
  <testcase name="test419" classname="RandoopRegressionTest0" time="0.0"/>
  <testcase name="test420" classname="RandoopRegressionTest0" time="0.0"/>
  <testcase name="test421" classname="RandoopRegressionTest0" time="0.0"/>
  <testcase name="test422" classname="RandoopRegressionTest0" time="0.0"/>
  <testcase name="test423" classname="RandoopRegressionTest0" time="0.0"/>
  <testcase name="test424" classname="RandoopRegressionTest0" time="0.0"/>
  <testcase name="test425" classname="RandoopRegressionTest0" time="0.0"/>
  <testcase name="test426" classname="RandoopRegressionTest0" time="0.0"/>
  <testcase name="test427" classname="RandoopRegressionTest0" time="0.0"/>
  <testcase name="test428" classname="RandoopRegressionTest0" time="0.0"/>
  <testcase name="test429" classname="RandoopRegressionTest0" time="0.0"/>
  <testcase name="test430" classname="RandoopRegressionTest0" time="0.0"/>
  <testcase name="test431" classname="RandoopRegressionTest0" time="0.0"/>
  <testcase name="test432" classname="RandoopRegressionTest0" time="0.0"/>
  <testcase name="test433" classname="RandoopRegressionTest0" time="0.0"/>
  <testcase name="test434" classname="RandoopRegressionTest0" time="0.0"/>
  <testcase name="test435" classname="RandoopRegressionTest0" time="0.0"/>
  <testcase name="test436" classname="RandoopRegressionTest0" time="0.0"/>
  <testcase name="test437" classname="RandoopRegressionTest0" time="0.0"/>
  <testcase name="test438" classname="RandoopRegressionTest0" time="0.0"/>
  <testcase name="test439" classname="RandoopRegressionTest0" time="0.0"/>
  <testcase name="test440" classname="RandoopRegressionTest0" time="0.0"/>
  <testcase name="test441" classname="RandoopRegressionTest0" time="0.0"/>
  <testcase name="test442" classname="RandoopRegressionTest0" time="0.0"/>
  <testcase name="test443" classname="RandoopRegressionTest0" time="0.0"/>
  <testcase name="test444" classname="RandoopRegressionTest0" time="0.0"/>
  <testcase name="test445" classname="RandoopRegressionTest0" time="0.0"/>
  <testcase name="test446" classname="RandoopRegressionTest0" time="0.0"/>
  <testcase name="test447" classname="RandoopRegressionTest0" time="0.0"/>
  <testcase name="test448" classname="RandoopRegressionTest0" time="0.0"/>
  <testcase name="test449" classname="RandoopRegressionTest0" time="0.0"/>
  <testcase name="test450" classname="RandoopRegressionTest0" time="0.0"/>
  <testcase name="test451" classname="RandoopRegressionTest0" time="0.001"/>
  <testcase name="test452" classname="RandoopRegressionTest0" time="0.0"/>
  <testcase name="test453" classname="RandoopRegressionTest0" time="0.0"/>
  <testcase name="test454" classname="RandoopRegressionTest0" time="0.0"/>
  <testcase name="test455" classname="RandoopRegressionTest0" time="0.0"/>
  <testcase name="test456" classname="RandoopRegressionTest0" time="0.0"/>
  <testcase name="test457" classname="RandoopRegressionTest0" time="0.0"/>
  <testcase name="test458" classname="RandoopRegressionTest0" time="0.0"/>
  <testcase name="test459" classname="RandoopRegressionTest0" time="0.0"/>
  <testcase name="test460" classname="RandoopRegressionTest0" time="0.0"/>
  <testcase name="test461" classname="RandoopRegressionTest0" time="0.0"/>
  <testcase name="test462" classname="RandoopRegressionTest0" time="0.001"/>
  <testcase name="test463" classname="RandoopRegressionTest0" time="0.0"/>
  <testcase name="test464" classname="RandoopRegressionTest0" time="0.0"/>
  <testcase name="test465" classname="RandoopRegressionTest0" time="0.0"/>
  <testcase name="test466" classname="RandoopRegressionTest0" time="0.0"/>
  <testcase name="test467" classname="RandoopRegressionTest0" time="0.0"/>
  <testcase name="test468" classname="RandoopRegressionTest0" time="0.0"/>
  <testcase name="test469" classname="RandoopRegressionTest0" time="0.0"/>
  <testcase name="test470" classname="RandoopRegressionTest0" time="0.0"/>
  <testcase name="test471" classname="RandoopRegressionTest0" time="0.0"/>
  <testcase name="test472" classname="RandoopRegressionTest0" time="0.0"/>
  <testcase name="test473" classname="RandoopRegressionTest0" time="0.0"/>
  <testcase name="test474" classname="RandoopRegressionTest0" time="0.0"/>
  <testcase name="test475" classname="RandoopRegressionTest0" time="0.0"/>
  <testcase name="test476" classname="RandoopRegressionTest0" time="0.0"/>
  <testcase name="test477" classname="RandoopRegressionTest0" time="0.0"/>
  <testcase name="test478" classname="RandoopRegressionTest0" time="0.0"/>
  <testcase name="test479" classname="RandoopRegressionTest0" time="0.0"/>
  <testcase name="test480" classname="RandoopRegressionTest0" time="0.0"/>
  <testcase name="test481" classname="RandoopRegressionTest0" time="0.0"/>
  <testcase name="test482" classname="RandoopRegressionTest0" time="0.0"/>
  <testcase name="test483" classname="RandoopRegressionTest0" time="0.0"/>
  <testcase name="test484" classname="RandoopRegressionTest0" time="0.0"/>
  <testcase name="test485" classname="RandoopRegressionTest0" time="0.0"/>
  <testcase name="test486" classname="RandoopRegressionTest0" time="0.0"/>
  <testcase name="test487" classname="RandoopRegressionTest0" time="0.0"/>
  <testcase name="test488" classname="RandoopRegressionTest0" time="0.0"/>
  <testcase name="test489" classname="RandoopRegressionTest0" time="0.0"/>
  <testcase name="test490" classname="RandoopRegressionTest0" time="0.0"/>
  <testcase name="test491" classname="RandoopRegressionTest0" time="0.0"/>
  <testcase name="test492" classname="RandoopRegressionTest0" time="0.001"/>
  <testcase name="test493" classname="RandoopRegressionTest0" time="0.0"/>
  <testcase name="test494" classname="RandoopRegressionTest0" time="0.0"/>
  <testcase name="test495" classname="RandoopRegressionTest0" time="0.0"/>
  <testcase name="test496" classname="RandoopRegressionTest0" time="0.0"/>
  <testcase name="test497" classname="RandoopRegressionTest0" time="0.0"/>
  <testcase name="test498" classname="RandoopRegressionTest0" time="0.0"/>
  <testcase name="test499" classname="RandoopRegressionTest0" time="0.0"/>
  <testcase name="test500" classname="RandoopRegressionTest0" time="0.0"/>
  <system-out><![CDATA[]]></system-out>
  <system-err><![CDATA[]]></system-err>
</testsuite>
