<?xml version="1.0" encoding="UTF-8"?>
<testsuite name="RandoopRegressionTest4" tests="516" skipped="0" failures="0" errors="0" timestamp="2024-04-08T16:15:57" hostname="MacBook-Pro-685.local" time="0.214">
  <properties/>
  <testcase name="test2001" classname="RandoopRegressionTest4" time="0.0"/>
  <testcase name="test2002" classname="RandoopRegressionTest4" time="0.001"/>
  <testcase name="test2003" classname="RandoopRegressionTest4" time="0.0"/>
  <testcase name="test2004" classname="RandoopRegressionTest4" time="0.0"/>
  <testcase name="test2005" classname="RandoopRegressionTest4" time="0.0"/>
  <testcase name="test2006" classname="RandoopRegressionTest4" time="0.0"/>
  <testcase name="test2007" classname="RandoopRegressionTest4" time="0.0"/>
  <testcase name="test2008" classname="RandoopRegressionTest4" time="0.0"/>
  <testcase name="test2009" classname="RandoopRegressionTest4" time="0.0"/>
  <testcase name="test2010" classname="RandoopRegressionTest4" time="0.0"/>
  <testcase name="test2011" classname="RandoopRegressionTest4" time="0.0"/>
  <testcase name="test2012" classname="RandoopRegressionTest4" time="0.0"/>
  <testcase name="test2013" classname="RandoopRegressionTest4" time="0.0"/>
  <testcase name="test2014" classname="RandoopRegressionTest4" time="0.0"/>
  <testcase name="test2015" classname="RandoopRegressionTest4" time="0.001"/>
  <testcase name="test2016" classname="RandoopRegressionTest4" time="0.0"/>
  <testcase name="test2017" classname="RandoopRegressionTest4" time="0.0"/>
  <testcase name="test2018" classname="RandoopRegressionTest4" time="0.0"/>
  <testcase name="test2019" classname="RandoopRegressionTest4" time="0.0"/>
  <testcase name="test2020" classname="RandoopRegressionTest4" time="0.0"/>
  <testcase name="test2021" classname="RandoopRegressionTest4" time="0.0"/>
  <testcase name="test2022" classname="RandoopRegressionTest4" time="0.0"/>
  <testcase name="test2023" classname="RandoopRegressionTest4" time="0.0"/>
  <testcase name="test2024" classname="RandoopRegressionTest4" time="0.0"/>
  <testcase name="test2025" classname="RandoopRegressionTest4" time="0.0"/>
  <testcase name="test2026" classname="RandoopRegressionTest4" time="0.0"/>
  <testcase name="test2027" classname="RandoopRegressionTest4" time="0.0"/>
  <testcase name="test2028" classname="RandoopRegressionTest4" time="0.0"/>
  <testcase name="test2029" classname="RandoopRegressionTest4" time="0.0"/>
  <testcase name="test2030" classname="RandoopRegressionTest4" time="0.0"/>
  <testcase name="test2031" classname="RandoopRegressionTest4" time="0.0"/>
  <testcase name="test2032" classname="RandoopRegressionTest4" time="0.0"/>
  <testcase name="test2033" classname="RandoopRegressionTest4" time="0.0"/>
  <testcase name="test2034" classname="RandoopRegressionTest4" time="0.0"/>
  <testcase name="test2035" classname="RandoopRegressionTest4" time="0.0"/>
  <testcase name="test2036" classname="RandoopRegressionTest4" time="0.0"/>
  <testcase name="test2037" classname="RandoopRegressionTest4" time="0.0"/>
  <testcase name="test2038" classname="RandoopRegressionTest4" time="0.0"/>
  <testcase name="test2039" classname="RandoopRegressionTest4" time="0.0"/>
  <testcase name="test2040" classname="RandoopRegressionTest4" time="0.0"/>
  <testcase name="test2041" classname="RandoopRegressionTest4" time="0.0"/>
  <testcase name="test2042" classname="RandoopRegressionTest4" time="0.0"/>
  <testcase name="test2043" classname="RandoopRegressionTest4" time="0.0"/>
  <testcase name="test2044" classname="RandoopRegressionTest4" time="0.0"/>
  <testcase name="test2045" classname="RandoopRegressionTest4" time="0.0"/>
  <testcase name="test2046" classname="RandoopRegressionTest4" time="0.0"/>
  <testcase name="test2047" classname="RandoopRegressionTest4" time="0.0"/>
  <testcase name="test2048" classname="RandoopRegressionTest4" time="0.0"/>
  <testcase name="test2049" classname="RandoopRegressionTest4" time="0.0"/>
  <testcase name="test2050" classname="RandoopRegressionTest4" time="0.0"/>
  <testcase name="test2051" classname="RandoopRegressionTest4" time="0.0"/>
  <testcase name="test2052" classname="RandoopRegressionTest4" time="0.0"/>
  <testcase name="test2053" classname="RandoopRegressionTest4" time="0.0"/>
  <testcase name="test2054" classname="RandoopRegressionTest4" time="0.0"/>
  <testcase name="test2055" classname="RandoopRegressionTest4" time="0.0"/>
  <testcase name="test2056" classname="RandoopRegressionTest4" time="0.001"/>
  <testcase name="test2057" classname="RandoopRegressionTest4" time="0.0"/>
  <testcase name="test2058" classname="RandoopRegressionTest4" time="0.0"/>
  <testcase name="test2059" classname="RandoopRegressionTest4" time="0.0"/>
  <testcase name="test2060" classname="RandoopRegressionTest4" time="0.0"/>
  <testcase name="test2061" classname="RandoopRegressionTest4" time="0.0"/>
  <testcase name="test2062" classname="RandoopRegressionTest4" time="0.0"/>
  <testcase name="test2063" classname="RandoopRegressionTest4" time="0.0"/>
  <testcase name="test2064" classname="RandoopRegressionTest4" time="0.0"/>
  <testcase name="test2065" classname="RandoopRegressionTest4" time="0.0"/>
  <testcase name="test2066" classname="RandoopRegressionTest4" time="0.0"/>
  <testcase name="test2067" classname="RandoopRegressionTest4" time="0.0"/>
  <testcase name="test2068" classname="RandoopRegressionTest4" time="0.0"/>
  <testcase name="test2069" classname="RandoopRegressionTest4" time="0.0"/>
  <testcase name="test2070" classname="RandoopRegressionTest4" time="0.0"/>
  <testcase name="test2071" classname="RandoopRegressionTest4" time="0.0"/>
  <testcase name="test2072" classname="RandoopRegressionTest4" time="0.0"/>
  <testcase name="test2073" classname="RandoopRegressionTest4" time="0.0"/>
  <testcase name="test2074" classname="RandoopRegressionTest4" time="0.0"/>
  <testcase name="test2075" classname="RandoopRegressionTest4" time="0.001"/>
  <testcase name="test2076" classname="RandoopRegressionTest4" time="0.0"/>
  <testcase name="test2077" classname="RandoopRegressionTest4" time="0.0"/>
  <testcase name="test2078" classname="RandoopRegressionTest4" time="0.0"/>
  <testcase name="test2079" classname="RandoopRegressionTest4" time="0.0"/>
  <testcase name="test2080" classname="RandoopRegressionTest4" time="0.0"/>
  <testcase name="test2081" classname="RandoopRegressionTest4" time="0.0"/>
  <testcase name="test2082" classname="RandoopRegressionTest4" time="0.0"/>
  <testcase name="test2083" classname="RandoopRegressionTest4" time="0.0"/>
  <testcase name="test2084" classname="RandoopRegressionTest4" time="0.0"/>
  <testcase name="test2085" classname="RandoopRegressionTest4" time="0.0"/>
  <testcase name="test2086" classname="RandoopRegressionTest4" time="0.0"/>
  <testcase name="test2087" classname="RandoopRegressionTest4" time="0.0"/>
  <testcase name="test2088" classname="RandoopRegressionTest4" time="0.0"/>
  <testcase name="test2089" classname="RandoopRegressionTest4" time="0.0"/>
  <testcase name="test2090" classname="RandoopRegressionTest4" time="0.0"/>
  <testcase name="test2091" classname="RandoopRegressionTest4" time="0.0"/>
  <testcase name="test2092" classname="RandoopRegressionTest4" time="0.0"/>
  <testcase name="test2093" classname="RandoopRegressionTest4" time="0.0"/>
  <testcase name="test2094" classname="RandoopRegressionTest4" time="0.0"/>
  <testcase name="test2095" classname="RandoopRegressionTest4" time="0.0"/>
  <testcase name="test2096" classname="RandoopRegressionTest4" time="0.0"/>
  <testcase name="test2097" classname="RandoopRegressionTest4" time="0.0"/>
  <testcase name="test2098" classname="RandoopRegressionTest4" time="0.0"/>
  <testcase name="test2099" classname="RandoopRegressionTest4" time="0.0"/>
  <testcase name="test2100" classname="RandoopRegressionTest4" time="0.0"/>
  <testcase name="test2101" classname="RandoopRegressionTest4" time="0.0"/>
  <testcase name="test2102" classname="RandoopRegressionTest4" time="0.0"/>
  <testcase name="test2103" classname="RandoopRegressionTest4" time="0.001"/>
  <testcase name="test2104" classname="RandoopRegressionTest4" time="0.0"/>
  <testcase name="test2105" classname="RandoopRegressionTest4" time="0.0"/>
  <testcase name="test2106" classname="RandoopRegressionTest4" time="0.0"/>
  <testcase name="test2107" classname="RandoopRegressionTest4" time="0.0"/>
  <testcase name="test2108" classname="RandoopRegressionTest4" time="0.0"/>
  <testcase name="test2109" classname="RandoopRegressionTest4" time="0.0"/>
  <testcase name="test2110" classname="RandoopRegressionTest4" time="0.0"/>
  <testcase name="test2111" classname="RandoopRegressionTest4" time="0.0"/>
  <testcase name="test2112" classname="RandoopRegressionTest4" time="0.0"/>
  <testcase name="test2113" classname="RandoopRegressionTest4" time="0.0"/>
  <testcase name="test2114" classname="RandoopRegressionTest4" time="0.0"/>
  <testcase name="test2115" classname="RandoopRegressionTest4" time="0.0"/>
  <testcase name="test2116" classname="RandoopRegressionTest4" time="0.0"/>
  <testcase name="test2117" classname="RandoopRegressionTest4" time="0.0"/>
  <testcase name="test2118" classname="RandoopRegressionTest4" time="0.0"/>
  <testcase name="test2119" classname="RandoopRegressionTest4" time="0.0"/>
  <testcase name="test2120" classname="RandoopRegressionTest4" time="0.0"/>
  <testcase name="test2121" classname="RandoopRegressionTest4" time="0.0"/>
  <testcase name="test2122" classname="RandoopRegressionTest4" time="0.0"/>
  <testcase name="test2123" classname="RandoopRegressionTest4" time="0.0"/>
  <testcase name="test2124" classname="RandoopRegressionTest4" time="0.0"/>
  <testcase name="test2125" classname="RandoopRegressionTest4" time="0.0"/>
  <testcase name="test2126" classname="RandoopRegressionTest4" time="0.0"/>
  <testcase name="test2127" classname="RandoopRegressionTest4" time="0.0"/>
  <testcase name="test2128" classname="RandoopRegressionTest4" time="0.0"/>
  <testcase name="test2129" classname="RandoopRegressionTest4" time="0.0"/>
  <testcase name="test2130" classname="RandoopRegressionTest4" time="0.0"/>
  <testcase name="test2131" classname="RandoopRegressionTest4" time="0.0"/>
  <testcase name="test2132" classname="RandoopRegressionTest4" time="0.0"/>
  <testcase name="test2133" classname="RandoopRegressionTest4" time="0.0"/>
  <testcase name="test2134" classname="RandoopRegressionTest4" time="0.0"/>
  <testcase name="test2135" classname="RandoopRegressionTest4" time="0.0"/>
  <testcase name="test2136" classname="RandoopRegressionTest4" time="0.0"/>
  <testcase name="test2137" classname="RandoopRegressionTest4" time="0.001"/>
  <testcase name="test2138" classname="RandoopRegressionTest4" time="0.0"/>
  <testcase name="test2139" classname="RandoopRegressionTest4" time="0.0"/>
  <testcase name="test2140" classname="RandoopRegressionTest4" time="0.0"/>
  <testcase name="test2141" classname="RandoopRegressionTest4" time="0.0"/>
  <testcase name="test2142" classname="RandoopRegressionTest4" time="0.0"/>
  <testcase name="test2143" classname="RandoopRegressionTest4" time="0.0"/>
  <testcase name="test2144" classname="RandoopRegressionTest4" time="0.0"/>
  <testcase name="test2145" classname="RandoopRegressionTest4" time="0.0"/>
  <testcase name="test2146" classname="RandoopRegressionTest4" time="0.0"/>
  <testcase name="test2147" classname="RandoopRegressionTest4" time="0.0"/>
  <testcase name="test2148" classname="RandoopRegressionTest4" time="0.0"/>
  <testcase name="test2149" classname="RandoopRegressionTest4" time="0.0"/>
  <testcase name="test2150" classname="RandoopRegressionTest4" time="0.0"/>
  <testcase name="test2151" classname="RandoopRegressionTest4" time="0.0"/>
  <testcase name="test2152" classname="RandoopRegressionTest4" time="0.001"/>
  <testcase name="test2153" classname="RandoopRegressionTest4" time="0.0"/>
  <testcase name="test2154" classname="RandoopRegressionTest4" time="0.0"/>
  <testcase name="test2155" classname="RandoopRegressionTest4" time="0.0"/>
  <testcase name="test2156" classname="RandoopRegressionTest4" time="0.0"/>
  <testcase name="test2157" classname="RandoopRegressionTest4" time="0.0"/>
  <testcase name="test2158" classname="RandoopRegressionTest4" time="0.0"/>
  <testcase name="test2159" classname="RandoopRegressionTest4" time="0.0"/>
  <testcase name="test2160" classname="RandoopRegressionTest4" time="0.0"/>
  <testcase name="test2161" classname="RandoopRegressionTest4" time="0.0"/>
  <testcase name="test2162" classname="RandoopRegressionTest4" time="0.0"/>
  <testcase name="test2163" classname="RandoopRegressionTest4" time="0.0"/>
  <testcase name="test2164" classname="RandoopRegressionTest4" time="0.0"/>
  <testcase name="test2165" classname="RandoopRegressionTest4" time="0.0"/>
  <testcase name="test2166" classname="RandoopRegressionTest4" time="0.0"/>
  <testcase name="test2167" classname="RandoopRegressionTest4" time="0.0"/>
  <testcase name="test2168" classname="RandoopRegressionTest4" time="0.0"/>
  <testcase name="test2169" classname="RandoopRegressionTest4" time="0.0"/>
  <testcase name="test2170" classname="RandoopRegressionTest4" time="0.0"/>
  <testcase name="test2171" classname="RandoopRegressionTest4" time="0.0"/>
  <testcase name="test2172" classname="RandoopRegressionTest4" time="0.0"/>
  <testcase name="test2173" classname="RandoopRegressionTest4" time="0.0"/>
  <testcase name="test2174" classname="RandoopRegressionTest4" time="0.0"/>
  <testcase name="test2175" classname="RandoopRegressionTest4" time="0.0"/>
  <testcase name="test2176" classname="RandoopRegressionTest4" time="0.0"/>
  <testcase name="test2177" classname="RandoopRegressionTest4" time="0.0"/>
  <testcase name="test2178" classname="RandoopRegressionTest4" time="0.0"/>
  <testcase name="test2179" classname="RandoopRegressionTest4" time="0.0"/>
  <testcase name="test2180" classname="RandoopRegressionTest4" time="0.0"/>
  <testcase name="test2181" classname="RandoopRegressionTest4" time="0.0"/>
  <testcase name="test2182" classname="RandoopRegressionTest4" time="0.001"/>
  <testcase name="test2183" classname="RandoopRegressionTest4" time="0.0"/>
  <testcase name="test2184" classname="RandoopRegressionTest4" time="0.0"/>
  <testcase name="test2185" classname="RandoopRegressionTest4" time="0.0"/>
  <testcase name="test2186" classname="RandoopRegressionTest4" time="0.0"/>
  <testcase name="test2187" classname="RandoopRegressionTest4" time="0.0"/>
  <testcase name="test2188" classname="RandoopRegressionTest4" time="0.0"/>
  <testcase name="test2189" classname="RandoopRegressionTest4" time="0.0"/>
  <testcase name="test2190" classname="RandoopRegressionTest4" time="0.0"/>
  <testcase name="test2191" classname="RandoopRegressionTest4" time="0.0"/>
  <testcase name="test2192" classname="RandoopRegressionTest4" time="0.0"/>
  <testcase name="test2193" classname="RandoopRegressionTest4" time="0.0"/>
  <testcase name="test2194" classname="RandoopRegressionTest4" time="0.0"/>
  <testcase name="test2195" classname="RandoopRegressionTest4" time="0.0"/>
  <testcase name="test2196" classname="RandoopRegressionTest4" time="0.0"/>
  <testcase name="test2197" classname="RandoopRegressionTest4" time="0.0"/>
  <testcase name="test2198" classname="RandoopRegressionTest4" time="0.0"/>
  <testcase name="test2199" classname="RandoopRegressionTest4" time="0.0"/>
  <testcase name="test2200" classname="RandoopRegressionTest4" time="0.0"/>
  <testcase name="test2201" classname="RandoopRegressionTest4" time="0.0"/>
  <testcase name="test2202" classname="RandoopRegressionTest4" time="0.0"/>
  <testcase name="test2203" classname="RandoopRegressionTest4" time="0.0"/>
  <testcase name="test2204" classname="RandoopRegressionTest4" time="0.0"/>
  <testcase name="test2205" classname="RandoopRegressionTest4" time="0.0"/>
  <testcase name="test2206" classname="RandoopRegressionTest4" time="0.0"/>
  <testcase name="test2207" classname="RandoopRegressionTest4" time="0.0"/>
  <testcase name="test2208" classname="RandoopRegressionTest4" time="0.0"/>
  <testcase name="test2209" classname="RandoopRegressionTest4" time="0.0"/>
  <testcase name="test2210" classname="RandoopRegressionTest4" time="0.0"/>
  <testcase name="test2211" classname="RandoopRegressionTest4" time="0.0"/>
  <testcase name="test2212" classname="RandoopRegressionTest4" time="0.0"/>
  <testcase name="test2213" classname="RandoopRegressionTest4" time="0.0"/>
  <testcase name="test2214" classname="RandoopRegressionTest4" time="0.0"/>
  <testcase name="test2215" classname="RandoopRegressionTest4" time="0.0"/>
  <testcase name="test2216" classname="RandoopRegressionTest4" time="0.0"/>
  <testcase name="test2217" classname="RandoopRegressionTest4" time="0.0"/>
  <testcase name="test2218" classname="RandoopRegressionTest4" time="0.0"/>
  <testcase name="test2219" classname="RandoopRegressionTest4" time="0.0"/>
  <testcase name="test2220" classname="RandoopRegressionTest4" time="0.0"/>
  <testcase name="test2221" classname="RandoopRegressionTest4" time="0.0"/>
  <testcase name="test2222" classname="RandoopRegressionTest4" time="0.0"/>
  <testcase name="test2223" classname="RandoopRegressionTest4" time="0.0"/>
  <testcase name="test2224" classname="RandoopRegressionTest4" time="0.0"/>
  <testcase name="test2225" classname="RandoopRegressionTest4" time="0.0"/>
  <testcase name="test2226" classname="RandoopRegressionTest4" time="0.0"/>
  <testcase name="test2227" classname="RandoopRegressionTest4" time="0.0"/>
  <testcase name="test2228" classname="RandoopRegressionTest4" time="0.0"/>
  <testcase name="test2229" classname="RandoopRegressionTest4" time="0.0"/>
  <testcase name="test2230" classname="RandoopRegressionTest4" time="0.0"/>
  <testcase name="test2231" classname="RandoopRegressionTest4" time="0.0"/>
  <testcase name="test2232" classname="RandoopRegressionTest4" time="0.0"/>
  <testcase name="test2233" classname="RandoopRegressionTest4" time="0.0"/>
  <testcase name="test2234" classname="RandoopRegressionTest4" time="0.0"/>
  <testcase name="test2235" classname="RandoopRegressionTest4" time="0.0"/>
  <testcase name="test2236" classname="RandoopRegressionTest4" time="0.0"/>
  <testcase name="test2237" classname="RandoopRegressionTest4" time="0.0"/>
  <testcase name="test2238" classname="RandoopRegressionTest4" time="0.0"/>
  <testcase name="test2239" classname="RandoopRegressionTest4" time="0.0"/>
  <testcase name="test2240" classname="RandoopRegressionTest4" time="0.0"/>
  <testcase name="test2241" classname="RandoopRegressionTest4" time="0.0"/>
  <testcase name="test2242" classname="RandoopRegressionTest4" time="0.0"/>
  <testcase name="test2243" classname="RandoopRegressionTest4" time="0.0"/>
  <testcase name="test2244" classname="RandoopRegressionTest4" time="0.0"/>
  <testcase name="test2245" classname="RandoopRegressionTest4" time="0.0"/>
  <testcase name="test2246" classname="RandoopRegressionTest4" time="0.0"/>
  <testcase name="test2247" classname="RandoopRegressionTest4" time="0.0"/>
  <testcase name="test2248" classname="RandoopRegressionTest4" time="0.0"/>
  <testcase name="test2249" classname="RandoopRegressionTest4" time="0.0"/>
  <testcase name="test2250" classname="RandoopRegressionTest4" time="0.0"/>
  <testcase name="test2251" classname="RandoopRegressionTest4" time="0.0"/>
  <testcase name="test2252" classname="RandoopRegressionTest4" time="0.0"/>
  <testcase name="test2253" classname="RandoopRegressionTest4" time="0.0"/>
  <testcase name="test2254" classname="RandoopRegressionTest4" time="0.0"/>
  <testcase name="test2255" classname="RandoopRegressionTest4" time="0.0"/>
  <testcase name="test2256" classname="RandoopRegressionTest4" time="0.0"/>
  <testcase name="test2257" classname="RandoopRegressionTest4" time="0.001"/>
  <testcase name="test2258" classname="RandoopRegressionTest4" time="0.0"/>
  <testcase name="test2001" classname="RandoopRegressionTest4" time="0.0"/>
  <testcase name="test2002" classname="RandoopRegressionTest4" time="0.0"/>
  <testcase name="test2003" classname="RandoopRegressionTest4" time="0.0"/>
  <testcase name="test2004" classname="RandoopRegressionTest4" time="0.0"/>
  <testcase name="test2005" classname="RandoopRegressionTest4" time="0.0"/>
  <testcase name="test2006" classname="RandoopRegressionTest4" time="0.0"/>
  <testcase name="test2007" classname="RandoopRegressionTest4" time="0.0"/>
  <testcase name="test2008" classname="RandoopRegressionTest4" time="0.0"/>
  <testcase name="test2009" classname="RandoopRegressionTest4" time="0.001"/>
  <testcase name="test2010" classname="RandoopRegressionTest4" time="0.0"/>
  <testcase name="test2011" classname="RandoopRegressionTest4" time="0.0"/>
  <testcase name="test2012" classname="RandoopRegressionTest4" time="0.0"/>
  <testcase name="test2013" classname="RandoopRegressionTest4" time="0.0"/>
  <testcase name="test2014" classname="RandoopRegressionTest4" time="0.0"/>
  <testcase name="test2015" classname="RandoopRegressionTest4" time="0.0"/>
  <testcase name="test2016" classname="RandoopRegressionTest4" time="0.0"/>
  <testcase name="test2017" classname="RandoopRegressionTest4" time="0.0"/>
  <testcase name="test2018" classname="RandoopRegressionTest4" time="0.0"/>
  <testcase name="test2019" classname="RandoopRegressionTest4" time="0.0"/>
  <testcase name="test2020" classname="RandoopRegressionTest4" time="0.0"/>
  <testcase name="test2021" classname="RandoopRegressionTest4" time="0.0"/>
  <testcase name="test2022" classname="RandoopRegressionTest4" time="0.0"/>
  <testcase name="test2023" classname="RandoopRegressionTest4" time="0.0"/>
  <testcase name="test2024" classname="RandoopRegressionTest4" time="0.0"/>
  <testcase name="test2025" classname="RandoopRegressionTest4" time="0.0"/>
  <testcase name="test2026" classname="RandoopRegressionTest4" time="0.0"/>
  <testcase name="test2027" classname="RandoopRegressionTest4" time="0.0"/>
  <testcase name="test2028" classname="RandoopRegressionTest4" time="0.001"/>
  <testcase name="test2029" classname="RandoopRegressionTest4" time="0.0"/>
  <testcase name="test2030" classname="RandoopRegressionTest4" time="0.0"/>
  <testcase name="test2031" classname="RandoopRegressionTest4" time="0.0"/>
  <testcase name="test2032" classname="RandoopRegressionTest4" time="0.0"/>
  <testcase name="test2033" classname="RandoopRegressionTest4" time="0.0"/>
  <testcase name="test2034" classname="RandoopRegressionTest4" time="0.0"/>
  <testcase name="test2035" classname="RandoopRegressionTest4" time="0.0"/>
  <testcase name="test2036" classname="RandoopRegressionTest4" time="0.0"/>
  <testcase name="test2037" classname="RandoopRegressionTest4" time="0.0"/>
  <testcase name="test2038" classname="RandoopRegressionTest4" time="0.0"/>
  <testcase name="test2039" classname="RandoopRegressionTest4" time="0.0"/>
  <testcase name="test2040" classname="RandoopRegressionTest4" time="0.0"/>
  <testcase name="test2041" classname="RandoopRegressionTest4" time="0.0"/>
  <testcase name="test2042" classname="RandoopRegressionTest4" time="0.0"/>
  <testcase name="test2043" classname="RandoopRegressionTest4" time="0.001"/>
  <testcase name="test2044" classname="RandoopRegressionTest4" time="0.0"/>
  <testcase name="test2045" classname="RandoopRegressionTest4" time="0.0"/>
  <testcase name="test2046" classname="RandoopRegressionTest4" time="0.0"/>
  <testcase name="test2047" classname="RandoopRegressionTest4" time="0.0"/>
  <testcase name="test2048" classname="RandoopRegressionTest4" time="0.0"/>
  <testcase name="test2049" classname="RandoopRegressionTest4" time="0.0"/>
  <testcase name="test2050" classname="RandoopRegressionTest4" time="0.0"/>
  <testcase name="test2051" classname="RandoopRegressionTest4" time="0.0"/>
  <testcase name="test2052" classname="RandoopRegressionTest4" time="0.0"/>
  <testcase name="test2053" classname="RandoopRegressionTest4" time="0.0"/>
  <testcase name="test2054" classname="RandoopRegressionTest4" time="0.0"/>
  <testcase name="test2055" classname="RandoopRegressionTest4" time="0.0"/>
  <testcase name="test2056" classname="RandoopRegressionTest4" time="0.0"/>
  <testcase name="test2057" classname="RandoopRegressionTest4" time="0.0"/>
  <testcase name="test2058" classname="RandoopRegressionTest4" time="0.0"/>
  <testcase name="test2059" classname="RandoopRegressionTest4" time="0.0"/>
  <testcase name="test2060" classname="RandoopRegressionTest4" time="0.0"/>
  <testcase name="test2061" classname="RandoopRegressionTest4" time="0.0"/>
  <testcase name="test2062" classname="RandoopRegressionTest4" time="0.0"/>
  <testcase name="test2063" classname="RandoopRegressionTest4" time="0.0"/>
  <testcase name="test2064" classname="RandoopRegressionTest4" time="0.0"/>
  <testcase name="test2065" classname="RandoopRegressionTest4" time="0.0"/>
  <testcase name="test2066" classname="RandoopRegressionTest4" time="0.0"/>
  <testcase name="test2067" classname="RandoopRegressionTest4" time="0.0"/>
  <testcase name="test2068" classname="RandoopRegressionTest4" time="0.0"/>
  <testcase name="test2069" classname="RandoopRegressionTest4" time="0.0"/>
  <testcase name="test2070" classname="RandoopRegressionTest4" time="0.0"/>
  <testcase name="test2071" classname="RandoopRegressionTest4" time="0.0"/>
  <testcase name="test2072" classname="RandoopRegressionTest4" time="0.0"/>
  <testcase name="test2073" classname="RandoopRegressionTest4" time="0.0"/>
  <testcase name="test2074" classname="RandoopRegressionTest4" time="0.0"/>
  <testcase name="test2075" classname="RandoopRegressionTest4" time="0.0"/>
  <testcase name="test2076" classname="RandoopRegressionTest4" time="0.0"/>
  <testcase name="test2077" classname="RandoopRegressionTest4" time="0.0"/>
  <testcase name="test2078" classname="RandoopRegressionTest4" time="0.0"/>
  <testcase name="test2079" classname="RandoopRegressionTest4" time="0.0"/>
  <testcase name="test2080" classname="RandoopRegressionTest4" time="0.0"/>
  <testcase name="test2081" classname="RandoopRegressionTest4" time="0.0"/>
  <testcase name="test2082" classname="RandoopRegressionTest4" time="0.001"/>
  <testcase name="test2083" classname="RandoopRegressionTest4" time="0.0"/>
  <testcase name="test2084" classname="RandoopRegressionTest4" time="0.0"/>
  <testcase name="test2085" classname="RandoopRegressionTest4" time="0.0"/>
  <testcase name="test2086" classname="RandoopRegressionTest4" time="0.0"/>
  <testcase name="test2087" classname="RandoopRegressionTest4" time="0.0"/>
  <testcase name="test2088" classname="RandoopRegressionTest4" time="0.0"/>
  <testcase name="test2089" classname="RandoopRegressionTest4" time="0.0"/>
  <testcase name="test2090" classname="RandoopRegressionTest4" time="0.0"/>
  <testcase name="test2091" classname="RandoopRegressionTest4" time="0.0"/>
  <testcase name="test2092" classname="RandoopRegressionTest4" time="0.0"/>
  <testcase name="test2093" classname="RandoopRegressionTest4" time="0.0"/>
  <testcase name="test2094" classname="RandoopRegressionTest4" time="0.0"/>
  <testcase name="test2095" classname="RandoopRegressionTest4" time="0.0"/>
  <testcase name="test2096" classname="RandoopRegressionTest4" time="0.0"/>
  <testcase name="test2097" classname="RandoopRegressionTest4" time="0.0"/>
  <testcase name="test2098" classname="RandoopRegressionTest4" time="0.0"/>
  <testcase name="test2099" classname="RandoopRegressionTest4" time="0.0"/>
  <testcase name="test2100" classname="RandoopRegressionTest4" time="0.0"/>
  <testcase name="test2101" classname="RandoopRegressionTest4" time="0.0"/>
  <testcase name="test2102" classname="RandoopRegressionTest4" time="0.0"/>
  <testcase name="test2103" classname="RandoopRegressionTest4" time="0.0"/>
  <testcase name="test2104" classname="RandoopRegressionTest4" time="0.0"/>
  <testcase name="test2105" classname="RandoopRegressionTest4" time="0.0"/>
  <testcase name="test2106" classname="RandoopRegressionTest4" time="0.0"/>
  <testcase name="test2107" classname="RandoopRegressionTest4" time="0.0"/>
  <testcase name="test2108" classname="RandoopRegressionTest4" time="0.0"/>
  <testcase name="test2109" classname="RandoopRegressionTest4" time="0.001"/>
  <testcase name="test2110" classname="RandoopRegressionTest4" time="0.0"/>
  <testcase name="test2111" classname="RandoopRegressionTest4" time="0.0"/>
  <testcase name="test2112" classname="RandoopRegressionTest4" time="0.0"/>
  <testcase name="test2113" classname="RandoopRegressionTest4" time="0.0"/>
  <testcase name="test2114" classname="RandoopRegressionTest4" time="0.0"/>
  <testcase name="test2115" classname="RandoopRegressionTest4" time="0.0"/>
  <testcase name="test2116" classname="RandoopRegressionTest4" time="0.0"/>
  <testcase name="test2117" classname="RandoopRegressionTest4" time="0.0"/>
  <testcase name="test2118" classname="RandoopRegressionTest4" time="0.0"/>
  <testcase name="test2119" classname="RandoopRegressionTest4" time="0.0"/>
  <testcase name="test2120" classname="RandoopRegressionTest4" time="0.0"/>
  <testcase name="test2121" classname="RandoopRegressionTest4" time="0.0"/>
  <testcase name="test2122" classname="RandoopRegressionTest4" time="0.0"/>
  <testcase name="test2123" classname="RandoopRegressionTest4" time="0.0"/>
  <testcase name="test2124" classname="RandoopRegressionTest4" time="0.0"/>
  <testcase name="test2125" classname="RandoopRegressionTest4" time="0.001"/>
  <testcase name="test2126" classname="RandoopRegressionTest4" time="0.0"/>
  <testcase name="test2127" classname="RandoopRegressionTest4" time="0.0"/>
  <testcase name="test2128" classname="RandoopRegressionTest4" time="0.0"/>
  <testcase name="test2129" classname="RandoopRegressionTest4" time="0.0"/>
  <testcase name="test2130" classname="RandoopRegressionTest4" time="0.0"/>
  <testcase name="test2131" classname="RandoopRegressionTest4" time="0.0"/>
  <testcase name="test2132" classname="RandoopRegressionTest4" time="0.0"/>
  <testcase name="test2133" classname="RandoopRegressionTest4" time="0.0"/>
  <testcase name="test2134" classname="RandoopRegressionTest4" time="0.0"/>
  <testcase name="test2135" classname="RandoopRegressionTest4" time="0.0"/>
  <testcase name="test2136" classname="RandoopRegressionTest4" time="0.0"/>
  <testcase name="test2137" classname="RandoopRegressionTest4" time="0.0"/>
  <testcase name="test2138" classname="RandoopRegressionTest4" time="0.0"/>
  <testcase name="test2139" classname="RandoopRegressionTest4" time="0.0"/>
  <testcase name="test2140" classname="RandoopRegressionTest4" time="0.0"/>
  <testcase name="test2141" classname="RandoopRegressionTest4" time="0.001"/>
  <testcase name="test2142" classname="RandoopRegressionTest4" time="0.0"/>
  <testcase name="test2143" classname="RandoopRegressionTest4" time="0.0"/>
  <testcase name="test2144" classname="RandoopRegressionTest4" time="0.0"/>
  <testcase name="test2145" classname="RandoopRegressionTest4" time="0.0"/>
  <testcase name="test2146" classname="RandoopRegressionTest4" time="0.0"/>
  <testcase name="test2147" classname="RandoopRegressionTest4" time="0.0"/>
  <testcase name="test2148" classname="RandoopRegressionTest4" time="0.0"/>
  <testcase name="test2149" classname="RandoopRegressionTest4" time="0.0"/>
  <testcase name="test2150" classname="RandoopRegressionTest4" time="0.0"/>
  <testcase name="test2151" classname="RandoopRegressionTest4" time="0.0"/>
  <testcase name="test2152" classname="RandoopRegressionTest4" time="0.0"/>
  <testcase name="test2153" classname="RandoopRegressionTest4" time="0.0"/>
  <testcase name="test2154" classname="RandoopRegressionTest4" time="0.0"/>
  <testcase name="test2155" classname="RandoopRegressionTest4" time="0.0"/>
  <testcase name="test2156" classname="RandoopRegressionTest4" time="0.0"/>
  <testcase name="test2157" classname="RandoopRegressionTest4" time="0.0"/>
  <testcase name="test2158" classname="RandoopRegressionTest4" time="0.0"/>
  <testcase name="test2159" classname="RandoopRegressionTest4" time="0.0"/>
  <testcase name="test2160" classname="RandoopRegressionTest4" time="0.0"/>
  <testcase name="test2161" classname="RandoopRegressionTest4" time="0.0"/>
  <testcase name="test2162" classname="RandoopRegressionTest4" time="0.0"/>
  <testcase name="test2163" classname="RandoopRegressionTest4" time="0.0"/>
  <testcase name="test2164" classname="RandoopRegressionTest4" time="0.0"/>
  <testcase name="test2165" classname="RandoopRegressionTest4" time="0.0"/>
  <testcase name="test2166" classname="RandoopRegressionTest4" time="0.0"/>
  <testcase name="test2167" classname="RandoopRegressionTest4" time="0.0"/>
  <testcase name="test2168" classname="RandoopRegressionTest4" time="0.0"/>
  <testcase name="test2169" classname="RandoopRegressionTest4" time="0.0"/>
  <testcase name="test2170" classname="RandoopRegressionTest4" time="0.0"/>
  <testcase name="test2171" classname="RandoopRegressionTest4" time="0.0"/>
  <testcase name="test2172" classname="RandoopRegressionTest4" time="0.0"/>
  <testcase name="test2173" classname="RandoopRegressionTest4" time="0.0"/>
  <testcase name="test2174" classname="RandoopRegressionTest4" time="0.0"/>
  <testcase name="test2175" classname="RandoopRegressionTest4" time="0.0"/>
  <testcase name="test2176" classname="RandoopRegressionTest4" time="0.001"/>
  <testcase name="test2177" classname="RandoopRegressionTest4" time="0.0"/>
  <testcase name="test2178" classname="RandoopRegressionTest4" time="0.0"/>
  <testcase name="test2179" classname="RandoopRegressionTest4" time="0.0"/>
  <testcase name="test2180" classname="RandoopRegressionTest4" time="0.0"/>
  <testcase name="test2181" classname="RandoopRegressionTest4" time="0.0"/>
  <testcase name="test2182" classname="RandoopRegressionTest4" time="0.0"/>
  <testcase name="test2183" classname="RandoopRegressionTest4" time="0.0"/>
  <testcase name="test2184" classname="RandoopRegressionTest4" time="0.0"/>
  <testcase name="test2185" classname="RandoopRegressionTest4" time="0.0"/>
  <testcase name="test2186" classname="RandoopRegressionTest4" time="0.0"/>
  <testcase name="test2187" classname="RandoopRegressionTest4" time="0.0"/>
  <testcase name="test2188" classname="RandoopRegressionTest4" time="0.0"/>
  <testcase name="test2189" classname="RandoopRegressionTest4" time="0.0"/>
  <testcase name="test2190" classname="RandoopRegressionTest4" time="0.0"/>
  <testcase name="test2191" classname="RandoopRegressionTest4" time="0.0"/>
  <testcase name="test2192" classname="RandoopRegressionTest4" time="0.0"/>
  <testcase name="test2193" classname="RandoopRegressionTest4" time="0.0"/>
  <testcase name="test2194" classname="RandoopRegressionTest4" time="0.0"/>
  <testcase name="test2195" classname="RandoopRegressionTest4" time="0.0"/>
  <testcase name="test2196" classname="RandoopRegressionTest4" time="0.0"/>
  <testcase name="test2197" classname="RandoopRegressionTest4" time="0.0"/>
  <testcase name="test2198" classname="RandoopRegressionTest4" time="0.0"/>
  <testcase name="test2199" classname="RandoopRegressionTest4" time="0.0"/>
  <testcase name="test2200" classname="RandoopRegressionTest4" time="0.0"/>
  <testcase name="test2201" classname="RandoopRegressionTest4" time="0.0"/>
  <testcase name="test2202" classname="RandoopRegressionTest4" time="0.0"/>
  <testcase name="test2203" classname="RandoopRegressionTest4" time="0.0"/>
  <testcase name="test2204" classname="RandoopRegressionTest4" time="0.0"/>
  <testcase name="test2205" classname="RandoopRegressionTest4" time="0.0"/>
  <testcase name="test2206" classname="RandoopRegressionTest4" time="0.0"/>
  <testcase name="test2207" classname="RandoopRegressionTest4" time="0.0"/>
  <testcase name="test2208" classname="RandoopRegressionTest4" time="0.0"/>
  <testcase name="test2209" classname="RandoopRegressionTest4" time="0.0"/>
  <testcase name="test2210" classname="RandoopRegressionTest4" time="0.0"/>
  <testcase name="test2211" classname="RandoopRegressionTest4" time="0.0"/>
  <testcase name="test2212" classname="RandoopRegressionTest4" time="0.0"/>
  <testcase name="test2213" classname="RandoopRegressionTest4" time="0.0"/>
  <testcase name="test2214" classname="RandoopRegressionTest4" time="0.0"/>
  <testcase name="test2215" classname="RandoopRegressionTest4" time="0.0"/>
  <testcase name="test2216" classname="RandoopRegressionTest4" time="0.0"/>
  <testcase name="test2217" classname="RandoopRegressionTest4" time="0.0"/>
  <testcase name="test2218" classname="RandoopRegressionTest4" time="0.0"/>
  <testcase name="test2219" classname="RandoopRegressionTest4" time="0.001"/>
  <testcase name="test2220" classname="RandoopRegressionTest4" time="0.0"/>
  <testcase name="test2221" classname="RandoopRegressionTest4" time="0.0"/>
  <testcase name="test2222" classname="RandoopRegressionTest4" time="0.0"/>
  <testcase name="test2223" classname="RandoopRegressionTest4" time="0.0"/>
  <testcase name="test2224" classname="RandoopRegressionTest4" time="0.0"/>
  <testcase name="test2225" classname="RandoopRegressionTest4" time="0.0"/>
  <testcase name="test2226" classname="RandoopRegressionTest4" time="0.0"/>
  <testcase name="test2227" classname="RandoopRegressionTest4" time="0.0"/>
  <testcase name="test2228" classname="RandoopRegressionTest4" time="0.0"/>
  <testcase name="test2229" classname="RandoopRegressionTest4" time="0.0"/>
  <testcase name="test2230" classname="RandoopRegressionTest4" time="0.0"/>
  <testcase name="test2231" classname="RandoopRegressionTest4" time="0.0"/>
  <testcase name="test2232" classname="RandoopRegressionTest4" time="0.0"/>
  <testcase name="test2233" classname="RandoopRegressionTest4" time="0.0"/>
  <testcase name="test2234" classname="RandoopRegressionTest4" time="0.0"/>
  <testcase name="test2235" classname="RandoopRegressionTest4" time="0.0"/>
  <testcase name="test2236" classname="RandoopRegressionTest4" time="0.0"/>
  <testcase name="test2237" classname="RandoopRegressionTest4" time="0.0"/>
  <testcase name="test2238" classname="RandoopRegressionTest4" time="0.0"/>
  <testcase name="test2239" classname="RandoopRegressionTest4" time="0.0"/>
  <testcase name="test2240" classname="RandoopRegressionTest4" time="0.0"/>
  <testcase name="test2241" classname="RandoopRegressionTest4" time="0.0"/>
  <testcase name="test2242" classname="RandoopRegressionTest4" time="0.0"/>
  <testcase name="test2243" classname="RandoopRegressionTest4" time="0.0"/>
  <testcase name="test2244" classname="RandoopRegressionTest4" time="0.0"/>
  <testcase name="test2245" classname="RandoopRegressionTest4" time="0.0"/>
  <testcase name="test2246" classname="RandoopRegressionTest4" time="0.0"/>
  <testcase name="test2247" classname="RandoopRegressionTest4" time="0.0"/>
  <testcase name="test2248" classname="RandoopRegressionTest4" time="0.0"/>
  <testcase name="test2249" classname="RandoopRegressionTest4" time="0.0"/>
  <testcase name="test2250" classname="RandoopRegressionTest4" time="0.0"/>
  <testcase name="test2251" classname="RandoopRegressionTest4" time="0.0"/>
  <testcase name="test2252" classname="RandoopRegressionTest4" time="0.0"/>
  <testcase name="test2253" classname="RandoopRegressionTest4" time="0.0"/>
  <testcase name="test2254" classname="RandoopRegressionTest4" time="0.0"/>
  <testcase name="test2255" classname="RandoopRegressionTest4" time="0.0"/>
  <testcase name="test2256" classname="RandoopRegressionTest4" time="0.0"/>
  <testcase name="test2257" classname="RandoopRegressionTest4" time="0.0"/>
  <testcase name="test2258" classname="RandoopRegressionTest4" time="0.0"/>
  <system-out><![CDATA[]]></system-out>
  <system-err><![CDATA[]]></system-err>
</testsuite>
