<?xml version="1.0" encoding="UTF-8"?>
<testsuite name="RandoopRegressionTest6" tests="1000" skipped="0" failures="0" errors="0" timestamp="2024-04-08T15:58:25" hostname="MacBook-Pro-685.local" time="0.172">
  <properties/>
  <testcase name="test3001" classname="RandoopRegressionTest6" time="0.0"/>
  <testcase name="test3002" classname="RandoopRegressionTest6" time="0.0"/>
  <testcase name="test3003" classname="RandoopRegressionTest6" time="0.0"/>
  <testcase name="test3004" classname="RandoopRegressionTest6" time="0.0"/>
  <testcase name="test3005" classname="RandoopRegressionTest6" time="0.0"/>
  <testcase name="test3006" classname="RandoopRegressionTest6" time="0.0"/>
  <testcase name="test3007" classname="RandoopRegressionTest6" time="0.0"/>
  <testcase name="test3008" classname="RandoopRegressionTest6" time="0.0"/>
  <testcase name="test3009" classname="RandoopRegressionTest6" time="0.0"/>
  <testcase name="test3010" classname="RandoopRegressionTest6" time="0.0"/>
  <testcase name="test3011" classname="RandoopRegressionTest6" time="0.0"/>
  <testcase name="test3012" classname="RandoopRegressionTest6" time="0.0"/>
  <testcase name="test3013" classname="RandoopRegressionTest6" time="0.0"/>
  <testcase name="test3014" classname="RandoopRegressionTest6" time="0.0"/>
  <testcase name="test3015" classname="RandoopRegressionTest6" time="0.0"/>
  <testcase name="test3016" classname="RandoopRegressionTest6" time="0.0"/>
  <testcase name="test3017" classname="RandoopRegressionTest6" time="0.0"/>
  <testcase name="test3018" classname="RandoopRegressionTest6" time="0.0"/>
  <testcase name="test3019" classname="RandoopRegressionTest6" time="0.0"/>
  <testcase name="test3020" classname="RandoopRegressionTest6" time="0.0"/>
  <testcase name="test3021" classname="RandoopRegressionTest6" time="0.0"/>
  <testcase name="test3022" classname="RandoopRegressionTest6" time="0.0"/>
  <testcase name="test3023" classname="RandoopRegressionTest6" time="0.0"/>
  <testcase name="test3024" classname="RandoopRegressionTest6" time="0.0"/>
  <testcase name="test3025" classname="RandoopRegressionTest6" time="0.0"/>
  <testcase name="test3026" classname="RandoopRegressionTest6" time="0.0"/>
  <testcase name="test3027" classname="RandoopRegressionTest6" time="0.0"/>
  <testcase name="test3028" classname="RandoopRegressionTest6" time="0.0"/>
  <testcase name="test3029" classname="RandoopRegressionTest6" time="0.0"/>
  <testcase name="test3030" classname="RandoopRegressionTest6" time="0.0"/>
  <testcase name="test3031" classname="RandoopRegressionTest6" time="0.0"/>
  <testcase name="test3032" classname="RandoopRegressionTest6" time="0.0"/>
  <testcase name="test3033" classname="RandoopRegressionTest6" time="0.0"/>
  <testcase name="test3034" classname="RandoopRegressionTest6" time="0.0"/>
  <testcase name="test3035" classname="RandoopRegressionTest6" time="0.001"/>
  <testcase name="test3036" classname="RandoopRegressionTest6" time="0.0"/>
  <testcase name="test3037" classname="RandoopRegressionTest6" time="0.0"/>
  <testcase name="test3038" classname="RandoopRegressionTest6" time="0.0"/>
  <testcase name="test3039" classname="RandoopRegressionTest6" time="0.0"/>
  <testcase name="test3040" classname="RandoopRegressionTest6" time="0.0"/>
  <testcase name="test3041" classname="RandoopRegressionTest6" time="0.0"/>
  <testcase name="test3042" classname="RandoopRegressionTest6" time="0.0"/>
  <testcase name="test3043" classname="RandoopRegressionTest6" time="0.0"/>
  <testcase name="test3044" classname="RandoopRegressionTest6" time="0.0"/>
  <testcase name="test3045" classname="RandoopRegressionTest6" time="0.0"/>
  <testcase name="test3046" classname="RandoopRegressionTest6" time="0.0"/>
  <testcase name="test3047" classname="RandoopRegressionTest6" time="0.0"/>
  <testcase name="test3048" classname="RandoopRegressionTest6" time="0.0"/>
  <testcase name="test3049" classname="RandoopRegressionTest6" time="0.001"/>
  <testcase name="test3050" classname="RandoopRegressionTest6" time="0.0"/>
  <testcase name="test3051" classname="RandoopRegressionTest6" time="0.0"/>
  <testcase name="test3052" classname="RandoopRegressionTest6" time="0.0"/>
  <testcase name="test3053" classname="RandoopRegressionTest6" time="0.0"/>
  <testcase name="test3054" classname="RandoopRegressionTest6" time="0.0"/>
  <testcase name="test3055" classname="RandoopRegressionTest6" time="0.0"/>
  <testcase name="test3056" classname="RandoopRegressionTest6" time="0.0"/>
  <testcase name="test3057" classname="RandoopRegressionTest6" time="0.0"/>
  <testcase name="test3058" classname="RandoopRegressionTest6" time="0.0"/>
  <testcase name="test3059" classname="RandoopRegressionTest6" time="0.0"/>
  <testcase name="test3060" classname="RandoopRegressionTest6" time="0.0"/>
  <testcase name="test3061" classname="RandoopRegressionTest6" time="0.0"/>
  <testcase name="test3062" classname="RandoopRegressionTest6" time="0.0"/>
  <testcase name="test3063" classname="RandoopRegressionTest6" time="0.0"/>
  <testcase name="test3064" classname="RandoopRegressionTest6" time="0.0"/>
  <testcase name="test3065" classname="RandoopRegressionTest6" time="0.0"/>
  <testcase name="test3066" classname="RandoopRegressionTest6" time="0.0"/>
  <testcase name="test3067" classname="RandoopRegressionTest6" time="0.0"/>
  <testcase name="test3068" classname="RandoopRegressionTest6" time="0.0"/>
  <testcase name="test3069" classname="RandoopRegressionTest6" time="0.0"/>
  <testcase name="test3070" classname="RandoopRegressionTest6" time="0.0"/>
  <testcase name="test3071" classname="RandoopRegressionTest6" time="0.0"/>
  <testcase name="test3072" classname="RandoopRegressionTest6" time="0.0"/>
  <testcase name="test3073" classname="RandoopRegressionTest6" time="0.0"/>
  <testcase name="test3074" classname="RandoopRegressionTest6" time="0.0"/>
  <testcase name="test3075" classname="RandoopRegressionTest6" time="0.0"/>
  <testcase name="test3076" classname="RandoopRegressionTest6" time="0.0"/>
  <testcase name="test3077" classname="RandoopRegressionTest6" time="0.0"/>
  <testcase name="test3078" classname="RandoopRegressionTest6" time="0.0"/>
  <testcase name="test3079" classname="RandoopRegressionTest6" time="0.0"/>
  <testcase name="test3080" classname="RandoopRegressionTest6" time="0.0"/>
  <testcase name="test3081" classname="RandoopRegressionTest6" time="0.0"/>
  <testcase name="test3082" classname="RandoopRegressionTest6" time="0.0"/>
  <testcase name="test3083" classname="RandoopRegressionTest6" time="0.0"/>
  <testcase name="test3084" classname="RandoopRegressionTest6" time="0.0"/>
  <testcase name="test3085" classname="RandoopRegressionTest6" time="0.0"/>
  <testcase name="test3086" classname="RandoopRegressionTest6" time="0.0"/>
  <testcase name="test3087" classname="RandoopRegressionTest6" time="0.0"/>
  <testcase name="test3088" classname="RandoopRegressionTest6" time="0.0"/>
  <testcase name="test3089" classname="RandoopRegressionTest6" time="0.0"/>
  <testcase name="test3090" classname="RandoopRegressionTest6" time="0.0"/>
  <testcase name="test3091" classname="RandoopRegressionTest6" time="0.0"/>
  <testcase name="test3092" classname="RandoopRegressionTest6" time="0.0"/>
  <testcase name="test3093" classname="RandoopRegressionTest6" time="0.0"/>
  <testcase name="test3094" classname="RandoopRegressionTest6" time="0.0"/>
  <testcase name="test3095" classname="RandoopRegressionTest6" time="0.0"/>
  <testcase name="test3096" classname="RandoopRegressionTest6" time="0.0"/>
  <testcase name="test3097" classname="RandoopRegressionTest6" time="0.0"/>
  <testcase name="test3098" classname="RandoopRegressionTest6" time="0.0"/>
  <testcase name="test3099" classname="RandoopRegressionTest6" time="0.0"/>
  <testcase name="test3100" classname="RandoopRegressionTest6" time="0.0"/>
  <testcase name="test3101" classname="RandoopRegressionTest6" time="0.0"/>
  <testcase name="test3102" classname="RandoopRegressionTest6" time="0.0"/>
  <testcase name="test3103" classname="RandoopRegressionTest6" time="0.0"/>
  <testcase name="test3104" classname="RandoopRegressionTest6" time="0.0"/>
  <testcase name="test3105" classname="RandoopRegressionTest6" time="0.0"/>
  <testcase name="test3106" classname="RandoopRegressionTest6" time="0.0"/>
  <testcase name="test3107" classname="RandoopRegressionTest6" time="0.0"/>
  <testcase name="test3108" classname="RandoopRegressionTest6" time="0.0"/>
  <testcase name="test3109" classname="RandoopRegressionTest6" time="0.0"/>
  <testcase name="test3110" classname="RandoopRegressionTest6" time="0.0"/>
  <testcase name="test3111" classname="RandoopRegressionTest6" time="0.0"/>
  <testcase name="test3112" classname="RandoopRegressionTest6" time="0.0"/>
  <testcase name="test3113" classname="RandoopRegressionTest6" time="0.0"/>
  <testcase name="test3114" classname="RandoopRegressionTest6" time="0.0"/>
  <testcase name="test3115" classname="RandoopRegressionTest6" time="0.0"/>
  <testcase name="test3116" classname="RandoopRegressionTest6" time="0.0"/>
  <testcase name="test3117" classname="RandoopRegressionTest6" time="0.0"/>
  <testcase name="test3118" classname="RandoopRegressionTest6" time="0.0"/>
  <testcase name="test3119" classname="RandoopRegressionTest6" time="0.0"/>
  <testcase name="test3120" classname="RandoopRegressionTest6" time="0.0"/>
  <testcase name="test3121" classname="RandoopRegressionTest6" time="0.0"/>
  <testcase name="test3122" classname="RandoopRegressionTest6" time="0.0"/>
  <testcase name="test3123" classname="RandoopRegressionTest6" time="0.0"/>
  <testcase name="test3124" classname="RandoopRegressionTest6" time="0.0"/>
  <testcase name="test3125" classname="RandoopRegressionTest6" time="0.0"/>
  <testcase name="test3126" classname="RandoopRegressionTest6" time="0.0"/>
  <testcase name="test3127" classname="RandoopRegressionTest6" time="0.0"/>
  <testcase name="test3128" classname="RandoopRegressionTest6" time="0.0"/>
  <testcase name="test3129" classname="RandoopRegressionTest6" time="0.0"/>
  <testcase name="test3130" classname="RandoopRegressionTest6" time="0.0"/>
  <testcase name="test3131" classname="RandoopRegressionTest6" time="0.0"/>
  <testcase name="test3132" classname="RandoopRegressionTest6" time="0.0"/>
  <testcase name="test3133" classname="RandoopRegressionTest6" time="0.0"/>
  <testcase name="test3134" classname="RandoopRegressionTest6" time="0.0"/>
  <testcase name="test3135" classname="RandoopRegressionTest6" time="0.0"/>
  <testcase name="test3136" classname="RandoopRegressionTest6" time="0.0"/>
  <testcase name="test3137" classname="RandoopRegressionTest6" time="0.0"/>
  <testcase name="test3138" classname="RandoopRegressionTest6" time="0.0"/>
  <testcase name="test3139" classname="RandoopRegressionTest6" time="0.0"/>
  <testcase name="test3140" classname="RandoopRegressionTest6" time="0.0"/>
  <testcase name="test3141" classname="RandoopRegressionTest6" time="0.0"/>
  <testcase name="test3142" classname="RandoopRegressionTest6" time="0.0"/>
  <testcase name="test3143" classname="RandoopRegressionTest6" time="0.001"/>
  <testcase name="test3144" classname="RandoopRegressionTest6" time="0.0"/>
  <testcase name="test3145" classname="RandoopRegressionTest6" time="0.0"/>
  <testcase name="test3146" classname="RandoopRegressionTest6" time="0.0"/>
  <testcase name="test3147" classname="RandoopRegressionTest6" time="0.0"/>
  <testcase name="test3148" classname="RandoopRegressionTest6" time="0.0"/>
  <testcase name="test3149" classname="RandoopRegressionTest6" time="0.0"/>
  <testcase name="test3150" classname="RandoopRegressionTest6" time="0.0"/>
  <testcase name="test3151" classname="RandoopRegressionTest6" time="0.0"/>
  <testcase name="test3152" classname="RandoopRegressionTest6" time="0.0"/>
  <testcase name="test3153" classname="RandoopRegressionTest6" time="0.0"/>
  <testcase name="test3154" classname="RandoopRegressionTest6" time="0.0"/>
  <testcase name="test3155" classname="RandoopRegressionTest6" time="0.0"/>
  <testcase name="test3156" classname="RandoopRegressionTest6" time="0.0"/>
  <testcase name="test3157" classname="RandoopRegressionTest6" time="0.0"/>
  <testcase name="test3158" classname="RandoopRegressionTest6" time="0.001"/>
  <testcase name="test3159" classname="RandoopRegressionTest6" time="0.0"/>
  <testcase name="test3160" classname="RandoopRegressionTest6" time="0.0"/>
  <testcase name="test3161" classname="RandoopRegressionTest6" time="0.0"/>
  <testcase name="test3162" classname="RandoopRegressionTest6" time="0.0"/>
  <testcase name="test3163" classname="RandoopRegressionTest6" time="0.0"/>
  <testcase name="test3164" classname="RandoopRegressionTest6" time="0.0"/>
  <testcase name="test3165" classname="RandoopRegressionTest6" time="0.0"/>
  <testcase name="test3166" classname="RandoopRegressionTest6" time="0.0"/>
  <testcase name="test3167" classname="RandoopRegressionTest6" time="0.0"/>
  <testcase name="test3168" classname="RandoopRegressionTest6" time="0.0"/>
  <testcase name="test3169" classname="RandoopRegressionTest6" time="0.0"/>
  <testcase name="test3170" classname="RandoopRegressionTest6" time="0.0"/>
  <testcase name="test3171" classname="RandoopRegressionTest6" time="0.0"/>
  <testcase name="test3172" classname="RandoopRegressionTest6" time="0.0"/>
  <testcase name="test3173" classname="RandoopRegressionTest6" time="0.0"/>
  <testcase name="test3174" classname="RandoopRegressionTest6" time="0.0"/>
  <testcase name="test3175" classname="RandoopRegressionTest6" time="0.0"/>
  <testcase name="test3176" classname="RandoopRegressionTest6" time="0.0"/>
  <testcase name="test3177" classname="RandoopRegressionTest6" time="0.0"/>
  <testcase name="test3178" classname="RandoopRegressionTest6" time="0.0"/>
  <testcase name="test3179" classname="RandoopRegressionTest6" time="0.0"/>
  <testcase name="test3180" classname="RandoopRegressionTest6" time="0.0"/>
  <testcase name="test3181" classname="RandoopRegressionTest6" time="0.0"/>
  <testcase name="test3182" classname="RandoopRegressionTest6" time="0.0"/>
  <testcase name="test3183" classname="RandoopRegressionTest6" time="0.0"/>
  <testcase name="test3184" classname="RandoopRegressionTest6" time="0.0"/>
  <testcase name="test3185" classname="RandoopRegressionTest6" time="0.0"/>
  <testcase name="test3186" classname="RandoopRegressionTest6" time="0.0"/>
  <testcase name="test3187" classname="RandoopRegressionTest6" time="0.0"/>
  <testcase name="test3188" classname="RandoopRegressionTest6" time="0.0"/>
  <testcase name="test3189" classname="RandoopRegressionTest6" time="0.0"/>
  <testcase name="test3190" classname="RandoopRegressionTest6" time="0.0"/>
  <testcase name="test3191" classname="RandoopRegressionTest6" time="0.0"/>
  <testcase name="test3192" classname="RandoopRegressionTest6" time="0.0"/>
  <testcase name="test3193" classname="RandoopRegressionTest6" time="0.0"/>
  <testcase name="test3194" classname="RandoopRegressionTest6" time="0.0"/>
  <testcase name="test3195" classname="RandoopRegressionTest6" time="0.0"/>
  <testcase name="test3196" classname="RandoopRegressionTest6" time="0.0"/>
  <testcase name="test3197" classname="RandoopRegressionTest6" time="0.0"/>
  <testcase name="test3198" classname="RandoopRegressionTest6" time="0.0"/>
  <testcase name="test3199" classname="RandoopRegressionTest6" time="0.0"/>
  <testcase name="test3200" classname="RandoopRegressionTest6" time="0.0"/>
  <testcase name="test3201" classname="RandoopRegressionTest6" time="0.0"/>
  <testcase name="test3202" classname="RandoopRegressionTest6" time="0.0"/>
  <testcase name="test3203" classname="RandoopRegressionTest6" time="0.0"/>
  <testcase name="test3204" classname="RandoopRegressionTest6" time="0.0"/>
  <testcase name="test3205" classname="RandoopRegressionTest6" time="0.0"/>
  <testcase name="test3206" classname="RandoopRegressionTest6" time="0.0"/>
  <testcase name="test3207" classname="RandoopRegressionTest6" time="0.0"/>
  <testcase name="test3208" classname="RandoopRegressionTest6" time="0.0"/>
  <testcase name="test3209" classname="RandoopRegressionTest6" time="0.0"/>
  <testcase name="test3210" classname="RandoopRegressionTest6" time="0.0"/>
  <testcase name="test3211" classname="RandoopRegressionTest6" time="0.0"/>
  <testcase name="test3212" classname="RandoopRegressionTest6" time="0.0"/>
  <testcase name="test3213" classname="RandoopRegressionTest6" time="0.0"/>
  <testcase name="test3214" classname="RandoopRegressionTest6" time="0.0"/>
  <testcase name="test3215" classname="RandoopRegressionTest6" time="0.0"/>
  <testcase name="test3216" classname="RandoopRegressionTest6" time="0.0"/>
  <testcase name="test3217" classname="RandoopRegressionTest6" time="0.0"/>
  <testcase name="test3218" classname="RandoopRegressionTest6" time="0.0"/>
  <testcase name="test3219" classname="RandoopRegressionTest6" time="0.0"/>
  <testcase name="test3220" classname="RandoopRegressionTest6" time="0.0"/>
  <testcase name="test3221" classname="RandoopRegressionTest6" time="0.0"/>
  <testcase name="test3222" classname="RandoopRegressionTest6" time="0.0"/>
  <testcase name="test3223" classname="RandoopRegressionTest6" time="0.0"/>
  <testcase name="test3224" classname="RandoopRegressionTest6" time="0.0"/>
  <testcase name="test3225" classname="RandoopRegressionTest6" time="0.0"/>
  <testcase name="test3226" classname="RandoopRegressionTest6" time="0.0"/>
  <testcase name="test3227" classname="RandoopRegressionTest6" time="0.0"/>
  <testcase name="test3228" classname="RandoopRegressionTest6" time="0.001"/>
  <testcase name="test3229" classname="RandoopRegressionTest6" time="0.0"/>
  <testcase name="test3230" classname="RandoopRegressionTest6" time="0.0"/>
  <testcase name="test3231" classname="RandoopRegressionTest6" time="0.0"/>
  <testcase name="test3232" classname="RandoopRegressionTest6" time="0.0"/>
  <testcase name="test3233" classname="RandoopRegressionTest6" time="0.0"/>
  <testcase name="test3234" classname="RandoopRegressionTest6" time="0.0"/>
  <testcase name="test3235" classname="RandoopRegressionTest6" time="0.0"/>
  <testcase name="test3236" classname="RandoopRegressionTest6" time="0.0"/>
  <testcase name="test3237" classname="RandoopRegressionTest6" time="0.0"/>
  <testcase name="test3238" classname="RandoopRegressionTest6" time="0.0"/>
  <testcase name="test3239" classname="RandoopRegressionTest6" time="0.0"/>
  <testcase name="test3240" classname="RandoopRegressionTest6" time="0.0"/>
  <testcase name="test3241" classname="RandoopRegressionTest6" time="0.0"/>
  <testcase name="test3242" classname="RandoopRegressionTest6" time="0.0"/>
  <testcase name="test3243" classname="RandoopRegressionTest6" time="0.0"/>
  <testcase name="test3244" classname="RandoopRegressionTest6" time="0.0"/>
  <testcase name="test3245" classname="RandoopRegressionTest6" time="0.0"/>
  <testcase name="test3246" classname="RandoopRegressionTest6" time="0.0"/>
  <testcase name="test3247" classname="RandoopRegressionTest6" time="0.0"/>
  <testcase name="test3248" classname="RandoopRegressionTest6" time="0.0"/>
  <testcase name="test3249" classname="RandoopRegressionTest6" time="0.0"/>
  <testcase name="test3250" classname="RandoopRegressionTest6" time="0.0"/>
  <testcase name="test3251" classname="RandoopRegressionTest6" time="0.0"/>
  <testcase name="test3252" classname="RandoopRegressionTest6" time="0.0"/>
  <testcase name="test3253" classname="RandoopRegressionTest6" time="0.0"/>
  <testcase name="test3254" classname="RandoopRegressionTest6" time="0.0"/>
  <testcase name="test3255" classname="RandoopRegressionTest6" time="0.0"/>
  <testcase name="test3256" classname="RandoopRegressionTest6" time="0.0"/>
  <testcase name="test3257" classname="RandoopRegressionTest6" time="0.0"/>
  <testcase name="test3258" classname="RandoopRegressionTest6" time="0.0"/>
  <testcase name="test3259" classname="RandoopRegressionTest6" time="0.0"/>
  <testcase name="test3260" classname="RandoopRegressionTest6" time="0.0"/>
  <testcase name="test3261" classname="RandoopRegressionTest6" time="0.0"/>
  <testcase name="test3262" classname="RandoopRegressionTest6" time="0.0"/>
  <testcase name="test3263" classname="RandoopRegressionTest6" time="0.0"/>
  <testcase name="test3264" classname="RandoopRegressionTest6" time="0.0"/>
  <testcase name="test3265" classname="RandoopRegressionTest6" time="0.0"/>
  <testcase name="test3266" classname="RandoopRegressionTest6" time="0.0"/>
  <testcase name="test3267" classname="RandoopRegressionTest6" time="0.0"/>
  <testcase name="test3268" classname="RandoopRegressionTest6" time="0.0"/>
  <testcase name="test3269" classname="RandoopRegressionTest6" time="0.0"/>
  <testcase name="test3270" classname="RandoopRegressionTest6" time="0.0"/>
  <testcase name="test3271" classname="RandoopRegressionTest6" time="0.0"/>
  <testcase name="test3272" classname="RandoopRegressionTest6" time="0.0"/>
  <testcase name="test3273" classname="RandoopRegressionTest6" time="0.0"/>
  <testcase name="test3274" classname="RandoopRegressionTest6" time="0.0"/>
  <testcase name="test3275" classname="RandoopRegressionTest6" time="0.0"/>
  <testcase name="test3276" classname="RandoopRegressionTest6" time="0.0"/>
  <testcase name="test3277" classname="RandoopRegressionTest6" time="0.0"/>
  <testcase name="test3278" classname="RandoopRegressionTest6" time="0.0"/>
  <testcase name="test3279" classname="RandoopRegressionTest6" time="0.0"/>
  <testcase name="test3280" classname="RandoopRegressionTest6" time="0.0"/>
  <testcase name="test3281" classname="RandoopRegressionTest6" time="0.0"/>
  <testcase name="test3282" classname="RandoopRegressionTest6" time="0.0"/>
  <testcase name="test3283" classname="RandoopRegressionTest6" time="0.0"/>
  <testcase name="test3284" classname="RandoopRegressionTest6" time="0.0"/>
  <testcase name="test3285" classname="RandoopRegressionTest6" time="0.0"/>
  <testcase name="test3286" classname="RandoopRegressionTest6" time="0.0"/>
  <testcase name="test3287" classname="RandoopRegressionTest6" time="0.0"/>
  <testcase name="test3288" classname="RandoopRegressionTest6" time="0.0"/>
  <testcase name="test3289" classname="RandoopRegressionTest6" time="0.0"/>
  <testcase name="test3290" classname="RandoopRegressionTest6" time="0.0"/>
  <testcase name="test3291" classname="RandoopRegressionTest6" time="0.0"/>
  <testcase name="test3292" classname="RandoopRegressionTest6" time="0.0"/>
  <testcase name="test3293" classname="RandoopRegressionTest6" time="0.0"/>
  <testcase name="test3294" classname="RandoopRegressionTest6" time="0.0"/>
  <testcase name="test3295" classname="RandoopRegressionTest6" time="0.0"/>
  <testcase name="test3296" classname="RandoopRegressionTest6" time="0.0"/>
  <testcase name="test3297" classname="RandoopRegressionTest6" time="0.001"/>
  <testcase name="test3298" classname="RandoopRegressionTest6" time="0.0"/>
  <testcase name="test3299" classname="RandoopRegressionTest6" time="0.0"/>
  <testcase name="test3300" classname="RandoopRegressionTest6" time="0.0"/>
  <testcase name="test3301" classname="RandoopRegressionTest6" time="0.0"/>
  <testcase name="test3302" classname="RandoopRegressionTest6" time="0.0"/>
  <testcase name="test3303" classname="RandoopRegressionTest6" time="0.0"/>
  <testcase name="test3304" classname="RandoopRegressionTest6" time="0.0"/>
  <testcase name="test3305" classname="RandoopRegressionTest6" time="0.0"/>
  <testcase name="test3306" classname="RandoopRegressionTest6" time="0.0"/>
  <testcase name="test3307" classname="RandoopRegressionTest6" time="0.0"/>
  <testcase name="test3308" classname="RandoopRegressionTest6" time="0.0"/>
  <testcase name="test3309" classname="RandoopRegressionTest6" time="0.0"/>
  <testcase name="test3310" classname="RandoopRegressionTest6" time="0.0"/>
  <testcase name="test3311" classname="RandoopRegressionTest6" time="0.0"/>
  <testcase name="test3312" classname="RandoopRegressionTest6" time="0.0"/>
  <testcase name="test3313" classname="RandoopRegressionTest6" time="0.0"/>
  <testcase name="test3314" classname="RandoopRegressionTest6" time="0.0"/>
  <testcase name="test3315" classname="RandoopRegressionTest6" time="0.0"/>
  <testcase name="test3316" classname="RandoopRegressionTest6" time="0.0"/>
  <testcase name="test3317" classname="RandoopRegressionTest6" time="0.0"/>
  <testcase name="test3318" classname="RandoopRegressionTest6" time="0.0"/>
  <testcase name="test3319" classname="RandoopRegressionTest6" time="0.0"/>
  <testcase name="test3320" classname="RandoopRegressionTest6" time="0.0"/>
  <testcase name="test3321" classname="RandoopRegressionTest6" time="0.0"/>
  <testcase name="test3322" classname="RandoopRegressionTest6" time="0.0"/>
  <testcase name="test3323" classname="RandoopRegressionTest6" time="0.0"/>
  <testcase name="test3324" classname="RandoopRegressionTest6" time="0.0"/>
  <testcase name="test3325" classname="RandoopRegressionTest6" time="0.0"/>
  <testcase name="test3326" classname="RandoopRegressionTest6" time="0.001"/>
  <testcase name="test3327" classname="RandoopRegressionTest6" time="0.0"/>
  <testcase name="test3328" classname="RandoopRegressionTest6" time="0.0"/>
  <testcase name="test3329" classname="RandoopRegressionTest6" time="0.0"/>
  <testcase name="test3330" classname="RandoopRegressionTest6" time="0.0"/>
  <testcase name="test3331" classname="RandoopRegressionTest6" time="0.0"/>
  <testcase name="test3332" classname="RandoopRegressionTest6" time="0.0"/>
  <testcase name="test3333" classname="RandoopRegressionTest6" time="0.0"/>
  <testcase name="test3334" classname="RandoopRegressionTest6" time="0.0"/>
  <testcase name="test3335" classname="RandoopRegressionTest6" time="0.0"/>
  <testcase name="test3336" classname="RandoopRegressionTest6" time="0.0"/>
  <testcase name="test3337" classname="RandoopRegressionTest6" time="0.0"/>
  <testcase name="test3338" classname="RandoopRegressionTest6" time="0.0"/>
  <testcase name="test3339" classname="RandoopRegressionTest6" time="0.0"/>
  <testcase name="test3340" classname="RandoopRegressionTest6" time="0.0"/>
  <testcase name="test3341" classname="RandoopRegressionTest6" time="0.0"/>
  <testcase name="test3342" classname="RandoopRegressionTest6" time="0.0"/>
  <testcase name="test3343" classname="RandoopRegressionTest6" time="0.0"/>
  <testcase name="test3344" classname="RandoopRegressionTest6" time="0.0"/>
  <testcase name="test3345" classname="RandoopRegressionTest6" time="0.0"/>
  <testcase name="test3346" classname="RandoopRegressionTest6" time="0.0"/>
  <testcase name="test3347" classname="RandoopRegressionTest6" time="0.0"/>
  <testcase name="test3348" classname="RandoopRegressionTest6" time="0.0"/>
  <testcase name="test3349" classname="RandoopRegressionTest6" time="0.0"/>
  <testcase name="test3350" classname="RandoopRegressionTest6" time="0.0"/>
  <testcase name="test3351" classname="RandoopRegressionTest6" time="0.0"/>
  <testcase name="test3352" classname="RandoopRegressionTest6" time="0.0"/>
  <testcase name="test3353" classname="RandoopRegressionTest6" time="0.0"/>
  <testcase name="test3354" classname="RandoopRegressionTest6" time="0.0"/>
  <testcase name="test3355" classname="RandoopRegressionTest6" time="0.0"/>
  <testcase name="test3356" classname="RandoopRegressionTest6" time="0.0"/>
  <testcase name="test3357" classname="RandoopRegressionTest6" time="0.0"/>
  <testcase name="test3358" classname="RandoopRegressionTest6" time="0.0"/>
  <testcase name="test3359" classname="RandoopRegressionTest6" time="0.0"/>
  <testcase name="test3360" classname="RandoopRegressionTest6" time="0.0"/>
  <testcase name="test3361" classname="RandoopRegressionTest6" time="0.0"/>
  <testcase name="test3362" classname="RandoopRegressionTest6" time="0.0"/>
  <testcase name="test3363" classname="RandoopRegressionTest6" time="0.0"/>
  <testcase name="test3364" classname="RandoopRegressionTest6" time="0.0"/>
  <testcase name="test3365" classname="RandoopRegressionTest6" time="0.0"/>
  <testcase name="test3366" classname="RandoopRegressionTest6" time="0.0"/>
  <testcase name="test3367" classname="RandoopRegressionTest6" time="0.0"/>
  <testcase name="test3368" classname="RandoopRegressionTest6" time="0.0"/>
  <testcase name="test3369" classname="RandoopRegressionTest6" time="0.0"/>
  <testcase name="test3370" classname="RandoopRegressionTest6" time="0.0"/>
  <testcase name="test3371" classname="RandoopRegressionTest6" time="0.0"/>
  <testcase name="test3372" classname="RandoopRegressionTest6" time="0.0"/>
  <testcase name="test3373" classname="RandoopRegressionTest6" time="0.0"/>
  <testcase name="test3374" classname="RandoopRegressionTest6" time="0.0"/>
  <testcase name="test3375" classname="RandoopRegressionTest6" time="0.0"/>
  <testcase name="test3376" classname="RandoopRegressionTest6" time="0.0"/>
  <testcase name="test3377" classname="RandoopRegressionTest6" time="0.0"/>
  <testcase name="test3378" classname="RandoopRegressionTest6" time="0.0"/>
  <testcase name="test3379" classname="RandoopRegressionTest6" time="0.0"/>
  <testcase name="test3380" classname="RandoopRegressionTest6" time="0.0"/>
  <testcase name="test3381" classname="RandoopRegressionTest6" time="0.0"/>
  <testcase name="test3382" classname="RandoopRegressionTest6" time="0.0"/>
  <testcase name="test3383" classname="RandoopRegressionTest6" time="0.0"/>
  <testcase name="test3384" classname="RandoopRegressionTest6" time="0.0"/>
  <testcase name="test3385" classname="RandoopRegressionTest6" time="0.0"/>
  <testcase name="test3386" classname="RandoopRegressionTest6" time="0.0"/>
  <testcase name="test3387" classname="RandoopRegressionTest6" time="0.0"/>
  <testcase name="test3388" classname="RandoopRegressionTest6" time="0.0"/>
  <testcase name="test3389" classname="RandoopRegressionTest6" time="0.0"/>
  <testcase name="test3390" classname="RandoopRegressionTest6" time="0.0"/>
  <testcase name="test3391" classname="RandoopRegressionTest6" time="0.0"/>
  <testcase name="test3392" classname="RandoopRegressionTest6" time="0.0"/>
  <testcase name="test3393" classname="RandoopRegressionTest6" time="0.0"/>
  <testcase name="test3394" classname="RandoopRegressionTest6" time="0.0"/>
  <testcase name="test3395" classname="RandoopRegressionTest6" time="0.0"/>
  <testcase name="test3396" classname="RandoopRegressionTest6" time="0.0"/>
  <testcase name="test3397" classname="RandoopRegressionTest6" time="0.0"/>
  <testcase name="test3398" classname="RandoopRegressionTest6" time="0.0"/>
  <testcase name="test3399" classname="RandoopRegressionTest6" time="0.0"/>
  <testcase name="test3400" classname="RandoopRegressionTest6" time="0.0"/>
  <testcase name="test3401" classname="RandoopRegressionTest6" time="0.0"/>
  <testcase name="test3402" classname="RandoopRegressionTest6" time="0.0"/>
  <testcase name="test3403" classname="RandoopRegressionTest6" time="0.0"/>
  <testcase name="test3404" classname="RandoopRegressionTest6" time="0.0"/>
  <testcase name="test3405" classname="RandoopRegressionTest6" time="0.0"/>
  <testcase name="test3406" classname="RandoopRegressionTest6" time="0.0"/>
  <testcase name="test3407" classname="RandoopRegressionTest6" time="0.0"/>
  <testcase name="test3408" classname="RandoopRegressionTest6" time="0.0"/>
  <testcase name="test3409" classname="RandoopRegressionTest6" time="0.0"/>
  <testcase name="test3410" classname="RandoopRegressionTest6" time="0.0"/>
  <testcase name="test3411" classname="RandoopRegressionTest6" time="0.0"/>
  <testcase name="test3412" classname="RandoopRegressionTest6" time="0.0"/>
  <testcase name="test3413" classname="RandoopRegressionTest6" time="0.0"/>
  <testcase name="test3414" classname="RandoopRegressionTest6" time="0.0"/>
  <testcase name="test3415" classname="RandoopRegressionTest6" time="0.0"/>
  <testcase name="test3416" classname="RandoopRegressionTest6" time="0.0"/>
  <testcase name="test3417" classname="RandoopRegressionTest6" time="0.0"/>
  <testcase name="test3418" classname="RandoopRegressionTest6" time="0.0"/>
  <testcase name="test3419" classname="RandoopRegressionTest6" time="0.0"/>
  <testcase name="test3420" classname="RandoopRegressionTest6" time="0.0"/>
  <testcase name="test3421" classname="RandoopRegressionTest6" time="0.0"/>
  <testcase name="test3422" classname="RandoopRegressionTest6" time="0.0"/>
  <testcase name="test3423" classname="RandoopRegressionTest6" time="0.0"/>
  <testcase name="test3424" classname="RandoopRegressionTest6" time="0.0"/>
  <testcase name="test3425" classname="RandoopRegressionTest6" time="0.0"/>
  <testcase name="test3426" classname="RandoopRegressionTest6" time="0.0"/>
  <testcase name="test3427" classname="RandoopRegressionTest6" time="0.0"/>
  <testcase name="test3428" classname="RandoopRegressionTest6" time="0.0"/>
  <testcase name="test3429" classname="RandoopRegressionTest6" time="0.0"/>
  <testcase name="test3430" classname="RandoopRegressionTest6" time="0.0"/>
  <testcase name="test3431" classname="RandoopRegressionTest6" time="0.0"/>
  <testcase name="test3432" classname="RandoopRegressionTest6" time="0.0"/>
  <testcase name="test3433" classname="RandoopRegressionTest6" time="0.0"/>
  <testcase name="test3434" classname="RandoopRegressionTest6" time="0.0"/>
  <testcase name="test3435" classname="RandoopRegressionTest6" time="0.0"/>
  <testcase name="test3436" classname="RandoopRegressionTest6" time="0.0"/>
  <testcase name="test3437" classname="RandoopRegressionTest6" time="0.0"/>
  <testcase name="test3438" classname="RandoopRegressionTest6" time="0.0"/>
  <testcase name="test3439" classname="RandoopRegressionTest6" time="0.0"/>
  <testcase name="test3440" classname="RandoopRegressionTest6" time="0.0"/>
  <testcase name="test3441" classname="RandoopRegressionTest6" time="0.0"/>
  <testcase name="test3442" classname="RandoopRegressionTest6" time="0.0"/>
  <testcase name="test3443" classname="RandoopRegressionTest6" time="0.0"/>
  <testcase name="test3444" classname="RandoopRegressionTest6" time="0.0"/>
  <testcase name="test3445" classname="RandoopRegressionTest6" time="0.0"/>
  <testcase name="test3446" classname="RandoopRegressionTest6" time="0.0"/>
  <testcase name="test3447" classname="RandoopRegressionTest6" time="0.001"/>
  <testcase name="test3448" classname="RandoopRegressionTest6" time="0.0"/>
  <testcase name="test3449" classname="RandoopRegressionTest6" time="0.0"/>
  <testcase name="test3450" classname="RandoopRegressionTest6" time="0.0"/>
  <testcase name="test3451" classname="RandoopRegressionTest6" time="0.0"/>
  <testcase name="test3452" classname="RandoopRegressionTest6" time="0.0"/>
  <testcase name="test3453" classname="RandoopRegressionTest6" time="0.0"/>
  <testcase name="test3454" classname="RandoopRegressionTest6" time="0.0"/>
  <testcase name="test3455" classname="RandoopRegressionTest6" time="0.0"/>
  <testcase name="test3456" classname="RandoopRegressionTest6" time="0.0"/>
  <testcase name="test3457" classname="RandoopRegressionTest6" time="0.0"/>
  <testcase name="test3458" classname="RandoopRegressionTest6" time="0.0"/>
  <testcase name="test3459" classname="RandoopRegressionTest6" time="0.0"/>
  <testcase name="test3460" classname="RandoopRegressionTest6" time="0.0"/>
  <testcase name="test3461" classname="RandoopRegressionTest6" time="0.0"/>
  <testcase name="test3462" classname="RandoopRegressionTest6" time="0.0"/>
  <testcase name="test3463" classname="RandoopRegressionTest6" time="0.0"/>
  <testcase name="test3464" classname="RandoopRegressionTest6" time="0.0"/>
  <testcase name="test3465" classname="RandoopRegressionTest6" time="0.0"/>
  <testcase name="test3466" classname="RandoopRegressionTest6" time="0.0"/>
  <testcase name="test3467" classname="RandoopRegressionTest6" time="0.0"/>
  <testcase name="test3468" classname="RandoopRegressionTest6" time="0.0"/>
  <testcase name="test3469" classname="RandoopRegressionTest6" time="0.0"/>
  <testcase name="test3470" classname="RandoopRegressionTest6" time="0.0"/>
  <testcase name="test3471" classname="RandoopRegressionTest6" time="0.0"/>
  <testcase name="test3472" classname="RandoopRegressionTest6" time="0.0"/>
  <testcase name="test3473" classname="RandoopRegressionTest6" time="0.0"/>
  <testcase name="test3474" classname="RandoopRegressionTest6" time="0.0"/>
  <testcase name="test3475" classname="RandoopRegressionTest6" time="0.001"/>
  <testcase name="test3476" classname="RandoopRegressionTest6" time="0.0"/>
  <testcase name="test3477" classname="RandoopRegressionTest6" time="0.0"/>
  <testcase name="test3478" classname="RandoopRegressionTest6" time="0.0"/>
  <testcase name="test3479" classname="RandoopRegressionTest6" time="0.0"/>
  <testcase name="test3480" classname="RandoopRegressionTest6" time="0.0"/>
  <testcase name="test3481" classname="RandoopRegressionTest6" time="0.0"/>
  <testcase name="test3482" classname="RandoopRegressionTest6" time="0.0"/>
  <testcase name="test3483" classname="RandoopRegressionTest6" time="0.0"/>
  <testcase name="test3484" classname="RandoopRegressionTest6" time="0.0"/>
  <testcase name="test3485" classname="RandoopRegressionTest6" time="0.0"/>
  <testcase name="test3486" classname="RandoopRegressionTest6" time="0.0"/>
  <testcase name="test3487" classname="RandoopRegressionTest6" time="0.0"/>
  <testcase name="test3488" classname="RandoopRegressionTest6" time="0.0"/>
  <testcase name="test3489" classname="RandoopRegressionTest6" time="0.0"/>
  <testcase name="test3490" classname="RandoopRegressionTest6" time="0.0"/>
  <testcase name="test3491" classname="RandoopRegressionTest6" time="0.0"/>
  <testcase name="test3492" classname="RandoopRegressionTest6" time="0.0"/>
  <testcase name="test3493" classname="RandoopRegressionTest6" time="0.0"/>
  <testcase name="test3494" classname="RandoopRegressionTest6" time="0.0"/>
  <testcase name="test3495" classname="RandoopRegressionTest6" time="0.0"/>
  <testcase name="test3496" classname="RandoopRegressionTest6" time="0.0"/>
  <testcase name="test3497" classname="RandoopRegressionTest6" time="0.0"/>
  <testcase name="test3498" classname="RandoopRegressionTest6" time="0.0"/>
  <testcase name="test3499" classname="RandoopRegressionTest6" time="0.0"/>
  <testcase name="test3500" classname="RandoopRegressionTest6" time="0.001"/>
  <testcase name="test3001" classname="RandoopRegressionTest6" time="0.001"/>
  <testcase name="test3002" classname="RandoopRegressionTest6" time="0.0"/>
  <testcase name="test3003" classname="RandoopRegressionTest6" time="0.0"/>
  <testcase name="test3004" classname="RandoopRegressionTest6" time="0.0"/>
  <testcase name="test3005" classname="RandoopRegressionTest6" time="0.0"/>
  <testcase name="test3006" classname="RandoopRegressionTest6" time="0.0"/>
  <testcase name="test3007" classname="RandoopRegressionTest6" time="0.0"/>
  <testcase name="test3008" classname="RandoopRegressionTest6" time="0.0"/>
  <testcase name="test3009" classname="RandoopRegressionTest6" time="0.0"/>
  <testcase name="test3010" classname="RandoopRegressionTest6" time="0.0"/>
  <testcase name="test3011" classname="RandoopRegressionTest6" time="0.0"/>
  <testcase name="test3012" classname="RandoopRegressionTest6" time="0.0"/>
  <testcase name="test3013" classname="RandoopRegressionTest6" time="0.0"/>
  <testcase name="test3014" classname="RandoopRegressionTest6" time="0.0"/>
  <testcase name="test3015" classname="RandoopRegressionTest6" time="0.0"/>
  <testcase name="test3016" classname="RandoopRegressionTest6" time="0.0"/>
  <testcase name="test3017" classname="RandoopRegressionTest6" time="0.0"/>
  <testcase name="test3018" classname="RandoopRegressionTest6" time="0.0"/>
  <testcase name="test3019" classname="RandoopRegressionTest6" time="0.0"/>
  <testcase name="test3020" classname="RandoopRegressionTest6" time="0.0"/>
  <testcase name="test3021" classname="RandoopRegressionTest6" time="0.0"/>
  <testcase name="test3022" classname="RandoopRegressionTest6" time="0.0"/>
  <testcase name="test3023" classname="RandoopRegressionTest6" time="0.0"/>
  <testcase name="test3024" classname="RandoopRegressionTest6" time="0.0"/>
  <testcase name="test3025" classname="RandoopRegressionTest6" time="0.0"/>
  <testcase name="test3026" classname="RandoopRegressionTest6" time="0.0"/>
  <testcase name="test3027" classname="RandoopRegressionTest6" time="0.0"/>
  <testcase name="test3028" classname="RandoopRegressionTest6" time="0.0"/>
  <testcase name="test3029" classname="RandoopRegressionTest6" time="0.0"/>
  <testcase name="test3030" classname="RandoopRegressionTest6" time="0.0"/>
  <testcase name="test3031" classname="RandoopRegressionTest6" time="0.0"/>
  <testcase name="test3032" classname="RandoopRegressionTest6" time="0.0"/>
  <testcase name="test3033" classname="RandoopRegressionTest6" time="0.0"/>
  <testcase name="test3034" classname="RandoopRegressionTest6" time="0.0"/>
  <testcase name="test3035" classname="RandoopRegressionTest6" time="0.0"/>
  <testcase name="test3036" classname="RandoopRegressionTest6" time="0.0"/>
  <testcase name="test3037" classname="RandoopRegressionTest6" time="0.0"/>
  <testcase name="test3038" classname="RandoopRegressionTest6" time="0.0"/>
  <testcase name="test3039" classname="RandoopRegressionTest6" time="0.0"/>
  <testcase name="test3040" classname="RandoopRegressionTest6" time="0.0"/>
  <testcase name="test3041" classname="RandoopRegressionTest6" time="0.0"/>
  <testcase name="test3042" classname="RandoopRegressionTest6" time="0.0"/>
  <testcase name="test3043" classname="RandoopRegressionTest6" time="0.0"/>
  <testcase name="test3044" classname="RandoopRegressionTest6" time="0.0"/>
  <testcase name="test3045" classname="RandoopRegressionTest6" time="0.0"/>
  <testcase name="test3046" classname="RandoopRegressionTest6" time="0.0"/>
  <testcase name="test3047" classname="RandoopRegressionTest6" time="0.0"/>
  <testcase name="test3048" classname="RandoopRegressionTest6" time="0.0"/>
  <testcase name="test3049" classname="RandoopRegressionTest6" time="0.0"/>
  <testcase name="test3050" classname="RandoopRegressionTest6" time="0.0"/>
  <testcase name="test3051" classname="RandoopRegressionTest6" time="0.0"/>
  <testcase name="test3052" classname="RandoopRegressionTest6" time="0.0"/>
  <testcase name="test3053" classname="RandoopRegressionTest6" time="0.0"/>
  <testcase name="test3054" classname="RandoopRegressionTest6" time="0.0"/>
  <testcase name="test3055" classname="RandoopRegressionTest6" time="0.001"/>
  <testcase name="test3056" classname="RandoopRegressionTest6" time="0.0"/>
  <testcase name="test3057" classname="RandoopRegressionTest6" time="0.0"/>
  <testcase name="test3058" classname="RandoopRegressionTest6" time="0.0"/>
  <testcase name="test3059" classname="RandoopRegressionTest6" time="0.0"/>
  <testcase name="test3060" classname="RandoopRegressionTest6" time="0.0"/>
  <testcase name="test3061" classname="RandoopRegressionTest6" time="0.0"/>
  <testcase name="test3062" classname="RandoopRegressionTest6" time="0.0"/>
  <testcase name="test3063" classname="RandoopRegressionTest6" time="0.0"/>
  <testcase name="test3064" classname="RandoopRegressionTest6" time="0.0"/>
  <testcase name="test3065" classname="RandoopRegressionTest6" time="0.0"/>
  <testcase name="test3066" classname="RandoopRegressionTest6" time="0.0"/>
  <testcase name="test3067" classname="RandoopRegressionTest6" time="0.0"/>
  <testcase name="test3068" classname="RandoopRegressionTest6" time="0.0"/>
  <testcase name="test3069" classname="RandoopRegressionTest6" time="0.0"/>
  <testcase name="test3070" classname="RandoopRegressionTest6" time="0.0"/>
  <testcase name="test3071" classname="RandoopRegressionTest6" time="0.0"/>
  <testcase name="test3072" classname="RandoopRegressionTest6" time="0.0"/>
  <testcase name="test3073" classname="RandoopRegressionTest6" time="0.0"/>
  <testcase name="test3074" classname="RandoopRegressionTest6" time="0.0"/>
  <testcase name="test3075" classname="RandoopRegressionTest6" time="0.0"/>
  <testcase name="test3076" classname="RandoopRegressionTest6" time="0.0"/>
  <testcase name="test3077" classname="RandoopRegressionTest6" time="0.0"/>
  <testcase name="test3078" classname="RandoopRegressionTest6" time="0.0"/>
  <testcase name="test3079" classname="RandoopRegressionTest6" time="0.0"/>
  <testcase name="test3080" classname="RandoopRegressionTest6" time="0.0"/>
  <testcase name="test3081" classname="RandoopRegressionTest6" time="0.0"/>
  <testcase name="test3082" classname="RandoopRegressionTest6" time="0.0"/>
  <testcase name="test3083" classname="RandoopRegressionTest6" time="0.0"/>
  <testcase name="test3084" classname="RandoopRegressionTest6" time="0.0"/>
  <testcase name="test3085" classname="RandoopRegressionTest6" time="0.0"/>
  <testcase name="test3086" classname="RandoopRegressionTest6" time="0.0"/>
  <testcase name="test3087" classname="RandoopRegressionTest6" time="0.0"/>
  <testcase name="test3088" classname="RandoopRegressionTest6" time="0.0"/>
  <testcase name="test3089" classname="RandoopRegressionTest6" time="0.0"/>
  <testcase name="test3090" classname="RandoopRegressionTest6" time="0.0"/>
  <testcase name="test3091" classname="RandoopRegressionTest6" time="0.0"/>
  <testcase name="test3092" classname="RandoopRegressionTest6" time="0.0"/>
  <testcase name="test3093" classname="RandoopRegressionTest6" time="0.0"/>
  <testcase name="test3094" classname="RandoopRegressionTest6" time="0.0"/>
  <testcase name="test3095" classname="RandoopRegressionTest6" time="0.0"/>
  <testcase name="test3096" classname="RandoopRegressionTest6" time="0.0"/>
  <testcase name="test3097" classname="RandoopRegressionTest6" time="0.0"/>
  <testcase name="test3098" classname="RandoopRegressionTest6" time="0.0"/>
  <testcase name="test3099" classname="RandoopRegressionTest6" time="0.0"/>
  <testcase name="test3100" classname="RandoopRegressionTest6" time="0.0"/>
  <testcase name="test3101" classname="RandoopRegressionTest6" time="0.0"/>
  <testcase name="test3102" classname="RandoopRegressionTest6" time="0.0"/>
  <testcase name="test3103" classname="RandoopRegressionTest6" time="0.0"/>
  <testcase name="test3104" classname="RandoopRegressionTest6" time="0.0"/>
  <testcase name="test3105" classname="RandoopRegressionTest6" time="0.0"/>
  <testcase name="test3106" classname="RandoopRegressionTest6" time="0.0"/>
  <testcase name="test3107" classname="RandoopRegressionTest6" time="0.0"/>
  <testcase name="test3108" classname="RandoopRegressionTest6" time="0.0"/>
  <testcase name="test3109" classname="RandoopRegressionTest6" time="0.0"/>
  <testcase name="test3110" classname="RandoopRegressionTest6" time="0.0"/>
  <testcase name="test3111" classname="RandoopRegressionTest6" time="0.0"/>
  <testcase name="test3112" classname="RandoopRegressionTest6" time="0.0"/>
  <testcase name="test3113" classname="RandoopRegressionTest6" time="0.0"/>
  <testcase name="test3114" classname="RandoopRegressionTest6" time="0.0"/>
  <testcase name="test3115" classname="RandoopRegressionTest6" time="0.0"/>
  <testcase name="test3116" classname="RandoopRegressionTest6" time="0.0"/>
  <testcase name="test3117" classname="RandoopRegressionTest6" time="0.0"/>
  <testcase name="test3118" classname="RandoopRegressionTest6" time="0.0"/>
  <testcase name="test3119" classname="RandoopRegressionTest6" time="0.0"/>
  <testcase name="test3120" classname="RandoopRegressionTest6" time="0.0"/>
  <testcase name="test3121" classname="RandoopRegressionTest6" time="0.0"/>
  <testcase name="test3122" classname="RandoopRegressionTest6" time="0.0"/>
  <testcase name="test3123" classname="RandoopRegressionTest6" time="0.0"/>
  <testcase name="test3124" classname="RandoopRegressionTest6" time="0.0"/>
  <testcase name="test3125" classname="RandoopRegressionTest6" time="0.0"/>
  <testcase name="test3126" classname="RandoopRegressionTest6" time="0.0"/>
  <testcase name="test3127" classname="RandoopRegressionTest6" time="0.0"/>
  <testcase name="test3128" classname="RandoopRegressionTest6" time="0.0"/>
  <testcase name="test3129" classname="RandoopRegressionTest6" time="0.0"/>
  <testcase name="test3130" classname="RandoopRegressionTest6" time="0.0"/>
  <testcase name="test3131" classname="RandoopRegressionTest6" time="0.0"/>
  <testcase name="test3132" classname="RandoopRegressionTest6" time="0.0"/>
  <testcase name="test3133" classname="RandoopRegressionTest6" time="0.0"/>
  <testcase name="test3134" classname="RandoopRegressionTest6" time="0.0"/>
  <testcase name="test3135" classname="RandoopRegressionTest6" time="0.0"/>
  <testcase name="test3136" classname="RandoopRegressionTest6" time="0.0"/>
  <testcase name="test3137" classname="RandoopRegressionTest6" time="0.0"/>
  <testcase name="test3138" classname="RandoopRegressionTest6" time="0.0"/>
  <testcase name="test3139" classname="RandoopRegressionTest6" time="0.0"/>
  <testcase name="test3140" classname="RandoopRegressionTest6" time="0.0"/>
  <testcase name="test3141" classname="RandoopRegressionTest6" time="0.0"/>
  <testcase name="test3142" classname="RandoopRegressionTest6" time="0.0"/>
  <testcase name="test3143" classname="RandoopRegressionTest6" time="0.0"/>
  <testcase name="test3144" classname="RandoopRegressionTest6" time="0.0"/>
  <testcase name="test3145" classname="RandoopRegressionTest6" time="0.0"/>
  <testcase name="test3146" classname="RandoopRegressionTest6" time="0.0"/>
  <testcase name="test3147" classname="RandoopRegressionTest6" time="0.0"/>
  <testcase name="test3148" classname="RandoopRegressionTest6" time="0.0"/>
  <testcase name="test3149" classname="RandoopRegressionTest6" time="0.0"/>
  <testcase name="test3150" classname="RandoopRegressionTest6" time="0.0"/>
  <testcase name="test3151" classname="RandoopRegressionTest6" time="0.0"/>
  <testcase name="test3152" classname="RandoopRegressionTest6" time="0.0"/>
  <testcase name="test3153" classname="RandoopRegressionTest6" time="0.0"/>
  <testcase name="test3154" classname="RandoopRegressionTest6" time="0.0"/>
  <testcase name="test3155" classname="RandoopRegressionTest6" time="0.0"/>
  <testcase name="test3156" classname="RandoopRegressionTest6" time="0.0"/>
  <testcase name="test3157" classname="RandoopRegressionTest6" time="0.0"/>
  <testcase name="test3158" classname="RandoopRegressionTest6" time="0.0"/>
  <testcase name="test3159" classname="RandoopRegressionTest6" time="0.0"/>
  <testcase name="test3160" classname="RandoopRegressionTest6" time="0.0"/>
  <testcase name="test3161" classname="RandoopRegressionTest6" time="0.0"/>
  <testcase name="test3162" classname="RandoopRegressionTest6" time="0.0"/>
  <testcase name="test3163" classname="RandoopRegressionTest6" time="0.0"/>
  <testcase name="test3164" classname="RandoopRegressionTest6" time="0.001"/>
  <testcase name="test3165" classname="RandoopRegressionTest6" time="0.0"/>
  <testcase name="test3166" classname="RandoopRegressionTest6" time="0.0"/>
  <testcase name="test3167" classname="RandoopRegressionTest6" time="0.0"/>
  <testcase name="test3168" classname="RandoopRegressionTest6" time="0.0"/>
  <testcase name="test3169" classname="RandoopRegressionTest6" time="0.0"/>
  <testcase name="test3170" classname="RandoopRegressionTest6" time="0.0"/>
  <testcase name="test3171" classname="RandoopRegressionTest6" time="0.0"/>
  <testcase name="test3172" classname="RandoopRegressionTest6" time="0.0"/>
  <testcase name="test3173" classname="RandoopRegressionTest6" time="0.0"/>
  <testcase name="test3174" classname="RandoopRegressionTest6" time="0.0"/>
  <testcase name="test3175" classname="RandoopRegressionTest6" time="0.0"/>
  <testcase name="test3176" classname="RandoopRegressionTest6" time="0.0"/>
  <testcase name="test3177" classname="RandoopRegressionTest6" time="0.0"/>
  <testcase name="test3178" classname="RandoopRegressionTest6" time="0.0"/>
  <testcase name="test3179" classname="RandoopRegressionTest6" time="0.0"/>
  <testcase name="test3180" classname="RandoopRegressionTest6" time="0.0"/>
  <testcase name="test3181" classname="RandoopRegressionTest6" time="0.0"/>
  <testcase name="test3182" classname="RandoopRegressionTest6" time="0.0"/>
  <testcase name="test3183" classname="RandoopRegressionTest6" time="0.0"/>
  <testcase name="test3184" classname="RandoopRegressionTest6" time="0.0"/>
  <testcase name="test3185" classname="RandoopRegressionTest6" time="0.0"/>
  <testcase name="test3186" classname="RandoopRegressionTest6" time="0.0"/>
  <testcase name="test3187" classname="RandoopRegressionTest6" time="0.0"/>
  <testcase name="test3188" classname="RandoopRegressionTest6" time="0.0"/>
  <testcase name="test3189" classname="RandoopRegressionTest6" time="0.0"/>
  <testcase name="test3190" classname="RandoopRegressionTest6" time="0.0"/>
  <testcase name="test3191" classname="RandoopRegressionTest6" time="0.0"/>
  <testcase name="test3192" classname="RandoopRegressionTest6" time="0.0"/>
  <testcase name="test3193" classname="RandoopRegressionTest6" time="0.0"/>
  <testcase name="test3194" classname="RandoopRegressionTest6" time="0.0"/>
  <testcase name="test3195" classname="RandoopRegressionTest6" time="0.0"/>
  <testcase name="test3196" classname="RandoopRegressionTest6" time="0.0"/>
  <testcase name="test3197" classname="RandoopRegressionTest6" time="0.0"/>
  <testcase name="test3198" classname="RandoopRegressionTest6" time="0.0"/>
  <testcase name="test3199" classname="RandoopRegressionTest6" time="0.0"/>
  <testcase name="test3200" classname="RandoopRegressionTest6" time="0.0"/>
  <testcase name="test3201" classname="RandoopRegressionTest6" time="0.0"/>
  <testcase name="test3202" classname="RandoopRegressionTest6" time="0.0"/>
  <testcase name="test3203" classname="RandoopRegressionTest6" time="0.0"/>
  <testcase name="test3204" classname="RandoopRegressionTest6" time="0.0"/>
  <testcase name="test3205" classname="RandoopRegressionTest6" time="0.0"/>
  <testcase name="test3206" classname="RandoopRegressionTest6" time="0.0"/>
  <testcase name="test3207" classname="RandoopRegressionTest6" time="0.0"/>
  <testcase name="test3208" classname="RandoopRegressionTest6" time="0.0"/>
  <testcase name="test3209" classname="RandoopRegressionTest6" time="0.0"/>
  <testcase name="test3210" classname="RandoopRegressionTest6" time="0.0"/>
  <testcase name="test3211" classname="RandoopRegressionTest6" time="0.0"/>
  <testcase name="test3212" classname="RandoopRegressionTest6" time="0.0"/>
  <testcase name="test3213" classname="RandoopRegressionTest6" time="0.0"/>
  <testcase name="test3214" classname="RandoopRegressionTest6" time="0.0"/>
  <testcase name="test3215" classname="RandoopRegressionTest6" time="0.0"/>
  <testcase name="test3216" classname="RandoopRegressionTest6" time="0.0"/>
  <testcase name="test3217" classname="RandoopRegressionTest6" time="0.0"/>
  <testcase name="test3218" classname="RandoopRegressionTest6" time="0.0"/>
  <testcase name="test3219" classname="RandoopRegressionTest6" time="0.0"/>
  <testcase name="test3220" classname="RandoopRegressionTest6" time="0.0"/>
  <testcase name="test3221" classname="RandoopRegressionTest6" time="0.0"/>
  <testcase name="test3222" classname="RandoopRegressionTest6" time="0.0"/>
  <testcase name="test3223" classname="RandoopRegressionTest6" time="0.0"/>
  <testcase name="test3224" classname="RandoopRegressionTest6" time="0.0"/>
  <testcase name="test3225" classname="RandoopRegressionTest6" time="0.0"/>
  <testcase name="test3226" classname="RandoopRegressionTest6" time="0.0"/>
  <testcase name="test3227" classname="RandoopRegressionTest6" time="0.0"/>
  <testcase name="test3228" classname="RandoopRegressionTest6" time="0.0"/>
  <testcase name="test3229" classname="RandoopRegressionTest6" time="0.0"/>
  <testcase name="test3230" classname="RandoopRegressionTest6" time="0.0"/>
  <testcase name="test3231" classname="RandoopRegressionTest6" time="0.0"/>
  <testcase name="test3232" classname="RandoopRegressionTest6" time="0.0"/>
  <testcase name="test3233" classname="RandoopRegressionTest6" time="0.0"/>
  <testcase name="test3234" classname="RandoopRegressionTest6" time="0.0"/>
  <testcase name="test3235" classname="RandoopRegressionTest6" time="0.0"/>
  <testcase name="test3236" classname="RandoopRegressionTest6" time="0.0"/>
  <testcase name="test3237" classname="RandoopRegressionTest6" time="0.001"/>
  <testcase name="test3238" classname="RandoopRegressionTest6" time="0.0"/>
  <testcase name="test3239" classname="RandoopRegressionTest6" time="0.0"/>
  <testcase name="test3240" classname="RandoopRegressionTest6" time="0.0"/>
  <testcase name="test3241" classname="RandoopRegressionTest6" time="0.0"/>
  <testcase name="test3242" classname="RandoopRegressionTest6" time="0.0"/>
  <testcase name="test3243" classname="RandoopRegressionTest6" time="0.0"/>
  <testcase name="test3244" classname="RandoopRegressionTest6" time="0.0"/>
  <testcase name="test3245" classname="RandoopRegressionTest6" time="0.0"/>
  <testcase name="test3246" classname="RandoopRegressionTest6" time="0.0"/>
  <testcase name="test3247" classname="RandoopRegressionTest6" time="0.0"/>
  <testcase name="test3248" classname="RandoopRegressionTest6" time="0.0"/>
  <testcase name="test3249" classname="RandoopRegressionTest6" time="0.0"/>
  <testcase name="test3250" classname="RandoopRegressionTest6" time="0.0"/>
  <testcase name="test3251" classname="RandoopRegressionTest6" time="0.0"/>
  <testcase name="test3252" classname="RandoopRegressionTest6" time="0.0"/>
  <testcase name="test3253" classname="RandoopRegressionTest6" time="0.0"/>
  <testcase name="test3254" classname="RandoopRegressionTest6" time="0.0"/>
  <testcase name="test3255" classname="RandoopRegressionTest6" time="0.0"/>
  <testcase name="test3256" classname="RandoopRegressionTest6" time="0.0"/>
  <testcase name="test3257" classname="RandoopRegressionTest6" time="0.0"/>
  <testcase name="test3258" classname="RandoopRegressionTest6" time="0.0"/>
  <testcase name="test3259" classname="RandoopRegressionTest6" time="0.0"/>
  <testcase name="test3260" classname="RandoopRegressionTest6" time="0.0"/>
  <testcase name="test3261" classname="RandoopRegressionTest6" time="0.0"/>
  <testcase name="test3262" classname="RandoopRegressionTest6" time="0.0"/>
  <testcase name="test3263" classname="RandoopRegressionTest6" time="0.0"/>
  <testcase name="test3264" classname="RandoopRegressionTest6" time="0.0"/>
  <testcase name="test3265" classname="RandoopRegressionTest6" time="0.0"/>
  <testcase name="test3266" classname="RandoopRegressionTest6" time="0.0"/>
  <testcase name="test3267" classname="RandoopRegressionTest6" time="0.0"/>
  <testcase name="test3268" classname="RandoopRegressionTest6" time="0.0"/>
  <testcase name="test3269" classname="RandoopRegressionTest6" time="0.0"/>
  <testcase name="test3270" classname="RandoopRegressionTest6" time="0.0"/>
  <testcase name="test3271" classname="RandoopRegressionTest6" time="0.0"/>
  <testcase name="test3272" classname="RandoopRegressionTest6" time="0.0"/>
  <testcase name="test3273" classname="RandoopRegressionTest6" time="0.0"/>
  <testcase name="test3274" classname="RandoopRegressionTest6" time="0.0"/>
  <testcase name="test3275" classname="RandoopRegressionTest6" time="0.0"/>
  <testcase name="test3276" classname="RandoopRegressionTest6" time="0.0"/>
  <testcase name="test3277" classname="RandoopRegressionTest6" time="0.0"/>
  <testcase name="test3278" classname="RandoopRegressionTest6" time="0.0"/>
  <testcase name="test3279" classname="RandoopRegressionTest6" time="0.0"/>
  <testcase name="test3280" classname="RandoopRegressionTest6" time="0.0"/>
  <testcase name="test3281" classname="RandoopRegressionTest6" time="0.0"/>
  <testcase name="test3282" classname="RandoopRegressionTest6" time="0.0"/>
  <testcase name="test3283" classname="RandoopRegressionTest6" time="0.0"/>
  <testcase name="test3284" classname="RandoopRegressionTest6" time="0.0"/>
  <testcase name="test3285" classname="RandoopRegressionTest6" time="0.0"/>
  <testcase name="test3286" classname="RandoopRegressionTest6" time="0.0"/>
  <testcase name="test3287" classname="RandoopRegressionTest6" time="0.0"/>
  <testcase name="test3288" classname="RandoopRegressionTest6" time="0.0"/>
  <testcase name="test3289" classname="RandoopRegressionTest6" time="0.001"/>
  <testcase name="test3290" classname="RandoopRegressionTest6" time="0.0"/>
  <testcase name="test3291" classname="RandoopRegressionTest6" time="0.0"/>
  <testcase name="test3292" classname="RandoopRegressionTest6" time="0.0"/>
  <testcase name="test3293" classname="RandoopRegressionTest6" time="0.0"/>
  <testcase name="test3294" classname="RandoopRegressionTest6" time="0.0"/>
  <testcase name="test3295" classname="RandoopRegressionTest6" time="0.0"/>
  <testcase name="test3296" classname="RandoopRegressionTest6" time="0.0"/>
  <testcase name="test3297" classname="RandoopRegressionTest6" time="0.0"/>
  <testcase name="test3298" classname="RandoopRegressionTest6" time="0.0"/>
  <testcase name="test3299" classname="RandoopRegressionTest6" time="0.0"/>
  <testcase name="test3300" classname="RandoopRegressionTest6" time="0.0"/>
  <testcase name="test3301" classname="RandoopRegressionTest6" time="0.0"/>
  <testcase name="test3302" classname="RandoopRegressionTest6" time="0.0"/>
  <testcase name="test3303" classname="RandoopRegressionTest6" time="0.0"/>
  <testcase name="test3304" classname="RandoopRegressionTest6" time="0.0"/>
  <testcase name="test3305" classname="RandoopRegressionTest6" time="0.0"/>
  <testcase name="test3306" classname="RandoopRegressionTest6" time="0.0"/>
  <testcase name="test3307" classname="RandoopRegressionTest6" time="0.0"/>
  <testcase name="test3308" classname="RandoopRegressionTest6" time="0.0"/>
  <testcase name="test3309" classname="RandoopRegressionTest6" time="0.0"/>
  <testcase name="test3310" classname="RandoopRegressionTest6" time="0.0"/>
  <testcase name="test3311" classname="RandoopRegressionTest6" time="0.0"/>
  <testcase name="test3312" classname="RandoopRegressionTest6" time="0.0"/>
  <testcase name="test3313" classname="RandoopRegressionTest6" time="0.0"/>
  <testcase name="test3314" classname="RandoopRegressionTest6" time="0.0"/>
  <testcase name="test3315" classname="RandoopRegressionTest6" time="0.0"/>
  <testcase name="test3316" classname="RandoopRegressionTest6" time="0.0"/>
  <testcase name="test3317" classname="RandoopRegressionTest6" time="0.0"/>
  <testcase name="test3318" classname="RandoopRegressionTest6" time="0.0"/>
  <testcase name="test3319" classname="RandoopRegressionTest6" time="0.0"/>
  <testcase name="test3320" classname="RandoopRegressionTest6" time="0.0"/>
  <testcase name="test3321" classname="RandoopRegressionTest6" time="0.0"/>
  <testcase name="test3322" classname="RandoopRegressionTest6" time="0.0"/>
  <testcase name="test3323" classname="RandoopRegressionTest6" time="0.0"/>
  <testcase name="test3324" classname="RandoopRegressionTest6" time="0.0"/>
  <testcase name="test3325" classname="RandoopRegressionTest6" time="0.0"/>
  <testcase name="test3326" classname="RandoopRegressionTest6" time="0.0"/>
  <testcase name="test3327" classname="RandoopRegressionTest6" time="0.0"/>
  <testcase name="test3328" classname="RandoopRegressionTest6" time="0.0"/>
  <testcase name="test3329" classname="RandoopRegressionTest6" time="0.0"/>
  <testcase name="test3330" classname="RandoopRegressionTest6" time="0.0"/>
  <testcase name="test3331" classname="RandoopRegressionTest6" time="0.0"/>
  <testcase name="test3332" classname="RandoopRegressionTest6" time="0.0"/>
  <testcase name="test3333" classname="RandoopRegressionTest6" time="0.0"/>
  <testcase name="test3334" classname="RandoopRegressionTest6" time="0.0"/>
  <testcase name="test3335" classname="RandoopRegressionTest6" time="0.0"/>
  <testcase name="test3336" classname="RandoopRegressionTest6" time="0.0"/>
  <testcase name="test3337" classname="RandoopRegressionTest6" time="0.0"/>
  <testcase name="test3338" classname="RandoopRegressionTest6" time="0.0"/>
  <testcase name="test3339" classname="RandoopRegressionTest6" time="0.0"/>
  <testcase name="test3340" classname="RandoopRegressionTest6" time="0.0"/>
  <testcase name="test3341" classname="RandoopRegressionTest6" time="0.0"/>
  <testcase name="test3342" classname="RandoopRegressionTest6" time="0.0"/>
  <testcase name="test3343" classname="RandoopRegressionTest6" time="0.0"/>
  <testcase name="test3344" classname="RandoopRegressionTest6" time="0.0"/>
  <testcase name="test3345" classname="RandoopRegressionTest6" time="0.0"/>
  <testcase name="test3346" classname="RandoopRegressionTest6" time="0.0"/>
  <testcase name="test3347" classname="RandoopRegressionTest6" time="0.0"/>
  <testcase name="test3348" classname="RandoopRegressionTest6" time="0.0"/>
  <testcase name="test3349" classname="RandoopRegressionTest6" time="0.0"/>
  <testcase name="test3350" classname="RandoopRegressionTest6" time="0.0"/>
  <testcase name="test3351" classname="RandoopRegressionTest6" time="0.0"/>
  <testcase name="test3352" classname="RandoopRegressionTest6" time="0.0"/>
  <testcase name="test3353" classname="RandoopRegressionTest6" time="0.0"/>
  <testcase name="test3354" classname="RandoopRegressionTest6" time="0.0"/>
  <testcase name="test3355" classname="RandoopRegressionTest6" time="0.0"/>
  <testcase name="test3356" classname="RandoopRegressionTest6" time="0.0"/>
  <testcase name="test3357" classname="RandoopRegressionTest6" time="0.0"/>
  <testcase name="test3358" classname="RandoopRegressionTest6" time="0.0"/>
  <testcase name="test3359" classname="RandoopRegressionTest6" time="0.0"/>
  <testcase name="test3360" classname="RandoopRegressionTest6" time="0.0"/>
  <testcase name="test3361" classname="RandoopRegressionTest6" time="0.0"/>
  <testcase name="test3362" classname="RandoopRegressionTest6" time="0.0"/>
  <testcase name="test3363" classname="RandoopRegressionTest6" time="0.0"/>
  <testcase name="test3364" classname="RandoopRegressionTest6" time="0.0"/>
  <testcase name="test3365" classname="RandoopRegressionTest6" time="0.0"/>
  <testcase name="test3366" classname="RandoopRegressionTest6" time="0.0"/>
  <testcase name="test3367" classname="RandoopRegressionTest6" time="0.0"/>
  <testcase name="test3368" classname="RandoopRegressionTest6" time="0.0"/>
  <testcase name="test3369" classname="RandoopRegressionTest6" time="0.0"/>
  <testcase name="test3370" classname="RandoopRegressionTest6" time="0.0"/>
  <testcase name="test3371" classname="RandoopRegressionTest6" time="0.0"/>
  <testcase name="test3372" classname="RandoopRegressionTest6" time="0.0"/>
  <testcase name="test3373" classname="RandoopRegressionTest6" time="0.0"/>
  <testcase name="test3374" classname="RandoopRegressionTest6" time="0.0"/>
  <testcase name="test3375" classname="RandoopRegressionTest6" time="0.0"/>
  <testcase name="test3376" classname="RandoopRegressionTest6" time="0.0"/>
  <testcase name="test3377" classname="RandoopRegressionTest6" time="0.0"/>
  <testcase name="test3378" classname="RandoopRegressionTest6" time="0.0"/>
  <testcase name="test3379" classname="RandoopRegressionTest6" time="0.0"/>
  <testcase name="test3380" classname="RandoopRegressionTest6" time="0.0"/>
  <testcase name="test3381" classname="RandoopRegressionTest6" time="0.0"/>
  <testcase name="test3382" classname="RandoopRegressionTest6" time="0.0"/>
  <testcase name="test3383" classname="RandoopRegressionTest6" time="0.0"/>
  <testcase name="test3384" classname="RandoopRegressionTest6" time="0.0"/>
  <testcase name="test3385" classname="RandoopRegressionTest6" time="0.0"/>
  <testcase name="test3386" classname="RandoopRegressionTest6" time="0.0"/>
  <testcase name="test3387" classname="RandoopRegressionTest6" time="0.0"/>
  <testcase name="test3388" classname="RandoopRegressionTest6" time="0.0"/>
  <testcase name="test3389" classname="RandoopRegressionTest6" time="0.0"/>
  <testcase name="test3390" classname="RandoopRegressionTest6" time="0.0"/>
  <testcase name="test3391" classname="RandoopRegressionTest6" time="0.0"/>
  <testcase name="test3392" classname="RandoopRegressionTest6" time="0.0"/>
  <testcase name="test3393" classname="RandoopRegressionTest6" time="0.0"/>
  <testcase name="test3394" classname="RandoopRegressionTest6" time="0.001"/>
  <testcase name="test3395" classname="RandoopRegressionTest6" time="0.0"/>
  <testcase name="test3396" classname="RandoopRegressionTest6" time="0.0"/>
  <testcase name="test3397" classname="RandoopRegressionTest6" time="0.0"/>
  <testcase name="test3398" classname="RandoopRegressionTest6" time="0.0"/>
  <testcase name="test3399" classname="RandoopRegressionTest6" time="0.0"/>
  <testcase name="test3400" classname="RandoopRegressionTest6" time="0.0"/>
  <testcase name="test3401" classname="RandoopRegressionTest6" time="0.0"/>
  <testcase name="test3402" classname="RandoopRegressionTest6" time="0.0"/>
  <testcase name="test3403" classname="RandoopRegressionTest6" time="0.0"/>
  <testcase name="test3404" classname="RandoopRegressionTest6" time="0.0"/>
  <testcase name="test3405" classname="RandoopRegressionTest6" time="0.0"/>
  <testcase name="test3406" classname="RandoopRegressionTest6" time="0.0"/>
  <testcase name="test3407" classname="RandoopRegressionTest6" time="0.0"/>
  <testcase name="test3408" classname="RandoopRegressionTest6" time="0.0"/>
  <testcase name="test3409" classname="RandoopRegressionTest6" time="0.0"/>
  <testcase name="test3410" classname="RandoopRegressionTest6" time="0.0"/>
  <testcase name="test3411" classname="RandoopRegressionTest6" time="0.0"/>
  <testcase name="test3412" classname="RandoopRegressionTest6" time="0.0"/>
  <testcase name="test3413" classname="RandoopRegressionTest6" time="0.0"/>
  <testcase name="test3414" classname="RandoopRegressionTest6" time="0.0"/>
  <testcase name="test3415" classname="RandoopRegressionTest6" time="0.0"/>
  <testcase name="test3416" classname="RandoopRegressionTest6" time="0.0"/>
  <testcase name="test3417" classname="RandoopRegressionTest6" time="0.0"/>
  <testcase name="test3418" classname="RandoopRegressionTest6" time="0.0"/>
  <testcase name="test3419" classname="RandoopRegressionTest6" time="0.0"/>
  <testcase name="test3420" classname="RandoopRegressionTest6" time="0.0"/>
  <testcase name="test3421" classname="RandoopRegressionTest6" time="0.0"/>
  <testcase name="test3422" classname="RandoopRegressionTest6" time="0.0"/>
  <testcase name="test3423" classname="RandoopRegressionTest6" time="0.0"/>
  <testcase name="test3424" classname="RandoopRegressionTest6" time="0.0"/>
  <testcase name="test3425" classname="RandoopRegressionTest6" time="0.0"/>
  <testcase name="test3426" classname="RandoopRegressionTest6" time="0.0"/>
  <testcase name="test3427" classname="RandoopRegressionTest6" time="0.0"/>
  <testcase name="test3428" classname="RandoopRegressionTest6" time="0.0"/>
  <testcase name="test3429" classname="RandoopRegressionTest6" time="0.0"/>
  <testcase name="test3430" classname="RandoopRegressionTest6" time="0.0"/>
  <testcase name="test3431" classname="RandoopRegressionTest6" time="0.0"/>
  <testcase name="test3432" classname="RandoopRegressionTest6" time="0.0"/>
  <testcase name="test3433" classname="RandoopRegressionTest6" time="0.0"/>
  <testcase name="test3434" classname="RandoopRegressionTest6" time="0.0"/>
  <testcase name="test3435" classname="RandoopRegressionTest6" time="0.0"/>
  <testcase name="test3436" classname="RandoopRegressionTest6" time="0.0"/>
  <testcase name="test3437" classname="RandoopRegressionTest6" time="0.0"/>
  <testcase name="test3438" classname="RandoopRegressionTest6" time="0.0"/>
  <testcase name="test3439" classname="RandoopRegressionTest6" time="0.0"/>
  <testcase name="test3440" classname="RandoopRegressionTest6" time="0.0"/>
  <testcase name="test3441" classname="RandoopRegressionTest6" time="0.0"/>
  <testcase name="test3442" classname="RandoopRegressionTest6" time="0.0"/>
  <testcase name="test3443" classname="RandoopRegressionTest6" time="0.0"/>
  <testcase name="test3444" classname="RandoopRegressionTest6" time="0.0"/>
  <testcase name="test3445" classname="RandoopRegressionTest6" time="0.0"/>
  <testcase name="test3446" classname="RandoopRegressionTest6" time="0.0"/>
  <testcase name="test3447" classname="RandoopRegressionTest6" time="0.0"/>
  <testcase name="test3448" classname="RandoopRegressionTest6" time="0.0"/>
  <testcase name="test3449" classname="RandoopRegressionTest6" time="0.0"/>
  <testcase name="test3450" classname="RandoopRegressionTest6" time="0.0"/>
  <testcase name="test3451" classname="RandoopRegressionTest6" time="0.0"/>
  <testcase name="test3452" classname="RandoopRegressionTest6" time="0.0"/>
  <testcase name="test3453" classname="RandoopRegressionTest6" time="0.0"/>
  <testcase name="test3454" classname="RandoopRegressionTest6" time="0.0"/>
  <testcase name="test3455" classname="RandoopRegressionTest6" time="0.0"/>
  <testcase name="test3456" classname="RandoopRegressionTest6" time="0.0"/>
  <testcase name="test3457" classname="RandoopRegressionTest6" time="0.0"/>
  <testcase name="test3458" classname="RandoopRegressionTest6" time="0.0"/>
  <testcase name="test3459" classname="RandoopRegressionTest6" time="0.0"/>
  <testcase name="test3460" classname="RandoopRegressionTest6" time="0.0"/>
  <testcase name="test3461" classname="RandoopRegressionTest6" time="0.0"/>
  <testcase name="test3462" classname="RandoopRegressionTest6" time="0.0"/>
  <testcase name="test3463" classname="RandoopRegressionTest6" time="0.0"/>
  <testcase name="test3464" classname="RandoopRegressionTest6" time="0.0"/>
  <testcase name="test3465" classname="RandoopRegressionTest6" time="0.0"/>
  <testcase name="test3466" classname="RandoopRegressionTest6" time="0.0"/>
  <testcase name="test3467" classname="RandoopRegressionTest6" time="0.0"/>
  <testcase name="test3468" classname="RandoopRegressionTest6" time="0.0"/>
  <testcase name="test3469" classname="RandoopRegressionTest6" time="0.0"/>
  <testcase name="test3470" classname="RandoopRegressionTest6" time="0.0"/>
  <testcase name="test3471" classname="RandoopRegressionTest6" time="0.0"/>
  <testcase name="test3472" classname="RandoopRegressionTest6" time="0.0"/>
  <testcase name="test3473" classname="RandoopRegressionTest6" time="0.0"/>
  <testcase name="test3474" classname="RandoopRegressionTest6" time="0.0"/>
  <testcase name="test3475" classname="RandoopRegressionTest6" time="0.0"/>
  <testcase name="test3476" classname="RandoopRegressionTest6" time="0.0"/>
  <testcase name="test3477" classname="RandoopRegressionTest6" time="0.0"/>
  <testcase name="test3478" classname="RandoopRegressionTest6" time="0.0"/>
  <testcase name="test3479" classname="RandoopRegressionTest6" time="0.0"/>
  <testcase name="test3480" classname="RandoopRegressionTest6" time="0.001"/>
  <testcase name="test3481" classname="RandoopRegressionTest6" time="0.0"/>
  <testcase name="test3482" classname="RandoopRegressionTest6" time="0.0"/>
  <testcase name="test3483" classname="RandoopRegressionTest6" time="0.0"/>
  <testcase name="test3484" classname="RandoopRegressionTest6" time="0.0"/>
  <testcase name="test3485" classname="RandoopRegressionTest6" time="0.0"/>
  <testcase name="test3486" classname="RandoopRegressionTest6" time="0.0"/>
  <testcase name="test3487" classname="RandoopRegressionTest6" time="0.0"/>
  <testcase name="test3488" classname="RandoopRegressionTest6" time="0.0"/>
  <testcase name="test3489" classname="RandoopRegressionTest6" time="0.0"/>
  <testcase name="test3490" classname="RandoopRegressionTest6" time="0.0"/>
  <testcase name="test3491" classname="RandoopRegressionTest6" time="0.0"/>
  <testcase name="test3492" classname="RandoopRegressionTest6" time="0.0"/>
  <testcase name="test3493" classname="RandoopRegressionTest6" time="0.0"/>
  <testcase name="test3494" classname="RandoopRegressionTest6" time="0.0"/>
  <testcase name="test3495" classname="RandoopRegressionTest6" time="0.0"/>
  <testcase name="test3496" classname="RandoopRegressionTest6" time="0.0"/>
  <testcase name="test3497" classname="RandoopRegressionTest6" time="0.0"/>
  <testcase name="test3498" classname="RandoopRegressionTest6" time="0.0"/>
  <testcase name="test3499" classname="RandoopRegressionTest6" time="0.0"/>
  <testcase name="test3500" classname="RandoopRegressionTest6" time="0.0"/>
  <system-out><![CDATA[]]></system-out>
  <system-err><![CDATA[]]></system-err>
</testsuite>
