<?xml version="1.0" encoding="UTF-8"?>
<testsuite name="RandoopRegressionTest3" tests="1000" skipped="0" failures="0" errors="0" timestamp="2024-04-08T15:58:25" hostname="MacBook-Pro-685.local" time="0.205">
  <properties/>
  <testcase name="test1501" classname="RandoopRegressionTest3" time="0.0"/>
  <testcase name="test1502" classname="RandoopRegressionTest3" time="0.0"/>
  <testcase name="test1503" classname="RandoopRegressionTest3" time="0.0"/>
  <testcase name="test1504" classname="RandoopRegressionTest3" time="0.0"/>
  <testcase name="test1505" classname="RandoopRegressionTest3" time="0.0"/>
  <testcase name="test1506" classname="RandoopRegressionTest3" time="0.0"/>
  <testcase name="test1507" classname="RandoopRegressionTest3" time="0.0"/>
  <testcase name="test1508" classname="RandoopRegressionTest3" time="0.0"/>
  <testcase name="test1509" classname="RandoopRegressionTest3" time="0.0"/>
  <testcase name="test1510" classname="RandoopRegressionTest3" time="0.0"/>
  <testcase name="test1511" classname="RandoopRegressionTest3" time="0.0"/>
  <testcase name="test1512" classname="RandoopRegressionTest3" time="0.0"/>
  <testcase name="test1513" classname="RandoopRegressionTest3" time="0.0"/>
  <testcase name="test1514" classname="RandoopRegressionTest3" time="0.0"/>
  <testcase name="test1515" classname="RandoopRegressionTest3" time="0.0"/>
  <testcase name="test1516" classname="RandoopRegressionTest3" time="0.0"/>
  <testcase name="test1517" classname="RandoopRegressionTest3" time="0.0"/>
  <testcase name="test1518" classname="RandoopRegressionTest3" time="0.0"/>
  <testcase name="test1519" classname="RandoopRegressionTest3" time="0.0"/>
  <testcase name="test1520" classname="RandoopRegressionTest3" time="0.0"/>
  <testcase name="test1521" classname="RandoopRegressionTest3" time="0.0"/>
  <testcase name="test1522" classname="RandoopRegressionTest3" time="0.0"/>
  <testcase name="test1523" classname="RandoopRegressionTest3" time="0.0"/>
  <testcase name="test1524" classname="RandoopRegressionTest3" time="0.0"/>
  <testcase name="test1525" classname="RandoopRegressionTest3" time="0.0"/>
  <testcase name="test1526" classname="RandoopRegressionTest3" time="0.0"/>
  <testcase name="test1527" classname="RandoopRegressionTest3" time="0.0"/>
  <testcase name="test1528" classname="RandoopRegressionTest3" time="0.001"/>
  <testcase name="test1529" classname="RandoopRegressionTest3" time="0.0"/>
  <testcase name="test1530" classname="RandoopRegressionTest3" time="0.0"/>
  <testcase name="test1531" classname="RandoopRegressionTest3" time="0.0"/>
  <testcase name="test1532" classname="RandoopRegressionTest3" time="0.0"/>
  <testcase name="test1533" classname="RandoopRegressionTest3" time="0.0"/>
  <testcase name="test1534" classname="RandoopRegressionTest3" time="0.0"/>
  <testcase name="test1535" classname="RandoopRegressionTest3" time="0.0"/>
  <testcase name="test1536" classname="RandoopRegressionTest3" time="0.0"/>
  <testcase name="test1537" classname="RandoopRegressionTest3" time="0.0"/>
  <testcase name="test1538" classname="RandoopRegressionTest3" time="0.0"/>
  <testcase name="test1539" classname="RandoopRegressionTest3" time="0.0"/>
  <testcase name="test1540" classname="RandoopRegressionTest3" time="0.0"/>
  <testcase name="test1541" classname="RandoopRegressionTest3" time="0.0"/>
  <testcase name="test1542" classname="RandoopRegressionTest3" time="0.0"/>
  <testcase name="test1543" classname="RandoopRegressionTest3" time="0.0"/>
  <testcase name="test1544" classname="RandoopRegressionTest3" time="0.0"/>
  <testcase name="test1545" classname="RandoopRegressionTest3" time="0.0"/>
  <testcase name="test1546" classname="RandoopRegressionTest3" time="0.0"/>
  <testcase name="test1547" classname="RandoopRegressionTest3" time="0.0"/>
  <testcase name="test1548" classname="RandoopRegressionTest3" time="0.0"/>
  <testcase name="test1549" classname="RandoopRegressionTest3" time="0.0"/>
  <testcase name="test1550" classname="RandoopRegressionTest3" time="0.0"/>
  <testcase name="test1551" classname="RandoopRegressionTest3" time="0.0"/>
  <testcase name="test1552" classname="RandoopRegressionTest3" time="0.0"/>
  <testcase name="test1553" classname="RandoopRegressionTest3" time="0.0"/>
  <testcase name="test1554" classname="RandoopRegressionTest3" time="0.001"/>
  <testcase name="test1555" classname="RandoopRegressionTest3" time="0.0"/>
  <testcase name="test1556" classname="RandoopRegressionTest3" time="0.0"/>
  <testcase name="test1557" classname="RandoopRegressionTest3" time="0.0"/>
  <testcase name="test1558" classname="RandoopRegressionTest3" time="0.0"/>
  <testcase name="test1559" classname="RandoopRegressionTest3" time="0.0"/>
  <testcase name="test1560" classname="RandoopRegressionTest3" time="0.0"/>
  <testcase name="test1561" classname="RandoopRegressionTest3" time="0.0"/>
  <testcase name="test1562" classname="RandoopRegressionTest3" time="0.0"/>
  <testcase name="test1563" classname="RandoopRegressionTest3" time="0.0"/>
  <testcase name="test1564" classname="RandoopRegressionTest3" time="0.0"/>
  <testcase name="test1565" classname="RandoopRegressionTest3" time="0.0"/>
  <testcase name="test1566" classname="RandoopRegressionTest3" time="0.0"/>
  <testcase name="test1567" classname="RandoopRegressionTest3" time="0.0"/>
  <testcase name="test1568" classname="RandoopRegressionTest3" time="0.0"/>
  <testcase name="test1569" classname="RandoopRegressionTest3" time="0.0"/>
  <testcase name="test1570" classname="RandoopRegressionTest3" time="0.0"/>
  <testcase name="test1571" classname="RandoopRegressionTest3" time="0.0"/>
  <testcase name="test1572" classname="RandoopRegressionTest3" time="0.0"/>
  <testcase name="test1573" classname="RandoopRegressionTest3" time="0.0"/>
  <testcase name="test1574" classname="RandoopRegressionTest3" time="0.0"/>
  <testcase name="test1575" classname="RandoopRegressionTest3" time="0.0"/>
  <testcase name="test1576" classname="RandoopRegressionTest3" time="0.0"/>
  <testcase name="test1577" classname="RandoopRegressionTest3" time="0.0"/>
  <testcase name="test1578" classname="RandoopRegressionTest3" time="0.0"/>
  <testcase name="test1579" classname="RandoopRegressionTest3" time="0.0"/>
  <testcase name="test1580" classname="RandoopRegressionTest3" time="0.0"/>
  <testcase name="test1581" classname="RandoopRegressionTest3" time="0.0"/>
  <testcase name="test1582" classname="RandoopRegressionTest3" time="0.0"/>
  <testcase name="test1583" classname="RandoopRegressionTest3" time="0.0"/>
  <testcase name="test1584" classname="RandoopRegressionTest3" time="0.0"/>
  <testcase name="test1585" classname="RandoopRegressionTest3" time="0.0"/>
  <testcase name="test1586" classname="RandoopRegressionTest3" time="0.0"/>
  <testcase name="test1587" classname="RandoopRegressionTest3" time="0.0"/>
  <testcase name="test1588" classname="RandoopRegressionTest3" time="0.0"/>
  <testcase name="test1589" classname="RandoopRegressionTest3" time="0.0"/>
  <testcase name="test1590" classname="RandoopRegressionTest3" time="0.0"/>
  <testcase name="test1591" classname="RandoopRegressionTest3" time="0.0"/>
  <testcase name="test1592" classname="RandoopRegressionTest3" time="0.0"/>
  <testcase name="test1593" classname="RandoopRegressionTest3" time="0.0"/>
  <testcase name="test1594" classname="RandoopRegressionTest3" time="0.0"/>
  <testcase name="test1595" classname="RandoopRegressionTest3" time="0.0"/>
  <testcase name="test1596" classname="RandoopRegressionTest3" time="0.0"/>
  <testcase name="test1597" classname="RandoopRegressionTest3" time="0.0"/>
  <testcase name="test1598" classname="RandoopRegressionTest3" time="0.0"/>
  <testcase name="test1599" classname="RandoopRegressionTest3" time="0.0"/>
  <testcase name="test1600" classname="RandoopRegressionTest3" time="0.001"/>
  <testcase name="test1601" classname="RandoopRegressionTest3" time="0.0"/>
  <testcase name="test1602" classname="RandoopRegressionTest3" time="0.0"/>
  <testcase name="test1603" classname="RandoopRegressionTest3" time="0.0"/>
  <testcase name="test1604" classname="RandoopRegressionTest3" time="0.0"/>
  <testcase name="test1605" classname="RandoopRegressionTest3" time="0.0"/>
  <testcase name="test1606" classname="RandoopRegressionTest3" time="0.0"/>
  <testcase name="test1607" classname="RandoopRegressionTest3" time="0.0"/>
  <testcase name="test1608" classname="RandoopRegressionTest3" time="0.0"/>
  <testcase name="test1609" classname="RandoopRegressionTest3" time="0.0"/>
  <testcase name="test1610" classname="RandoopRegressionTest3" time="0.0"/>
  <testcase name="test1611" classname="RandoopRegressionTest3" time="0.0"/>
  <testcase name="test1612" classname="RandoopRegressionTest3" time="0.0"/>
  <testcase name="test1613" classname="RandoopRegressionTest3" time="0.0"/>
  <testcase name="test1614" classname="RandoopRegressionTest3" time="0.0"/>
  <testcase name="test1615" classname="RandoopRegressionTest3" time="0.0"/>
  <testcase name="test1616" classname="RandoopRegressionTest3" time="0.0"/>
  <testcase name="test1617" classname="RandoopRegressionTest3" time="0.0"/>
  <testcase name="test1618" classname="RandoopRegressionTest3" time="0.0"/>
  <testcase name="test1619" classname="RandoopRegressionTest3" time="0.0"/>
  <testcase name="test1620" classname="RandoopRegressionTest3" time="0.0"/>
  <testcase name="test1621" classname="RandoopRegressionTest3" time="0.0"/>
  <testcase name="test1622" classname="RandoopRegressionTest3" time="0.0"/>
  <testcase name="test1623" classname="RandoopRegressionTest3" time="0.0"/>
  <testcase name="test1624" classname="RandoopRegressionTest3" time="0.0"/>
  <testcase name="test1625" classname="RandoopRegressionTest3" time="0.0"/>
  <testcase name="test1626" classname="RandoopRegressionTest3" time="0.0"/>
  <testcase name="test1627" classname="RandoopRegressionTest3" time="0.0"/>
  <testcase name="test1628" classname="RandoopRegressionTest3" time="0.0"/>
  <testcase name="test1629" classname="RandoopRegressionTest3" time="0.0"/>
  <testcase name="test1630" classname="RandoopRegressionTest3" time="0.0"/>
  <testcase name="test1631" classname="RandoopRegressionTest3" time="0.0"/>
  <testcase name="test1632" classname="RandoopRegressionTest3" time="0.0"/>
  <testcase name="test1633" classname="RandoopRegressionTest3" time="0.0"/>
  <testcase name="test1634" classname="RandoopRegressionTest3" time="0.0"/>
  <testcase name="test1635" classname="RandoopRegressionTest3" time="0.001"/>
  <testcase name="test1636" classname="RandoopRegressionTest3" time="0.0"/>
  <testcase name="test1637" classname="RandoopRegressionTest3" time="0.0"/>
  <testcase name="test1638" classname="RandoopRegressionTest3" time="0.0"/>
  <testcase name="test1639" classname="RandoopRegressionTest3" time="0.0"/>
  <testcase name="test1640" classname="RandoopRegressionTest3" time="0.0"/>
  <testcase name="test1641" classname="RandoopRegressionTest3" time="0.0"/>
  <testcase name="test1642" classname="RandoopRegressionTest3" time="0.0"/>
  <testcase name="test1643" classname="RandoopRegressionTest3" time="0.0"/>
  <testcase name="test1644" classname="RandoopRegressionTest3" time="0.0"/>
  <testcase name="test1645" classname="RandoopRegressionTest3" time="0.0"/>
  <testcase name="test1646" classname="RandoopRegressionTest3" time="0.0"/>
  <testcase name="test1647" classname="RandoopRegressionTest3" time="0.0"/>
  <testcase name="test1648" classname="RandoopRegressionTest3" time="0.0"/>
  <testcase name="test1649" classname="RandoopRegressionTest3" time="0.0"/>
  <testcase name="test1650" classname="RandoopRegressionTest3" time="0.0"/>
  <testcase name="test1651" classname="RandoopRegressionTest3" time="0.0"/>
  <testcase name="test1652" classname="RandoopRegressionTest3" time="0.001"/>
  <testcase name="test1653" classname="RandoopRegressionTest3" time="0.0"/>
  <testcase name="test1654" classname="RandoopRegressionTest3" time="0.0"/>
  <testcase name="test1655" classname="RandoopRegressionTest3" time="0.0"/>
  <testcase name="test1656" classname="RandoopRegressionTest3" time="0.0"/>
  <testcase name="test1657" classname="RandoopRegressionTest3" time="0.0"/>
  <testcase name="test1658" classname="RandoopRegressionTest3" time="0.0"/>
  <testcase name="test1659" classname="RandoopRegressionTest3" time="0.0"/>
  <testcase name="test1660" classname="RandoopRegressionTest3" time="0.0"/>
  <testcase name="test1661" classname="RandoopRegressionTest3" time="0.0"/>
  <testcase name="test1662" classname="RandoopRegressionTest3" time="0.0"/>
  <testcase name="test1663" classname="RandoopRegressionTest3" time="0.0"/>
  <testcase name="test1664" classname="RandoopRegressionTest3" time="0.0"/>
  <testcase name="test1665" classname="RandoopRegressionTest3" time="0.0"/>
  <testcase name="test1666" classname="RandoopRegressionTest3" time="0.0"/>
  <testcase name="test1667" classname="RandoopRegressionTest3" time="0.0"/>
  <testcase name="test1668" classname="RandoopRegressionTest3" time="0.0"/>
  <testcase name="test1669" classname="RandoopRegressionTest3" time="0.0"/>
  <testcase name="test1670" classname="RandoopRegressionTest3" time="0.0"/>
  <testcase name="test1671" classname="RandoopRegressionTest3" time="0.0"/>
  <testcase name="test1672" classname="RandoopRegressionTest3" time="0.001"/>
  <testcase name="test1673" classname="RandoopRegressionTest3" time="0.0"/>
  <testcase name="test1674" classname="RandoopRegressionTest3" time="0.0"/>
  <testcase name="test1675" classname="RandoopRegressionTest3" time="0.0"/>
  <testcase name="test1676" classname="RandoopRegressionTest3" time="0.0"/>
  <testcase name="test1677" classname="RandoopRegressionTest3" time="0.0"/>
  <testcase name="test1678" classname="RandoopRegressionTest3" time="0.0"/>
  <testcase name="test1679" classname="RandoopRegressionTest3" time="0.0"/>
  <testcase name="test1680" classname="RandoopRegressionTest3" time="0.0"/>
  <testcase name="test1681" classname="RandoopRegressionTest3" time="0.0"/>
  <testcase name="test1682" classname="RandoopRegressionTest3" time="0.0"/>
  <testcase name="test1683" classname="RandoopRegressionTest3" time="0.0"/>
  <testcase name="test1684" classname="RandoopRegressionTest3" time="0.0"/>
  <testcase name="test1685" classname="RandoopRegressionTest3" time="0.0"/>
  <testcase name="test1686" classname="RandoopRegressionTest3" time="0.0"/>
  <testcase name="test1687" classname="RandoopRegressionTest3" time="0.0"/>
  <testcase name="test1688" classname="RandoopRegressionTest3" time="0.0"/>
  <testcase name="test1689" classname="RandoopRegressionTest3" time="0.0"/>
  <testcase name="test1690" classname="RandoopRegressionTest3" time="0.0"/>
  <testcase name="test1691" classname="RandoopRegressionTest3" time="0.0"/>
  <testcase name="test1692" classname="RandoopRegressionTest3" time="0.0"/>
  <testcase name="test1693" classname="RandoopRegressionTest3" time="0.0"/>
  <testcase name="test1694" classname="RandoopRegressionTest3" time="0.0"/>
  <testcase name="test1695" classname="RandoopRegressionTest3" time="0.0"/>
  <testcase name="test1696" classname="RandoopRegressionTest3" time="0.0"/>
  <testcase name="test1697" classname="RandoopRegressionTest3" time="0.0"/>
  <testcase name="test1698" classname="RandoopRegressionTest3" time="0.0"/>
  <testcase name="test1699" classname="RandoopRegressionTest3" time="0.0"/>
  <testcase name="test1700" classname="RandoopRegressionTest3" time="0.0"/>
  <testcase name="test1701" classname="RandoopRegressionTest3" time="0.0"/>
  <testcase name="test1702" classname="RandoopRegressionTest3" time="0.0"/>
  <testcase name="test1703" classname="RandoopRegressionTest3" time="0.0"/>
  <testcase name="test1704" classname="RandoopRegressionTest3" time="0.0"/>
  <testcase name="test1705" classname="RandoopRegressionTest3" time="0.0"/>
  <testcase name="test1706" classname="RandoopRegressionTest3" time="0.0"/>
  <testcase name="test1707" classname="RandoopRegressionTest3" time="0.001"/>
  <testcase name="test1708" classname="RandoopRegressionTest3" time="0.0"/>
  <testcase name="test1709" classname="RandoopRegressionTest3" time="0.0"/>
  <testcase name="test1710" classname="RandoopRegressionTest3" time="0.0"/>
  <testcase name="test1711" classname="RandoopRegressionTest3" time="0.0"/>
  <testcase name="test1712" classname="RandoopRegressionTest3" time="0.0"/>
  <testcase name="test1713" classname="RandoopRegressionTest3" time="0.0"/>
  <testcase name="test1714" classname="RandoopRegressionTest3" time="0.0"/>
  <testcase name="test1715" classname="RandoopRegressionTest3" time="0.0"/>
  <testcase name="test1716" classname="RandoopRegressionTest3" time="0.0"/>
  <testcase name="test1717" classname="RandoopRegressionTest3" time="0.0"/>
  <testcase name="test1718" classname="RandoopRegressionTest3" time="0.0"/>
  <testcase name="test1719" classname="RandoopRegressionTest3" time="0.0"/>
  <testcase name="test1720" classname="RandoopRegressionTest3" time="0.0"/>
  <testcase name="test1721" classname="RandoopRegressionTest3" time="0.0"/>
  <testcase name="test1722" classname="RandoopRegressionTest3" time="0.0"/>
  <testcase name="test1723" classname="RandoopRegressionTest3" time="0.0"/>
  <testcase name="test1724" classname="RandoopRegressionTest3" time="0.0"/>
  <testcase name="test1725" classname="RandoopRegressionTest3" time="0.0"/>
  <testcase name="test1726" classname="RandoopRegressionTest3" time="0.0"/>
  <testcase name="test1727" classname="RandoopRegressionTest3" time="0.0"/>
  <testcase name="test1728" classname="RandoopRegressionTest3" time="0.0"/>
  <testcase name="test1729" classname="RandoopRegressionTest3" time="0.0"/>
  <testcase name="test1730" classname="RandoopRegressionTest3" time="0.0"/>
  <testcase name="test1731" classname="RandoopRegressionTest3" time="0.0"/>
  <testcase name="test1732" classname="RandoopRegressionTest3" time="0.0"/>
  <testcase name="test1733" classname="RandoopRegressionTest3" time="0.0"/>
  <testcase name="test1734" classname="RandoopRegressionTest3" time="0.0"/>
  <testcase name="test1735" classname="RandoopRegressionTest3" time="0.0"/>
  <testcase name="test1736" classname="RandoopRegressionTest3" time="0.0"/>
  <testcase name="test1737" classname="RandoopRegressionTest3" time="0.0"/>
  <testcase name="test1738" classname="RandoopRegressionTest3" time="0.0"/>
  <testcase name="test1739" classname="RandoopRegressionTest3" time="0.0"/>
  <testcase name="test1740" classname="RandoopRegressionTest3" time="0.0"/>
  <testcase name="test1741" classname="RandoopRegressionTest3" time="0.0"/>
  <testcase name="test1742" classname="RandoopRegressionTest3" time="0.0"/>
  <testcase name="test1743" classname="RandoopRegressionTest3" time="0.0"/>
  <testcase name="test1744" classname="RandoopRegressionTest3" time="0.0"/>
  <testcase name="test1745" classname="RandoopRegressionTest3" time="0.0"/>
  <testcase name="test1746" classname="RandoopRegressionTest3" time="0.0"/>
  <testcase name="test1747" classname="RandoopRegressionTest3" time="0.0"/>
  <testcase name="test1748" classname="RandoopRegressionTest3" time="0.0"/>
  <testcase name="test1749" classname="RandoopRegressionTest3" time="0.0"/>
  <testcase name="test1750" classname="RandoopRegressionTest3" time="0.0"/>
  <testcase name="test1751" classname="RandoopRegressionTest3" time="0.0"/>
  <testcase name="test1752" classname="RandoopRegressionTest3" time="0.0"/>
  <testcase name="test1753" classname="RandoopRegressionTest3" time="0.0"/>
  <testcase name="test1754" classname="RandoopRegressionTest3" time="0.0"/>
  <testcase name="test1755" classname="RandoopRegressionTest3" time="0.0"/>
  <testcase name="test1756" classname="RandoopRegressionTest3" time="0.0"/>
  <testcase name="test1757" classname="RandoopRegressionTest3" time="0.0"/>
  <testcase name="test1758" classname="RandoopRegressionTest3" time="0.0"/>
  <testcase name="test1759" classname="RandoopRegressionTest3" time="0.0"/>
  <testcase name="test1760" classname="RandoopRegressionTest3" time="0.0"/>
  <testcase name="test1761" classname="RandoopRegressionTest3" time="0.0"/>
  <testcase name="test1762" classname="RandoopRegressionTest3" time="0.0"/>
  <testcase name="test1763" classname="RandoopRegressionTest3" time="0.0"/>
  <testcase name="test1764" classname="RandoopRegressionTest3" time="0.0"/>
  <testcase name="test1765" classname="RandoopRegressionTest3" time="0.0"/>
  <testcase name="test1766" classname="RandoopRegressionTest3" time="0.0"/>
  <testcase name="test1767" classname="RandoopRegressionTest3" time="0.0"/>
  <testcase name="test1768" classname="RandoopRegressionTest3" time="0.0"/>
  <testcase name="test1769" classname="RandoopRegressionTest3" time="0.0"/>
  <testcase name="test1770" classname="RandoopRegressionTest3" time="0.0"/>
  <testcase name="test1771" classname="RandoopRegressionTest3" time="0.0"/>
  <testcase name="test1772" classname="RandoopRegressionTest3" time="0.0"/>
  <testcase name="test1773" classname="RandoopRegressionTest3" time="0.0"/>
  <testcase name="test1774" classname="RandoopRegressionTest3" time="0.0"/>
  <testcase name="test1775" classname="RandoopRegressionTest3" time="0.0"/>
  <testcase name="test1776" classname="RandoopRegressionTest3" time="0.0"/>
  <testcase name="test1777" classname="RandoopRegressionTest3" time="0.0"/>
  <testcase name="test1778" classname="RandoopRegressionTest3" time="0.0"/>
  <testcase name="test1779" classname="RandoopRegressionTest3" time="0.0"/>
  <testcase name="test1780" classname="RandoopRegressionTest3" time="0.0"/>
  <testcase name="test1781" classname="RandoopRegressionTest3" time="0.0"/>
  <testcase name="test1782" classname="RandoopRegressionTest3" time="0.0"/>
  <testcase name="test1783" classname="RandoopRegressionTest3" time="0.0"/>
  <testcase name="test1784" classname="RandoopRegressionTest3" time="0.0"/>
  <testcase name="test1785" classname="RandoopRegressionTest3" time="0.0"/>
  <testcase name="test1786" classname="RandoopRegressionTest3" time="0.0"/>
  <testcase name="test1787" classname="RandoopRegressionTest3" time="0.0"/>
  <testcase name="test1788" classname="RandoopRegressionTest3" time="0.0"/>
  <testcase name="test1789" classname="RandoopRegressionTest3" time="0.0"/>
  <testcase name="test1790" classname="RandoopRegressionTest3" time="0.0"/>
  <testcase name="test1791" classname="RandoopRegressionTest3" time="0.0"/>
  <testcase name="test1792" classname="RandoopRegressionTest3" time="0.0"/>
  <testcase name="test1793" classname="RandoopRegressionTest3" time="0.0"/>
  <testcase name="test1794" classname="RandoopRegressionTest3" time="0.001"/>
  <testcase name="test1795" classname="RandoopRegressionTest3" time="0.0"/>
  <testcase name="test1796" classname="RandoopRegressionTest3" time="0.0"/>
  <testcase name="test1797" classname="RandoopRegressionTest3" time="0.0"/>
  <testcase name="test1798" classname="RandoopRegressionTest3" time="0.0"/>
  <testcase name="test1799" classname="RandoopRegressionTest3" time="0.0"/>
  <testcase name="test1800" classname="RandoopRegressionTest3" time="0.0"/>
  <testcase name="test1801" classname="RandoopRegressionTest3" time="0.0"/>
  <testcase name="test1802" classname="RandoopRegressionTest3" time="0.0"/>
  <testcase name="test1803" classname="RandoopRegressionTest3" time="0.0"/>
  <testcase name="test1804" classname="RandoopRegressionTest3" time="0.0"/>
  <testcase name="test1805" classname="RandoopRegressionTest3" time="0.0"/>
  <testcase name="test1806" classname="RandoopRegressionTest3" time="0.0"/>
  <testcase name="test1807" classname="RandoopRegressionTest3" time="0.0"/>
  <testcase name="test1808" classname="RandoopRegressionTest3" time="0.0"/>
  <testcase name="test1809" classname="RandoopRegressionTest3" time="0.0"/>
  <testcase name="test1810" classname="RandoopRegressionTest3" time="0.0"/>
  <testcase name="test1811" classname="RandoopRegressionTest3" time="0.0"/>
  <testcase name="test1812" classname="RandoopRegressionTest3" time="0.0"/>
  <testcase name="test1813" classname="RandoopRegressionTest3" time="0.0"/>
  <testcase name="test1814" classname="RandoopRegressionTest3" time="0.0"/>
  <testcase name="test1815" classname="RandoopRegressionTest3" time="0.0"/>
  <testcase name="test1816" classname="RandoopRegressionTest3" time="0.0"/>
  <testcase name="test1817" classname="RandoopRegressionTest3" time="0.0"/>
  <testcase name="test1818" classname="RandoopRegressionTest3" time="0.0"/>
  <testcase name="test1819" classname="RandoopRegressionTest3" time="0.0"/>
  <testcase name="test1820" classname="RandoopRegressionTest3" time="0.0"/>
  <testcase name="test1821" classname="RandoopRegressionTest3" time="0.0"/>
  <testcase name="test1822" classname="RandoopRegressionTest3" time="0.0"/>
  <testcase name="test1823" classname="RandoopRegressionTest3" time="0.0"/>
  <testcase name="test1824" classname="RandoopRegressionTest3" time="0.0"/>
  <testcase name="test1825" classname="RandoopRegressionTest3" time="0.0"/>
  <testcase name="test1826" classname="RandoopRegressionTest3" time="0.0"/>
  <testcase name="test1827" classname="RandoopRegressionTest3" time="0.0"/>
  <testcase name="test1828" classname="RandoopRegressionTest3" time="0.0"/>
  <testcase name="test1829" classname="RandoopRegressionTest3" time="0.0"/>
  <testcase name="test1830" classname="RandoopRegressionTest3" time="0.0"/>
  <testcase name="test1831" classname="RandoopRegressionTest3" time="0.0"/>
  <testcase name="test1832" classname="RandoopRegressionTest3" time="0.0"/>
  <testcase name="test1833" classname="RandoopRegressionTest3" time="0.0"/>
  <testcase name="test1834" classname="RandoopRegressionTest3" time="0.0"/>
  <testcase name="test1835" classname="RandoopRegressionTest3" time="0.0"/>
  <testcase name="test1836" classname="RandoopRegressionTest3" time="0.0"/>
  <testcase name="test1837" classname="RandoopRegressionTest3" time="0.0"/>
  <testcase name="test1838" classname="RandoopRegressionTest3" time="0.0"/>
  <testcase name="test1839" classname="RandoopRegressionTest3" time="0.0"/>
  <testcase name="test1840" classname="RandoopRegressionTest3" time="0.0"/>
  <testcase name="test1841" classname="RandoopRegressionTest3" time="0.0"/>
  <testcase name="test1842" classname="RandoopRegressionTest3" time="0.0"/>
  <testcase name="test1843" classname="RandoopRegressionTest3" time="0.0"/>
  <testcase name="test1844" classname="RandoopRegressionTest3" time="0.0"/>
  <testcase name="test1845" classname="RandoopRegressionTest3" time="0.0"/>
  <testcase name="test1846" classname="RandoopRegressionTest3" time="0.001"/>
  <testcase name="test1847" classname="RandoopRegressionTest3" time="0.0"/>
  <testcase name="test1848" classname="RandoopRegressionTest3" time="0.0"/>
  <testcase name="test1849" classname="RandoopRegressionTest3" time="0.0"/>
  <testcase name="test1850" classname="RandoopRegressionTest3" time="0.0"/>
  <testcase name="test1851" classname="RandoopRegressionTest3" time="0.0"/>
  <testcase name="test1852" classname="RandoopRegressionTest3" time="0.0"/>
  <testcase name="test1853" classname="RandoopRegressionTest3" time="0.0"/>
  <testcase name="test1854" classname="RandoopRegressionTest3" time="0.0"/>
  <testcase name="test1855" classname="RandoopRegressionTest3" time="0.0"/>
  <testcase name="test1856" classname="RandoopRegressionTest3" time="0.0"/>
  <testcase name="test1857" classname="RandoopRegressionTest3" time="0.0"/>
  <testcase name="test1858" classname="RandoopRegressionTest3" time="0.0"/>
  <testcase name="test1859" classname="RandoopRegressionTest3" time="0.0"/>
  <testcase name="test1860" classname="RandoopRegressionTest3" time="0.0"/>
  <testcase name="test1861" classname="RandoopRegressionTest3" time="0.0"/>
  <testcase name="test1862" classname="RandoopRegressionTest3" time="0.001"/>
  <testcase name="test1863" classname="RandoopRegressionTest3" time="0.0"/>
  <testcase name="test1864" classname="RandoopRegressionTest3" time="0.0"/>
  <testcase name="test1865" classname="RandoopRegressionTest3" time="0.0"/>
  <testcase name="test1866" classname="RandoopRegressionTest3" time="0.0"/>
  <testcase name="test1867" classname="RandoopRegressionTest3" time="0.0"/>
  <testcase name="test1868" classname="RandoopRegressionTest3" time="0.0"/>
  <testcase name="test1869" classname="RandoopRegressionTest3" time="0.0"/>
  <testcase name="test1870" classname="RandoopRegressionTest3" time="0.0"/>
  <testcase name="test1871" classname="RandoopRegressionTest3" time="0.0"/>
  <testcase name="test1872" classname="RandoopRegressionTest3" time="0.0"/>
  <testcase name="test1873" classname="RandoopRegressionTest3" time="0.0"/>
  <testcase name="test1874" classname="RandoopRegressionTest3" time="0.0"/>
  <testcase name="test1875" classname="RandoopRegressionTest3" time="0.0"/>
  <testcase name="test1876" classname="RandoopRegressionTest3" time="0.0"/>
  <testcase name="test1877" classname="RandoopRegressionTest3" time="0.0"/>
  <testcase name="test1878" classname="RandoopRegressionTest3" time="0.0"/>
  <testcase name="test1879" classname="RandoopRegressionTest3" time="0.0"/>
  <testcase name="test1880" classname="RandoopRegressionTest3" time="0.001"/>
  <testcase name="test1881" classname="RandoopRegressionTest3" time="0.0"/>
  <testcase name="test1882" classname="RandoopRegressionTest3" time="0.0"/>
  <testcase name="test1883" classname="RandoopRegressionTest3" time="0.0"/>
  <testcase name="test1884" classname="RandoopRegressionTest3" time="0.0"/>
  <testcase name="test1885" classname="RandoopRegressionTest3" time="0.0"/>
  <testcase name="test1886" classname="RandoopRegressionTest3" time="0.0"/>
  <testcase name="test1887" classname="RandoopRegressionTest3" time="0.0"/>
  <testcase name="test1888" classname="RandoopRegressionTest3" time="0.0"/>
  <testcase name="test1889" classname="RandoopRegressionTest3" time="0.0"/>
  <testcase name="test1890" classname="RandoopRegressionTest3" time="0.0"/>
  <testcase name="test1891" classname="RandoopRegressionTest3" time="0.0"/>
  <testcase name="test1892" classname="RandoopRegressionTest3" time="0.0"/>
  <testcase name="test1893" classname="RandoopRegressionTest3" time="0.0"/>
  <testcase name="test1894" classname="RandoopRegressionTest3" time="0.0"/>
  <testcase name="test1895" classname="RandoopRegressionTest3" time="0.0"/>
  <testcase name="test1896" classname="RandoopRegressionTest3" time="0.0"/>
  <testcase name="test1897" classname="RandoopRegressionTest3" time="0.0"/>
  <testcase name="test1898" classname="RandoopRegressionTest3" time="0.0"/>
  <testcase name="test1899" classname="RandoopRegressionTest3" time="0.0"/>
  <testcase name="test1900" classname="RandoopRegressionTest3" time="0.0"/>
  <testcase name="test1901" classname="RandoopRegressionTest3" time="0.0"/>
  <testcase name="test1902" classname="RandoopRegressionTest3" time="0.0"/>
  <testcase name="test1903" classname="RandoopRegressionTest3" time="0.0"/>
  <testcase name="test1904" classname="RandoopRegressionTest3" time="0.0"/>
  <testcase name="test1905" classname="RandoopRegressionTest3" time="0.0"/>
  <testcase name="test1906" classname="RandoopRegressionTest3" time="0.0"/>
  <testcase name="test1907" classname="RandoopRegressionTest3" time="0.0"/>
  <testcase name="test1908" classname="RandoopRegressionTest3" time="0.0"/>
  <testcase name="test1909" classname="RandoopRegressionTest3" time="0.0"/>
  <testcase name="test1910" classname="RandoopRegressionTest3" time="0.0"/>
  <testcase name="test1911" classname="RandoopRegressionTest3" time="0.0"/>
  <testcase name="test1912" classname="RandoopRegressionTest3" time="0.0"/>
  <testcase name="test1913" classname="RandoopRegressionTest3" time="0.0"/>
  <testcase name="test1914" classname="RandoopRegressionTest3" time="0.001"/>
  <testcase name="test1915" classname="RandoopRegressionTest3" time="0.0"/>
  <testcase name="test1916" classname="RandoopRegressionTest3" time="0.0"/>
  <testcase name="test1917" classname="RandoopRegressionTest3" time="0.0"/>
  <testcase name="test1918" classname="RandoopRegressionTest3" time="0.0"/>
  <testcase name="test1919" classname="RandoopRegressionTest3" time="0.0"/>
  <testcase name="test1920" classname="RandoopRegressionTest3" time="0.0"/>
  <testcase name="test1921" classname="RandoopRegressionTest3" time="0.0"/>
  <testcase name="test1922" classname="RandoopRegressionTest3" time="0.0"/>
  <testcase name="test1923" classname="RandoopRegressionTest3" time="0.0"/>
  <testcase name="test1924" classname="RandoopRegressionTest3" time="0.0"/>
  <testcase name="test1925" classname="RandoopRegressionTest3" time="0.0"/>
  <testcase name="test1926" classname="RandoopRegressionTest3" time="0.0"/>
  <testcase name="test1927" classname="RandoopRegressionTest3" time="0.0"/>
  <testcase name="test1928" classname="RandoopRegressionTest3" time="0.0"/>
  <testcase name="test1929" classname="RandoopRegressionTest3" time="0.0"/>
  <testcase name="test1930" classname="RandoopRegressionTest3" time="0.001"/>
  <testcase name="test1931" classname="RandoopRegressionTest3" time="0.0"/>
  <testcase name="test1932" classname="RandoopRegressionTest3" time="0.0"/>
  <testcase name="test1933" classname="RandoopRegressionTest3" time="0.0"/>
  <testcase name="test1934" classname="RandoopRegressionTest3" time="0.0"/>
  <testcase name="test1935" classname="RandoopRegressionTest3" time="0.0"/>
  <testcase name="test1936" classname="RandoopRegressionTest3" time="0.0"/>
  <testcase name="test1937" classname="RandoopRegressionTest3" time="0.0"/>
  <testcase name="test1938" classname="RandoopRegressionTest3" time="0.0"/>
  <testcase name="test1939" classname="RandoopRegressionTest3" time="0.0"/>
  <testcase name="test1940" classname="RandoopRegressionTest3" time="0.0"/>
  <testcase name="test1941" classname="RandoopRegressionTest3" time="0.0"/>
  <testcase name="test1942" classname="RandoopRegressionTest3" time="0.0"/>
  <testcase name="test1943" classname="RandoopRegressionTest3" time="0.0"/>
  <testcase name="test1944" classname="RandoopRegressionTest3" time="0.0"/>
  <testcase name="test1945" classname="RandoopRegressionTest3" time="0.0"/>
  <testcase name="test1946" classname="RandoopRegressionTest3" time="0.001"/>
  <testcase name="test1947" classname="RandoopRegressionTest3" time="0.0"/>
  <testcase name="test1948" classname="RandoopRegressionTest3" time="0.0"/>
  <testcase name="test1949" classname="RandoopRegressionTest3" time="0.0"/>
  <testcase name="test1950" classname="RandoopRegressionTest3" time="0.0"/>
  <testcase name="test1951" classname="RandoopRegressionTest3" time="0.0"/>
  <testcase name="test1952" classname="RandoopRegressionTest3" time="0.0"/>
  <testcase name="test1953" classname="RandoopRegressionTest3" time="0.0"/>
  <testcase name="test1954" classname="RandoopRegressionTest3" time="0.0"/>
  <testcase name="test1955" classname="RandoopRegressionTest3" time="0.0"/>
  <testcase name="test1956" classname="RandoopRegressionTest3" time="0.0"/>
  <testcase name="test1957" classname="RandoopRegressionTest3" time="0.0"/>
  <testcase name="test1958" classname="RandoopRegressionTest3" time="0.0"/>
  <testcase name="test1959" classname="RandoopRegressionTest3" time="0.0"/>
  <testcase name="test1960" classname="RandoopRegressionTest3" time="0.0"/>
  <testcase name="test1961" classname="RandoopRegressionTest3" time="0.0"/>
  <testcase name="test1962" classname="RandoopRegressionTest3" time="0.0"/>
  <testcase name="test1963" classname="RandoopRegressionTest3" time="0.001"/>
  <testcase name="test1964" classname="RandoopRegressionTest3" time="0.0"/>
  <testcase name="test1965" classname="RandoopRegressionTest3" time="0.0"/>
  <testcase name="test1966" classname="RandoopRegressionTest3" time="0.0"/>
  <testcase name="test1967" classname="RandoopRegressionTest3" time="0.0"/>
  <testcase name="test1968" classname="RandoopRegressionTest3" time="0.0"/>
  <testcase name="test1969" classname="RandoopRegressionTest3" time="0.0"/>
  <testcase name="test1970" classname="RandoopRegressionTest3" time="0.0"/>
  <testcase name="test1971" classname="RandoopRegressionTest3" time="0.0"/>
  <testcase name="test1972" classname="RandoopRegressionTest3" time="0.0"/>
  <testcase name="test1973" classname="RandoopRegressionTest3" time="0.0"/>
  <testcase name="test1974" classname="RandoopRegressionTest3" time="0.0"/>
  <testcase name="test1975" classname="RandoopRegressionTest3" time="0.0"/>
  <testcase name="test1976" classname="RandoopRegressionTest3" time="0.0"/>
  <testcase name="test1977" classname="RandoopRegressionTest3" time="0.0"/>
  <testcase name="test1978" classname="RandoopRegressionTest3" time="0.0"/>
  <testcase name="test1979" classname="RandoopRegressionTest3" time="0.0"/>
  <testcase name="test1980" classname="RandoopRegressionTest3" time="0.0"/>
  <testcase name="test1981" classname="RandoopRegressionTest3" time="0.0"/>
  <testcase name="test1982" classname="RandoopRegressionTest3" time="0.0"/>
  <testcase name="test1983" classname="RandoopRegressionTest3" time="0.0"/>
  <testcase name="test1984" classname="RandoopRegressionTest3" time="0.0"/>
  <testcase name="test1985" classname="RandoopRegressionTest3" time="0.0"/>
  <testcase name="test1986" classname="RandoopRegressionTest3" time="0.0"/>
  <testcase name="test1987" classname="RandoopRegressionTest3" time="0.0"/>
  <testcase name="test1988" classname="RandoopRegressionTest3" time="0.0"/>
  <testcase name="test1989" classname="RandoopRegressionTest3" time="0.0"/>
  <testcase name="test1990" classname="RandoopRegressionTest3" time="0.0"/>
  <testcase name="test1991" classname="RandoopRegressionTest3" time="0.0"/>
  <testcase name="test1992" classname="RandoopRegressionTest3" time="0.0"/>
  <testcase name="test1993" classname="RandoopRegressionTest3" time="0.0"/>
  <testcase name="test1994" classname="RandoopRegressionTest3" time="0.0"/>
  <testcase name="test1995" classname="RandoopRegressionTest3" time="0.0"/>
  <testcase name="test1996" classname="RandoopRegressionTest3" time="0.0"/>
  <testcase name="test1997" classname="RandoopRegressionTest3" time="0.0"/>
  <testcase name="test1998" classname="RandoopRegressionTest3" time="0.0"/>
  <testcase name="test1999" classname="RandoopRegressionTest3" time="0.0"/>
  <testcase name="test2000" classname="RandoopRegressionTest3" time="0.0"/>
  <testcase name="test1501" classname="RandoopRegressionTest3" time="0.001"/>
  <testcase name="test1502" classname="RandoopRegressionTest3" time="0.0"/>
  <testcase name="test1503" classname="RandoopRegressionTest3" time="0.0"/>
  <testcase name="test1504" classname="RandoopRegressionTest3" time="0.0"/>
  <testcase name="test1505" classname="RandoopRegressionTest3" time="0.0"/>
  <testcase name="test1506" classname="RandoopRegressionTest3" time="0.0"/>
  <testcase name="test1507" classname="RandoopRegressionTest3" time="0.0"/>
  <testcase name="test1508" classname="RandoopRegressionTest3" time="0.0"/>
  <testcase name="test1509" classname="RandoopRegressionTest3" time="0.0"/>
  <testcase name="test1510" classname="RandoopRegressionTest3" time="0.0"/>
  <testcase name="test1511" classname="RandoopRegressionTest3" time="0.0"/>
  <testcase name="test1512" classname="RandoopRegressionTest3" time="0.0"/>
  <testcase name="test1513" classname="RandoopRegressionTest3" time="0.0"/>
  <testcase name="test1514" classname="RandoopRegressionTest3" time="0.0"/>
  <testcase name="test1515" classname="RandoopRegressionTest3" time="0.0"/>
  <testcase name="test1516" classname="RandoopRegressionTest3" time="0.0"/>
  <testcase name="test1517" classname="RandoopRegressionTest3" time="0.0"/>
  <testcase name="test1518" classname="RandoopRegressionTest3" time="0.0"/>
  <testcase name="test1519" classname="RandoopRegressionTest3" time="0.0"/>
  <testcase name="test1520" classname="RandoopRegressionTest3" time="0.0"/>
  <testcase name="test1521" classname="RandoopRegressionTest3" time="0.0"/>
  <testcase name="test1522" classname="RandoopRegressionTest3" time="0.0"/>
  <testcase name="test1523" classname="RandoopRegressionTest3" time="0.0"/>
  <testcase name="test1524" classname="RandoopRegressionTest3" time="0.0"/>
  <testcase name="test1525" classname="RandoopRegressionTest3" time="0.0"/>
  <testcase name="test1526" classname="RandoopRegressionTest3" time="0.0"/>
  <testcase name="test1527" classname="RandoopRegressionTest3" time="0.0"/>
  <testcase name="test1528" classname="RandoopRegressionTest3" time="0.0"/>
  <testcase name="test1529" classname="RandoopRegressionTest3" time="0.0"/>
  <testcase name="test1530" classname="RandoopRegressionTest3" time="0.0"/>
  <testcase name="test1531" classname="RandoopRegressionTest3" time="0.0"/>
  <testcase name="test1532" classname="RandoopRegressionTest3" time="0.0"/>
  <testcase name="test1533" classname="RandoopRegressionTest3" time="0.0"/>
  <testcase name="test1534" classname="RandoopRegressionTest3" time="0.0"/>
  <testcase name="test1535" classname="RandoopRegressionTest3" time="0.0"/>
  <testcase name="test1536" classname="RandoopRegressionTest3" time="0.0"/>
  <testcase name="test1537" classname="RandoopRegressionTest3" time="0.0"/>
  <testcase name="test1538" classname="RandoopRegressionTest3" time="0.0"/>
  <testcase name="test1539" classname="RandoopRegressionTest3" time="0.0"/>
  <testcase name="test1540" classname="RandoopRegressionTest3" time="0.0"/>
  <testcase name="test1541" classname="RandoopRegressionTest3" time="0.0"/>
  <testcase name="test1542" classname="RandoopRegressionTest3" time="0.0"/>
  <testcase name="test1543" classname="RandoopRegressionTest3" time="0.0"/>
  <testcase name="test1544" classname="RandoopRegressionTest3" time="0.0"/>
  <testcase name="test1545" classname="RandoopRegressionTest3" time="0.0"/>
  <testcase name="test1546" classname="RandoopRegressionTest3" time="0.0"/>
  <testcase name="test1547" classname="RandoopRegressionTest3" time="0.0"/>
  <testcase name="test1548" classname="RandoopRegressionTest3" time="0.0"/>
  <testcase name="test1549" classname="RandoopRegressionTest3" time="0.0"/>
  <testcase name="test1550" classname="RandoopRegressionTest3" time="0.0"/>
  <testcase name="test1551" classname="RandoopRegressionTest3" time="0.0"/>
  <testcase name="test1552" classname="RandoopRegressionTest3" time="0.0"/>
  <testcase name="test1553" classname="RandoopRegressionTest3" time="0.0"/>
  <testcase name="test1554" classname="RandoopRegressionTest3" time="0.0"/>
  <testcase name="test1555" classname="RandoopRegressionTest3" time="0.0"/>
  <testcase name="test1556" classname="RandoopRegressionTest3" time="0.001"/>
  <testcase name="test1557" classname="RandoopRegressionTest3" time="0.0"/>
  <testcase name="test1558" classname="RandoopRegressionTest3" time="0.0"/>
  <testcase name="test1559" classname="RandoopRegressionTest3" time="0.0"/>
  <testcase name="test1560" classname="RandoopRegressionTest3" time="0.0"/>
  <testcase name="test1561" classname="RandoopRegressionTest3" time="0.0"/>
  <testcase name="test1562" classname="RandoopRegressionTest3" time="0.0"/>
  <testcase name="test1563" classname="RandoopRegressionTest3" time="0.0"/>
  <testcase name="test1564" classname="RandoopRegressionTest3" time="0.0"/>
  <testcase name="test1565" classname="RandoopRegressionTest3" time="0.0"/>
  <testcase name="test1566" classname="RandoopRegressionTest3" time="0.0"/>
  <testcase name="test1567" classname="RandoopRegressionTest3" time="0.0"/>
  <testcase name="test1568" classname="RandoopRegressionTest3" time="0.0"/>
  <testcase name="test1569" classname="RandoopRegressionTest3" time="0.0"/>
  <testcase name="test1570" classname="RandoopRegressionTest3" time="0.0"/>
  <testcase name="test1571" classname="RandoopRegressionTest3" time="0.0"/>
  <testcase name="test1572" classname="RandoopRegressionTest3" time="0.0"/>
  <testcase name="test1573" classname="RandoopRegressionTest3" time="0.0"/>
  <testcase name="test1574" classname="RandoopRegressionTest3" time="0.0"/>
  <testcase name="test1575" classname="RandoopRegressionTest3" time="0.0"/>
  <testcase name="test1576" classname="RandoopRegressionTest3" time="0.0"/>
  <testcase name="test1577" classname="RandoopRegressionTest3" time="0.0"/>
  <testcase name="test1578" classname="RandoopRegressionTest3" time="0.0"/>
  <testcase name="test1579" classname="RandoopRegressionTest3" time="0.0"/>
  <testcase name="test1580" classname="RandoopRegressionTest3" time="0.0"/>
  <testcase name="test1581" classname="RandoopRegressionTest3" time="0.0"/>
  <testcase name="test1582" classname="RandoopRegressionTest3" time="0.0"/>
  <testcase name="test1583" classname="RandoopRegressionTest3" time="0.0"/>
  <testcase name="test1584" classname="RandoopRegressionTest3" time="0.0"/>
  <testcase name="test1585" classname="RandoopRegressionTest3" time="0.0"/>
  <testcase name="test1586" classname="RandoopRegressionTest3" time="0.0"/>
  <testcase name="test1587" classname="RandoopRegressionTest3" time="0.0"/>
  <testcase name="test1588" classname="RandoopRegressionTest3" time="0.0"/>
  <testcase name="test1589" classname="RandoopRegressionTest3" time="0.0"/>
  <testcase name="test1590" classname="RandoopRegressionTest3" time="0.0"/>
  <testcase name="test1591" classname="RandoopRegressionTest3" time="0.0"/>
  <testcase name="test1592" classname="RandoopRegressionTest3" time="0.0"/>
  <testcase name="test1593" classname="RandoopRegressionTest3" time="0.0"/>
  <testcase name="test1594" classname="RandoopRegressionTest3" time="0.0"/>
  <testcase name="test1595" classname="RandoopRegressionTest3" time="0.0"/>
  <testcase name="test1596" classname="RandoopRegressionTest3" time="0.0"/>
  <testcase name="test1597" classname="RandoopRegressionTest3" time="0.0"/>
  <testcase name="test1598" classname="RandoopRegressionTest3" time="0.0"/>
  <testcase name="test1599" classname="RandoopRegressionTest3" time="0.0"/>
  <testcase name="test1600" classname="RandoopRegressionTest3" time="0.0"/>
  <testcase name="test1601" classname="RandoopRegressionTest3" time="0.0"/>
  <testcase name="test1602" classname="RandoopRegressionTest3" time="0.0"/>
  <testcase name="test1603" classname="RandoopRegressionTest3" time="0.0"/>
  <testcase name="test1604" classname="RandoopRegressionTest3" time="0.0"/>
  <testcase name="test1605" classname="RandoopRegressionTest3" time="0.0"/>
  <testcase name="test1606" classname="RandoopRegressionTest3" time="0.0"/>
  <testcase name="test1607" classname="RandoopRegressionTest3" time="0.0"/>
  <testcase name="test1608" classname="RandoopRegressionTest3" time="0.0"/>
  <testcase name="test1609" classname="RandoopRegressionTest3" time="0.0"/>
  <testcase name="test1610" classname="RandoopRegressionTest3" time="0.0"/>
  <testcase name="test1611" classname="RandoopRegressionTest3" time="0.0"/>
  <testcase name="test1612" classname="RandoopRegressionTest3" time="0.0"/>
  <testcase name="test1613" classname="RandoopRegressionTest3" time="0.0"/>
  <testcase name="test1614" classname="RandoopRegressionTest3" time="0.0"/>
  <testcase name="test1615" classname="RandoopRegressionTest3" time="0.0"/>
  <testcase name="test1616" classname="RandoopRegressionTest3" time="0.0"/>
  <testcase name="test1617" classname="RandoopRegressionTest3" time="0.0"/>
  <testcase name="test1618" classname="RandoopRegressionTest3" time="0.0"/>
  <testcase name="test1619" classname="RandoopRegressionTest3" time="0.0"/>
  <testcase name="test1620" classname="RandoopRegressionTest3" time="0.0"/>
  <testcase name="test1621" classname="RandoopRegressionTest3" time="0.0"/>
  <testcase name="test1622" classname="RandoopRegressionTest3" time="0.0"/>
  <testcase name="test1623" classname="RandoopRegressionTest3" time="0.0"/>
  <testcase name="test1624" classname="RandoopRegressionTest3" time="0.0"/>
  <testcase name="test1625" classname="RandoopRegressionTest3" time="0.0"/>
  <testcase name="test1626" classname="RandoopRegressionTest3" time="0.0"/>
  <testcase name="test1627" classname="RandoopRegressionTest3" time="0.0"/>
  <testcase name="test1628" classname="RandoopRegressionTest3" time="0.0"/>
  <testcase name="test1629" classname="RandoopRegressionTest3" time="0.0"/>
  <testcase name="test1630" classname="RandoopRegressionTest3" time="0.0"/>
  <testcase name="test1631" classname="RandoopRegressionTest3" time="0.0"/>
  <testcase name="test1632" classname="RandoopRegressionTest3" time="0.0"/>
  <testcase name="test1633" classname="RandoopRegressionTest3" time="0.0"/>
  <testcase name="test1634" classname="RandoopRegressionTest3" time="0.0"/>
  <testcase name="test1635" classname="RandoopRegressionTest3" time="0.0"/>
  <testcase name="test1636" classname="RandoopRegressionTest3" time="0.0"/>
  <testcase name="test1637" classname="RandoopRegressionTest3" time="0.0"/>
  <testcase name="test1638" classname="RandoopRegressionTest3" time="0.0"/>
  <testcase name="test1639" classname="RandoopRegressionTest3" time="0.0"/>
  <testcase name="test1640" classname="RandoopRegressionTest3" time="0.0"/>
  <testcase name="test1641" classname="RandoopRegressionTest3" time="0.0"/>
  <testcase name="test1642" classname="RandoopRegressionTest3" time="0.0"/>
  <testcase name="test1643" classname="RandoopRegressionTest3" time="0.0"/>
  <testcase name="test1644" classname="RandoopRegressionTest3" time="0.0"/>
  <testcase name="test1645" classname="RandoopRegressionTest3" time="0.0"/>
  <testcase name="test1646" classname="RandoopRegressionTest3" time="0.0"/>
  <testcase name="test1647" classname="RandoopRegressionTest3" time="0.0"/>
  <testcase name="test1648" classname="RandoopRegressionTest3" time="0.0"/>
  <testcase name="test1649" classname="RandoopRegressionTest3" time="0.0"/>
  <testcase name="test1650" classname="RandoopRegressionTest3" time="0.0"/>
  <testcase name="test1651" classname="RandoopRegressionTest3" time="0.0"/>
  <testcase name="test1652" classname="RandoopRegressionTest3" time="0.0"/>
  <testcase name="test1653" classname="RandoopRegressionTest3" time="0.0"/>
  <testcase name="test1654" classname="RandoopRegressionTest3" time="0.0"/>
  <testcase name="test1655" classname="RandoopRegressionTest3" time="0.0"/>
  <testcase name="test1656" classname="RandoopRegressionTest3" time="0.0"/>
  <testcase name="test1657" classname="RandoopRegressionTest3" time="0.0"/>
  <testcase name="test1658" classname="RandoopRegressionTest3" time="0.0"/>
  <testcase name="test1659" classname="RandoopRegressionTest3" time="0.0"/>
  <testcase name="test1660" classname="RandoopRegressionTest3" time="0.0"/>
  <testcase name="test1661" classname="RandoopRegressionTest3" time="0.0"/>
  <testcase name="test1662" classname="RandoopRegressionTest3" time="0.0"/>
  <testcase name="test1663" classname="RandoopRegressionTest3" time="0.0"/>
  <testcase name="test1664" classname="RandoopRegressionTest3" time="0.0"/>
  <testcase name="test1665" classname="RandoopRegressionTest3" time="0.0"/>
  <testcase name="test1666" classname="RandoopRegressionTest3" time="0.0"/>
  <testcase name="test1667" classname="RandoopRegressionTest3" time="0.0"/>
  <testcase name="test1668" classname="RandoopRegressionTest3" time="0.0"/>
  <testcase name="test1669" classname="RandoopRegressionTest3" time="0.0"/>
  <testcase name="test1670" classname="RandoopRegressionTest3" time="0.0"/>
  <testcase name="test1671" classname="RandoopRegressionTest3" time="0.001"/>
  <testcase name="test1672" classname="RandoopRegressionTest3" time="0.0"/>
  <testcase name="test1673" classname="RandoopRegressionTest3" time="0.0"/>
  <testcase name="test1674" classname="RandoopRegressionTest3" time="0.0"/>
  <testcase name="test1675" classname="RandoopRegressionTest3" time="0.0"/>
  <testcase name="test1676" classname="RandoopRegressionTest3" time="0.0"/>
  <testcase name="test1677" classname="RandoopRegressionTest3" time="0.0"/>
  <testcase name="test1678" classname="RandoopRegressionTest3" time="0.0"/>
  <testcase name="test1679" classname="RandoopRegressionTest3" time="0.0"/>
  <testcase name="test1680" classname="RandoopRegressionTest3" time="0.0"/>
  <testcase name="test1681" classname="RandoopRegressionTest3" time="0.0"/>
  <testcase name="test1682" classname="RandoopRegressionTest3" time="0.0"/>
  <testcase name="test1683" classname="RandoopRegressionTest3" time="0.0"/>
  <testcase name="test1684" classname="RandoopRegressionTest3" time="0.0"/>
  <testcase name="test1685" classname="RandoopRegressionTest3" time="0.0"/>
  <testcase name="test1686" classname="RandoopRegressionTest3" time="0.0"/>
  <testcase name="test1687" classname="RandoopRegressionTest3" time="0.0"/>
  <testcase name="test1688" classname="RandoopRegressionTest3" time="0.0"/>
  <testcase name="test1689" classname="RandoopRegressionTest3" time="0.0"/>
  <testcase name="test1690" classname="RandoopRegressionTest3" time="0.0"/>
  <testcase name="test1691" classname="RandoopRegressionTest3" time="0.0"/>
  <testcase name="test1692" classname="RandoopRegressionTest3" time="0.0"/>
  <testcase name="test1693" classname="RandoopRegressionTest3" time="0.0"/>
  <testcase name="test1694" classname="RandoopRegressionTest3" time="0.0"/>
  <testcase name="test1695" classname="RandoopRegressionTest3" time="0.0"/>
  <testcase name="test1696" classname="RandoopRegressionTest3" time="0.0"/>
  <testcase name="test1697" classname="RandoopRegressionTest3" time="0.0"/>
  <testcase name="test1698" classname="RandoopRegressionTest3" time="0.0"/>
  <testcase name="test1699" classname="RandoopRegressionTest3" time="0.0"/>
  <testcase name="test1700" classname="RandoopRegressionTest3" time="0.0"/>
  <testcase name="test1701" classname="RandoopRegressionTest3" time="0.0"/>
  <testcase name="test1702" classname="RandoopRegressionTest3" time="0.0"/>
  <testcase name="test1703" classname="RandoopRegressionTest3" time="0.0"/>
  <testcase name="test1704" classname="RandoopRegressionTest3" time="0.0"/>
  <testcase name="test1705" classname="RandoopRegressionTest3" time="0.0"/>
  <testcase name="test1706" classname="RandoopRegressionTest3" time="0.0"/>
  <testcase name="test1707" classname="RandoopRegressionTest3" time="0.0"/>
  <testcase name="test1708" classname="RandoopRegressionTest3" time="0.0"/>
  <testcase name="test1709" classname="RandoopRegressionTest3" time="0.0"/>
  <testcase name="test1710" classname="RandoopRegressionTest3" time="0.0"/>
  <testcase name="test1711" classname="RandoopRegressionTest3" time="0.0"/>
  <testcase name="test1712" classname="RandoopRegressionTest3" time="0.0"/>
  <testcase name="test1713" classname="RandoopRegressionTest3" time="0.0"/>
  <testcase name="test1714" classname="RandoopRegressionTest3" time="0.0"/>
  <testcase name="test1715" classname="RandoopRegressionTest3" time="0.0"/>
  <testcase name="test1716" classname="RandoopRegressionTest3" time="0.0"/>
  <testcase name="test1717" classname="RandoopRegressionTest3" time="0.0"/>
  <testcase name="test1718" classname="RandoopRegressionTest3" time="0.0"/>
  <testcase name="test1719" classname="RandoopRegressionTest3" time="0.0"/>
  <testcase name="test1720" classname="RandoopRegressionTest3" time="0.0"/>
  <testcase name="test1721" classname="RandoopRegressionTest3" time="0.0"/>
  <testcase name="test1722" classname="RandoopRegressionTest3" time="0.0"/>
  <testcase name="test1723" classname="RandoopRegressionTest3" time="0.0"/>
  <testcase name="test1724" classname="RandoopRegressionTest3" time="0.0"/>
  <testcase name="test1725" classname="RandoopRegressionTest3" time="0.0"/>
  <testcase name="test1726" classname="RandoopRegressionTest3" time="0.0"/>
  <testcase name="test1727" classname="RandoopRegressionTest3" time="0.0"/>
  <testcase name="test1728" classname="RandoopRegressionTest3" time="0.0"/>
  <testcase name="test1729" classname="RandoopRegressionTest3" time="0.0"/>
  <testcase name="test1730" classname="RandoopRegressionTest3" time="0.0"/>
  <testcase name="test1731" classname="RandoopRegressionTest3" time="0.0"/>
  <testcase name="test1732" classname="RandoopRegressionTest3" time="0.0"/>
  <testcase name="test1733" classname="RandoopRegressionTest3" time="0.0"/>
  <testcase name="test1734" classname="RandoopRegressionTest3" time="0.0"/>
  <testcase name="test1735" classname="RandoopRegressionTest3" time="0.0"/>
  <testcase name="test1736" classname="RandoopRegressionTest3" time="0.0"/>
  <testcase name="test1737" classname="RandoopRegressionTest3" time="0.0"/>
  <testcase name="test1738" classname="RandoopRegressionTest3" time="0.0"/>
  <testcase name="test1739" classname="RandoopRegressionTest3" time="0.0"/>
  <testcase name="test1740" classname="RandoopRegressionTest3" time="0.0"/>
  <testcase name="test1741" classname="RandoopRegressionTest3" time="0.0"/>
  <testcase name="test1742" classname="RandoopRegressionTest3" time="0.0"/>
  <testcase name="test1743" classname="RandoopRegressionTest3" time="0.0"/>
  <testcase name="test1744" classname="RandoopRegressionTest3" time="0.0"/>
  <testcase name="test1745" classname="RandoopRegressionTest3" time="0.0"/>
  <testcase name="test1746" classname="RandoopRegressionTest3" time="0.0"/>
  <testcase name="test1747" classname="RandoopRegressionTest3" time="0.0"/>
  <testcase name="test1748" classname="RandoopRegressionTest3" time="0.0"/>
  <testcase name="test1749" classname="RandoopRegressionTest3" time="0.0"/>
  <testcase name="test1750" classname="RandoopRegressionTest3" time="0.0"/>
  <testcase name="test1751" classname="RandoopRegressionTest3" time="0.0"/>
  <testcase name="test1752" classname="RandoopRegressionTest3" time="0.0"/>
  <testcase name="test1753" classname="RandoopRegressionTest3" time="0.0"/>
  <testcase name="test1754" classname="RandoopRegressionTest3" time="0.0"/>
  <testcase name="test1755" classname="RandoopRegressionTest3" time="0.0"/>
  <testcase name="test1756" classname="RandoopRegressionTest3" time="0.0"/>
  <testcase name="test1757" classname="RandoopRegressionTest3" time="0.0"/>
  <testcase name="test1758" classname="RandoopRegressionTest3" time="0.0"/>
  <testcase name="test1759" classname="RandoopRegressionTest3" time="0.0"/>
  <testcase name="test1760" classname="RandoopRegressionTest3" time="0.0"/>
  <testcase name="test1761" classname="RandoopRegressionTest3" time="0.0"/>
  <testcase name="test1762" classname="RandoopRegressionTest3" time="0.0"/>
  <testcase name="test1763" classname="RandoopRegressionTest3" time="0.0"/>
  <testcase name="test1764" classname="RandoopRegressionTest3" time="0.0"/>
  <testcase name="test1765" classname="RandoopRegressionTest3" time="0.0"/>
  <testcase name="test1766" classname="RandoopRegressionTest3" time="0.0"/>
  <testcase name="test1767" classname="RandoopRegressionTest3" time="0.0"/>
  <testcase name="test1768" classname="RandoopRegressionTest3" time="0.0"/>
  <testcase name="test1769" classname="RandoopRegressionTest3" time="0.0"/>
  <testcase name="test1770" classname="RandoopRegressionTest3" time="0.0"/>
  <testcase name="test1771" classname="RandoopRegressionTest3" time="0.0"/>
  <testcase name="test1772" classname="RandoopRegressionTest3" time="0.0"/>
  <testcase name="test1773" classname="RandoopRegressionTest3" time="0.0"/>
  <testcase name="test1774" classname="RandoopRegressionTest3" time="0.0"/>
  <testcase name="test1775" classname="RandoopRegressionTest3" time="0.0"/>
  <testcase name="test1776" classname="RandoopRegressionTest3" time="0.0"/>
  <testcase name="test1777" classname="RandoopRegressionTest3" time="0.0"/>
  <testcase name="test1778" classname="RandoopRegressionTest3" time="0.0"/>
  <testcase name="test1779" classname="RandoopRegressionTest3" time="0.0"/>
  <testcase name="test1780" classname="RandoopRegressionTest3" time="0.0"/>
  <testcase name="test1781" classname="RandoopRegressionTest3" time="0.0"/>
  <testcase name="test1782" classname="RandoopRegressionTest3" time="0.0"/>
  <testcase name="test1783" classname="RandoopRegressionTest3" time="0.0"/>
  <testcase name="test1784" classname="RandoopRegressionTest3" time="0.0"/>
  <testcase name="test1785" classname="RandoopRegressionTest3" time="0.0"/>
  <testcase name="test1786" classname="RandoopRegressionTest3" time="0.0"/>
  <testcase name="test1787" classname="RandoopRegressionTest3" time="0.0"/>
  <testcase name="test1788" classname="RandoopRegressionTest3" time="0.0"/>
  <testcase name="test1789" classname="RandoopRegressionTest3" time="0.0"/>
  <testcase name="test1790" classname="RandoopRegressionTest3" time="0.0"/>
  <testcase name="test1791" classname="RandoopRegressionTest3" time="0.0"/>
  <testcase name="test1792" classname="RandoopRegressionTest3" time="0.0"/>
  <testcase name="test1793" classname="RandoopRegressionTest3" time="0.0"/>
  <testcase name="test1794" classname="RandoopRegressionTest3" time="0.0"/>
  <testcase name="test1795" classname="RandoopRegressionTest3" time="0.0"/>
  <testcase name="test1796" classname="RandoopRegressionTest3" time="0.0"/>
  <testcase name="test1797" classname="RandoopRegressionTest3" time="0.0"/>
  <testcase name="test1798" classname="RandoopRegressionTest3" time="0.0"/>
  <testcase name="test1799" classname="RandoopRegressionTest3" time="0.0"/>
  <testcase name="test1800" classname="RandoopRegressionTest3" time="0.0"/>
  <testcase name="test1801" classname="RandoopRegressionTest3" time="0.0"/>
  <testcase name="test1802" classname="RandoopRegressionTest3" time="0.0"/>
  <testcase name="test1803" classname="RandoopRegressionTest3" time="0.0"/>
  <testcase name="test1804" classname="RandoopRegressionTest3" time="0.0"/>
  <testcase name="test1805" classname="RandoopRegressionTest3" time="0.0"/>
  <testcase name="test1806" classname="RandoopRegressionTest3" time="0.0"/>
  <testcase name="test1807" classname="RandoopRegressionTest3" time="0.0"/>
  <testcase name="test1808" classname="RandoopRegressionTest3" time="0.0"/>
  <testcase name="test1809" classname="RandoopRegressionTest3" time="0.0"/>
  <testcase name="test1810" classname="RandoopRegressionTest3" time="0.0"/>
  <testcase name="test1811" classname="RandoopRegressionTest3" time="0.0"/>
  <testcase name="test1812" classname="RandoopRegressionTest3" time="0.0"/>
  <testcase name="test1813" classname="RandoopRegressionTest3" time="0.0"/>
  <testcase name="test1814" classname="RandoopRegressionTest3" time="0.0"/>
  <testcase name="test1815" classname="RandoopRegressionTest3" time="0.0"/>
  <testcase name="test1816" classname="RandoopRegressionTest3" time="0.0"/>
  <testcase name="test1817" classname="RandoopRegressionTest3" time="0.0"/>
  <testcase name="test1818" classname="RandoopRegressionTest3" time="0.0"/>
  <testcase name="test1819" classname="RandoopRegressionTest3" time="0.0"/>
  <testcase name="test1820" classname="RandoopRegressionTest3" time="0.0"/>
  <testcase name="test1821" classname="RandoopRegressionTest3" time="0.0"/>
  <testcase name="test1822" classname="RandoopRegressionTest3" time="0.0"/>
  <testcase name="test1823" classname="RandoopRegressionTest3" time="0.0"/>
  <testcase name="test1824" classname="RandoopRegressionTest3" time="0.0"/>
  <testcase name="test1825" classname="RandoopRegressionTest3" time="0.0"/>
  <testcase name="test1826" classname="RandoopRegressionTest3" time="0.0"/>
  <testcase name="test1827" classname="RandoopRegressionTest3" time="0.0"/>
  <testcase name="test1828" classname="RandoopRegressionTest3" time="0.001"/>
  <testcase name="test1829" classname="RandoopRegressionTest3" time="0.0"/>
  <testcase name="test1830" classname="RandoopRegressionTest3" time="0.0"/>
  <testcase name="test1831" classname="RandoopRegressionTest3" time="0.0"/>
  <testcase name="test1832" classname="RandoopRegressionTest3" time="0.0"/>
  <testcase name="test1833" classname="RandoopRegressionTest3" time="0.0"/>
  <testcase name="test1834" classname="RandoopRegressionTest3" time="0.0"/>
  <testcase name="test1835" classname="RandoopRegressionTest3" time="0.0"/>
  <testcase name="test1836" classname="RandoopRegressionTest3" time="0.0"/>
  <testcase name="test1837" classname="RandoopRegressionTest3" time="0.0"/>
  <testcase name="test1838" classname="RandoopRegressionTest3" time="0.0"/>
  <testcase name="test1839" classname="RandoopRegressionTest3" time="0.0"/>
  <testcase name="test1840" classname="RandoopRegressionTest3" time="0.0"/>
  <testcase name="test1841" classname="RandoopRegressionTest3" time="0.0"/>
  <testcase name="test1842" classname="RandoopRegressionTest3" time="0.0"/>
  <testcase name="test1843" classname="RandoopRegressionTest3" time="0.0"/>
  <testcase name="test1844" classname="RandoopRegressionTest3" time="0.0"/>
  <testcase name="test1845" classname="RandoopRegressionTest3" time="0.0"/>
  <testcase name="test1846" classname="RandoopRegressionTest3" time="0.0"/>
  <testcase name="test1847" classname="RandoopRegressionTest3" time="0.0"/>
  <testcase name="test1848" classname="RandoopRegressionTest3" time="0.0"/>
  <testcase name="test1849" classname="RandoopRegressionTest3" time="0.0"/>
  <testcase name="test1850" classname="RandoopRegressionTest3" time="0.0"/>
  <testcase name="test1851" classname="RandoopRegressionTest3" time="0.0"/>
  <testcase name="test1852" classname="RandoopRegressionTest3" time="0.0"/>
  <testcase name="test1853" classname="RandoopRegressionTest3" time="0.0"/>
  <testcase name="test1854" classname="RandoopRegressionTest3" time="0.0"/>
  <testcase name="test1855" classname="RandoopRegressionTest3" time="0.0"/>
  <testcase name="test1856" classname="RandoopRegressionTest3" time="0.0"/>
  <testcase name="test1857" classname="RandoopRegressionTest3" time="0.0"/>
  <testcase name="test1858" classname="RandoopRegressionTest3" time="0.0"/>
  <testcase name="test1859" classname="RandoopRegressionTest3" time="0.0"/>
  <testcase name="test1860" classname="RandoopRegressionTest3" time="0.0"/>
  <testcase name="test1861" classname="RandoopRegressionTest3" time="0.0"/>
  <testcase name="test1862" classname="RandoopRegressionTest3" time="0.0"/>
  <testcase name="test1863" classname="RandoopRegressionTest3" time="0.0"/>
  <testcase name="test1864" classname="RandoopRegressionTest3" time="0.0"/>
  <testcase name="test1865" classname="RandoopRegressionTest3" time="0.0"/>
  <testcase name="test1866" classname="RandoopRegressionTest3" time="0.0"/>
  <testcase name="test1867" classname="RandoopRegressionTest3" time="0.0"/>
  <testcase name="test1868" classname="RandoopRegressionTest3" time="0.0"/>
  <testcase name="test1869" classname="RandoopRegressionTest3" time="0.0"/>
  <testcase name="test1870" classname="RandoopRegressionTest3" time="0.0"/>
  <testcase name="test1871" classname="RandoopRegressionTest3" time="0.0"/>
  <testcase name="test1872" classname="RandoopRegressionTest3" time="0.0"/>
  <testcase name="test1873" classname="RandoopRegressionTest3" time="0.0"/>
  <testcase name="test1874" classname="RandoopRegressionTest3" time="0.0"/>
  <testcase name="test1875" classname="RandoopRegressionTest3" time="0.0"/>
  <testcase name="test1876" classname="RandoopRegressionTest3" time="0.0"/>
  <testcase name="test1877" classname="RandoopRegressionTest3" time="0.0"/>
  <testcase name="test1878" classname="RandoopRegressionTest3" time="0.0"/>
  <testcase name="test1879" classname="RandoopRegressionTest3" time="0.0"/>
  <testcase name="test1880" classname="RandoopRegressionTest3" time="0.0"/>
  <testcase name="test1881" classname="RandoopRegressionTest3" time="0.0"/>
  <testcase name="test1882" classname="RandoopRegressionTest3" time="0.0"/>
  <testcase name="test1883" classname="RandoopRegressionTest3" time="0.0"/>
  <testcase name="test1884" classname="RandoopRegressionTest3" time="0.0"/>
  <testcase name="test1885" classname="RandoopRegressionTest3" time="0.0"/>
  <testcase name="test1886" classname="RandoopRegressionTest3" time="0.0"/>
  <testcase name="test1887" classname="RandoopRegressionTest3" time="0.0"/>
  <testcase name="test1888" classname="RandoopRegressionTest3" time="0.0"/>
  <testcase name="test1889" classname="RandoopRegressionTest3" time="0.0"/>
  <testcase name="test1890" classname="RandoopRegressionTest3" time="0.0"/>
  <testcase name="test1891" classname="RandoopRegressionTest3" time="0.0"/>
  <testcase name="test1892" classname="RandoopRegressionTest3" time="0.0"/>
  <testcase name="test1893" classname="RandoopRegressionTest3" time="0.0"/>
  <testcase name="test1894" classname="RandoopRegressionTest3" time="0.0"/>
  <testcase name="test1895" classname="RandoopRegressionTest3" time="0.0"/>
  <testcase name="test1896" classname="RandoopRegressionTest3" time="0.0"/>
  <testcase name="test1897" classname="RandoopRegressionTest3" time="0.0"/>
  <testcase name="test1898" classname="RandoopRegressionTest3" time="0.0"/>
  <testcase name="test1899" classname="RandoopRegressionTest3" time="0.0"/>
  <testcase name="test1900" classname="RandoopRegressionTest3" time="0.0"/>
  <testcase name="test1901" classname="RandoopRegressionTest3" time="0.0"/>
  <testcase name="test1902" classname="RandoopRegressionTest3" time="0.0"/>
  <testcase name="test1903" classname="RandoopRegressionTest3" time="0.0"/>
  <testcase name="test1904" classname="RandoopRegressionTest3" time="0.0"/>
  <testcase name="test1905" classname="RandoopRegressionTest3" time="0.0"/>
  <testcase name="test1906" classname="RandoopRegressionTest3" time="0.0"/>
  <testcase name="test1907" classname="RandoopRegressionTest3" time="0.0"/>
  <testcase name="test1908" classname="RandoopRegressionTest3" time="0.0"/>
  <testcase name="test1909" classname="RandoopRegressionTest3" time="0.0"/>
  <testcase name="test1910" classname="RandoopRegressionTest3" time="0.0"/>
  <testcase name="test1911" classname="RandoopRegressionTest3" time="0.0"/>
  <testcase name="test1912" classname="RandoopRegressionTest3" time="0.0"/>
  <testcase name="test1913" classname="RandoopRegressionTest3" time="0.0"/>
  <testcase name="test1914" classname="RandoopRegressionTest3" time="0.0"/>
  <testcase name="test1915" classname="RandoopRegressionTest3" time="0.0"/>
  <testcase name="test1916" classname="RandoopRegressionTest3" time="0.0"/>
  <testcase name="test1917" classname="RandoopRegressionTest3" time="0.0"/>
  <testcase name="test1918" classname="RandoopRegressionTest3" time="0.0"/>
  <testcase name="test1919" classname="RandoopRegressionTest3" time="0.0"/>
  <testcase name="test1920" classname="RandoopRegressionTest3" time="0.0"/>
  <testcase name="test1921" classname="RandoopRegressionTest3" time="0.0"/>
  <testcase name="test1922" classname="RandoopRegressionTest3" time="0.0"/>
  <testcase name="test1923" classname="RandoopRegressionTest3" time="0.0"/>
  <testcase name="test1924" classname="RandoopRegressionTest3" time="0.0"/>
  <testcase name="test1925" classname="RandoopRegressionTest3" time="0.0"/>
  <testcase name="test1926" classname="RandoopRegressionTest3" time="0.0"/>
  <testcase name="test1927" classname="RandoopRegressionTest3" time="0.0"/>
  <testcase name="test1928" classname="RandoopRegressionTest3" time="0.0"/>
  <testcase name="test1929" classname="RandoopRegressionTest3" time="0.0"/>
  <testcase name="test1930" classname="RandoopRegressionTest3" time="0.0"/>
  <testcase name="test1931" classname="RandoopRegressionTest3" time="0.0"/>
  <testcase name="test1932" classname="RandoopRegressionTest3" time="0.0"/>
  <testcase name="test1933" classname="RandoopRegressionTest3" time="0.0"/>
  <testcase name="test1934" classname="RandoopRegressionTest3" time="0.0"/>
  <testcase name="test1935" classname="RandoopRegressionTest3" time="0.0"/>
  <testcase name="test1936" classname="RandoopRegressionTest3" time="0.0"/>
  <testcase name="test1937" classname="RandoopRegressionTest3" time="0.0"/>
  <testcase name="test1938" classname="RandoopRegressionTest3" time="0.0"/>
  <testcase name="test1939" classname="RandoopRegressionTest3" time="0.0"/>
  <testcase name="test1940" classname="RandoopRegressionTest3" time="0.0"/>
  <testcase name="test1941" classname="RandoopRegressionTest3" time="0.0"/>
  <testcase name="test1942" classname="RandoopRegressionTest3" time="0.0"/>
  <testcase name="test1943" classname="RandoopRegressionTest3" time="0.0"/>
  <testcase name="test1944" classname="RandoopRegressionTest3" time="0.0"/>
  <testcase name="test1945" classname="RandoopRegressionTest3" time="0.0"/>
  <testcase name="test1946" classname="RandoopRegressionTest3" time="0.0"/>
  <testcase name="test1947" classname="RandoopRegressionTest3" time="0.0"/>
  <testcase name="test1948" classname="RandoopRegressionTest3" time="0.0"/>
  <testcase name="test1949" classname="RandoopRegressionTest3" time="0.0"/>
  <testcase name="test1950" classname="RandoopRegressionTest3" time="0.0"/>
  <testcase name="test1951" classname="RandoopRegressionTest3" time="0.0"/>
  <testcase name="test1952" classname="RandoopRegressionTest3" time="0.0"/>
  <testcase name="test1953" classname="RandoopRegressionTest3" time="0.0"/>
  <testcase name="test1954" classname="RandoopRegressionTest3" time="0.0"/>
  <testcase name="test1955" classname="RandoopRegressionTest3" time="0.0"/>
  <testcase name="test1956" classname="RandoopRegressionTest3" time="0.0"/>
  <testcase name="test1957" classname="RandoopRegressionTest3" time="0.0"/>
  <testcase name="test1958" classname="RandoopRegressionTest3" time="0.0"/>
  <testcase name="test1959" classname="RandoopRegressionTest3" time="0.0"/>
  <testcase name="test1960" classname="RandoopRegressionTest3" time="0.0"/>
  <testcase name="test1961" classname="RandoopRegressionTest3" time="0.0"/>
  <testcase name="test1962" classname="RandoopRegressionTest3" time="0.0"/>
  <testcase name="test1963" classname="RandoopRegressionTest3" time="0.0"/>
  <testcase name="test1964" classname="RandoopRegressionTest3" time="0.0"/>
  <testcase name="test1965" classname="RandoopRegressionTest3" time="0.0"/>
  <testcase name="test1966" classname="RandoopRegressionTest3" time="0.0"/>
  <testcase name="test1967" classname="RandoopRegressionTest3" time="0.0"/>
  <testcase name="test1968" classname="RandoopRegressionTest3" time="0.0"/>
  <testcase name="test1969" classname="RandoopRegressionTest3" time="0.0"/>
  <testcase name="test1970" classname="RandoopRegressionTest3" time="0.0"/>
  <testcase name="test1971" classname="RandoopRegressionTest3" time="0.0"/>
  <testcase name="test1972" classname="RandoopRegressionTest3" time="0.0"/>
  <testcase name="test1973" classname="RandoopRegressionTest3" time="0.0"/>
  <testcase name="test1974" classname="RandoopRegressionTest3" time="0.0"/>
  <testcase name="test1975" classname="RandoopRegressionTest3" time="0.0"/>
  <testcase name="test1976" classname="RandoopRegressionTest3" time="0.0"/>
  <testcase name="test1977" classname="RandoopRegressionTest3" time="0.0"/>
  <testcase name="test1978" classname="RandoopRegressionTest3" time="0.0"/>
  <testcase name="test1979" classname="RandoopRegressionTest3" time="0.0"/>
  <testcase name="test1980" classname="RandoopRegressionTest3" time="0.0"/>
  <testcase name="test1981" classname="RandoopRegressionTest3" time="0.0"/>
  <testcase name="test1982" classname="RandoopRegressionTest3" time="0.0"/>
  <testcase name="test1983" classname="RandoopRegressionTest3" time="0.0"/>
  <testcase name="test1984" classname="RandoopRegressionTest3" time="0.0"/>
  <testcase name="test1985" classname="RandoopRegressionTest3" time="0.0"/>
  <testcase name="test1986" classname="RandoopRegressionTest3" time="0.0"/>
  <testcase name="test1987" classname="RandoopRegressionTest3" time="0.0"/>
  <testcase name="test1988" classname="RandoopRegressionTest3" time="0.0"/>
  <testcase name="test1989" classname="RandoopRegressionTest3" time="0.0"/>
  <testcase name="test1990" classname="RandoopRegressionTest3" time="0.0"/>
  <testcase name="test1991" classname="RandoopRegressionTest3" time="0.0"/>
  <testcase name="test1992" classname="RandoopRegressionTest3" time="0.0"/>
  <testcase name="test1993" classname="RandoopRegressionTest3" time="0.0"/>
  <testcase name="test1994" classname="RandoopRegressionTest3" time="0.0"/>
  <testcase name="test1995" classname="RandoopRegressionTest3" time="0.0"/>
  <testcase name="test1996" classname="RandoopRegressionTest3" time="0.0"/>
  <testcase name="test1997" classname="RandoopRegressionTest3" time="0.0"/>
  <testcase name="test1998" classname="RandoopRegressionTest3" time="0.0"/>
  <testcase name="test1999" classname="RandoopRegressionTest3" time="0.0"/>
  <testcase name="test2000" classname="RandoopRegressionTest3" time="0.0"/>
  <system-out><![CDATA[]]></system-out>
  <system-err><![CDATA[]]></system-err>
</testsuite>
