<?xml version="1.0" encoding="UTF-8"?>
<testsuite name="RandoopRegressionTest1" tests="1000" skipped="0" failures="0" errors="0" timestamp="2024-04-08T15:58:25" hostname="MacBook-Pro-685.local" time="0.259">
  <properties/>
  <testcase name="test0501" classname="RandoopRegressionTest1" time="0.0"/>
  <testcase name="test0502" classname="RandoopRegressionTest1" time="0.0"/>
  <testcase name="test0503" classname="RandoopRegressionTest1" time="0.0"/>
  <testcase name="test0504" classname="RandoopRegressionTest1" time="0.0"/>
  <testcase name="test0505" classname="RandoopRegressionTest1" time="0.0"/>
  <testcase name="test0506" classname="RandoopRegressionTest1" time="0.0"/>
  <testcase name="test0507" classname="RandoopRegressionTest1" time="0.0"/>
  <testcase name="test0508" classname="RandoopRegressionTest1" time="0.0"/>
  <testcase name="test0509" classname="RandoopRegressionTest1" time="0.0"/>
  <testcase name="test0510" classname="RandoopRegressionTest1" time="0.0"/>
  <testcase name="test0511" classname="RandoopRegressionTest1" time="0.0"/>
  <testcase name="test0512" classname="RandoopRegressionTest1" time="0.0"/>
  <testcase name="test0513" classname="RandoopRegressionTest1" time="0.0"/>
  <testcase name="test0514" classname="RandoopRegressionTest1" time="0.0"/>
  <testcase name="test0515" classname="RandoopRegressionTest1" time="0.0"/>
  <testcase name="test0516" classname="RandoopRegressionTest1" time="0.001"/>
  <testcase name="test0517" classname="RandoopRegressionTest1" time="0.0"/>
  <testcase name="test0518" classname="RandoopRegressionTest1" time="0.0"/>
  <testcase name="test0519" classname="RandoopRegressionTest1" time="0.0"/>
  <testcase name="test0520" classname="RandoopRegressionTest1" time="0.0"/>
  <testcase name="test0521" classname="RandoopRegressionTest1" time="0.0"/>
  <testcase name="test0522" classname="RandoopRegressionTest1" time="0.0"/>
  <testcase name="test0523" classname="RandoopRegressionTest1" time="0.0"/>
  <testcase name="test0524" classname="RandoopRegressionTest1" time="0.0"/>
  <testcase name="test0525" classname="RandoopRegressionTest1" time="0.0"/>
  <testcase name="test0526" classname="RandoopRegressionTest1" time="0.0"/>
  <testcase name="test0527" classname="RandoopRegressionTest1" time="0.0"/>
  <testcase name="test0528" classname="RandoopRegressionTest1" time="0.0"/>
  <testcase name="test0529" classname="RandoopRegressionTest1" time="0.0"/>
  <testcase name="test0530" classname="RandoopRegressionTest1" time="0.0"/>
  <testcase name="test0531" classname="RandoopRegressionTest1" time="0.0"/>
  <testcase name="test0532" classname="RandoopRegressionTest1" time="0.0"/>
  <testcase name="test0533" classname="RandoopRegressionTest1" time="0.0"/>
  <testcase name="test0534" classname="RandoopRegressionTest1" time="0.0"/>
  <testcase name="test0535" classname="RandoopRegressionTest1" time="0.0"/>
  <testcase name="test0536" classname="RandoopRegressionTest1" time="0.0"/>
  <testcase name="test0537" classname="RandoopRegressionTest1" time="0.0"/>
  <testcase name="test0538" classname="RandoopRegressionTest1" time="0.0"/>
  <testcase name="test0539" classname="RandoopRegressionTest1" time="0.0"/>
  <testcase name="test0540" classname="RandoopRegressionTest1" time="0.0"/>
  <testcase name="test0541" classname="RandoopRegressionTest1" time="0.0"/>
  <testcase name="test0542" classname="RandoopRegressionTest1" time="0.0"/>
  <testcase name="test0543" classname="RandoopRegressionTest1" time="0.001"/>
  <testcase name="test0544" classname="RandoopRegressionTest1" time="0.0"/>
  <testcase name="test0545" classname="RandoopRegressionTest1" time="0.0"/>
  <testcase name="test0546" classname="RandoopRegressionTest1" time="0.0"/>
  <testcase name="test0547" classname="RandoopRegressionTest1" time="0.0"/>
  <testcase name="test0548" classname="RandoopRegressionTest1" time="0.0"/>
  <testcase name="test0549" classname="RandoopRegressionTest1" time="0.0"/>
  <testcase name="test0550" classname="RandoopRegressionTest1" time="0.0"/>
  <testcase name="test0551" classname="RandoopRegressionTest1" time="0.0"/>
  <testcase name="test0552" classname="RandoopRegressionTest1" time="0.0"/>
  <testcase name="test0553" classname="RandoopRegressionTest1" time="0.0"/>
  <testcase name="test0554" classname="RandoopRegressionTest1" time="0.0"/>
  <testcase name="test0555" classname="RandoopRegressionTest1" time="0.0"/>
  <testcase name="test0556" classname="RandoopRegressionTest1" time="0.0"/>
  <testcase name="test0557" classname="RandoopRegressionTest1" time="0.0"/>
  <testcase name="test0558" classname="RandoopRegressionTest1" time="0.0"/>
  <testcase name="test0559" classname="RandoopRegressionTest1" time="0.0"/>
  <testcase name="test0560" classname="RandoopRegressionTest1" time="0.0"/>
  <testcase name="test0561" classname="RandoopRegressionTest1" time="0.0"/>
  <testcase name="test0562" classname="RandoopRegressionTest1" time="0.0"/>
  <testcase name="test0563" classname="RandoopRegressionTest1" time="0.0"/>
  <testcase name="test0564" classname="RandoopRegressionTest1" time="0.0"/>
  <testcase name="test0565" classname="RandoopRegressionTest1" time="0.0"/>
  <testcase name="test0566" classname="RandoopRegressionTest1" time="0.0"/>
  <testcase name="test0567" classname="RandoopRegressionTest1" time="0.0"/>
  <testcase name="test0568" classname="RandoopRegressionTest1" time="0.0"/>
  <testcase name="test0569" classname="RandoopRegressionTest1" time="0.0"/>
  <testcase name="test0570" classname="RandoopRegressionTest1" time="0.0"/>
  <testcase name="test0571" classname="RandoopRegressionTest1" time="0.001"/>
  <testcase name="test0572" classname="RandoopRegressionTest1" time="0.0"/>
  <testcase name="test0573" classname="RandoopRegressionTest1" time="0.0"/>
  <testcase name="test0574" classname="RandoopRegressionTest1" time="0.0"/>
  <testcase name="test0575" classname="RandoopRegressionTest1" time="0.0"/>
  <testcase name="test0576" classname="RandoopRegressionTest1" time="0.0"/>
  <testcase name="test0577" classname="RandoopRegressionTest1" time="0.0"/>
  <testcase name="test0578" classname="RandoopRegressionTest1" time="0.0"/>
  <testcase name="test0579" classname="RandoopRegressionTest1" time="0.001"/>
  <testcase name="test0580" classname="RandoopRegressionTest1" time="0.0"/>
  <testcase name="test0581" classname="RandoopRegressionTest1" time="0.0"/>
  <testcase name="test0582" classname="RandoopRegressionTest1" time="0.0"/>
  <testcase name="test0583" classname="RandoopRegressionTest1" time="0.0"/>
  <testcase name="test0584" classname="RandoopRegressionTest1" time="0.0"/>
  <testcase name="test0585" classname="RandoopRegressionTest1" time="0.0"/>
  <testcase name="test0586" classname="RandoopRegressionTest1" time="0.0"/>
  <testcase name="test0587" classname="RandoopRegressionTest1" time="0.0"/>
  <testcase name="test0588" classname="RandoopRegressionTest1" time="0.0"/>
  <testcase name="test0589" classname="RandoopRegressionTest1" time="0.0"/>
  <testcase name="test0590" classname="RandoopRegressionTest1" time="0.0"/>
  <testcase name="test0591" classname="RandoopRegressionTest1" time="0.0"/>
  <testcase name="test0592" classname="RandoopRegressionTest1" time="0.0"/>
  <testcase name="test0593" classname="RandoopRegressionTest1" time="0.0"/>
  <testcase name="test0594" classname="RandoopRegressionTest1" time="0.0"/>
  <testcase name="test0595" classname="RandoopRegressionTest1" time="0.0"/>
  <testcase name="test0596" classname="RandoopRegressionTest1" time="0.001"/>
  <testcase name="test0597" classname="RandoopRegressionTest1" time="0.0"/>
  <testcase name="test0598" classname="RandoopRegressionTest1" time="0.0"/>
  <testcase name="test0599" classname="RandoopRegressionTest1" time="0.0"/>
  <testcase name="test0600" classname="RandoopRegressionTest1" time="0.0"/>
  <testcase name="test0601" classname="RandoopRegressionTest1" time="0.0"/>
  <testcase name="test0602" classname="RandoopRegressionTest1" time="0.0"/>
  <testcase name="test0603" classname="RandoopRegressionTest1" time="0.0"/>
  <testcase name="test0604" classname="RandoopRegressionTest1" time="0.0"/>
  <testcase name="test0605" classname="RandoopRegressionTest1" time="0.0"/>
  <testcase name="test0606" classname="RandoopRegressionTest1" time="0.0"/>
  <testcase name="test0607" classname="RandoopRegressionTest1" time="0.0"/>
  <testcase name="test0608" classname="RandoopRegressionTest1" time="0.0"/>
  <testcase name="test0609" classname="RandoopRegressionTest1" time="0.0"/>
  <testcase name="test0610" classname="RandoopRegressionTest1" time="0.0"/>
  <testcase name="test0611" classname="RandoopRegressionTest1" time="0.0"/>
  <testcase name="test0612" classname="RandoopRegressionTest1" time="0.0"/>
  <testcase name="test0613" classname="RandoopRegressionTest1" time="0.0"/>
  <testcase name="test0614" classname="RandoopRegressionTest1" time="0.0"/>
  <testcase name="test0615" classname="RandoopRegressionTest1" time="0.0"/>
  <testcase name="test0616" classname="RandoopRegressionTest1" time="0.0"/>
  <testcase name="test0617" classname="RandoopRegressionTest1" time="0.0"/>
  <testcase name="test0618" classname="RandoopRegressionTest1" time="0.0"/>
  <testcase name="test0619" classname="RandoopRegressionTest1" time="0.0"/>
  <testcase name="test0620" classname="RandoopRegressionTest1" time="0.0"/>
  <testcase name="test0621" classname="RandoopRegressionTest1" time="0.0"/>
  <testcase name="test0622" classname="RandoopRegressionTest1" time="0.0"/>
  <testcase name="test0623" classname="RandoopRegressionTest1" time="0.0"/>
  <testcase name="test0624" classname="RandoopRegressionTest1" time="0.0"/>
  <testcase name="test0625" classname="RandoopRegressionTest1" time="0.0"/>
  <testcase name="test0626" classname="RandoopRegressionTest1" time="0.0"/>
  <testcase name="test0627" classname="RandoopRegressionTest1" time="0.0"/>
  <testcase name="test0628" classname="RandoopRegressionTest1" time="0.001"/>
  <testcase name="test0629" classname="RandoopRegressionTest1" time="0.0"/>
  <testcase name="test0630" classname="RandoopRegressionTest1" time="0.0"/>
  <testcase name="test0631" classname="RandoopRegressionTest1" time="0.0"/>
  <testcase name="test0632" classname="RandoopRegressionTest1" time="0.0"/>
  <testcase name="test0633" classname="RandoopRegressionTest1" time="0.0"/>
  <testcase name="test0634" classname="RandoopRegressionTest1" time="0.0"/>
  <testcase name="test0635" classname="RandoopRegressionTest1" time="0.0"/>
  <testcase name="test0636" classname="RandoopRegressionTest1" time="0.0"/>
  <testcase name="test0637" classname="RandoopRegressionTest1" time="0.0"/>
  <testcase name="test0638" classname="RandoopRegressionTest1" time="0.0"/>
  <testcase name="test0639" classname="RandoopRegressionTest1" time="0.0"/>
  <testcase name="test0640" classname="RandoopRegressionTest1" time="0.0"/>
  <testcase name="test0641" classname="RandoopRegressionTest1" time="0.0"/>
  <testcase name="test0642" classname="RandoopRegressionTest1" time="0.0"/>
  <testcase name="test0643" classname="RandoopRegressionTest1" time="0.0"/>
  <testcase name="test0644" classname="RandoopRegressionTest1" time="0.0"/>
  <testcase name="test0645" classname="RandoopRegressionTest1" time="0.0"/>
  <testcase name="test0646" classname="RandoopRegressionTest1" time="0.0"/>
  <testcase name="test0647" classname="RandoopRegressionTest1" time="0.0"/>
  <testcase name="test0648" classname="RandoopRegressionTest1" time="0.0"/>
  <testcase name="test0649" classname="RandoopRegressionTest1" time="0.0"/>
  <testcase name="test0650" classname="RandoopRegressionTest1" time="0.0"/>
  <testcase name="test0651" classname="RandoopRegressionTest1" time="0.001"/>
  <testcase name="test0652" classname="RandoopRegressionTest1" time="0.0"/>
  <testcase name="test0653" classname="RandoopRegressionTest1" time="0.0"/>
  <testcase name="test0654" classname="RandoopRegressionTest1" time="0.0"/>
  <testcase name="test0655" classname="RandoopRegressionTest1" time="0.0"/>
  <testcase name="test0656" classname="RandoopRegressionTest1" time="0.0"/>
  <testcase name="test0657" classname="RandoopRegressionTest1" time="0.0"/>
  <testcase name="test0658" classname="RandoopRegressionTest1" time="0.0"/>
  <testcase name="test0659" classname="RandoopRegressionTest1" time="0.0"/>
  <testcase name="test0660" classname="RandoopRegressionTest1" time="0.0"/>
  <testcase name="test0661" classname="RandoopRegressionTest1" time="0.0"/>
  <testcase name="test0662" classname="RandoopRegressionTest1" time="0.0"/>
  <testcase name="test0663" classname="RandoopRegressionTest1" time="0.001"/>
  <testcase name="test0664" classname="RandoopRegressionTest1" time="0.0"/>
  <testcase name="test0665" classname="RandoopRegressionTest1" time="0.0"/>
  <testcase name="test0666" classname="RandoopRegressionTest1" time="0.0"/>
  <testcase name="test0667" classname="RandoopRegressionTest1" time="0.0"/>
  <testcase name="test0668" classname="RandoopRegressionTest1" time="0.0"/>
  <testcase name="test0669" classname="RandoopRegressionTest1" time="0.0"/>
  <testcase name="test0670" classname="RandoopRegressionTest1" time="0.0"/>
  <testcase name="test0671" classname="RandoopRegressionTest1" time="0.0"/>
  <testcase name="test0672" classname="RandoopRegressionTest1" time="0.0"/>
  <testcase name="test0673" classname="RandoopRegressionTest1" time="0.0"/>
  <testcase name="test0674" classname="RandoopRegressionTest1" time="0.0"/>
  <testcase name="test0675" classname="RandoopRegressionTest1" time="0.0"/>
  <testcase name="test0676" classname="RandoopRegressionTest1" time="0.0"/>
  <testcase name="test0677" classname="RandoopRegressionTest1" time="0.0"/>
  <testcase name="test0678" classname="RandoopRegressionTest1" time="0.0"/>
  <testcase name="test0679" classname="RandoopRegressionTest1" time="0.0"/>
  <testcase name="test0680" classname="RandoopRegressionTest1" time="0.0"/>
  <testcase name="test0681" classname="RandoopRegressionTest1" time="0.001"/>
  <testcase name="test0682" classname="RandoopRegressionTest1" time="0.0"/>
  <testcase name="test0683" classname="RandoopRegressionTest1" time="0.0"/>
  <testcase name="test0684" classname="RandoopRegressionTest1" time="0.0"/>
  <testcase name="test0685" classname="RandoopRegressionTest1" time="0.0"/>
  <testcase name="test0686" classname="RandoopRegressionTest1" time="0.0"/>
  <testcase name="test0687" classname="RandoopRegressionTest1" time="0.0"/>
  <testcase name="test0688" classname="RandoopRegressionTest1" time="0.0"/>
  <testcase name="test0689" classname="RandoopRegressionTest1" time="0.0"/>
  <testcase name="test0690" classname="RandoopRegressionTest1" time="0.0"/>
  <testcase name="test0691" classname="RandoopRegressionTest1" time="0.0"/>
  <testcase name="test0692" classname="RandoopRegressionTest1" time="0.0"/>
  <testcase name="test0693" classname="RandoopRegressionTest1" time="0.0"/>
  <testcase name="test0694" classname="RandoopRegressionTest1" time="0.0"/>
  <testcase name="test0695" classname="RandoopRegressionTest1" time="0.0"/>
  <testcase name="test0696" classname="RandoopRegressionTest1" time="0.0"/>
  <testcase name="test0697" classname="RandoopRegressionTest1" time="0.0"/>
  <testcase name="test0698" classname="RandoopRegressionTest1" time="0.0"/>
  <testcase name="test0699" classname="RandoopRegressionTest1" time="0.0"/>
  <testcase name="test0700" classname="RandoopRegressionTest1" time="0.0"/>
  <testcase name="test0701" classname="RandoopRegressionTest1" time="0.0"/>
  <testcase name="test0702" classname="RandoopRegressionTest1" time="0.0"/>
  <testcase name="test0703" classname="RandoopRegressionTest1" time="0.001"/>
  <testcase name="test0704" classname="RandoopRegressionTest1" time="0.0"/>
  <testcase name="test0705" classname="RandoopRegressionTest1" time="0.0"/>
  <testcase name="test0706" classname="RandoopRegressionTest1" time="0.0"/>
  <testcase name="test0707" classname="RandoopRegressionTest1" time="0.0"/>
  <testcase name="test0708" classname="RandoopRegressionTest1" time="0.0"/>
  <testcase name="test0709" classname="RandoopRegressionTest1" time="0.0"/>
  <testcase name="test0710" classname="RandoopRegressionTest1" time="0.0"/>
  <testcase name="test0711" classname="RandoopRegressionTest1" time="0.0"/>
  <testcase name="test0712" classname="RandoopRegressionTest1" time="0.0"/>
  <testcase name="test0713" classname="RandoopRegressionTest1" time="0.0"/>
  <testcase name="test0714" classname="RandoopRegressionTest1" time="0.0"/>
  <testcase name="test0715" classname="RandoopRegressionTest1" time="0.0"/>
  <testcase name="test0716" classname="RandoopRegressionTest1" time="0.0"/>
  <testcase name="test0717" classname="RandoopRegressionTest1" time="0.0"/>
  <testcase name="test0718" classname="RandoopRegressionTest1" time="0.0"/>
  <testcase name="test0719" classname="RandoopRegressionTest1" time="0.0"/>
  <testcase name="test0720" classname="RandoopRegressionTest1" time="0.0"/>
  <testcase name="test0721" classname="RandoopRegressionTest1" time="0.0"/>
  <testcase name="test0722" classname="RandoopRegressionTest1" time="0.0"/>
  <testcase name="test0723" classname="RandoopRegressionTest1" time="0.0"/>
  <testcase name="test0724" classname="RandoopRegressionTest1" time="0.0"/>
  <testcase name="test0725" classname="RandoopRegressionTest1" time="0.0"/>
  <testcase name="test0726" classname="RandoopRegressionTest1" time="0.0"/>
  <testcase name="test0727" classname="RandoopRegressionTest1" time="0.0"/>
  <testcase name="test0728" classname="RandoopRegressionTest1" time="0.0"/>
  <testcase name="test0729" classname="RandoopRegressionTest1" time="0.0"/>
  <testcase name="test0730" classname="RandoopRegressionTest1" time="0.0"/>
  <testcase name="test0731" classname="RandoopRegressionTest1" time="0.0"/>
  <testcase name="test0732" classname="RandoopRegressionTest1" time="0.0"/>
  <testcase name="test0733" classname="RandoopRegressionTest1" time="0.0"/>
  <testcase name="test0734" classname="RandoopRegressionTest1" time="0.0"/>
  <testcase name="test0735" classname="RandoopRegressionTest1" time="0.0"/>
  <testcase name="test0736" classname="RandoopRegressionTest1" time="0.0"/>
  <testcase name="test0737" classname="RandoopRegressionTest1" time="0.0"/>
  <testcase name="test0738" classname="RandoopRegressionTest1" time="0.0"/>
  <testcase name="test0739" classname="RandoopRegressionTest1" time="0.0"/>
  <testcase name="test0740" classname="RandoopRegressionTest1" time="0.0"/>
  <testcase name="test0741" classname="RandoopRegressionTest1" time="0.0"/>
  <testcase name="test0742" classname="RandoopRegressionTest1" time="0.0"/>
  <testcase name="test0743" classname="RandoopRegressionTest1" time="0.0"/>
  <testcase name="test0744" classname="RandoopRegressionTest1" time="0.0"/>
  <testcase name="test0745" classname="RandoopRegressionTest1" time="0.0"/>
  <testcase name="test0746" classname="RandoopRegressionTest1" time="0.0"/>
  <testcase name="test0747" classname="RandoopRegressionTest1" time="0.0"/>
  <testcase name="test0748" classname="RandoopRegressionTest1" time="0.0"/>
  <testcase name="test0749" classname="RandoopRegressionTest1" time="0.0"/>
  <testcase name="test0750" classname="RandoopRegressionTest1" time="0.001"/>
  <testcase name="test0751" classname="RandoopRegressionTest1" time="0.0"/>
  <testcase name="test0752" classname="RandoopRegressionTest1" time="0.0"/>
  <testcase name="test0753" classname="RandoopRegressionTest1" time="0.0"/>
  <testcase name="test0754" classname="RandoopRegressionTest1" time="0.0"/>
  <testcase name="test0755" classname="RandoopRegressionTest1" time="0.0"/>
  <testcase name="test0756" classname="RandoopRegressionTest1" time="0.0"/>
  <testcase name="test0757" classname="RandoopRegressionTest1" time="0.0"/>
  <testcase name="test0758" classname="RandoopRegressionTest1" time="0.0"/>
  <testcase name="test0759" classname="RandoopRegressionTest1" time="0.001"/>
  <testcase name="test0760" classname="RandoopRegressionTest1" time="0.0"/>
  <testcase name="test0761" classname="RandoopRegressionTest1" time="0.0"/>
  <testcase name="test0762" classname="RandoopRegressionTest1" time="0.0"/>
  <testcase name="test0763" classname="RandoopRegressionTest1" time="0.0"/>
  <testcase name="test0764" classname="RandoopRegressionTest1" time="0.0"/>
  <testcase name="test0765" classname="RandoopRegressionTest1" time="0.0"/>
  <testcase name="test0766" classname="RandoopRegressionTest1" time="0.0"/>
  <testcase name="test0767" classname="RandoopRegressionTest1" time="0.0"/>
  <testcase name="test0768" classname="RandoopRegressionTest1" time="0.0"/>
  <testcase name="test0769" classname="RandoopRegressionTest1" time="0.0"/>
  <testcase name="test0770" classname="RandoopRegressionTest1" time="0.0"/>
  <testcase name="test0771" classname="RandoopRegressionTest1" time="0.0"/>
  <testcase name="test0772" classname="RandoopRegressionTest1" time="0.0"/>
  <testcase name="test0773" classname="RandoopRegressionTest1" time="0.0"/>
  <testcase name="test0774" classname="RandoopRegressionTest1" time="0.0"/>
  <testcase name="test0775" classname="RandoopRegressionTest1" time="0.0"/>
  <testcase name="test0776" classname="RandoopRegressionTest1" time="0.0"/>
  <testcase name="test0777" classname="RandoopRegressionTest1" time="0.001"/>
  <testcase name="test0778" classname="RandoopRegressionTest1" time="0.0"/>
  <testcase name="test0779" classname="RandoopRegressionTest1" time="0.0"/>
  <testcase name="test0780" classname="RandoopRegressionTest1" time="0.0"/>
  <testcase name="test0781" classname="RandoopRegressionTest1" time="0.0"/>
  <testcase name="test0782" classname="RandoopRegressionTest1" time="0.0"/>
  <testcase name="test0783" classname="RandoopRegressionTest1" time="0.0"/>
  <testcase name="test0784" classname="RandoopRegressionTest1" time="0.0"/>
  <testcase name="test0785" classname="RandoopRegressionTest1" time="0.0"/>
  <testcase name="test0786" classname="RandoopRegressionTest1" time="0.0"/>
  <testcase name="test0787" classname="RandoopRegressionTest1" time="0.0"/>
  <testcase name="test0788" classname="RandoopRegressionTest1" time="0.0"/>
  <testcase name="test0789" classname="RandoopRegressionTest1" time="0.0"/>
  <testcase name="test0790" classname="RandoopRegressionTest1" time="0.0"/>
  <testcase name="test0791" classname="RandoopRegressionTest1" time="0.0"/>
  <testcase name="test0792" classname="RandoopRegressionTest1" time="0.0"/>
  <testcase name="test0793" classname="RandoopRegressionTest1" time="0.0"/>
  <testcase name="test0794" classname="RandoopRegressionTest1" time="0.001"/>
  <testcase name="test0795" classname="RandoopRegressionTest1" time="0.0"/>
  <testcase name="test0796" classname="RandoopRegressionTest1" time="0.0"/>
  <testcase name="test0797" classname="RandoopRegressionTest1" time="0.0"/>
  <testcase name="test0798" classname="RandoopRegressionTest1" time="0.0"/>
  <testcase name="test0799" classname="RandoopRegressionTest1" time="0.0"/>
  <testcase name="test0800" classname="RandoopRegressionTest1" time="0.0"/>
  <testcase name="test0801" classname="RandoopRegressionTest1" time="0.0"/>
  <testcase name="test0802" classname="RandoopRegressionTest1" time="0.0"/>
  <testcase name="test0803" classname="RandoopRegressionTest1" time="0.001"/>
  <testcase name="test0804" classname="RandoopRegressionTest1" time="0.0"/>
  <testcase name="test0805" classname="RandoopRegressionTest1" time="0.0"/>
  <testcase name="test0806" classname="RandoopRegressionTest1" time="0.0"/>
  <testcase name="test0807" classname="RandoopRegressionTest1" time="0.0"/>
  <testcase name="test0808" classname="RandoopRegressionTest1" time="0.0"/>
  <testcase name="test0809" classname="RandoopRegressionTest1" time="0.0"/>
  <testcase name="test0810" classname="RandoopRegressionTest1" time="0.0"/>
  <testcase name="test0811" classname="RandoopRegressionTest1" time="0.0"/>
  <testcase name="test0812" classname="RandoopRegressionTest1" time="0.0"/>
  <testcase name="test0813" classname="RandoopRegressionTest1" time="0.0"/>
  <testcase name="test0814" classname="RandoopRegressionTest1" time="0.0"/>
  <testcase name="test0815" classname="RandoopRegressionTest1" time="0.0"/>
  <testcase name="test0816" classname="RandoopRegressionTest1" time="0.0"/>
  <testcase name="test0817" classname="RandoopRegressionTest1" time="0.0"/>
  <testcase name="test0818" classname="RandoopRegressionTest1" time="0.0"/>
  <testcase name="test0819" classname="RandoopRegressionTest1" time="0.0"/>
  <testcase name="test0820" classname="RandoopRegressionTest1" time="0.0"/>
  <testcase name="test0821" classname="RandoopRegressionTest1" time="0.0"/>
  <testcase name="test0822" classname="RandoopRegressionTest1" time="0.0"/>
  <testcase name="test0823" classname="RandoopRegressionTest1" time="0.001"/>
  <testcase name="test0824" classname="RandoopRegressionTest1" time="0.0"/>
  <testcase name="test0825" classname="RandoopRegressionTest1" time="0.0"/>
  <testcase name="test0826" classname="RandoopRegressionTest1" time="0.0"/>
  <testcase name="test0827" classname="RandoopRegressionTest1" time="0.0"/>
  <testcase name="test0828" classname="RandoopRegressionTest1" time="0.0"/>
  <testcase name="test0829" classname="RandoopRegressionTest1" time="0.0"/>
  <testcase name="test0830" classname="RandoopRegressionTest1" time="0.0"/>
  <testcase name="test0831" classname="RandoopRegressionTest1" time="0.0"/>
  <testcase name="test0832" classname="RandoopRegressionTest1" time="0.0"/>
  <testcase name="test0833" classname="RandoopRegressionTest1" time="0.0"/>
  <testcase name="test0834" classname="RandoopRegressionTest1" time="0.0"/>
  <testcase name="test0835" classname="RandoopRegressionTest1" time="0.0"/>
  <testcase name="test0836" classname="RandoopRegressionTest1" time="0.0"/>
  <testcase name="test0837" classname="RandoopRegressionTest1" time="0.0"/>
  <testcase name="test0838" classname="RandoopRegressionTest1" time="0.001"/>
  <testcase name="test0839" classname="RandoopRegressionTest1" time="0.0"/>
  <testcase name="test0840" classname="RandoopRegressionTest1" time="0.0"/>
  <testcase name="test0841" classname="RandoopRegressionTest1" time="0.0"/>
  <testcase name="test0842" classname="RandoopRegressionTest1" time="0.0"/>
  <testcase name="test0843" classname="RandoopRegressionTest1" time="0.0"/>
  <testcase name="test0844" classname="RandoopRegressionTest1" time="0.0"/>
  <testcase name="test0845" classname="RandoopRegressionTest1" time="0.0"/>
  <testcase name="test0846" classname="RandoopRegressionTest1" time="0.0"/>
  <testcase name="test0847" classname="RandoopRegressionTest1" time="0.0"/>
  <testcase name="test0848" classname="RandoopRegressionTest1" time="0.0"/>
  <testcase name="test0849" classname="RandoopRegressionTest1" time="0.0"/>
  <testcase name="test0850" classname="RandoopRegressionTest1" time="0.0"/>
  <testcase name="test0851" classname="RandoopRegressionTest1" time="0.001"/>
  <testcase name="test0852" classname="RandoopRegressionTest1" time="0.0"/>
  <testcase name="test0853" classname="RandoopRegressionTest1" time="0.0"/>
  <testcase name="test0854" classname="RandoopRegressionTest1" time="0.0"/>
  <testcase name="test0855" classname="RandoopRegressionTest1" time="0.0"/>
  <testcase name="test0856" classname="RandoopRegressionTest1" time="0.0"/>
  <testcase name="test0857" classname="RandoopRegressionTest1" time="0.0"/>
  <testcase name="test0858" classname="RandoopRegressionTest1" time="0.0"/>
  <testcase name="test0859" classname="RandoopRegressionTest1" time="0.0"/>
  <testcase name="test0860" classname="RandoopRegressionTest1" time="0.0"/>
  <testcase name="test0861" classname="RandoopRegressionTest1" time="0.0"/>
  <testcase name="test0862" classname="RandoopRegressionTest1" time="0.001"/>
  <testcase name="test0863" classname="RandoopRegressionTest1" time="0.0"/>
  <testcase name="test0864" classname="RandoopRegressionTest1" time="0.0"/>
  <testcase name="test0865" classname="RandoopRegressionTest1" time="0.0"/>
  <testcase name="test0866" classname="RandoopRegressionTest1" time="0.0"/>
  <testcase name="test0867" classname="RandoopRegressionTest1" time="0.0"/>
  <testcase name="test0868" classname="RandoopRegressionTest1" time="0.0"/>
  <testcase name="test0869" classname="RandoopRegressionTest1" time="0.0"/>
  <testcase name="test0870" classname="RandoopRegressionTest1" time="0.0"/>
  <testcase name="test0871" classname="RandoopRegressionTest1" time="0.0"/>
  <testcase name="test0872" classname="RandoopRegressionTest1" time="0.0"/>
  <testcase name="test0873" classname="RandoopRegressionTest1" time="0.0"/>
  <testcase name="test0874" classname="RandoopRegressionTest1" time="0.0"/>
  <testcase name="test0875" classname="RandoopRegressionTest1" time="0.0"/>
  <testcase name="test0876" classname="RandoopRegressionTest1" time="0.0"/>
  <testcase name="test0877" classname="RandoopRegressionTest1" time="0.0"/>
  <testcase name="test0878" classname="RandoopRegressionTest1" time="0.0"/>
  <testcase name="test0879" classname="RandoopRegressionTest1" time="0.0"/>
  <testcase name="test0880" classname="RandoopRegressionTest1" time="0.0"/>
  <testcase name="test0881" classname="RandoopRegressionTest1" time="0.0"/>
  <testcase name="test0882" classname="RandoopRegressionTest1" time="0.0"/>
  <testcase name="test0883" classname="RandoopRegressionTest1" time="0.0"/>
  <testcase name="test0884" classname="RandoopRegressionTest1" time="0.0"/>
  <testcase name="test0885" classname="RandoopRegressionTest1" time="0.0"/>
  <testcase name="test0886" classname="RandoopRegressionTest1" time="0.0"/>
  <testcase name="test0887" classname="RandoopRegressionTest1" time="0.0"/>
  <testcase name="test0888" classname="RandoopRegressionTest1" time="0.0"/>
  <testcase name="test0889" classname="RandoopRegressionTest1" time="0.0"/>
  <testcase name="test0890" classname="RandoopRegressionTest1" time="0.0"/>
  <testcase name="test0891" classname="RandoopRegressionTest1" time="0.0"/>
  <testcase name="test0892" classname="RandoopRegressionTest1" time="0.0"/>
  <testcase name="test0893" classname="RandoopRegressionTest1" time="0.0"/>
  <testcase name="test0894" classname="RandoopRegressionTest1" time="0.0"/>
  <testcase name="test0895" classname="RandoopRegressionTest1" time="0.0"/>
  <testcase name="test0896" classname="RandoopRegressionTest1" time="0.0"/>
  <testcase name="test0897" classname="RandoopRegressionTest1" time="0.0"/>
  <testcase name="test0898" classname="RandoopRegressionTest1" time="0.0"/>
  <testcase name="test0899" classname="RandoopRegressionTest1" time="0.0"/>
  <testcase name="test0900" classname="RandoopRegressionTest1" time="0.0"/>
  <testcase name="test0901" classname="RandoopRegressionTest1" time="0.0"/>
  <testcase name="test0902" classname="RandoopRegressionTest1" time="0.0"/>
  <testcase name="test0903" classname="RandoopRegressionTest1" time="0.0"/>
  <testcase name="test0904" classname="RandoopRegressionTest1" time="0.0"/>
  <testcase name="test0905" classname="RandoopRegressionTest1" time="0.0"/>
  <testcase name="test0906" classname="RandoopRegressionTest1" time="0.0"/>
  <testcase name="test0907" classname="RandoopRegressionTest1" time="0.0"/>
  <testcase name="test0908" classname="RandoopRegressionTest1" time="0.0"/>
  <testcase name="test0909" classname="RandoopRegressionTest1" time="0.0"/>
  <testcase name="test0910" classname="RandoopRegressionTest1" time="0.0"/>
  <testcase name="test0911" classname="RandoopRegressionTest1" time="0.0"/>
  <testcase name="test0912" classname="RandoopRegressionTest1" time="0.0"/>
  <testcase name="test0913" classname="RandoopRegressionTest1" time="0.0"/>
  <testcase name="test0914" classname="RandoopRegressionTest1" time="0.0"/>
  <testcase name="test0915" classname="RandoopRegressionTest1" time="0.0"/>
  <testcase name="test0916" classname="RandoopRegressionTest1" time="0.0"/>
  <testcase name="test0917" classname="RandoopRegressionTest1" time="0.0"/>
  <testcase name="test0918" classname="RandoopRegressionTest1" time="0.0"/>
  <testcase name="test0919" classname="RandoopRegressionTest1" time="0.0"/>
  <testcase name="test0920" classname="RandoopRegressionTest1" time="0.0"/>
  <testcase name="test0921" classname="RandoopRegressionTest1" time="0.001"/>
  <testcase name="test0922" classname="RandoopRegressionTest1" time="0.0"/>
  <testcase name="test0923" classname="RandoopRegressionTest1" time="0.0"/>
  <testcase name="test0924" classname="RandoopRegressionTest1" time="0.0"/>
  <testcase name="test0925" classname="RandoopRegressionTest1" time="0.0"/>
  <testcase name="test0926" classname="RandoopRegressionTest1" time="0.0"/>
  <testcase name="test0927" classname="RandoopRegressionTest1" time="0.0"/>
  <testcase name="test0928" classname="RandoopRegressionTest1" time="0.0"/>
  <testcase name="test0929" classname="RandoopRegressionTest1" time="0.0"/>
  <testcase name="test0930" classname="RandoopRegressionTest1" time="0.0"/>
  <testcase name="test0931" classname="RandoopRegressionTest1" time="0.0"/>
  <testcase name="test0932" classname="RandoopRegressionTest1" time="0.0"/>
  <testcase name="test0933" classname="RandoopRegressionTest1" time="0.001"/>
  <testcase name="test0934" classname="RandoopRegressionTest1" time="0.0"/>
  <testcase name="test0935" classname="RandoopRegressionTest1" time="0.0"/>
  <testcase name="test0936" classname="RandoopRegressionTest1" time="0.0"/>
  <testcase name="test0937" classname="RandoopRegressionTest1" time="0.0"/>
  <testcase name="test0938" classname="RandoopRegressionTest1" time="0.0"/>
  <testcase name="test0939" classname="RandoopRegressionTest1" time="0.0"/>
  <testcase name="test0940" classname="RandoopRegressionTest1" time="0.0"/>
  <testcase name="test0941" classname="RandoopRegressionTest1" time="0.0"/>
  <testcase name="test0942" classname="RandoopRegressionTest1" time="0.0"/>
  <testcase name="test0943" classname="RandoopRegressionTest1" time="0.0"/>
  <testcase name="test0944" classname="RandoopRegressionTest1" time="0.0"/>
  <testcase name="test0945" classname="RandoopRegressionTest1" time="0.0"/>
  <testcase name="test0946" classname="RandoopRegressionTest1" time="0.0"/>
  <testcase name="test0947" classname="RandoopRegressionTest1" time="0.0"/>
  <testcase name="test0948" classname="RandoopRegressionTest1" time="0.0"/>
  <testcase name="test0949" classname="RandoopRegressionTest1" time="0.0"/>
  <testcase name="test0950" classname="RandoopRegressionTest1" time="0.0"/>
  <testcase name="test0951" classname="RandoopRegressionTest1" time="0.0"/>
  <testcase name="test0952" classname="RandoopRegressionTest1" time="0.0"/>
  <testcase name="test0953" classname="RandoopRegressionTest1" time="0.0"/>
  <testcase name="test0954" classname="RandoopRegressionTest1" time="0.0"/>
  <testcase name="test0955" classname="RandoopRegressionTest1" time="0.0"/>
  <testcase name="test0956" classname="RandoopRegressionTest1" time="0.0"/>
  <testcase name="test0957" classname="RandoopRegressionTest1" time="0.001"/>
  <testcase name="test0958" classname="RandoopRegressionTest1" time="0.0"/>
  <testcase name="test0959" classname="RandoopRegressionTest1" time="0.0"/>
  <testcase name="test0960" classname="RandoopRegressionTest1" time="0.0"/>
  <testcase name="test0961" classname="RandoopRegressionTest1" time="0.0"/>
  <testcase name="test0962" classname="RandoopRegressionTest1" time="0.0"/>
  <testcase name="test0963" classname="RandoopRegressionTest1" time="0.0"/>
  <testcase name="test0964" classname="RandoopRegressionTest1" time="0.0"/>
  <testcase name="test0965" classname="RandoopRegressionTest1" time="0.0"/>
  <testcase name="test0966" classname="RandoopRegressionTest1" time="0.0"/>
  <testcase name="test0967" classname="RandoopRegressionTest1" time="0.0"/>
  <testcase name="test0968" classname="RandoopRegressionTest1" time="0.0"/>
  <testcase name="test0969" classname="RandoopRegressionTest1" time="0.0"/>
  <testcase name="test0970" classname="RandoopRegressionTest1" time="0.0"/>
  <testcase name="test0971" classname="RandoopRegressionTest1" time="0.0"/>
  <testcase name="test0972" classname="RandoopRegressionTest1" time="0.0"/>
  <testcase name="test0973" classname="RandoopRegressionTest1" time="0.0"/>
  <testcase name="test0974" classname="RandoopRegressionTest1" time="0.0"/>
  <testcase name="test0975" classname="RandoopRegressionTest1" time="0.0"/>
  <testcase name="test0976" classname="RandoopRegressionTest1" time="0.0"/>
  <testcase name="test0977" classname="RandoopRegressionTest1" time="0.0"/>
  <testcase name="test0978" classname="RandoopRegressionTest1" time="0.0"/>
  <testcase name="test0979" classname="RandoopRegressionTest1" time="0.0"/>
  <testcase name="test0980" classname="RandoopRegressionTest1" time="0.0"/>
  <testcase name="test0981" classname="RandoopRegressionTest1" time="0.0"/>
  <testcase name="test0982" classname="RandoopRegressionTest1" time="0.0"/>
  <testcase name="test0983" classname="RandoopRegressionTest1" time="0.0"/>
  <testcase name="test0984" classname="RandoopRegressionTest1" time="0.0"/>
  <testcase name="test0985" classname="RandoopRegressionTest1" time="0.0"/>
  <testcase name="test0986" classname="RandoopRegressionTest1" time="0.0"/>
  <testcase name="test0987" classname="RandoopRegressionTest1" time="0.0"/>
  <testcase name="test0988" classname="RandoopRegressionTest1" time="0.0"/>
  <testcase name="test0989" classname="RandoopRegressionTest1" time="0.0"/>
  <testcase name="test0990" classname="RandoopRegressionTest1" time="0.0"/>
  <testcase name="test0991" classname="RandoopRegressionTest1" time="0.0"/>
  <testcase name="test0992" classname="RandoopRegressionTest1" time="0.0"/>
  <testcase name="test0993" classname="RandoopRegressionTest1" time="0.0"/>
  <testcase name="test0994" classname="RandoopRegressionTest1" time="0.0"/>
  <testcase name="test0995" classname="RandoopRegressionTest1" time="0.0"/>
  <testcase name="test0996" classname="RandoopRegressionTest1" time="0.0"/>
  <testcase name="test0997" classname="RandoopRegressionTest1" time="0.0"/>
  <testcase name="test0998" classname="RandoopRegressionTest1" time="0.0"/>
  <testcase name="test0999" classname="RandoopRegressionTest1" time="0.0"/>
  <testcase name="test1000" classname="RandoopRegressionTest1" time="0.0"/>
  <testcase name="test0501" classname="RandoopRegressionTest1" time="0.0"/>
  <testcase name="test0502" classname="RandoopRegressionTest1" time="0.0"/>
  <testcase name="test0503" classname="RandoopRegressionTest1" time="0.0"/>
  <testcase name="test0504" classname="RandoopRegressionTest1" time="0.0"/>
  <testcase name="test0505" classname="RandoopRegressionTest1" time="0.0"/>
  <testcase name="test0506" classname="RandoopRegressionTest1" time="0.0"/>
  <testcase name="test0507" classname="RandoopRegressionTest1" time="0.0"/>
  <testcase name="test0508" classname="RandoopRegressionTest1" time="0.0"/>
  <testcase name="test0509" classname="RandoopRegressionTest1" time="0.0"/>
  <testcase name="test0510" classname="RandoopRegressionTest1" time="0.0"/>
  <testcase name="test0511" classname="RandoopRegressionTest1" time="0.0"/>
  <testcase name="test0512" classname="RandoopRegressionTest1" time="0.0"/>
  <testcase name="test0513" classname="RandoopRegressionTest1" time="0.0"/>
  <testcase name="test0514" classname="RandoopRegressionTest1" time="0.0"/>
  <testcase name="test0515" classname="RandoopRegressionTest1" time="0.0"/>
  <testcase name="test0516" classname="RandoopRegressionTest1" time="0.0"/>
  <testcase name="test0517" classname="RandoopRegressionTest1" time="0.0"/>
  <testcase name="test0518" classname="RandoopRegressionTest1" time="0.0"/>
  <testcase name="test0519" classname="RandoopRegressionTest1" time="0.0"/>
  <testcase name="test0520" classname="RandoopRegressionTest1" time="0.0"/>
  <testcase name="test0521" classname="RandoopRegressionTest1" time="0.0"/>
  <testcase name="test0522" classname="RandoopRegressionTest1" time="0.0"/>
  <testcase name="test0523" classname="RandoopRegressionTest1" time="0.0"/>
  <testcase name="test0524" classname="RandoopRegressionTest1" time="0.0"/>
  <testcase name="test0525" classname="RandoopRegressionTest1" time="0.0"/>
  <testcase name="test0526" classname="RandoopRegressionTest1" time="0.0"/>
  <testcase name="test0527" classname="RandoopRegressionTest1" time="0.0"/>
  <testcase name="test0528" classname="RandoopRegressionTest1" time="0.0"/>
  <testcase name="test0529" classname="RandoopRegressionTest1" time="0.0"/>
  <testcase name="test0530" classname="RandoopRegressionTest1" time="0.0"/>
  <testcase name="test0531" classname="RandoopRegressionTest1" time="0.0"/>
  <testcase name="test0532" classname="RandoopRegressionTest1" time="0.0"/>
  <testcase name="test0533" classname="RandoopRegressionTest1" time="0.0"/>
  <testcase name="test0534" classname="RandoopRegressionTest1" time="0.0"/>
  <testcase name="test0535" classname="RandoopRegressionTest1" time="0.0"/>
  <testcase name="test0536" classname="RandoopRegressionTest1" time="0.0"/>
  <testcase name="test0537" classname="RandoopRegressionTest1" time="0.0"/>
  <testcase name="test0538" classname="RandoopRegressionTest1" time="0.0"/>
  <testcase name="test0539" classname="RandoopRegressionTest1" time="0.0"/>
  <testcase name="test0540" classname="RandoopRegressionTest1" time="0.0"/>
  <testcase name="test0541" classname="RandoopRegressionTest1" time="0.0"/>
  <testcase name="test0542" classname="RandoopRegressionTest1" time="0.0"/>
  <testcase name="test0543" classname="RandoopRegressionTest1" time="0.0"/>
  <testcase name="test0544" classname="RandoopRegressionTest1" time="0.0"/>
  <testcase name="test0545" classname="RandoopRegressionTest1" time="0.0"/>
  <testcase name="test0546" classname="RandoopRegressionTest1" time="0.0"/>
  <testcase name="test0547" classname="RandoopRegressionTest1" time="0.0"/>
  <testcase name="test0548" classname="RandoopRegressionTest1" time="0.0"/>
  <testcase name="test0549" classname="RandoopRegressionTest1" time="0.0"/>
  <testcase name="test0550" classname="RandoopRegressionTest1" time="0.0"/>
  <testcase name="test0551" classname="RandoopRegressionTest1" time="0.0"/>
  <testcase name="test0552" classname="RandoopRegressionTest1" time="0.0"/>
  <testcase name="test0553" classname="RandoopRegressionTest1" time="0.0"/>
  <testcase name="test0554" classname="RandoopRegressionTest1" time="0.0"/>
  <testcase name="test0555" classname="RandoopRegressionTest1" time="0.0"/>
  <testcase name="test0556" classname="RandoopRegressionTest1" time="0.0"/>
  <testcase name="test0557" classname="RandoopRegressionTest1" time="0.0"/>
  <testcase name="test0558" classname="RandoopRegressionTest1" time="0.0"/>
  <testcase name="test0559" classname="RandoopRegressionTest1" time="0.0"/>
  <testcase name="test0560" classname="RandoopRegressionTest1" time="0.0"/>
  <testcase name="test0561" classname="RandoopRegressionTest1" time="0.0"/>
  <testcase name="test0562" classname="RandoopRegressionTest1" time="0.0"/>
  <testcase name="test0563" classname="RandoopRegressionTest1" time="0.0"/>
  <testcase name="test0564" classname="RandoopRegressionTest1" time="0.0"/>
  <testcase name="test0565" classname="RandoopRegressionTest1" time="0.0"/>
  <testcase name="test0566" classname="RandoopRegressionTest1" time="0.0"/>
  <testcase name="test0567" classname="RandoopRegressionTest1" time="0.0"/>
  <testcase name="test0568" classname="RandoopRegressionTest1" time="0.0"/>
  <testcase name="test0569" classname="RandoopRegressionTest1" time="0.0"/>
  <testcase name="test0570" classname="RandoopRegressionTest1" time="0.0"/>
  <testcase name="test0571" classname="RandoopRegressionTest1" time="0.0"/>
  <testcase name="test0572" classname="RandoopRegressionTest1" time="0.0"/>
  <testcase name="test0573" classname="RandoopRegressionTest1" time="0.0"/>
  <testcase name="test0574" classname="RandoopRegressionTest1" time="0.0"/>
  <testcase name="test0575" classname="RandoopRegressionTest1" time="0.0"/>
  <testcase name="test0576" classname="RandoopRegressionTest1" time="0.0"/>
  <testcase name="test0577" classname="RandoopRegressionTest1" time="0.0"/>
  <testcase name="test0578" classname="RandoopRegressionTest1" time="0.0"/>
  <testcase name="test0579" classname="RandoopRegressionTest1" time="0.0"/>
  <testcase name="test0580" classname="RandoopRegressionTest1" time="0.0"/>
  <testcase name="test0581" classname="RandoopRegressionTest1" time="0.0"/>
  <testcase name="test0582" classname="RandoopRegressionTest1" time="0.0"/>
  <testcase name="test0583" classname="RandoopRegressionTest1" time="0.0"/>
  <testcase name="test0584" classname="RandoopRegressionTest1" time="0.0"/>
  <testcase name="test0585" classname="RandoopRegressionTest1" time="0.0"/>
  <testcase name="test0586" classname="RandoopRegressionTest1" time="0.0"/>
  <testcase name="test0587" classname="RandoopRegressionTest1" time="0.0"/>
  <testcase name="test0588" classname="RandoopRegressionTest1" time="0.0"/>
  <testcase name="test0589" classname="RandoopRegressionTest1" time="0.0"/>
  <testcase name="test0590" classname="RandoopRegressionTest1" time="0.0"/>
  <testcase name="test0591" classname="RandoopRegressionTest1" time="0.0"/>
  <testcase name="test0592" classname="RandoopRegressionTest1" time="0.0"/>
  <testcase name="test0593" classname="RandoopRegressionTest1" time="0.0"/>
  <testcase name="test0594" classname="RandoopRegressionTest1" time="0.0"/>
  <testcase name="test0595" classname="RandoopRegressionTest1" time="0.0"/>
  <testcase name="test0596" classname="RandoopRegressionTest1" time="0.0"/>
  <testcase name="test0597" classname="RandoopRegressionTest1" time="0.0"/>
  <testcase name="test0598" classname="RandoopRegressionTest1" time="0.0"/>
  <testcase name="test0599" classname="RandoopRegressionTest1" time="0.0"/>
  <testcase name="test0600" classname="RandoopRegressionTest1" time="0.0"/>
  <testcase name="test0601" classname="RandoopRegressionTest1" time="0.0"/>
  <testcase name="test0602" classname="RandoopRegressionTest1" time="0.0"/>
  <testcase name="test0603" classname="RandoopRegressionTest1" time="0.0"/>
  <testcase name="test0604" classname="RandoopRegressionTest1" time="0.0"/>
  <testcase name="test0605" classname="RandoopRegressionTest1" time="0.0"/>
  <testcase name="test0606" classname="RandoopRegressionTest1" time="0.0"/>
  <testcase name="test0607" classname="RandoopRegressionTest1" time="0.0"/>
  <testcase name="test0608" classname="RandoopRegressionTest1" time="0.0"/>
  <testcase name="test0609" classname="RandoopRegressionTest1" time="0.0"/>
  <testcase name="test0610" classname="RandoopRegressionTest1" time="0.0"/>
  <testcase name="test0611" classname="RandoopRegressionTest1" time="0.0"/>
  <testcase name="test0612" classname="RandoopRegressionTest1" time="0.0"/>
  <testcase name="test0613" classname="RandoopRegressionTest1" time="0.0"/>
  <testcase name="test0614" classname="RandoopRegressionTest1" time="0.0"/>
  <testcase name="test0615" classname="RandoopRegressionTest1" time="0.0"/>
  <testcase name="test0616" classname="RandoopRegressionTest1" time="0.0"/>
  <testcase name="test0617" classname="RandoopRegressionTest1" time="0.0"/>
  <testcase name="test0618" classname="RandoopRegressionTest1" time="0.0"/>
  <testcase name="test0619" classname="RandoopRegressionTest1" time="0.0"/>
  <testcase name="test0620" classname="RandoopRegressionTest1" time="0.0"/>
  <testcase name="test0621" classname="RandoopRegressionTest1" time="0.0"/>
  <testcase name="test0622" classname="RandoopRegressionTest1" time="0.0"/>
  <testcase name="test0623" classname="RandoopRegressionTest1" time="0.0"/>
  <testcase name="test0624" classname="RandoopRegressionTest1" time="0.0"/>
  <testcase name="test0625" classname="RandoopRegressionTest1" time="0.0"/>
  <testcase name="test0626" classname="RandoopRegressionTest1" time="0.0"/>
  <testcase name="test0627" classname="RandoopRegressionTest1" time="0.0"/>
  <testcase name="test0628" classname="RandoopRegressionTest1" time="0.0"/>
  <testcase name="test0629" classname="RandoopRegressionTest1" time="0.0"/>
  <testcase name="test0630" classname="RandoopRegressionTest1" time="0.0"/>
  <testcase name="test0631" classname="RandoopRegressionTest1" time="0.0"/>
  <testcase name="test0632" classname="RandoopRegressionTest1" time="0.0"/>
  <testcase name="test0633" classname="RandoopRegressionTest1" time="0.0"/>
  <testcase name="test0634" classname="RandoopRegressionTest1" time="0.0"/>
  <testcase name="test0635" classname="RandoopRegressionTest1" time="0.0"/>
  <testcase name="test0636" classname="RandoopRegressionTest1" time="0.0"/>
  <testcase name="test0637" classname="RandoopRegressionTest1" time="0.0"/>
  <testcase name="test0638" classname="RandoopRegressionTest1" time="0.0"/>
  <testcase name="test0639" classname="RandoopRegressionTest1" time="0.0"/>
  <testcase name="test0640" classname="RandoopRegressionTest1" time="0.0"/>
  <testcase name="test0641" classname="RandoopRegressionTest1" time="0.0"/>
  <testcase name="test0642" classname="RandoopRegressionTest1" time="0.0"/>
  <testcase name="test0643" classname="RandoopRegressionTest1" time="0.0"/>
  <testcase name="test0644" classname="RandoopRegressionTest1" time="0.0"/>
  <testcase name="test0645" classname="RandoopRegressionTest1" time="0.0"/>
  <testcase name="test0646" classname="RandoopRegressionTest1" time="0.0"/>
  <testcase name="test0647" classname="RandoopRegressionTest1" time="0.0"/>
  <testcase name="test0648" classname="RandoopRegressionTest1" time="0.0"/>
  <testcase name="test0649" classname="RandoopRegressionTest1" time="0.0"/>
  <testcase name="test0650" classname="RandoopRegressionTest1" time="0.0"/>
  <testcase name="test0651" classname="RandoopRegressionTest1" time="0.0"/>
  <testcase name="test0652" classname="RandoopRegressionTest1" time="0.0"/>
  <testcase name="test0653" classname="RandoopRegressionTest1" time="0.0"/>
  <testcase name="test0654" classname="RandoopRegressionTest1" time="0.0"/>
  <testcase name="test0655" classname="RandoopRegressionTest1" time="0.0"/>
  <testcase name="test0656" classname="RandoopRegressionTest1" time="0.0"/>
  <testcase name="test0657" classname="RandoopRegressionTest1" time="0.0"/>
  <testcase name="test0658" classname="RandoopRegressionTest1" time="0.0"/>
  <testcase name="test0659" classname="RandoopRegressionTest1" time="0.0"/>
  <testcase name="test0660" classname="RandoopRegressionTest1" time="0.0"/>
  <testcase name="test0661" classname="RandoopRegressionTest1" time="0.0"/>
  <testcase name="test0662" classname="RandoopRegressionTest1" time="0.0"/>
  <testcase name="test0663" classname="RandoopRegressionTest1" time="0.0"/>
  <testcase name="test0664" classname="RandoopRegressionTest1" time="0.0"/>
  <testcase name="test0665" classname="RandoopRegressionTest1" time="0.0"/>
  <testcase name="test0666" classname="RandoopRegressionTest1" time="0.0"/>
  <testcase name="test0667" classname="RandoopRegressionTest1" time="0.0"/>
  <testcase name="test0668" classname="RandoopRegressionTest1" time="0.0"/>
  <testcase name="test0669" classname="RandoopRegressionTest1" time="0.0"/>
  <testcase name="test0670" classname="RandoopRegressionTest1" time="0.0"/>
  <testcase name="test0671" classname="RandoopRegressionTest1" time="0.0"/>
  <testcase name="test0672" classname="RandoopRegressionTest1" time="0.0"/>
  <testcase name="test0673" classname="RandoopRegressionTest1" time="0.0"/>
  <testcase name="test0674" classname="RandoopRegressionTest1" time="0.0"/>
  <testcase name="test0675" classname="RandoopRegressionTest1" time="0.0"/>
  <testcase name="test0676" classname="RandoopRegressionTest1" time="0.0"/>
  <testcase name="test0677" classname="RandoopRegressionTest1" time="0.0"/>
  <testcase name="test0678" classname="RandoopRegressionTest1" time="0.0"/>
  <testcase name="test0679" classname="RandoopRegressionTest1" time="0.0"/>
  <testcase name="test0680" classname="RandoopRegressionTest1" time="0.0"/>
  <testcase name="test0681" classname="RandoopRegressionTest1" time="0.0"/>
  <testcase name="test0682" classname="RandoopRegressionTest1" time="0.0"/>
  <testcase name="test0683" classname="RandoopRegressionTest1" time="0.0"/>
  <testcase name="test0684" classname="RandoopRegressionTest1" time="0.0"/>
  <testcase name="test0685" classname="RandoopRegressionTest1" time="0.0"/>
  <testcase name="test0686" classname="RandoopRegressionTest1" time="0.0"/>
  <testcase name="test0687" classname="RandoopRegressionTest1" time="0.0"/>
  <testcase name="test0688" classname="RandoopRegressionTest1" time="0.001"/>
  <testcase name="test0689" classname="RandoopRegressionTest1" time="0.0"/>
  <testcase name="test0690" classname="RandoopRegressionTest1" time="0.0"/>
  <testcase name="test0691" classname="RandoopRegressionTest1" time="0.0"/>
  <testcase name="test0692" classname="RandoopRegressionTest1" time="0.0"/>
  <testcase name="test0693" classname="RandoopRegressionTest1" time="0.0"/>
  <testcase name="test0694" classname="RandoopRegressionTest1" time="0.0"/>
  <testcase name="test0695" classname="RandoopRegressionTest1" time="0.0"/>
  <testcase name="test0696" classname="RandoopRegressionTest1" time="0.0"/>
  <testcase name="test0697" classname="RandoopRegressionTest1" time="0.0"/>
  <testcase name="test0698" classname="RandoopRegressionTest1" time="0.0"/>
  <testcase name="test0699" classname="RandoopRegressionTest1" time="0.0"/>
  <testcase name="test0700" classname="RandoopRegressionTest1" time="0.0"/>
  <testcase name="test0701" classname="RandoopRegressionTest1" time="0.0"/>
  <testcase name="test0702" classname="RandoopRegressionTest1" time="0.0"/>
  <testcase name="test0703" classname="RandoopRegressionTest1" time="0.0"/>
  <testcase name="test0704" classname="RandoopRegressionTest1" time="0.0"/>
  <testcase name="test0705" classname="RandoopRegressionTest1" time="0.0"/>
  <testcase name="test0706" classname="RandoopRegressionTest1" time="0.0"/>
  <testcase name="test0707" classname="RandoopRegressionTest1" time="0.0"/>
  <testcase name="test0708" classname="RandoopRegressionTest1" time="0.0"/>
  <testcase name="test0709" classname="RandoopRegressionTest1" time="0.0"/>
  <testcase name="test0710" classname="RandoopRegressionTest1" time="0.0"/>
  <testcase name="test0711" classname="RandoopRegressionTest1" time="0.0"/>
  <testcase name="test0712" classname="RandoopRegressionTest1" time="0.0"/>
  <testcase name="test0713" classname="RandoopRegressionTest1" time="0.0"/>
  <testcase name="test0714" classname="RandoopRegressionTest1" time="0.0"/>
  <testcase name="test0715" classname="RandoopRegressionTest1" time="0.0"/>
  <testcase name="test0716" classname="RandoopRegressionTest1" time="0.0"/>
  <testcase name="test0717" classname="RandoopRegressionTest1" time="0.0"/>
  <testcase name="test0718" classname="RandoopRegressionTest1" time="0.0"/>
  <testcase name="test0719" classname="RandoopRegressionTest1" time="0.0"/>
  <testcase name="test0720" classname="RandoopRegressionTest1" time="0.0"/>
  <testcase name="test0721" classname="RandoopRegressionTest1" time="0.0"/>
  <testcase name="test0722" classname="RandoopRegressionTest1" time="0.0"/>
  <testcase name="test0723" classname="RandoopRegressionTest1" time="0.0"/>
  <testcase name="test0724" classname="RandoopRegressionTest1" time="0.001"/>
  <testcase name="test0725" classname="RandoopRegressionTest1" time="0.0"/>
  <testcase name="test0726" classname="RandoopRegressionTest1" time="0.0"/>
  <testcase name="test0727" classname="RandoopRegressionTest1" time="0.0"/>
  <testcase name="test0728" classname="RandoopRegressionTest1" time="0.0"/>
  <testcase name="test0729" classname="RandoopRegressionTest1" time="0.0"/>
  <testcase name="test0730" classname="RandoopRegressionTest1" time="0.0"/>
  <testcase name="test0731" classname="RandoopRegressionTest1" time="0.0"/>
  <testcase name="test0732" classname="RandoopRegressionTest1" time="0.0"/>
  <testcase name="test0733" classname="RandoopRegressionTest1" time="0.0"/>
  <testcase name="test0734" classname="RandoopRegressionTest1" time="0.0"/>
  <testcase name="test0735" classname="RandoopRegressionTest1" time="0.0"/>
  <testcase name="test0736" classname="RandoopRegressionTest1" time="0.0"/>
  <testcase name="test0737" classname="RandoopRegressionTest1" time="0.0"/>
  <testcase name="test0738" classname="RandoopRegressionTest1" time="0.0"/>
  <testcase name="test0739" classname="RandoopRegressionTest1" time="0.0"/>
  <testcase name="test0740" classname="RandoopRegressionTest1" time="0.0"/>
  <testcase name="test0741" classname="RandoopRegressionTest1" time="0.0"/>
  <testcase name="test0742" classname="RandoopRegressionTest1" time="0.0"/>
  <testcase name="test0743" classname="RandoopRegressionTest1" time="0.0"/>
  <testcase name="test0744" classname="RandoopRegressionTest1" time="0.0"/>
  <testcase name="test0745" classname="RandoopRegressionTest1" time="0.0"/>
  <testcase name="test0746" classname="RandoopRegressionTest1" time="0.0"/>
  <testcase name="test0747" classname="RandoopRegressionTest1" time="0.0"/>
  <testcase name="test0748" classname="RandoopRegressionTest1" time="0.0"/>
  <testcase name="test0749" classname="RandoopRegressionTest1" time="0.0"/>
  <testcase name="test0750" classname="RandoopRegressionTest1" time="0.0"/>
  <testcase name="test0751" classname="RandoopRegressionTest1" time="0.0"/>
  <testcase name="test0752" classname="RandoopRegressionTest1" time="0.0"/>
  <testcase name="test0753" classname="RandoopRegressionTest1" time="0.0"/>
  <testcase name="test0754" classname="RandoopRegressionTest1" time="0.0"/>
  <testcase name="test0755" classname="RandoopRegressionTest1" time="0.0"/>
  <testcase name="test0756" classname="RandoopRegressionTest1" time="0.0"/>
  <testcase name="test0757" classname="RandoopRegressionTest1" time="0.0"/>
  <testcase name="test0758" classname="RandoopRegressionTest1" time="0.0"/>
  <testcase name="test0759" classname="RandoopRegressionTest1" time="0.0"/>
  <testcase name="test0760" classname="RandoopRegressionTest1" time="0.0"/>
  <testcase name="test0761" classname="RandoopRegressionTest1" time="0.0"/>
  <testcase name="test0762" classname="RandoopRegressionTest1" time="0.0"/>
  <testcase name="test0763" classname="RandoopRegressionTest1" time="0.0"/>
  <testcase name="test0764" classname="RandoopRegressionTest1" time="0.001"/>
  <testcase name="test0765" classname="RandoopRegressionTest1" time="0.0"/>
  <testcase name="test0766" classname="RandoopRegressionTest1" time="0.0"/>
  <testcase name="test0767" classname="RandoopRegressionTest1" time="0.0"/>
  <testcase name="test0768" classname="RandoopRegressionTest1" time="0.0"/>
  <testcase name="test0769" classname="RandoopRegressionTest1" time="0.0"/>
  <testcase name="test0770" classname="RandoopRegressionTest1" time="0.0"/>
  <testcase name="test0771" classname="RandoopRegressionTest1" time="0.0"/>
  <testcase name="test0772" classname="RandoopRegressionTest1" time="0.0"/>
  <testcase name="test0773" classname="RandoopRegressionTest1" time="0.0"/>
  <testcase name="test0774" classname="RandoopRegressionTest1" time="0.0"/>
  <testcase name="test0775" classname="RandoopRegressionTest1" time="0.0"/>
  <testcase name="test0776" classname="RandoopRegressionTest1" time="0.0"/>
  <testcase name="test0777" classname="RandoopRegressionTest1" time="0.0"/>
  <testcase name="test0778" classname="RandoopRegressionTest1" time="0.0"/>
  <testcase name="test0779" classname="RandoopRegressionTest1" time="0.0"/>
  <testcase name="test0780" classname="RandoopRegressionTest1" time="0.0"/>
  <testcase name="test0781" classname="RandoopRegressionTest1" time="0.0"/>
  <testcase name="test0782" classname="RandoopRegressionTest1" time="0.0"/>
  <testcase name="test0783" classname="RandoopRegressionTest1" time="0.0"/>
  <testcase name="test0784" classname="RandoopRegressionTest1" time="0.0"/>
  <testcase name="test0785" classname="RandoopRegressionTest1" time="0.0"/>
  <testcase name="test0786" classname="RandoopRegressionTest1" time="0.0"/>
  <testcase name="test0787" classname="RandoopRegressionTest1" time="0.0"/>
  <testcase name="test0788" classname="RandoopRegressionTest1" time="0.0"/>
  <testcase name="test0789" classname="RandoopRegressionTest1" time="0.0"/>
  <testcase name="test0790" classname="RandoopRegressionTest1" time="0.0"/>
  <testcase name="test0791" classname="RandoopRegressionTest1" time="0.0"/>
  <testcase name="test0792" classname="RandoopRegressionTest1" time="0.0"/>
  <testcase name="test0793" classname="RandoopRegressionTest1" time="0.0"/>
  <testcase name="test0794" classname="RandoopRegressionTest1" time="0.0"/>
  <testcase name="test0795" classname="RandoopRegressionTest1" time="0.0"/>
  <testcase name="test0796" classname="RandoopRegressionTest1" time="0.0"/>
  <testcase name="test0797" classname="RandoopRegressionTest1" time="0.0"/>
  <testcase name="test0798" classname="RandoopRegressionTest1" time="0.0"/>
  <testcase name="test0799" classname="RandoopRegressionTest1" time="0.0"/>
  <testcase name="test0800" classname="RandoopRegressionTest1" time="0.0"/>
  <testcase name="test0801" classname="RandoopRegressionTest1" time="0.0"/>
  <testcase name="test0802" classname="RandoopRegressionTest1" time="0.0"/>
  <testcase name="test0803" classname="RandoopRegressionTest1" time="0.0"/>
  <testcase name="test0804" classname="RandoopRegressionTest1" time="0.0"/>
  <testcase name="test0805" classname="RandoopRegressionTest1" time="0.0"/>
  <testcase name="test0806" classname="RandoopRegressionTest1" time="0.0"/>
  <testcase name="test0807" classname="RandoopRegressionTest1" time="0.0"/>
  <testcase name="test0808" classname="RandoopRegressionTest1" time="0.0"/>
  <testcase name="test0809" classname="RandoopRegressionTest1" time="0.0"/>
  <testcase name="test0810" classname="RandoopRegressionTest1" time="0.0"/>
  <testcase name="test0811" classname="RandoopRegressionTest1" time="0.0"/>
  <testcase name="test0812" classname="RandoopRegressionTest1" time="0.0"/>
  <testcase name="test0813" classname="RandoopRegressionTest1" time="0.0"/>
  <testcase name="test0814" classname="RandoopRegressionTest1" time="0.0"/>
  <testcase name="test0815" classname="RandoopRegressionTest1" time="0.0"/>
  <testcase name="test0816" classname="RandoopRegressionTest1" time="0.0"/>
  <testcase name="test0817" classname="RandoopRegressionTest1" time="0.0"/>
  <testcase name="test0818" classname="RandoopRegressionTest1" time="0.001"/>
  <testcase name="test0819" classname="RandoopRegressionTest1" time="0.0"/>
  <testcase name="test0820" classname="RandoopRegressionTest1" time="0.0"/>
  <testcase name="test0821" classname="RandoopRegressionTest1" time="0.0"/>
  <testcase name="test0822" classname="RandoopRegressionTest1" time="0.0"/>
  <testcase name="test0823" classname="RandoopRegressionTest1" time="0.0"/>
  <testcase name="test0824" classname="RandoopRegressionTest1" time="0.0"/>
  <testcase name="test0825" classname="RandoopRegressionTest1" time="0.0"/>
  <testcase name="test0826" classname="RandoopRegressionTest1" time="0.0"/>
  <testcase name="test0827" classname="RandoopRegressionTest1" time="0.0"/>
  <testcase name="test0828" classname="RandoopRegressionTest1" time="0.0"/>
  <testcase name="test0829" classname="RandoopRegressionTest1" time="0.0"/>
  <testcase name="test0830" classname="RandoopRegressionTest1" time="0.0"/>
  <testcase name="test0831" classname="RandoopRegressionTest1" time="0.0"/>
  <testcase name="test0832" classname="RandoopRegressionTest1" time="0.0"/>
  <testcase name="test0833" classname="RandoopRegressionTest1" time="0.0"/>
  <testcase name="test0834" classname="RandoopRegressionTest1" time="0.0"/>
  <testcase name="test0835" classname="RandoopRegressionTest1" time="0.0"/>
  <testcase name="test0836" classname="RandoopRegressionTest1" time="0.0"/>
  <testcase name="test0837" classname="RandoopRegressionTest1" time="0.0"/>
  <testcase name="test0838" classname="RandoopRegressionTest1" time="0.0"/>
  <testcase name="test0839" classname="RandoopRegressionTest1" time="0.0"/>
  <testcase name="test0840" classname="RandoopRegressionTest1" time="0.0"/>
  <testcase name="test0841" classname="RandoopRegressionTest1" time="0.0"/>
  <testcase name="test0842" classname="RandoopRegressionTest1" time="0.0"/>
  <testcase name="test0843" classname="RandoopRegressionTest1" time="0.0"/>
  <testcase name="test0844" classname="RandoopRegressionTest1" time="0.0"/>
  <testcase name="test0845" classname="RandoopRegressionTest1" time="0.0"/>
  <testcase name="test0846" classname="RandoopRegressionTest1" time="0.0"/>
  <testcase name="test0847" classname="RandoopRegressionTest1" time="0.0"/>
  <testcase name="test0848" classname="RandoopRegressionTest1" time="0.0"/>
  <testcase name="test0849" classname="RandoopRegressionTest1" time="0.0"/>
  <testcase name="test0850" classname="RandoopRegressionTest1" time="0.0"/>
  <testcase name="test0851" classname="RandoopRegressionTest1" time="0.0"/>
  <testcase name="test0852" classname="RandoopRegressionTest1" time="0.0"/>
  <testcase name="test0853" classname="RandoopRegressionTest1" time="0.0"/>
  <testcase name="test0854" classname="RandoopRegressionTest1" time="0.0"/>
  <testcase name="test0855" classname="RandoopRegressionTest1" time="0.0"/>
  <testcase name="test0856" classname="RandoopRegressionTest1" time="0.0"/>
  <testcase name="test0857" classname="RandoopRegressionTest1" time="0.0"/>
  <testcase name="test0858" classname="RandoopRegressionTest1" time="0.0"/>
  <testcase name="test0859" classname="RandoopRegressionTest1" time="0.0"/>
  <testcase name="test0860" classname="RandoopRegressionTest1" time="0.0"/>
  <testcase name="test0861" classname="RandoopRegressionTest1" time="0.0"/>
  <testcase name="test0862" classname="RandoopRegressionTest1" time="0.0"/>
  <testcase name="test0863" classname="RandoopRegressionTest1" time="0.0"/>
  <testcase name="test0864" classname="RandoopRegressionTest1" time="0.0"/>
  <testcase name="test0865" classname="RandoopRegressionTest1" time="0.0"/>
  <testcase name="test0866" classname="RandoopRegressionTest1" time="0.0"/>
  <testcase name="test0867" classname="RandoopRegressionTest1" time="0.0"/>
  <testcase name="test0868" classname="RandoopRegressionTest1" time="0.0"/>
  <testcase name="test0869" classname="RandoopRegressionTest1" time="0.0"/>
  <testcase name="test0870" classname="RandoopRegressionTest1" time="0.0"/>
  <testcase name="test0871" classname="RandoopRegressionTest1" time="0.0"/>
  <testcase name="test0872" classname="RandoopRegressionTest1" time="0.0"/>
  <testcase name="test0873" classname="RandoopRegressionTest1" time="0.0"/>
  <testcase name="test0874" classname="RandoopRegressionTest1" time="0.0"/>
  <testcase name="test0875" classname="RandoopRegressionTest1" time="0.0"/>
  <testcase name="test0876" classname="RandoopRegressionTest1" time="0.0"/>
  <testcase name="test0877" classname="RandoopRegressionTest1" time="0.0"/>
  <testcase name="test0878" classname="RandoopRegressionTest1" time="0.0"/>
  <testcase name="test0879" classname="RandoopRegressionTest1" time="0.0"/>
  <testcase name="test0880" classname="RandoopRegressionTest1" time="0.0"/>
  <testcase name="test0881" classname="RandoopRegressionTest1" time="0.0"/>
  <testcase name="test0882" classname="RandoopRegressionTest1" time="0.0"/>
  <testcase name="test0883" classname="RandoopRegressionTest1" time="0.0"/>
  <testcase name="test0884" classname="RandoopRegressionTest1" time="0.0"/>
  <testcase name="test0885" classname="RandoopRegressionTest1" time="0.0"/>
  <testcase name="test0886" classname="RandoopRegressionTest1" time="0.0"/>
  <testcase name="test0887" classname="RandoopRegressionTest1" time="0.0"/>
  <testcase name="test0888" classname="RandoopRegressionTest1" time="0.0"/>
  <testcase name="test0889" classname="RandoopRegressionTest1" time="0.0"/>
  <testcase name="test0890" classname="RandoopRegressionTest1" time="0.0"/>
  <testcase name="test0891" classname="RandoopRegressionTest1" time="0.0"/>
  <testcase name="test0892" classname="RandoopRegressionTest1" time="0.001"/>
  <testcase name="test0893" classname="RandoopRegressionTest1" time="0.0"/>
  <testcase name="test0894" classname="RandoopRegressionTest1" time="0.0"/>
  <testcase name="test0895" classname="RandoopRegressionTest1" time="0.0"/>
  <testcase name="test0896" classname="RandoopRegressionTest1" time="0.0"/>
  <testcase name="test0897" classname="RandoopRegressionTest1" time="0.0"/>
  <testcase name="test0898" classname="RandoopRegressionTest1" time="0.0"/>
  <testcase name="test0899" classname="RandoopRegressionTest1" time="0.0"/>
  <testcase name="test0900" classname="RandoopRegressionTest1" time="0.0"/>
  <testcase name="test0901" classname="RandoopRegressionTest1" time="0.0"/>
  <testcase name="test0902" classname="RandoopRegressionTest1" time="0.0"/>
  <testcase name="test0903" classname="RandoopRegressionTest1" time="0.0"/>
  <testcase name="test0904" classname="RandoopRegressionTest1" time="0.0"/>
  <testcase name="test0905" classname="RandoopRegressionTest1" time="0.0"/>
  <testcase name="test0906" classname="RandoopRegressionTest1" time="0.0"/>
  <testcase name="test0907" classname="RandoopRegressionTest1" time="0.0"/>
  <testcase name="test0908" classname="RandoopRegressionTest1" time="0.0"/>
  <testcase name="test0909" classname="RandoopRegressionTest1" time="0.0"/>
  <testcase name="test0910" classname="RandoopRegressionTest1" time="0.0"/>
  <testcase name="test0911" classname="RandoopRegressionTest1" time="0.0"/>
  <testcase name="test0912" classname="RandoopRegressionTest1" time="0.0"/>
  <testcase name="test0913" classname="RandoopRegressionTest1" time="0.0"/>
  <testcase name="test0914" classname="RandoopRegressionTest1" time="0.0"/>
  <testcase name="test0915" classname="RandoopRegressionTest1" time="0.0"/>
  <testcase name="test0916" classname="RandoopRegressionTest1" time="0.0"/>
  <testcase name="test0917" classname="RandoopRegressionTest1" time="0.0"/>
  <testcase name="test0918" classname="RandoopRegressionTest1" time="0.0"/>
  <testcase name="test0919" classname="RandoopRegressionTest1" time="0.0"/>
  <testcase name="test0920" classname="RandoopRegressionTest1" time="0.0"/>
  <testcase name="test0921" classname="RandoopRegressionTest1" time="0.0"/>
  <testcase name="test0922" classname="RandoopRegressionTest1" time="0.0"/>
  <testcase name="test0923" classname="RandoopRegressionTest1" time="0.0"/>
  <testcase name="test0924" classname="RandoopRegressionTest1" time="0.0"/>
  <testcase name="test0925" classname="RandoopRegressionTest1" time="0.0"/>
  <testcase name="test0926" classname="RandoopRegressionTest1" time="0.0"/>
  <testcase name="test0927" classname="RandoopRegressionTest1" time="0.0"/>
  <testcase name="test0928" classname="RandoopRegressionTest1" time="0.0"/>
  <testcase name="test0929" classname="RandoopRegressionTest1" time="0.0"/>
  <testcase name="test0930" classname="RandoopRegressionTest1" time="0.0"/>
  <testcase name="test0931" classname="RandoopRegressionTest1" time="0.0"/>
  <testcase name="test0932" classname="RandoopRegressionTest1" time="0.0"/>
  <testcase name="test0933" classname="RandoopRegressionTest1" time="0.0"/>
  <testcase name="test0934" classname="RandoopRegressionTest1" time="0.0"/>
  <testcase name="test0935" classname="RandoopRegressionTest1" time="0.0"/>
  <testcase name="test0936" classname="RandoopRegressionTest1" time="0.0"/>
  <testcase name="test0937" classname="RandoopRegressionTest1" time="0.0"/>
  <testcase name="test0938" classname="RandoopRegressionTest1" time="0.0"/>
  <testcase name="test0939" classname="RandoopRegressionTest1" time="0.0"/>
  <testcase name="test0940" classname="RandoopRegressionTest1" time="0.0"/>
  <testcase name="test0941" classname="RandoopRegressionTest1" time="0.0"/>
  <testcase name="test0942" classname="RandoopRegressionTest1" time="0.0"/>
  <testcase name="test0943" classname="RandoopRegressionTest1" time="0.0"/>
  <testcase name="test0944" classname="RandoopRegressionTest1" time="0.0"/>
  <testcase name="test0945" classname="RandoopRegressionTest1" time="0.0"/>
  <testcase name="test0946" classname="RandoopRegressionTest1" time="0.0"/>
  <testcase name="test0947" classname="RandoopRegressionTest1" time="0.0"/>
  <testcase name="test0948" classname="RandoopRegressionTest1" time="0.0"/>
  <testcase name="test0949" classname="RandoopRegressionTest1" time="0.0"/>
  <testcase name="test0950" classname="RandoopRegressionTest1" time="0.0"/>
  <testcase name="test0951" classname="RandoopRegressionTest1" time="0.0"/>
  <testcase name="test0952" classname="RandoopRegressionTest1" time="0.0"/>
  <testcase name="test0953" classname="RandoopRegressionTest1" time="0.0"/>
  <testcase name="test0954" classname="RandoopRegressionTest1" time="0.0"/>
  <testcase name="test0955" classname="RandoopRegressionTest1" time="0.0"/>
  <testcase name="test0956" classname="RandoopRegressionTest1" time="0.0"/>
  <testcase name="test0957" classname="RandoopRegressionTest1" time="0.0"/>
  <testcase name="test0958" classname="RandoopRegressionTest1" time="0.0"/>
  <testcase name="test0959" classname="RandoopRegressionTest1" time="0.0"/>
  <testcase name="test0960" classname="RandoopRegressionTest1" time="0.0"/>
  <testcase name="test0961" classname="RandoopRegressionTest1" time="0.0"/>
  <testcase name="test0962" classname="RandoopRegressionTest1" time="0.0"/>
  <testcase name="test0963" classname="RandoopRegressionTest1" time="0.0"/>
  <testcase name="test0964" classname="RandoopRegressionTest1" time="0.0"/>
  <testcase name="test0965" classname="RandoopRegressionTest1" time="0.0"/>
  <testcase name="test0966" classname="RandoopRegressionTest1" time="0.0"/>
  <testcase name="test0967" classname="RandoopRegressionTest1" time="0.0"/>
  <testcase name="test0968" classname="RandoopRegressionTest1" time="0.0"/>
  <testcase name="test0969" classname="RandoopRegressionTest1" time="0.0"/>
  <testcase name="test0970" classname="RandoopRegressionTest1" time="0.0"/>
  <testcase name="test0971" classname="RandoopRegressionTest1" time="0.001"/>
  <testcase name="test0972" classname="RandoopRegressionTest1" time="0.0"/>
  <testcase name="test0973" classname="RandoopRegressionTest1" time="0.0"/>
  <testcase name="test0974" classname="RandoopRegressionTest1" time="0.0"/>
  <testcase name="test0975" classname="RandoopRegressionTest1" time="0.0"/>
  <testcase name="test0976" classname="RandoopRegressionTest1" time="0.0"/>
  <testcase name="test0977" classname="RandoopRegressionTest1" time="0.0"/>
  <testcase name="test0978" classname="RandoopRegressionTest1" time="0.0"/>
  <testcase name="test0979" classname="RandoopRegressionTest1" time="0.0"/>
  <testcase name="test0980" classname="RandoopRegressionTest1" time="0.0"/>
  <testcase name="test0981" classname="RandoopRegressionTest1" time="0.0"/>
  <testcase name="test0982" classname="RandoopRegressionTest1" time="0.0"/>
  <testcase name="test0983" classname="RandoopRegressionTest1" time="0.0"/>
  <testcase name="test0984" classname="RandoopRegressionTest1" time="0.0"/>
  <testcase name="test0985" classname="RandoopRegressionTest1" time="0.0"/>
  <testcase name="test0986" classname="RandoopRegressionTest1" time="0.0"/>
  <testcase name="test0987" classname="RandoopRegressionTest1" time="0.0"/>
  <testcase name="test0988" classname="RandoopRegressionTest1" time="0.0"/>
  <testcase name="test0989" classname="RandoopRegressionTest1" time="0.0"/>
  <testcase name="test0990" classname="RandoopRegressionTest1" time="0.0"/>
  <testcase name="test0991" classname="RandoopRegressionTest1" time="0.0"/>
  <testcase name="test0992" classname="RandoopRegressionTest1" time="0.0"/>
  <testcase name="test0993" classname="RandoopRegressionTest1" time="0.0"/>
  <testcase name="test0994" classname="RandoopRegressionTest1" time="0.0"/>
  <testcase name="test0995" classname="RandoopRegressionTest1" time="0.0"/>
  <testcase name="test0996" classname="RandoopRegressionTest1" time="0.0"/>
  <testcase name="test0997" classname="RandoopRegressionTest1" time="0.0"/>
  <testcase name="test0998" classname="RandoopRegressionTest1" time="0.0"/>
  <testcase name="test0999" classname="RandoopRegressionTest1" time="0.0"/>
  <testcase name="test1000" classname="RandoopRegressionTest1" time="0.0"/>
  <system-out><![CDATA[]]></system-out>
  <system-err><![CDATA[]]></system-err>
</testsuite>
