<?xml version="1.0" encoding="UTF-8"?>
<testsuite name="RandoopRegressionTest7" tests="848" skipped="0" failures="0" errors="0" timestamp="2024-04-08T15:58:25" hostname="MacBook-Pro-685.local" time="0.167">
  <properties/>
  <testcase name="test3501" classname="RandoopRegressionTest7" time="0.0"/>
  <testcase name="test3502" classname="RandoopRegressionTest7" time="0.0"/>
  <testcase name="test3503" classname="RandoopRegressionTest7" time="0.0"/>
  <testcase name="test3504" classname="RandoopRegressionTest7" time="0.0"/>
  <testcase name="test3505" classname="RandoopRegressionTest7" time="0.0"/>
  <testcase name="test3506" classname="RandoopRegressionTest7" time="0.0"/>
  <testcase name="test3507" classname="RandoopRegressionTest7" time="0.0"/>
  <testcase name="test3508" classname="RandoopRegressionTest7" time="0.0"/>
  <testcase name="test3509" classname="RandoopRegressionTest7" time="0.0"/>
  <testcase name="test3510" classname="RandoopRegressionTest7" time="0.0"/>
  <testcase name="test3511" classname="RandoopRegressionTest7" time="0.0"/>
  <testcase name="test3512" classname="RandoopRegressionTest7" time="0.0"/>
  <testcase name="test3513" classname="RandoopRegressionTest7" time="0.0"/>
  <testcase name="test3514" classname="RandoopRegressionTest7" time="0.0"/>
  <testcase name="test3515" classname="RandoopRegressionTest7" time="0.0"/>
  <testcase name="test3516" classname="RandoopRegressionTest7" time="0.0"/>
  <testcase name="test3517" classname="RandoopRegressionTest7" time="0.0"/>
  <testcase name="test3518" classname="RandoopRegressionTest7" time="0.0"/>
  <testcase name="test3519" classname="RandoopRegressionTest7" time="0.0"/>
  <testcase name="test3520" classname="RandoopRegressionTest7" time="0.0"/>
  <testcase name="test3521" classname="RandoopRegressionTest7" time="0.0"/>
  <testcase name="test3522" classname="RandoopRegressionTest7" time="0.0"/>
  <testcase name="test3523" classname="RandoopRegressionTest7" time="0.0"/>
  <testcase name="test3524" classname="RandoopRegressionTest7" time="0.0"/>
  <testcase name="test3525" classname="RandoopRegressionTest7" time="0.001"/>
  <testcase name="test3526" classname="RandoopRegressionTest7" time="0.0"/>
  <testcase name="test3527" classname="RandoopRegressionTest7" time="0.0"/>
  <testcase name="test3528" classname="RandoopRegressionTest7" time="0.0"/>
  <testcase name="test3529" classname="RandoopRegressionTest7" time="0.0"/>
  <testcase name="test3530" classname="RandoopRegressionTest7" time="0.0"/>
  <testcase name="test3531" classname="RandoopRegressionTest7" time="0.0"/>
  <testcase name="test3532" classname="RandoopRegressionTest7" time="0.0"/>
  <testcase name="test3533" classname="RandoopRegressionTest7" time="0.0"/>
  <testcase name="test3534" classname="RandoopRegressionTest7" time="0.0"/>
  <testcase name="test3535" classname="RandoopRegressionTest7" time="0.0"/>
  <testcase name="test3536" classname="RandoopRegressionTest7" time="0.0"/>
  <testcase name="test3537" classname="RandoopRegressionTest7" time="0.0"/>
  <testcase name="test3538" classname="RandoopRegressionTest7" time="0.0"/>
  <testcase name="test3539" classname="RandoopRegressionTest7" time="0.0"/>
  <testcase name="test3540" classname="RandoopRegressionTest7" time="0.0"/>
  <testcase name="test3541" classname="RandoopRegressionTest7" time="0.0"/>
  <testcase name="test3542" classname="RandoopRegressionTest7" time="0.0"/>
  <testcase name="test3543" classname="RandoopRegressionTest7" time="0.0"/>
  <testcase name="test3544" classname="RandoopRegressionTest7" time="0.0"/>
  <testcase name="test3545" classname="RandoopRegressionTest7" time="0.0"/>
  <testcase name="test3546" classname="RandoopRegressionTest7" time="0.0"/>
  <testcase name="test3547" classname="RandoopRegressionTest7" time="0.0"/>
  <testcase name="test3548" classname="RandoopRegressionTest7" time="0.0"/>
  <testcase name="test3549" classname="RandoopRegressionTest7" time="0.0"/>
  <testcase name="test3550" classname="RandoopRegressionTest7" time="0.0"/>
  <testcase name="test3551" classname="RandoopRegressionTest7" time="0.0"/>
  <testcase name="test3552" classname="RandoopRegressionTest7" time="0.0"/>
  <testcase name="test3553" classname="RandoopRegressionTest7" time="0.0"/>
  <testcase name="test3554" classname="RandoopRegressionTest7" time="0.0"/>
  <testcase name="test3555" classname="RandoopRegressionTest7" time="0.0"/>
  <testcase name="test3556" classname="RandoopRegressionTest7" time="0.0"/>
  <testcase name="test3557" classname="RandoopRegressionTest7" time="0.0"/>
  <testcase name="test3558" classname="RandoopRegressionTest7" time="0.0"/>
  <testcase name="test3559" classname="RandoopRegressionTest7" time="0.0"/>
  <testcase name="test3560" classname="RandoopRegressionTest7" time="0.0"/>
  <testcase name="test3561" classname="RandoopRegressionTest7" time="0.0"/>
  <testcase name="test3562" classname="RandoopRegressionTest7" time="0.0"/>
  <testcase name="test3563" classname="RandoopRegressionTest7" time="0.0"/>
  <testcase name="test3564" classname="RandoopRegressionTest7" time="0.0"/>
  <testcase name="test3565" classname="RandoopRegressionTest7" time="0.0"/>
  <testcase name="test3566" classname="RandoopRegressionTest7" time="0.0"/>
  <testcase name="test3567" classname="RandoopRegressionTest7" time="0.0"/>
  <testcase name="test3568" classname="RandoopRegressionTest7" time="0.0"/>
  <testcase name="test3569" classname="RandoopRegressionTest7" time="0.0"/>
  <testcase name="test3570" classname="RandoopRegressionTest7" time="0.0"/>
  <testcase name="test3571" classname="RandoopRegressionTest7" time="0.0"/>
  <testcase name="test3572" classname="RandoopRegressionTest7" time="0.0"/>
  <testcase name="test3573" classname="RandoopRegressionTest7" time="0.0"/>
  <testcase name="test3574" classname="RandoopRegressionTest7" time="0.0"/>
  <testcase name="test3575" classname="RandoopRegressionTest7" time="0.0"/>
  <testcase name="test3576" classname="RandoopRegressionTest7" time="0.0"/>
  <testcase name="test3577" classname="RandoopRegressionTest7" time="0.0"/>
  <testcase name="test3578" classname="RandoopRegressionTest7" time="0.0"/>
  <testcase name="test3579" classname="RandoopRegressionTest7" time="0.0"/>
  <testcase name="test3580" classname="RandoopRegressionTest7" time="0.0"/>
  <testcase name="test3581" classname="RandoopRegressionTest7" time="0.0"/>
  <testcase name="test3582" classname="RandoopRegressionTest7" time="0.0"/>
  <testcase name="test3583" classname="RandoopRegressionTest7" time="0.0"/>
  <testcase name="test3584" classname="RandoopRegressionTest7" time="0.0"/>
  <testcase name="test3585" classname="RandoopRegressionTest7" time="0.0"/>
  <testcase name="test3586" classname="RandoopRegressionTest7" time="0.001"/>
  <testcase name="test3587" classname="RandoopRegressionTest7" time="0.0"/>
  <testcase name="test3588" classname="RandoopRegressionTest7" time="0.0"/>
  <testcase name="test3589" classname="RandoopRegressionTest7" time="0.0"/>
  <testcase name="test3590" classname="RandoopRegressionTest7" time="0.0"/>
  <testcase name="test3591" classname="RandoopRegressionTest7" time="0.0"/>
  <testcase name="test3592" classname="RandoopRegressionTest7" time="0.0"/>
  <testcase name="test3593" classname="RandoopRegressionTest7" time="0.0"/>
  <testcase name="test3594" classname="RandoopRegressionTest7" time="0.0"/>
  <testcase name="test3595" classname="RandoopRegressionTest7" time="0.0"/>
  <testcase name="test3596" classname="RandoopRegressionTest7" time="0.0"/>
  <testcase name="test3597" classname="RandoopRegressionTest7" time="0.0"/>
  <testcase name="test3598" classname="RandoopRegressionTest7" time="0.0"/>
  <testcase name="test3599" classname="RandoopRegressionTest7" time="0.0"/>
  <testcase name="test3600" classname="RandoopRegressionTest7" time="0.0"/>
  <testcase name="test3601" classname="RandoopRegressionTest7" time="0.0"/>
  <testcase name="test3602" classname="RandoopRegressionTest7" time="0.0"/>
  <testcase name="test3603" classname="RandoopRegressionTest7" time="0.0"/>
  <testcase name="test3604" classname="RandoopRegressionTest7" time="0.0"/>
  <testcase name="test3605" classname="RandoopRegressionTest7" time="0.0"/>
  <testcase name="test3606" classname="RandoopRegressionTest7" time="0.0"/>
  <testcase name="test3607" classname="RandoopRegressionTest7" time="0.0"/>
  <testcase name="test3608" classname="RandoopRegressionTest7" time="0.0"/>
  <testcase name="test3609" classname="RandoopRegressionTest7" time="0.0"/>
  <testcase name="test3610" classname="RandoopRegressionTest7" time="0.0"/>
  <testcase name="test3611" classname="RandoopRegressionTest7" time="0.0"/>
  <testcase name="test3612" classname="RandoopRegressionTest7" time="0.0"/>
  <testcase name="test3613" classname="RandoopRegressionTest7" time="0.0"/>
  <testcase name="test3614" classname="RandoopRegressionTest7" time="0.0"/>
  <testcase name="test3615" classname="RandoopRegressionTest7" time="0.0"/>
  <testcase name="test3616" classname="RandoopRegressionTest7" time="0.0"/>
  <testcase name="test3617" classname="RandoopRegressionTest7" time="0.0"/>
  <testcase name="test3618" classname="RandoopRegressionTest7" time="0.0"/>
  <testcase name="test3619" classname="RandoopRegressionTest7" time="0.0"/>
  <testcase name="test3620" classname="RandoopRegressionTest7" time="0.0"/>
  <testcase name="test3621" classname="RandoopRegressionTest7" time="0.0"/>
  <testcase name="test3622" classname="RandoopRegressionTest7" time="0.0"/>
  <testcase name="test3623" classname="RandoopRegressionTest7" time="0.0"/>
  <testcase name="test3624" classname="RandoopRegressionTest7" time="0.001"/>
  <testcase name="test3625" classname="RandoopRegressionTest7" time="0.0"/>
  <testcase name="test3626" classname="RandoopRegressionTest7" time="0.0"/>
  <testcase name="test3627" classname="RandoopRegressionTest7" time="0.0"/>
  <testcase name="test3628" classname="RandoopRegressionTest7" time="0.0"/>
  <testcase name="test3629" classname="RandoopRegressionTest7" time="0.0"/>
  <testcase name="test3630" classname="RandoopRegressionTest7" time="0.0"/>
  <testcase name="test3631" classname="RandoopRegressionTest7" time="0.0"/>
  <testcase name="test3632" classname="RandoopRegressionTest7" time="0.0"/>
  <testcase name="test3633" classname="RandoopRegressionTest7" time="0.0"/>
  <testcase name="test3634" classname="RandoopRegressionTest7" time="0.0"/>
  <testcase name="test3635" classname="RandoopRegressionTest7" time="0.0"/>
  <testcase name="test3636" classname="RandoopRegressionTest7" time="0.0"/>
  <testcase name="test3637" classname="RandoopRegressionTest7" time="0.0"/>
  <testcase name="test3638" classname="RandoopRegressionTest7" time="0.0"/>
  <testcase name="test3639" classname="RandoopRegressionTest7" time="0.0"/>
  <testcase name="test3640" classname="RandoopRegressionTest7" time="0.0"/>
  <testcase name="test3641" classname="RandoopRegressionTest7" time="0.0"/>
  <testcase name="test3642" classname="RandoopRegressionTest7" time="0.0"/>
  <testcase name="test3643" classname="RandoopRegressionTest7" time="0.0"/>
  <testcase name="test3644" classname="RandoopRegressionTest7" time="0.0"/>
  <testcase name="test3645" classname="RandoopRegressionTest7" time="0.0"/>
  <testcase name="test3646" classname="RandoopRegressionTest7" time="0.0"/>
  <testcase name="test3647" classname="RandoopRegressionTest7" time="0.0"/>
  <testcase name="test3648" classname="RandoopRegressionTest7" time="0.0"/>
  <testcase name="test3649" classname="RandoopRegressionTest7" time="0.0"/>
  <testcase name="test3650" classname="RandoopRegressionTest7" time="0.0"/>
  <testcase name="test3651" classname="RandoopRegressionTest7" time="0.001"/>
  <testcase name="test3652" classname="RandoopRegressionTest7" time="0.0"/>
  <testcase name="test3653" classname="RandoopRegressionTest7" time="0.0"/>
  <testcase name="test3654" classname="RandoopRegressionTest7" time="0.0"/>
  <testcase name="test3655" classname="RandoopRegressionTest7" time="0.0"/>
  <testcase name="test3656" classname="RandoopRegressionTest7" time="0.0"/>
  <testcase name="test3657" classname="RandoopRegressionTest7" time="0.0"/>
  <testcase name="test3658" classname="RandoopRegressionTest7" time="0.0"/>
  <testcase name="test3659" classname="RandoopRegressionTest7" time="0.0"/>
  <testcase name="test3660" classname="RandoopRegressionTest7" time="0.0"/>
  <testcase name="test3661" classname="RandoopRegressionTest7" time="0.0"/>
  <testcase name="test3662" classname="RandoopRegressionTest7" time="0.0"/>
  <testcase name="test3663" classname="RandoopRegressionTest7" time="0.0"/>
  <testcase name="test3664" classname="RandoopRegressionTest7" time="0.0"/>
  <testcase name="test3665" classname="RandoopRegressionTest7" time="0.0"/>
  <testcase name="test3666" classname="RandoopRegressionTest7" time="0.0"/>
  <testcase name="test3667" classname="RandoopRegressionTest7" time="0.0"/>
  <testcase name="test3668" classname="RandoopRegressionTest7" time="0.0"/>
  <testcase name="test3669" classname="RandoopRegressionTest7" time="0.0"/>
  <testcase name="test3670" classname="RandoopRegressionTest7" time="0.0"/>
  <testcase name="test3671" classname="RandoopRegressionTest7" time="0.0"/>
  <testcase name="test3672" classname="RandoopRegressionTest7" time="0.0"/>
  <testcase name="test3673" classname="RandoopRegressionTest7" time="0.0"/>
  <testcase name="test3674" classname="RandoopRegressionTest7" time="0.0"/>
  <testcase name="test3675" classname="RandoopRegressionTest7" time="0.0"/>
  <testcase name="test3676" classname="RandoopRegressionTest7" time="0.0"/>
  <testcase name="test3677" classname="RandoopRegressionTest7" time="0.0"/>
  <testcase name="test3678" classname="RandoopRegressionTest7" time="0.0"/>
  <testcase name="test3679" classname="RandoopRegressionTest7" time="0.0"/>
  <testcase name="test3680" classname="RandoopRegressionTest7" time="0.0"/>
  <testcase name="test3681" classname="RandoopRegressionTest7" time="0.0"/>
  <testcase name="test3682" classname="RandoopRegressionTest7" time="0.0"/>
  <testcase name="test3683" classname="RandoopRegressionTest7" time="0.0"/>
  <testcase name="test3684" classname="RandoopRegressionTest7" time="0.0"/>
  <testcase name="test3685" classname="RandoopRegressionTest7" time="0.0"/>
  <testcase name="test3686" classname="RandoopRegressionTest7" time="0.0"/>
  <testcase name="test3687" classname="RandoopRegressionTest7" time="0.0"/>
  <testcase name="test3688" classname="RandoopRegressionTest7" time="0.0"/>
  <testcase name="test3689" classname="RandoopRegressionTest7" time="0.0"/>
  <testcase name="test3690" classname="RandoopRegressionTest7" time="0.0"/>
  <testcase name="test3691" classname="RandoopRegressionTest7" time="0.0"/>
  <testcase name="test3692" classname="RandoopRegressionTest7" time="0.0"/>
  <testcase name="test3693" classname="RandoopRegressionTest7" time="0.0"/>
  <testcase name="test3694" classname="RandoopRegressionTest7" time="0.0"/>
  <testcase name="test3695" classname="RandoopRegressionTest7" time="0.0"/>
  <testcase name="test3696" classname="RandoopRegressionTest7" time="0.0"/>
  <testcase name="test3697" classname="RandoopRegressionTest7" time="0.0"/>
  <testcase name="test3698" classname="RandoopRegressionTest7" time="0.0"/>
  <testcase name="test3699" classname="RandoopRegressionTest7" time="0.0"/>
  <testcase name="test3700" classname="RandoopRegressionTest7" time="0.0"/>
  <testcase name="test3701" classname="RandoopRegressionTest7" time="0.0"/>
  <testcase name="test3702" classname="RandoopRegressionTest7" time="0.0"/>
  <testcase name="test3703" classname="RandoopRegressionTest7" time="0.0"/>
  <testcase name="test3704" classname="RandoopRegressionTest7" time="0.0"/>
  <testcase name="test3705" classname="RandoopRegressionTest7" time="0.0"/>
  <testcase name="test3706" classname="RandoopRegressionTest7" time="0.0"/>
  <testcase name="test3707" classname="RandoopRegressionTest7" time="0.0"/>
  <testcase name="test3708" classname="RandoopRegressionTest7" time="0.0"/>
  <testcase name="test3709" classname="RandoopRegressionTest7" time="0.0"/>
  <testcase name="test3710" classname="RandoopRegressionTest7" time="0.0"/>
  <testcase name="test3711" classname="RandoopRegressionTest7" time="0.0"/>
  <testcase name="test3712" classname="RandoopRegressionTest7" time="0.0"/>
  <testcase name="test3713" classname="RandoopRegressionTest7" time="0.0"/>
  <testcase name="test3714" classname="RandoopRegressionTest7" time="0.0"/>
  <testcase name="test3715" classname="RandoopRegressionTest7" time="0.0"/>
  <testcase name="test3716" classname="RandoopRegressionTest7" time="0.0"/>
  <testcase name="test3717" classname="RandoopRegressionTest7" time="0.0"/>
  <testcase name="test3718" classname="RandoopRegressionTest7" time="0.0"/>
  <testcase name="test3719" classname="RandoopRegressionTest7" time="0.0"/>
  <testcase name="test3720" classname="RandoopRegressionTest7" time="0.0"/>
  <testcase name="test3721" classname="RandoopRegressionTest7" time="0.0"/>
  <testcase name="test3722" classname="RandoopRegressionTest7" time="0.0"/>
  <testcase name="test3723" classname="RandoopRegressionTest7" time="0.0"/>
  <testcase name="test3724" classname="RandoopRegressionTest7" time="0.0"/>
  <testcase name="test3725" classname="RandoopRegressionTest7" time="0.0"/>
  <testcase name="test3726" classname="RandoopRegressionTest7" time="0.0"/>
  <testcase name="test3727" classname="RandoopRegressionTest7" time="0.0"/>
  <testcase name="test3728" classname="RandoopRegressionTest7" time="0.0"/>
  <testcase name="test3729" classname="RandoopRegressionTest7" time="0.0"/>
  <testcase name="test3730" classname="RandoopRegressionTest7" time="0.0"/>
  <testcase name="test3731" classname="RandoopRegressionTest7" time="0.0"/>
  <testcase name="test3732" classname="RandoopRegressionTest7" time="0.0"/>
  <testcase name="test3733" classname="RandoopRegressionTest7" time="0.0"/>
  <testcase name="test3734" classname="RandoopRegressionTest7" time="0.0"/>
  <testcase name="test3735" classname="RandoopRegressionTest7" time="0.0"/>
  <testcase name="test3736" classname="RandoopRegressionTest7" time="0.0"/>
  <testcase name="test3737" classname="RandoopRegressionTest7" time="0.0"/>
  <testcase name="test3738" classname="RandoopRegressionTest7" time="0.0"/>
  <testcase name="test3739" classname="RandoopRegressionTest7" time="0.0"/>
  <testcase name="test3740" classname="RandoopRegressionTest7" time="0.0"/>
  <testcase name="test3741" classname="RandoopRegressionTest7" time="0.0"/>
  <testcase name="test3742" classname="RandoopRegressionTest7" time="0.0"/>
  <testcase name="test3743" classname="RandoopRegressionTest7" time="0.0"/>
  <testcase name="test3744" classname="RandoopRegressionTest7" time="0.0"/>
  <testcase name="test3745" classname="RandoopRegressionTest7" time="0.0"/>
  <testcase name="test3746" classname="RandoopRegressionTest7" time="0.0"/>
  <testcase name="test3747" classname="RandoopRegressionTest7" time="0.0"/>
  <testcase name="test3748" classname="RandoopRegressionTest7" time="0.0"/>
  <testcase name="test3749" classname="RandoopRegressionTest7" time="0.0"/>
  <testcase name="test3750" classname="RandoopRegressionTest7" time="0.0"/>
  <testcase name="test3751" classname="RandoopRegressionTest7" time="0.0"/>
  <testcase name="test3752" classname="RandoopRegressionTest7" time="0.0"/>
  <testcase name="test3753" classname="RandoopRegressionTest7" time="0.0"/>
  <testcase name="test3754" classname="RandoopRegressionTest7" time="0.0"/>
  <testcase name="test3755" classname="RandoopRegressionTest7" time="0.0"/>
  <testcase name="test3756" classname="RandoopRegressionTest7" time="0.0"/>
  <testcase name="test3757" classname="RandoopRegressionTest7" time="0.0"/>
  <testcase name="test3758" classname="RandoopRegressionTest7" time="0.0"/>
  <testcase name="test3759" classname="RandoopRegressionTest7" time="0.0"/>
  <testcase name="test3760" classname="RandoopRegressionTest7" time="0.0"/>
  <testcase name="test3761" classname="RandoopRegressionTest7" time="0.0"/>
  <testcase name="test3762" classname="RandoopRegressionTest7" time="0.0"/>
  <testcase name="test3763" classname="RandoopRegressionTest7" time="0.0"/>
  <testcase name="test3764" classname="RandoopRegressionTest7" time="0.0"/>
  <testcase name="test3765" classname="RandoopRegressionTest7" time="0.0"/>
  <testcase name="test3766" classname="RandoopRegressionTest7" time="0.0"/>
  <testcase name="test3767" classname="RandoopRegressionTest7" time="0.0"/>
  <testcase name="test3768" classname="RandoopRegressionTest7" time="0.0"/>
  <testcase name="test3769" classname="RandoopRegressionTest7" time="0.0"/>
  <testcase name="test3770" classname="RandoopRegressionTest7" time="0.0"/>
  <testcase name="test3771" classname="RandoopRegressionTest7" time="0.0"/>
  <testcase name="test3772" classname="RandoopRegressionTest7" time="0.001"/>
  <testcase name="test3773" classname="RandoopRegressionTest7" time="0.0"/>
  <testcase name="test3774" classname="RandoopRegressionTest7" time="0.0"/>
  <testcase name="test3775" classname="RandoopRegressionTest7" time="0.0"/>
  <testcase name="test3776" classname="RandoopRegressionTest7" time="0.0"/>
  <testcase name="test3777" classname="RandoopRegressionTest7" time="0.0"/>
  <testcase name="test3778" classname="RandoopRegressionTest7" time="0.0"/>
  <testcase name="test3779" classname="RandoopRegressionTest7" time="0.0"/>
  <testcase name="test3780" classname="RandoopRegressionTest7" time="0.0"/>
  <testcase name="test3781" classname="RandoopRegressionTest7" time="0.0"/>
  <testcase name="test3782" classname="RandoopRegressionTest7" time="0.0"/>
  <testcase name="test3783" classname="RandoopRegressionTest7" time="0.0"/>
  <testcase name="test3784" classname="RandoopRegressionTest7" time="0.0"/>
  <testcase name="test3785" classname="RandoopRegressionTest7" time="0.0"/>
  <testcase name="test3786" classname="RandoopRegressionTest7" time="0.0"/>
  <testcase name="test3787" classname="RandoopRegressionTest7" time="0.0"/>
  <testcase name="test3788" classname="RandoopRegressionTest7" time="0.0"/>
  <testcase name="test3789" classname="RandoopRegressionTest7" time="0.0"/>
  <testcase name="test3790" classname="RandoopRegressionTest7" time="0.0"/>
  <testcase name="test3791" classname="RandoopRegressionTest7" time="0.0"/>
  <testcase name="test3792" classname="RandoopRegressionTest7" time="0.0"/>
  <testcase name="test3793" classname="RandoopRegressionTest7" time="0.0"/>
  <testcase name="test3794" classname="RandoopRegressionTest7" time="0.0"/>
  <testcase name="test3795" classname="RandoopRegressionTest7" time="0.0"/>
  <testcase name="test3796" classname="RandoopRegressionTest7" time="0.0"/>
  <testcase name="test3797" classname="RandoopRegressionTest7" time="0.0"/>
  <testcase name="test3798" classname="RandoopRegressionTest7" time="0.0"/>
  <testcase name="test3799" classname="RandoopRegressionTest7" time="0.0"/>
  <testcase name="test3800" classname="RandoopRegressionTest7" time="0.0"/>
  <testcase name="test3801" classname="RandoopRegressionTest7" time="0.0"/>
  <testcase name="test3802" classname="RandoopRegressionTest7" time="0.0"/>
  <testcase name="test3803" classname="RandoopRegressionTest7" time="0.0"/>
  <testcase name="test3804" classname="RandoopRegressionTest7" time="0.001"/>
  <testcase name="test3805" classname="RandoopRegressionTest7" time="0.0"/>
  <testcase name="test3806" classname="RandoopRegressionTest7" time="0.0"/>
  <testcase name="test3807" classname="RandoopRegressionTest7" time="0.0"/>
  <testcase name="test3808" classname="RandoopRegressionTest7" time="0.0"/>
  <testcase name="test3809" classname="RandoopRegressionTest7" time="0.0"/>
  <testcase name="test3810" classname="RandoopRegressionTest7" time="0.0"/>
  <testcase name="test3811" classname="RandoopRegressionTest7" time="0.0"/>
  <testcase name="test3812" classname="RandoopRegressionTest7" time="0.0"/>
  <testcase name="test3813" classname="RandoopRegressionTest7" time="0.0"/>
  <testcase name="test3814" classname="RandoopRegressionTest7" time="0.0"/>
  <testcase name="test3815" classname="RandoopRegressionTest7" time="0.0"/>
  <testcase name="test3816" classname="RandoopRegressionTest7" time="0.0"/>
  <testcase name="test3817" classname="RandoopRegressionTest7" time="0.0"/>
  <testcase name="test3818" classname="RandoopRegressionTest7" time="0.0"/>
  <testcase name="test3819" classname="RandoopRegressionTest7" time="0.0"/>
  <testcase name="test3820" classname="RandoopRegressionTest7" time="0.0"/>
  <testcase name="test3821" classname="RandoopRegressionTest7" time="0.0"/>
  <testcase name="test3822" classname="RandoopRegressionTest7" time="0.0"/>
  <testcase name="test3823" classname="RandoopRegressionTest7" time="0.0"/>
  <testcase name="test3824" classname="RandoopRegressionTest7" time="0.0"/>
  <testcase name="test3825" classname="RandoopRegressionTest7" time="0.0"/>
  <testcase name="test3826" classname="RandoopRegressionTest7" time="0.0"/>
  <testcase name="test3827" classname="RandoopRegressionTest7" time="0.0"/>
  <testcase name="test3828" classname="RandoopRegressionTest7" time="0.0"/>
  <testcase name="test3829" classname="RandoopRegressionTest7" time="0.0"/>
  <testcase name="test3830" classname="RandoopRegressionTest7" time="0.0"/>
  <testcase name="test3831" classname="RandoopRegressionTest7" time="0.0"/>
  <testcase name="test3832" classname="RandoopRegressionTest7" time="0.0"/>
  <testcase name="test3833" classname="RandoopRegressionTest7" time="0.0"/>
  <testcase name="test3834" classname="RandoopRegressionTest7" time="0.0"/>
  <testcase name="test3835" classname="RandoopRegressionTest7" time="0.0"/>
  <testcase name="test3836" classname="RandoopRegressionTest7" time="0.0"/>
  <testcase name="test3837" classname="RandoopRegressionTest7" time="0.0"/>
  <testcase name="test3838" classname="RandoopRegressionTest7" time="0.0"/>
  <testcase name="test3839" classname="RandoopRegressionTest7" time="0.0"/>
  <testcase name="test3840" classname="RandoopRegressionTest7" time="0.0"/>
  <testcase name="test3841" classname="RandoopRegressionTest7" time="0.0"/>
  <testcase name="test3842" classname="RandoopRegressionTest7" time="0.0"/>
  <testcase name="test3843" classname="RandoopRegressionTest7" time="0.0"/>
  <testcase name="test3844" classname="RandoopRegressionTest7" time="0.0"/>
  <testcase name="test3845" classname="RandoopRegressionTest7" time="0.0"/>
  <testcase name="test3846" classname="RandoopRegressionTest7" time="0.0"/>
  <testcase name="test3847" classname="RandoopRegressionTest7" time="0.0"/>
  <testcase name="test3848" classname="RandoopRegressionTest7" time="0.0"/>
  <testcase name="test3849" classname="RandoopRegressionTest7" time="0.0"/>
  <testcase name="test3850" classname="RandoopRegressionTest7" time="0.0"/>
  <testcase name="test3851" classname="RandoopRegressionTest7" time="0.0"/>
  <testcase name="test3852" classname="RandoopRegressionTest7" time="0.0"/>
  <testcase name="test3853" classname="RandoopRegressionTest7" time="0.0"/>
  <testcase name="test3854" classname="RandoopRegressionTest7" time="0.0"/>
  <testcase name="test3855" classname="RandoopRegressionTest7" time="0.0"/>
  <testcase name="test3856" classname="RandoopRegressionTest7" time="0.0"/>
  <testcase name="test3857" classname="RandoopRegressionTest7" time="0.0"/>
  <testcase name="test3858" classname="RandoopRegressionTest7" time="0.0"/>
  <testcase name="test3859" classname="RandoopRegressionTest7" time="0.0"/>
  <testcase name="test3860" classname="RandoopRegressionTest7" time="0.0"/>
  <testcase name="test3861" classname="RandoopRegressionTest7" time="0.0"/>
  <testcase name="test3862" classname="RandoopRegressionTest7" time="0.0"/>
  <testcase name="test3863" classname="RandoopRegressionTest7" time="0.0"/>
  <testcase name="test3864" classname="RandoopRegressionTest7" time="0.0"/>
  <testcase name="test3865" classname="RandoopRegressionTest7" time="0.0"/>
  <testcase name="test3866" classname="RandoopRegressionTest7" time="0.0"/>
  <testcase name="test3867" classname="RandoopRegressionTest7" time="0.0"/>
  <testcase name="test3868" classname="RandoopRegressionTest7" time="0.0"/>
  <testcase name="test3869" classname="RandoopRegressionTest7" time="0.0"/>
  <testcase name="test3870" classname="RandoopRegressionTest7" time="0.0"/>
  <testcase name="test3871" classname="RandoopRegressionTest7" time="0.0"/>
  <testcase name="test3872" classname="RandoopRegressionTest7" time="0.0"/>
  <testcase name="test3873" classname="RandoopRegressionTest7" time="0.0"/>
  <testcase name="test3874" classname="RandoopRegressionTest7" time="0.0"/>
  <testcase name="test3875" classname="RandoopRegressionTest7" time="0.0"/>
  <testcase name="test3876" classname="RandoopRegressionTest7" time="0.0"/>
  <testcase name="test3877" classname="RandoopRegressionTest7" time="0.0"/>
  <testcase name="test3878" classname="RandoopRegressionTest7" time="0.0"/>
  <testcase name="test3879" classname="RandoopRegressionTest7" time="0.0"/>
  <testcase name="test3880" classname="RandoopRegressionTest7" time="0.0"/>
  <testcase name="test3881" classname="RandoopRegressionTest7" time="0.0"/>
  <testcase name="test3882" classname="RandoopRegressionTest7" time="0.0"/>
  <testcase name="test3883" classname="RandoopRegressionTest7" time="0.0"/>
  <testcase name="test3884" classname="RandoopRegressionTest7" time="0.0"/>
  <testcase name="test3885" classname="RandoopRegressionTest7" time="0.0"/>
  <testcase name="test3886" classname="RandoopRegressionTest7" time="0.0"/>
  <testcase name="test3887" classname="RandoopRegressionTest7" time="0.0"/>
  <testcase name="test3888" classname="RandoopRegressionTest7" time="0.0"/>
  <testcase name="test3889" classname="RandoopRegressionTest7" time="0.0"/>
  <testcase name="test3890" classname="RandoopRegressionTest7" time="0.0"/>
  <testcase name="test3891" classname="RandoopRegressionTest7" time="0.0"/>
  <testcase name="test3892" classname="RandoopRegressionTest7" time="0.0"/>
  <testcase name="test3893" classname="RandoopRegressionTest7" time="0.0"/>
  <testcase name="test3894" classname="RandoopRegressionTest7" time="0.0"/>
  <testcase name="test3895" classname="RandoopRegressionTest7" time="0.0"/>
  <testcase name="test3896" classname="RandoopRegressionTest7" time="0.0"/>
  <testcase name="test3897" classname="RandoopRegressionTest7" time="0.0"/>
  <testcase name="test3898" classname="RandoopRegressionTest7" time="0.0"/>
  <testcase name="test3899" classname="RandoopRegressionTest7" time="0.0"/>
  <testcase name="test3900" classname="RandoopRegressionTest7" time="0.0"/>
  <testcase name="test3901" classname="RandoopRegressionTest7" time="0.0"/>
  <testcase name="test3902" classname="RandoopRegressionTest7" time="0.0"/>
  <testcase name="test3903" classname="RandoopRegressionTest7" time="0.0"/>
  <testcase name="test3904" classname="RandoopRegressionTest7" time="0.0"/>
  <testcase name="test3905" classname="RandoopRegressionTest7" time="0.0"/>
  <testcase name="test3906" classname="RandoopRegressionTest7" time="0.0"/>
  <testcase name="test3907" classname="RandoopRegressionTest7" time="0.0"/>
  <testcase name="test3908" classname="RandoopRegressionTest7" time="0.0"/>
  <testcase name="test3909" classname="RandoopRegressionTest7" time="0.0"/>
  <testcase name="test3910" classname="RandoopRegressionTest7" time="0.0"/>
  <testcase name="test3911" classname="RandoopRegressionTest7" time="0.0"/>
  <testcase name="test3912" classname="RandoopRegressionTest7" time="0.0"/>
  <testcase name="test3913" classname="RandoopRegressionTest7" time="0.0"/>
  <testcase name="test3914" classname="RandoopRegressionTest7" time="0.0"/>
  <testcase name="test3915" classname="RandoopRegressionTest7" time="0.0"/>
  <testcase name="test3916" classname="RandoopRegressionTest7" time="0.0"/>
  <testcase name="test3917" classname="RandoopRegressionTest7" time="0.0"/>
  <testcase name="test3918" classname="RandoopRegressionTest7" time="0.0"/>
  <testcase name="test3919" classname="RandoopRegressionTest7" time="0.0"/>
  <testcase name="test3920" classname="RandoopRegressionTest7" time="0.0"/>
  <testcase name="test3921" classname="RandoopRegressionTest7" time="0.0"/>
  <testcase name="test3922" classname="RandoopRegressionTest7" time="0.0"/>
  <testcase name="test3923" classname="RandoopRegressionTest7" time="0.0"/>
  <testcase name="test3924" classname="RandoopRegressionTest7" time="0.0"/>
  <testcase name="test3501" classname="RandoopRegressionTest7" time="0.0"/>
  <testcase name="test3502" classname="RandoopRegressionTest7" time="0.0"/>
  <testcase name="test3503" classname="RandoopRegressionTest7" time="0.0"/>
  <testcase name="test3504" classname="RandoopRegressionTest7" time="0.0"/>
  <testcase name="test3505" classname="RandoopRegressionTest7" time="0.0"/>
  <testcase name="test3506" classname="RandoopRegressionTest7" time="0.0"/>
  <testcase name="test3507" classname="RandoopRegressionTest7" time="0.0"/>
  <testcase name="test3508" classname="RandoopRegressionTest7" time="0.0"/>
  <testcase name="test3509" classname="RandoopRegressionTest7" time="0.0"/>
  <testcase name="test3510" classname="RandoopRegressionTest7" time="0.0"/>
  <testcase name="test3511" classname="RandoopRegressionTest7" time="0.0"/>
  <testcase name="test3512" classname="RandoopRegressionTest7" time="0.0"/>
  <testcase name="test3513" classname="RandoopRegressionTest7" time="0.0"/>
  <testcase name="test3514" classname="RandoopRegressionTest7" time="0.0"/>
  <testcase name="test3515" classname="RandoopRegressionTest7" time="0.0"/>
  <testcase name="test3516" classname="RandoopRegressionTest7" time="0.0"/>
  <testcase name="test3517" classname="RandoopRegressionTest7" time="0.0"/>
  <testcase name="test3518" classname="RandoopRegressionTest7" time="0.0"/>
  <testcase name="test3519" classname="RandoopRegressionTest7" time="0.0"/>
  <testcase name="test3520" classname="RandoopRegressionTest7" time="0.0"/>
  <testcase name="test3521" classname="RandoopRegressionTest7" time="0.0"/>
  <testcase name="test3522" classname="RandoopRegressionTest7" time="0.0"/>
  <testcase name="test3523" classname="RandoopRegressionTest7" time="0.0"/>
  <testcase name="test3524" classname="RandoopRegressionTest7" time="0.0"/>
  <testcase name="test3525" classname="RandoopRegressionTest7" time="0.0"/>
  <testcase name="test3526" classname="RandoopRegressionTest7" time="0.0"/>
  <testcase name="test3527" classname="RandoopRegressionTest7" time="0.0"/>
  <testcase name="test3528" classname="RandoopRegressionTest7" time="0.0"/>
  <testcase name="test3529" classname="RandoopRegressionTest7" time="0.0"/>
  <testcase name="test3530" classname="RandoopRegressionTest7" time="0.0"/>
  <testcase name="test3531" classname="RandoopRegressionTest7" time="0.0"/>
  <testcase name="test3532" classname="RandoopRegressionTest7" time="0.0"/>
  <testcase name="test3533" classname="RandoopRegressionTest7" time="0.0"/>
  <testcase name="test3534" classname="RandoopRegressionTest7" time="0.0"/>
  <testcase name="test3535" classname="RandoopRegressionTest7" time="0.0"/>
  <testcase name="test3536" classname="RandoopRegressionTest7" time="0.0"/>
  <testcase name="test3537" classname="RandoopRegressionTest7" time="0.0"/>
  <testcase name="test3538" classname="RandoopRegressionTest7" time="0.0"/>
  <testcase name="test3539" classname="RandoopRegressionTest7" time="0.0"/>
  <testcase name="test3540" classname="RandoopRegressionTest7" time="0.0"/>
  <testcase name="test3541" classname="RandoopRegressionTest7" time="0.0"/>
  <testcase name="test3542" classname="RandoopRegressionTest7" time="0.0"/>
  <testcase name="test3543" classname="RandoopRegressionTest7" time="0.0"/>
  <testcase name="test3544" classname="RandoopRegressionTest7" time="0.0"/>
  <testcase name="test3545" classname="RandoopRegressionTest7" time="0.0"/>
  <testcase name="test3546" classname="RandoopRegressionTest7" time="0.0"/>
  <testcase name="test3547" classname="RandoopRegressionTest7" time="0.0"/>
  <testcase name="test3548" classname="RandoopRegressionTest7" time="0.0"/>
  <testcase name="test3549" classname="RandoopRegressionTest7" time="0.0"/>
  <testcase name="test3550" classname="RandoopRegressionTest7" time="0.0"/>
  <testcase name="test3551" classname="RandoopRegressionTest7" time="0.0"/>
  <testcase name="test3552" classname="RandoopRegressionTest7" time="0.0"/>
  <testcase name="test3553" classname="RandoopRegressionTest7" time="0.0"/>
  <testcase name="test3554" classname="RandoopRegressionTest7" time="0.0"/>
  <testcase name="test3555" classname="RandoopRegressionTest7" time="0.0"/>
  <testcase name="test3556" classname="RandoopRegressionTest7" time="0.0"/>
  <testcase name="test3557" classname="RandoopRegressionTest7" time="0.0"/>
  <testcase name="test3558" classname="RandoopRegressionTest7" time="0.0"/>
  <testcase name="test3559" classname="RandoopRegressionTest7" time="0.0"/>
  <testcase name="test3560" classname="RandoopRegressionTest7" time="0.0"/>
  <testcase name="test3561" classname="RandoopRegressionTest7" time="0.0"/>
  <testcase name="test3562" classname="RandoopRegressionTest7" time="0.0"/>
  <testcase name="test3563" classname="RandoopRegressionTest7" time="0.0"/>
  <testcase name="test3564" classname="RandoopRegressionTest7" time="0.0"/>
  <testcase name="test3565" classname="RandoopRegressionTest7" time="0.0"/>
  <testcase name="test3566" classname="RandoopRegressionTest7" time="0.0"/>
  <testcase name="test3567" classname="RandoopRegressionTest7" time="0.0"/>
  <testcase name="test3568" classname="RandoopRegressionTest7" time="0.0"/>
  <testcase name="test3569" classname="RandoopRegressionTest7" time="0.0"/>
  <testcase name="test3570" classname="RandoopRegressionTest7" time="0.0"/>
  <testcase name="test3571" classname="RandoopRegressionTest7" time="0.0"/>
  <testcase name="test3572" classname="RandoopRegressionTest7" time="0.0"/>
  <testcase name="test3573" classname="RandoopRegressionTest7" time="0.0"/>
  <testcase name="test3574" classname="RandoopRegressionTest7" time="0.0"/>
  <testcase name="test3575" classname="RandoopRegressionTest7" time="0.0"/>
  <testcase name="test3576" classname="RandoopRegressionTest7" time="0.0"/>
  <testcase name="test3577" classname="RandoopRegressionTest7" time="0.001"/>
  <testcase name="test3578" classname="RandoopRegressionTest7" time="0.0"/>
  <testcase name="test3579" classname="RandoopRegressionTest7" time="0.0"/>
  <testcase name="test3580" classname="RandoopRegressionTest7" time="0.0"/>
  <testcase name="test3581" classname="RandoopRegressionTest7" time="0.0"/>
  <testcase name="test3582" classname="RandoopRegressionTest7" time="0.0"/>
  <testcase name="test3583" classname="RandoopRegressionTest7" time="0.0"/>
  <testcase name="test3584" classname="RandoopRegressionTest7" time="0.0"/>
  <testcase name="test3585" classname="RandoopRegressionTest7" time="0.0"/>
  <testcase name="test3586" classname="RandoopRegressionTest7" time="0.0"/>
  <testcase name="test3587" classname="RandoopRegressionTest7" time="0.0"/>
  <testcase name="test3588" classname="RandoopRegressionTest7" time="0.0"/>
  <testcase name="test3589" classname="RandoopRegressionTest7" time="0.0"/>
  <testcase name="test3590" classname="RandoopRegressionTest7" time="0.0"/>
  <testcase name="test3591" classname="RandoopRegressionTest7" time="0.0"/>
  <testcase name="test3592" classname="RandoopRegressionTest7" time="0.0"/>
  <testcase name="test3593" classname="RandoopRegressionTest7" time="0.0"/>
  <testcase name="test3594" classname="RandoopRegressionTest7" time="0.0"/>
  <testcase name="test3595" classname="RandoopRegressionTest7" time="0.0"/>
  <testcase name="test3596" classname="RandoopRegressionTest7" time="0.0"/>
  <testcase name="test3597" classname="RandoopRegressionTest7" time="0.0"/>
  <testcase name="test3598" classname="RandoopRegressionTest7" time="0.0"/>
  <testcase name="test3599" classname="RandoopRegressionTest7" time="0.0"/>
  <testcase name="test3600" classname="RandoopRegressionTest7" time="0.0"/>
  <testcase name="test3601" classname="RandoopRegressionTest7" time="0.0"/>
  <testcase name="test3602" classname="RandoopRegressionTest7" time="0.0"/>
  <testcase name="test3603" classname="RandoopRegressionTest7" time="0.0"/>
  <testcase name="test3604" classname="RandoopRegressionTest7" time="0.0"/>
  <testcase name="test3605" classname="RandoopRegressionTest7" time="0.0"/>
  <testcase name="test3606" classname="RandoopRegressionTest7" time="0.0"/>
  <testcase name="test3607" classname="RandoopRegressionTest7" time="0.0"/>
  <testcase name="test3608" classname="RandoopRegressionTest7" time="0.0"/>
  <testcase name="test3609" classname="RandoopRegressionTest7" time="0.0"/>
  <testcase name="test3610" classname="RandoopRegressionTest7" time="0.0"/>
  <testcase name="test3611" classname="RandoopRegressionTest7" time="0.0"/>
  <testcase name="test3612" classname="RandoopRegressionTest7" time="0.0"/>
  <testcase name="test3613" classname="RandoopRegressionTest7" time="0.0"/>
  <testcase name="test3614" classname="RandoopRegressionTest7" time="0.0"/>
  <testcase name="test3615" classname="RandoopRegressionTest7" time="0.0"/>
  <testcase name="test3616" classname="RandoopRegressionTest7" time="0.0"/>
  <testcase name="test3617" classname="RandoopRegressionTest7" time="0.0"/>
  <testcase name="test3618" classname="RandoopRegressionTest7" time="0.0"/>
  <testcase name="test3619" classname="RandoopRegressionTest7" time="0.0"/>
  <testcase name="test3620" classname="RandoopRegressionTest7" time="0.0"/>
  <testcase name="test3621" classname="RandoopRegressionTest7" time="0.0"/>
  <testcase name="test3622" classname="RandoopRegressionTest7" time="0.0"/>
  <testcase name="test3623" classname="RandoopRegressionTest7" time="0.0"/>
  <testcase name="test3624" classname="RandoopRegressionTest7" time="0.0"/>
  <testcase name="test3625" classname="RandoopRegressionTest7" time="0.0"/>
  <testcase name="test3626" classname="RandoopRegressionTest7" time="0.0"/>
  <testcase name="test3627" classname="RandoopRegressionTest7" time="0.0"/>
  <testcase name="test3628" classname="RandoopRegressionTest7" time="0.0"/>
  <testcase name="test3629" classname="RandoopRegressionTest7" time="0.0"/>
  <testcase name="test3630" classname="RandoopRegressionTest7" time="0.0"/>
  <testcase name="test3631" classname="RandoopRegressionTest7" time="0.0"/>
  <testcase name="test3632" classname="RandoopRegressionTest7" time="0.0"/>
  <testcase name="test3633" classname="RandoopRegressionTest7" time="0.0"/>
  <testcase name="test3634" classname="RandoopRegressionTest7" time="0.0"/>
  <testcase name="test3635" classname="RandoopRegressionTest7" time="0.0"/>
  <testcase name="test3636" classname="RandoopRegressionTest7" time="0.0"/>
  <testcase name="test3637" classname="RandoopRegressionTest7" time="0.0"/>
  <testcase name="test3638" classname="RandoopRegressionTest7" time="0.0"/>
  <testcase name="test3639" classname="RandoopRegressionTest7" time="0.0"/>
  <testcase name="test3640" classname="RandoopRegressionTest7" time="0.0"/>
  <testcase name="test3641" classname="RandoopRegressionTest7" time="0.0"/>
  <testcase name="test3642" classname="RandoopRegressionTest7" time="0.0"/>
  <testcase name="test3643" classname="RandoopRegressionTest7" time="0.0"/>
  <testcase name="test3644" classname="RandoopRegressionTest7" time="0.0"/>
  <testcase name="test3645" classname="RandoopRegressionTest7" time="0.0"/>
  <testcase name="test3646" classname="RandoopRegressionTest7" time="0.0"/>
  <testcase name="test3647" classname="RandoopRegressionTest7" time="0.0"/>
  <testcase name="test3648" classname="RandoopRegressionTest7" time="0.0"/>
  <testcase name="test3649" classname="RandoopRegressionTest7" time="0.0"/>
  <testcase name="test3650" classname="RandoopRegressionTest7" time="0.0"/>
  <testcase name="test3651" classname="RandoopRegressionTest7" time="0.0"/>
  <testcase name="test3652" classname="RandoopRegressionTest7" time="0.0"/>
  <testcase name="test3653" classname="RandoopRegressionTest7" time="0.0"/>
  <testcase name="test3654" classname="RandoopRegressionTest7" time="0.0"/>
  <testcase name="test3655" classname="RandoopRegressionTest7" time="0.0"/>
  <testcase name="test3656" classname="RandoopRegressionTest7" time="0.0"/>
  <testcase name="test3657" classname="RandoopRegressionTest7" time="0.0"/>
  <testcase name="test3658" classname="RandoopRegressionTest7" time="0.0"/>
  <testcase name="test3659" classname="RandoopRegressionTest7" time="0.0"/>
  <testcase name="test3660" classname="RandoopRegressionTest7" time="0.0"/>
  <testcase name="test3661" classname="RandoopRegressionTest7" time="0.0"/>
  <testcase name="test3662" classname="RandoopRegressionTest7" time="0.0"/>
  <testcase name="test3663" classname="RandoopRegressionTest7" time="0.0"/>
  <testcase name="test3664" classname="RandoopRegressionTest7" time="0.0"/>
  <testcase name="test3665" classname="RandoopRegressionTest7" time="0.0"/>
  <testcase name="test3666" classname="RandoopRegressionTest7" time="0.0"/>
  <testcase name="test3667" classname="RandoopRegressionTest7" time="0.0"/>
  <testcase name="test3668" classname="RandoopRegressionTest7" time="0.0"/>
  <testcase name="test3669" classname="RandoopRegressionTest7" time="0.0"/>
  <testcase name="test3670" classname="RandoopRegressionTest7" time="0.0"/>
  <testcase name="test3671" classname="RandoopRegressionTest7" time="0.0"/>
  <testcase name="test3672" classname="RandoopRegressionTest7" time="0.0"/>
  <testcase name="test3673" classname="RandoopRegressionTest7" time="0.0"/>
  <testcase name="test3674" classname="RandoopRegressionTest7" time="0.0"/>
  <testcase name="test3675" classname="RandoopRegressionTest7" time="0.0"/>
  <testcase name="test3676" classname="RandoopRegressionTest7" time="0.0"/>
  <testcase name="test3677" classname="RandoopRegressionTest7" time="0.0"/>
  <testcase name="test3678" classname="RandoopRegressionTest7" time="0.0"/>
  <testcase name="test3679" classname="RandoopRegressionTest7" time="0.0"/>
  <testcase name="test3680" classname="RandoopRegressionTest7" time="0.0"/>
  <testcase name="test3681" classname="RandoopRegressionTest7" time="0.0"/>
  <testcase name="test3682" classname="RandoopRegressionTest7" time="0.001"/>
  <testcase name="test3683" classname="RandoopRegressionTest7" time="0.0"/>
  <testcase name="test3684" classname="RandoopRegressionTest7" time="0.0"/>
  <testcase name="test3685" classname="RandoopRegressionTest7" time="0.0"/>
  <testcase name="test3686" classname="RandoopRegressionTest7" time="0.0"/>
  <testcase name="test3687" classname="RandoopRegressionTest7" time="0.0"/>
  <testcase name="test3688" classname="RandoopRegressionTest7" time="0.0"/>
  <testcase name="test3689" classname="RandoopRegressionTest7" time="0.0"/>
  <testcase name="test3690" classname="RandoopRegressionTest7" time="0.0"/>
  <testcase name="test3691" classname="RandoopRegressionTest7" time="0.0"/>
  <testcase name="test3692" classname="RandoopRegressionTest7" time="0.0"/>
  <testcase name="test3693" classname="RandoopRegressionTest7" time="0.0"/>
  <testcase name="test3694" classname="RandoopRegressionTest7" time="0.0"/>
  <testcase name="test3695" classname="RandoopRegressionTest7" time="0.0"/>
  <testcase name="test3696" classname="RandoopRegressionTest7" time="0.0"/>
  <testcase name="test3697" classname="RandoopRegressionTest7" time="0.0"/>
  <testcase name="test3698" classname="RandoopRegressionTest7" time="0.0"/>
  <testcase name="test3699" classname="RandoopRegressionTest7" time="0.0"/>
  <testcase name="test3700" classname="RandoopRegressionTest7" time="0.0"/>
  <testcase name="test3701" classname="RandoopRegressionTest7" time="0.0"/>
  <testcase name="test3702" classname="RandoopRegressionTest7" time="0.0"/>
  <testcase name="test3703" classname="RandoopRegressionTest7" time="0.0"/>
  <testcase name="test3704" classname="RandoopRegressionTest7" time="0.0"/>
  <testcase name="test3705" classname="RandoopRegressionTest7" time="0.0"/>
  <testcase name="test3706" classname="RandoopRegressionTest7" time="0.0"/>
  <testcase name="test3707" classname="RandoopRegressionTest7" time="0.0"/>
  <testcase name="test3708" classname="RandoopRegressionTest7" time="0.0"/>
  <testcase name="test3709" classname="RandoopRegressionTest7" time="0.0"/>
  <testcase name="test3710" classname="RandoopRegressionTest7" time="0.0"/>
  <testcase name="test3711" classname="RandoopRegressionTest7" time="0.0"/>
  <testcase name="test3712" classname="RandoopRegressionTest7" time="0.0"/>
  <testcase name="test3713" classname="RandoopRegressionTest7" time="0.0"/>
  <testcase name="test3714" classname="RandoopRegressionTest7" time="0.0"/>
  <testcase name="test3715" classname="RandoopRegressionTest7" time="0.0"/>
  <testcase name="test3716" classname="RandoopRegressionTest7" time="0.0"/>
  <testcase name="test3717" classname="RandoopRegressionTest7" time="0.0"/>
  <testcase name="test3718" classname="RandoopRegressionTest7" time="0.0"/>
  <testcase name="test3719" classname="RandoopRegressionTest7" time="0.0"/>
  <testcase name="test3720" classname="RandoopRegressionTest7" time="0.0"/>
  <testcase name="test3721" classname="RandoopRegressionTest7" time="0.0"/>
  <testcase name="test3722" classname="RandoopRegressionTest7" time="0.0"/>
  <testcase name="test3723" classname="RandoopRegressionTest7" time="0.0"/>
  <testcase name="test3724" classname="RandoopRegressionTest7" time="0.0"/>
  <testcase name="test3725" classname="RandoopRegressionTest7" time="0.0"/>
  <testcase name="test3726" classname="RandoopRegressionTest7" time="0.0"/>
  <testcase name="test3727" classname="RandoopRegressionTest7" time="0.0"/>
  <testcase name="test3728" classname="RandoopRegressionTest7" time="0.0"/>
  <testcase name="test3729" classname="RandoopRegressionTest7" time="0.0"/>
  <testcase name="test3730" classname="RandoopRegressionTest7" time="0.0"/>
  <testcase name="test3731" classname="RandoopRegressionTest7" time="0.0"/>
  <testcase name="test3732" classname="RandoopRegressionTest7" time="0.0"/>
  <testcase name="test3733" classname="RandoopRegressionTest7" time="0.0"/>
  <testcase name="test3734" classname="RandoopRegressionTest7" time="0.0"/>
  <testcase name="test3735" classname="RandoopRegressionTest7" time="0.0"/>
  <testcase name="test3736" classname="RandoopRegressionTest7" time="0.0"/>
  <testcase name="test3737" classname="RandoopRegressionTest7" time="0.0"/>
  <testcase name="test3738" classname="RandoopRegressionTest7" time="0.0"/>
  <testcase name="test3739" classname="RandoopRegressionTest7" time="0.0"/>
  <testcase name="test3740" classname="RandoopRegressionTest7" time="0.0"/>
  <testcase name="test3741" classname="RandoopRegressionTest7" time="0.0"/>
  <testcase name="test3742" classname="RandoopRegressionTest7" time="0.0"/>
  <testcase name="test3743" classname="RandoopRegressionTest7" time="0.0"/>
  <testcase name="test3744" classname="RandoopRegressionTest7" time="0.0"/>
  <testcase name="test3745" classname="RandoopRegressionTest7" time="0.0"/>
  <testcase name="test3746" classname="RandoopRegressionTest7" time="0.0"/>
  <testcase name="test3747" classname="RandoopRegressionTest7" time="0.0"/>
  <testcase name="test3748" classname="RandoopRegressionTest7" time="0.0"/>
  <testcase name="test3749" classname="RandoopRegressionTest7" time="0.0"/>
  <testcase name="test3750" classname="RandoopRegressionTest7" time="0.0"/>
  <testcase name="test3751" classname="RandoopRegressionTest7" time="0.0"/>
  <testcase name="test3752" classname="RandoopRegressionTest7" time="0.0"/>
  <testcase name="test3753" classname="RandoopRegressionTest7" time="0.0"/>
  <testcase name="test3754" classname="RandoopRegressionTest7" time="0.0"/>
  <testcase name="test3755" classname="RandoopRegressionTest7" time="0.0"/>
  <testcase name="test3756" classname="RandoopRegressionTest7" time="0.0"/>
  <testcase name="test3757" classname="RandoopRegressionTest7" time="0.0"/>
  <testcase name="test3758" classname="RandoopRegressionTest7" time="0.0"/>
  <testcase name="test3759" classname="RandoopRegressionTest7" time="0.0"/>
  <testcase name="test3760" classname="RandoopRegressionTest7" time="0.0"/>
  <testcase name="test3761" classname="RandoopRegressionTest7" time="0.0"/>
  <testcase name="test3762" classname="RandoopRegressionTest7" time="0.0"/>
  <testcase name="test3763" classname="RandoopRegressionTest7" time="0.0"/>
  <testcase name="test3764" classname="RandoopRegressionTest7" time="0.0"/>
  <testcase name="test3765" classname="RandoopRegressionTest7" time="0.0"/>
  <testcase name="test3766" classname="RandoopRegressionTest7" time="0.0"/>
  <testcase name="test3767" classname="RandoopRegressionTest7" time="0.001"/>
  <testcase name="test3768" classname="RandoopRegressionTest7" time="0.0"/>
  <testcase name="test3769" classname="RandoopRegressionTest7" time="0.0"/>
  <testcase name="test3770" classname="RandoopRegressionTest7" time="0.0"/>
  <testcase name="test3771" classname="RandoopRegressionTest7" time="0.0"/>
  <testcase name="test3772" classname="RandoopRegressionTest7" time="0.0"/>
  <testcase name="test3773" classname="RandoopRegressionTest7" time="0.0"/>
  <testcase name="test3774" classname="RandoopRegressionTest7" time="0.0"/>
  <testcase name="test3775" classname="RandoopRegressionTest7" time="0.0"/>
  <testcase name="test3776" classname="RandoopRegressionTest7" time="0.0"/>
  <testcase name="test3777" classname="RandoopRegressionTest7" time="0.0"/>
  <testcase name="test3778" classname="RandoopRegressionTest7" time="0.0"/>
  <testcase name="test3779" classname="RandoopRegressionTest7" time="0.0"/>
  <testcase name="test3780" classname="RandoopRegressionTest7" time="0.0"/>
  <testcase name="test3781" classname="RandoopRegressionTest7" time="0.0"/>
  <testcase name="test3782" classname="RandoopRegressionTest7" time="0.0"/>
  <testcase name="test3783" classname="RandoopRegressionTest7" time="0.0"/>
  <testcase name="test3784" classname="RandoopRegressionTest7" time="0.0"/>
  <testcase name="test3785" classname="RandoopRegressionTest7" time="0.0"/>
  <testcase name="test3786" classname="RandoopRegressionTest7" time="0.0"/>
  <testcase name="test3787" classname="RandoopRegressionTest7" time="0.0"/>
  <testcase name="test3788" classname="RandoopRegressionTest7" time="0.0"/>
  <testcase name="test3789" classname="RandoopRegressionTest7" time="0.0"/>
  <testcase name="test3790" classname="RandoopRegressionTest7" time="0.0"/>
  <testcase name="test3791" classname="RandoopRegressionTest7" time="0.0"/>
  <testcase name="test3792" classname="RandoopRegressionTest7" time="0.0"/>
  <testcase name="test3793" classname="RandoopRegressionTest7" time="0.0"/>
  <testcase name="test3794" classname="RandoopRegressionTest7" time="0.0"/>
  <testcase name="test3795" classname="RandoopRegressionTest7" time="0.0"/>
  <testcase name="test3796" classname="RandoopRegressionTest7" time="0.0"/>
  <testcase name="test3797" classname="RandoopRegressionTest7" time="0.0"/>
  <testcase name="test3798" classname="RandoopRegressionTest7" time="0.0"/>
  <testcase name="test3799" classname="RandoopRegressionTest7" time="0.0"/>
  <testcase name="test3800" classname="RandoopRegressionTest7" time="0.0"/>
  <testcase name="test3801" classname="RandoopRegressionTest7" time="0.0"/>
  <testcase name="test3802" classname="RandoopRegressionTest7" time="0.0"/>
  <testcase name="test3803" classname="RandoopRegressionTest7" time="0.001"/>
  <testcase name="test3804" classname="RandoopRegressionTest7" time="0.0"/>
  <testcase name="test3805" classname="RandoopRegressionTest7" time="0.0"/>
  <testcase name="test3806" classname="RandoopRegressionTest7" time="0.0"/>
  <testcase name="test3807" classname="RandoopRegressionTest7" time="0.0"/>
  <testcase name="test3808" classname="RandoopRegressionTest7" time="0.0"/>
  <testcase name="test3809" classname="RandoopRegressionTest7" time="0.0"/>
  <testcase name="test3810" classname="RandoopRegressionTest7" time="0.0"/>
  <testcase name="test3811" classname="RandoopRegressionTest7" time="0.0"/>
  <testcase name="test3812" classname="RandoopRegressionTest7" time="0.0"/>
  <testcase name="test3813" classname="RandoopRegressionTest7" time="0.0"/>
  <testcase name="test3814" classname="RandoopRegressionTest7" time="0.0"/>
  <testcase name="test3815" classname="RandoopRegressionTest7" time="0.0"/>
  <testcase name="test3816" classname="RandoopRegressionTest7" time="0.0"/>
  <testcase name="test3817" classname="RandoopRegressionTest7" time="0.0"/>
  <testcase name="test3818" classname="RandoopRegressionTest7" time="0.0"/>
  <testcase name="test3819" classname="RandoopRegressionTest7" time="0.0"/>
  <testcase name="test3820" classname="RandoopRegressionTest7" time="0.0"/>
  <testcase name="test3821" classname="RandoopRegressionTest7" time="0.0"/>
  <testcase name="test3822" classname="RandoopRegressionTest7" time="0.0"/>
  <testcase name="test3823" classname="RandoopRegressionTest7" time="0.0"/>
  <testcase name="test3824" classname="RandoopRegressionTest7" time="0.0"/>
  <testcase name="test3825" classname="RandoopRegressionTest7" time="0.0"/>
  <testcase name="test3826" classname="RandoopRegressionTest7" time="0.0"/>
  <testcase name="test3827" classname="RandoopRegressionTest7" time="0.0"/>
  <testcase name="test3828" classname="RandoopRegressionTest7" time="0.0"/>
  <testcase name="test3829" classname="RandoopRegressionTest7" time="0.0"/>
  <testcase name="test3830" classname="RandoopRegressionTest7" time="0.0"/>
  <testcase name="test3831" classname="RandoopRegressionTest7" time="0.0"/>
  <testcase name="test3832" classname="RandoopRegressionTest7" time="0.0"/>
  <testcase name="test3833" classname="RandoopRegressionTest7" time="0.0"/>
  <testcase name="test3834" classname="RandoopRegressionTest7" time="0.0"/>
  <testcase name="test3835" classname="RandoopRegressionTest7" time="0.0"/>
  <testcase name="test3836" classname="RandoopRegressionTest7" time="0.0"/>
  <testcase name="test3837" classname="RandoopRegressionTest7" time="0.0"/>
  <testcase name="test3838" classname="RandoopRegressionTest7" time="0.0"/>
  <testcase name="test3839" classname="RandoopRegressionTest7" time="0.0"/>
  <testcase name="test3840" classname="RandoopRegressionTest7" time="0.0"/>
  <testcase name="test3841" classname="RandoopRegressionTest7" time="0.0"/>
  <testcase name="test3842" classname="RandoopRegressionTest7" time="0.0"/>
  <testcase name="test3843" classname="RandoopRegressionTest7" time="0.0"/>
  <testcase name="test3844" classname="RandoopRegressionTest7" time="0.0"/>
  <testcase name="test3845" classname="RandoopRegressionTest7" time="0.0"/>
  <testcase name="test3846" classname="RandoopRegressionTest7" time="0.0"/>
  <testcase name="test3847" classname="RandoopRegressionTest7" time="0.0"/>
  <testcase name="test3848" classname="RandoopRegressionTest7" time="0.0"/>
  <testcase name="test3849" classname="RandoopRegressionTest7" time="0.0"/>
  <testcase name="test3850" classname="RandoopRegressionTest7" time="0.0"/>
  <testcase name="test3851" classname="RandoopRegressionTest7" time="0.0"/>
  <testcase name="test3852" classname="RandoopRegressionTest7" time="0.0"/>
  <testcase name="test3853" classname="RandoopRegressionTest7" time="0.0"/>
  <testcase name="test3854" classname="RandoopRegressionTest7" time="0.0"/>
  <testcase name="test3855" classname="RandoopRegressionTest7" time="0.0"/>
  <testcase name="test3856" classname="RandoopRegressionTest7" time="0.0"/>
  <testcase name="test3857" classname="RandoopRegressionTest7" time="0.0"/>
  <testcase name="test3858" classname="RandoopRegressionTest7" time="0.0"/>
  <testcase name="test3859" classname="RandoopRegressionTest7" time="0.0"/>
  <testcase name="test3860" classname="RandoopRegressionTest7" time="0.0"/>
  <testcase name="test3861" classname="RandoopRegressionTest7" time="0.0"/>
  <testcase name="test3862" classname="RandoopRegressionTest7" time="0.0"/>
  <testcase name="test3863" classname="RandoopRegressionTest7" time="0.0"/>
  <testcase name="test3864" classname="RandoopRegressionTest7" time="0.0"/>
  <testcase name="test3865" classname="RandoopRegressionTest7" time="0.0"/>
  <testcase name="test3866" classname="RandoopRegressionTest7" time="0.0"/>
  <testcase name="test3867" classname="RandoopRegressionTest7" time="0.0"/>
  <testcase name="test3868" classname="RandoopRegressionTest7" time="0.0"/>
  <testcase name="test3869" classname="RandoopRegressionTest7" time="0.0"/>
  <testcase name="test3870" classname="RandoopRegressionTest7" time="0.0"/>
  <testcase name="test3871" classname="RandoopRegressionTest7" time="0.0"/>
  <testcase name="test3872" classname="RandoopRegressionTest7" time="0.0"/>
  <testcase name="test3873" classname="RandoopRegressionTest7" time="0.0"/>
  <testcase name="test3874" classname="RandoopRegressionTest7" time="0.0"/>
  <testcase name="test3875" classname="RandoopRegressionTest7" time="0.0"/>
  <testcase name="test3876" classname="RandoopRegressionTest7" time="0.0"/>
  <testcase name="test3877" classname="RandoopRegressionTest7" time="0.0"/>
  <testcase name="test3878" classname="RandoopRegressionTest7" time="0.0"/>
  <testcase name="test3879" classname="RandoopRegressionTest7" time="0.0"/>
  <testcase name="test3880" classname="RandoopRegressionTest7" time="0.0"/>
  <testcase name="test3881" classname="RandoopRegressionTest7" time="0.0"/>
  <testcase name="test3882" classname="RandoopRegressionTest7" time="0.0"/>
  <testcase name="test3883" classname="RandoopRegressionTest7" time="0.0"/>
  <testcase name="test3884" classname="RandoopRegressionTest7" time="0.0"/>
  <testcase name="test3885" classname="RandoopRegressionTest7" time="0.0"/>
  <testcase name="test3886" classname="RandoopRegressionTest7" time="0.001"/>
  <testcase name="test3887" classname="RandoopRegressionTest7" time="0.0"/>
  <testcase name="test3888" classname="RandoopRegressionTest7" time="0.0"/>
  <testcase name="test3889" classname="RandoopRegressionTest7" time="0.0"/>
  <testcase name="test3890" classname="RandoopRegressionTest7" time="0.0"/>
  <testcase name="test3891" classname="RandoopRegressionTest7" time="0.0"/>
  <testcase name="test3892" classname="RandoopRegressionTest7" time="0.0"/>
  <testcase name="test3893" classname="RandoopRegressionTest7" time="0.0"/>
  <testcase name="test3894" classname="RandoopRegressionTest7" time="0.0"/>
  <testcase name="test3895" classname="RandoopRegressionTest7" time="0.0"/>
  <testcase name="test3896" classname="RandoopRegressionTest7" time="0.0"/>
  <testcase name="test3897" classname="RandoopRegressionTest7" time="0.0"/>
  <testcase name="test3898" classname="RandoopRegressionTest7" time="0.0"/>
  <testcase name="test3899" classname="RandoopRegressionTest7" time="0.0"/>
  <testcase name="test3900" classname="RandoopRegressionTest7" time="0.0"/>
  <testcase name="test3901" classname="RandoopRegressionTest7" time="0.0"/>
  <testcase name="test3902" classname="RandoopRegressionTest7" time="0.0"/>
  <testcase name="test3903" classname="RandoopRegressionTest7" time="0.0"/>
  <testcase name="test3904" classname="RandoopRegressionTest7" time="0.0"/>
  <testcase name="test3905" classname="RandoopRegressionTest7" time="0.0"/>
  <testcase name="test3906" classname="RandoopRegressionTest7" time="0.0"/>
  <testcase name="test3907" classname="RandoopRegressionTest7" time="0.0"/>
  <testcase name="test3908" classname="RandoopRegressionTest7" time="0.0"/>
  <testcase name="test3909" classname="RandoopRegressionTest7" time="0.0"/>
  <testcase name="test3910" classname="RandoopRegressionTest7" time="0.0"/>
  <testcase name="test3911" classname="RandoopRegressionTest7" time="0.0"/>
  <testcase name="test3912" classname="RandoopRegressionTest7" time="0.0"/>
  <testcase name="test3913" classname="RandoopRegressionTest7" time="0.0"/>
  <testcase name="test3914" classname="RandoopRegressionTest7" time="0.0"/>
  <testcase name="test3915" classname="RandoopRegressionTest7" time="0.0"/>
  <testcase name="test3916" classname="RandoopRegressionTest7" time="0.0"/>
  <testcase name="test3917" classname="RandoopRegressionTest7" time="0.0"/>
  <testcase name="test3918" classname="RandoopRegressionTest7" time="0.0"/>
  <testcase name="test3919" classname="RandoopRegressionTest7" time="0.0"/>
  <testcase name="test3920" classname="RandoopRegressionTest7" time="0.0"/>
  <testcase name="test3921" classname="RandoopRegressionTest7" time="0.0"/>
  <testcase name="test3922" classname="RandoopRegressionTest7" time="0.0"/>
  <testcase name="test3923" classname="RandoopRegressionTest7" time="0.0"/>
  <testcase name="test3924" classname="RandoopRegressionTest7" time="0.0"/>
  <system-out><![CDATA[]]></system-out>
  <system-err><![CDATA[]]></system-err>
</testsuite>
