<?xml version="1.0" encoding="UTF-8"?>
<testsuite name="RandoopRegressionTest8" tests="160" skipped="0" failures="0" errors="0" timestamp="2024-04-08T15:53:17" hostname="MacBook-Pro-685.local" time="0.245">
  <properties/>
  <testcase name="test4001" classname="RandoopRegressionTest8" time="0.0"/>
  <testcase name="test4002" classname="RandoopRegressionTest8" time="0.0"/>
  <testcase name="test4003" classname="RandoopRegressionTest8" time="0.0"/>
  <testcase name="test4004" classname="RandoopRegressionTest8" time="0.0"/>
  <testcase name="test4005" classname="RandoopRegressionTest8" time="0.0"/>
  <testcase name="test4006" classname="RandoopRegressionTest8" time="0.0"/>
  <testcase name="test4007" classname="RandoopRegressionTest8" time="0.0"/>
  <testcase name="test4008" classname="RandoopRegressionTest8" time="0.0"/>
  <testcase name="test4009" classname="RandoopRegressionTest8" time="0.0"/>
  <testcase name="test4010" classname="RandoopRegressionTest8" time="0.0"/>
  <testcase name="test4011" classname="RandoopRegressionTest8" time="0.0"/>
  <testcase name="test4012" classname="RandoopRegressionTest8" time="0.0"/>
  <testcase name="test4013" classname="RandoopRegressionTest8" time="0.0"/>
  <testcase name="test4014" classname="RandoopRegressionTest8" time="0.0"/>
  <testcase name="test4015" classname="RandoopRegressionTest8" time="0.0"/>
  <testcase name="test4016" classname="RandoopRegressionTest8" time="0.001"/>
  <testcase name="test4017" classname="RandoopRegressionTest8" time="0.0"/>
  <testcase name="test4018" classname="RandoopRegressionTest8" time="0.0"/>
  <testcase name="test4019" classname="RandoopRegressionTest8" time="0.0"/>
  <testcase name="test4020" classname="RandoopRegressionTest8" time="0.0"/>
  <testcase name="test4021" classname="RandoopRegressionTest8" time="0.0"/>
  <testcase name="test4022" classname="RandoopRegressionTest8" time="0.0"/>
  <testcase name="test4023" classname="RandoopRegressionTest8" time="0.0"/>
  <testcase name="test4024" classname="RandoopRegressionTest8" time="0.0"/>
  <testcase name="test4025" classname="RandoopRegressionTest8" time="0.0"/>
  <testcase name="test4026" classname="RandoopRegressionTest8" time="0.0"/>
  <testcase name="test4027" classname="RandoopRegressionTest8" time="0.0"/>
  <testcase name="test4028" classname="RandoopRegressionTest8" time="0.0"/>
  <testcase name="test4029" classname="RandoopRegressionTest8" time="0.0"/>
  <testcase name="test4030" classname="RandoopRegressionTest8" time="0.0"/>
  <testcase name="test4031" classname="RandoopRegressionTest8" time="0.0"/>
  <testcase name="test4032" classname="RandoopRegressionTest8" time="0.0"/>
  <testcase name="test4033" classname="RandoopRegressionTest8" time="0.0"/>
  <testcase name="test4034" classname="RandoopRegressionTest8" time="0.0"/>
  <testcase name="test4035" classname="RandoopRegressionTest8" time="0.0"/>
  <testcase name="test4036" classname="RandoopRegressionTest8" time="0.0"/>
  <testcase name="test4037" classname="RandoopRegressionTest8" time="0.0"/>
  <testcase name="test4038" classname="RandoopRegressionTest8" time="0.0"/>
  <testcase name="test4039" classname="RandoopRegressionTest8" time="0.0"/>
  <testcase name="test4040" classname="RandoopRegressionTest8" time="0.001"/>
  <testcase name="test4041" classname="RandoopRegressionTest8" time="0.0"/>
  <testcase name="test4042" classname="RandoopRegressionTest8" time="0.0"/>
  <testcase name="test4043" classname="RandoopRegressionTest8" time="0.0"/>
  <testcase name="test4044" classname="RandoopRegressionTest8" time="0.0"/>
  <testcase name="test4045" classname="RandoopRegressionTest8" time="0.0"/>
  <testcase name="test4046" classname="RandoopRegressionTest8" time="0.0"/>
  <testcase name="test4047" classname="RandoopRegressionTest8" time="0.0"/>
  <testcase name="test4048" classname="RandoopRegressionTest8" time="0.0"/>
  <testcase name="test4049" classname="RandoopRegressionTest8" time="0.0"/>
  <testcase name="test4050" classname="RandoopRegressionTest8" time="0.0"/>
  <testcase name="test4051" classname="RandoopRegressionTest8" time="0.0"/>
  <testcase name="test4052" classname="RandoopRegressionTest8" time="0.0"/>
  <testcase name="test4053" classname="RandoopRegressionTest8" time="0.0"/>
  <testcase name="test4054" classname="RandoopRegressionTest8" time="0.0"/>
  <testcase name="test4055" classname="RandoopRegressionTest8" time="0.0"/>
  <testcase name="test4056" classname="RandoopRegressionTest8" time="0.0"/>
  <testcase name="test4057" classname="RandoopRegressionTest8" time="0.0"/>
  <testcase name="test4058" classname="RandoopRegressionTest8" time="0.0"/>
  <testcase name="test4059" classname="RandoopRegressionTest8" time="0.0"/>
  <testcase name="test4060" classname="RandoopRegressionTest8" time="0.0"/>
  <testcase name="test4061" classname="RandoopRegressionTest8" time="0.0"/>
  <testcase name="test4062" classname="RandoopRegressionTest8" time="0.0"/>
  <testcase name="test4063" classname="RandoopRegressionTest8" time="0.0"/>
  <testcase name="test4064" classname="RandoopRegressionTest8" time="0.0"/>
  <testcase name="test4065" classname="RandoopRegressionTest8" time="0.0"/>
  <testcase name="test4066" classname="RandoopRegressionTest8" time="0.0"/>
  <testcase name="test4067" classname="RandoopRegressionTest8" time="0.0"/>
  <testcase name="test4068" classname="RandoopRegressionTest8" time="0.0"/>
  <testcase name="test4069" classname="RandoopRegressionTest8" time="0.0"/>
  <testcase name="test4070" classname="RandoopRegressionTest8" time="0.0"/>
  <testcase name="test4071" classname="RandoopRegressionTest8" time="0.0"/>
  <testcase name="test4072" classname="RandoopRegressionTest8" time="0.0"/>
  <testcase name="test4073" classname="RandoopRegressionTest8" time="0.0"/>
  <testcase name="test4074" classname="RandoopRegressionTest8" time="0.0"/>
  <testcase name="test4075" classname="RandoopRegressionTest8" time="0.0"/>
  <testcase name="test4076" classname="RandoopRegressionTest8" time="0.0"/>
  <testcase name="test4077" classname="RandoopRegressionTest8" time="0.0"/>
  <testcase name="test4078" classname="RandoopRegressionTest8" time="0.0"/>
  <testcase name="test4079" classname="RandoopRegressionTest8" time="0.0"/>
  <testcase name="test4080" classname="RandoopRegressionTest8" time="0.0"/>
  <testcase name="test4001" classname="RandoopRegressionTest8" time="0.0"/>
  <testcase name="test4002" classname="RandoopRegressionTest8" time="0.0"/>
  <testcase name="test4003" classname="RandoopRegressionTest8" time="0.0"/>
  <testcase name="test4004" classname="RandoopRegressionTest8" time="0.0"/>
  <testcase name="test4005" classname="RandoopRegressionTest8" time="0.0"/>
  <testcase name="test4006" classname="RandoopRegressionTest8" time="0.0"/>
  <testcase name="test4007" classname="RandoopRegressionTest8" time="0.0"/>
  <testcase name="test4008" classname="RandoopRegressionTest8" time="0.0"/>
  <testcase name="test4009" classname="RandoopRegressionTest8" time="0.0"/>
  <testcase name="test4010" classname="RandoopRegressionTest8" time="0.0"/>
  <testcase name="test4011" classname="RandoopRegressionTest8" time="0.0"/>
  <testcase name="test4012" classname="RandoopRegressionTest8" time="0.0"/>
  <testcase name="test4013" classname="RandoopRegressionTest8" time="0.0"/>
  <testcase name="test4014" classname="RandoopRegressionTest8" time="0.0"/>
  <testcase name="test4015" classname="RandoopRegressionTest8" time="0.0"/>
  <testcase name="test4016" classname="RandoopRegressionTest8" time="0.0"/>
  <testcase name="test4017" classname="RandoopRegressionTest8" time="0.0"/>
  <testcase name="test4018" classname="RandoopRegressionTest8" time="0.0"/>
  <testcase name="test4019" classname="RandoopRegressionTest8" time="0.0"/>
  <testcase name="test4020" classname="RandoopRegressionTest8" time="0.0"/>
  <testcase name="test4021" classname="RandoopRegressionTest8" time="0.0"/>
  <testcase name="test4022" classname="RandoopRegressionTest8" time="0.0"/>
  <testcase name="test4023" classname="RandoopRegressionTest8" time="0.0"/>
  <testcase name="test4024" classname="RandoopRegressionTest8" time="0.0"/>
  <testcase name="test4025" classname="RandoopRegressionTest8" time="0.0"/>
  <testcase name="test4026" classname="RandoopRegressionTest8" time="0.0"/>
  <testcase name="test4027" classname="RandoopRegressionTest8" time="0.0"/>
  <testcase name="test4028" classname="RandoopRegressionTest8" time="0.0"/>
  <testcase name="test4029" classname="RandoopRegressionTest8" time="0.0"/>
  <testcase name="test4030" classname="RandoopRegressionTest8" time="0.0"/>
  <testcase name="test4031" classname="RandoopRegressionTest8" time="0.0"/>
  <testcase name="test4032" classname="RandoopRegressionTest8" time="0.0"/>
  <testcase name="test4033" classname="RandoopRegressionTest8" time="0.0"/>
  <testcase name="test4034" classname="RandoopRegressionTest8" time="0.0"/>
  <testcase name="test4035" classname="RandoopRegressionTest8" time="0.0"/>
  <testcase name="test4036" classname="RandoopRegressionTest8" time="0.0"/>
  <testcase name="test4037" classname="RandoopRegressionTest8" time="0.0"/>
  <testcase name="test4038" classname="RandoopRegressionTest8" time="0.0"/>
  <testcase name="test4039" classname="RandoopRegressionTest8" time="0.0"/>
  <testcase name="test4040" classname="RandoopRegressionTest8" time="0.0"/>
  <testcase name="test4041" classname="RandoopRegressionTest8" time="0.0"/>
  <testcase name="test4042" classname="RandoopRegressionTest8" time="0.0"/>
  <testcase name="test4043" classname="RandoopRegressionTest8" time="0.0"/>
  <testcase name="test4044" classname="RandoopRegressionTest8" time="0.0"/>
  <testcase name="test4045" classname="RandoopRegressionTest8" time="0.0"/>
  <testcase name="test4046" classname="RandoopRegressionTest8" time="0.0"/>
  <testcase name="test4047" classname="RandoopRegressionTest8" time="0.0"/>
  <testcase name="test4048" classname="RandoopRegressionTest8" time="0.0"/>
  <testcase name="test4049" classname="RandoopRegressionTest8" time="0.0"/>
  <testcase name="test4050" classname="RandoopRegressionTest8" time="0.0"/>
  <testcase name="test4051" classname="RandoopRegressionTest8" time="0.0"/>
  <testcase name="test4052" classname="RandoopRegressionTest8" time="0.0"/>
  <testcase name="test4053" classname="RandoopRegressionTest8" time="0.0"/>
  <testcase name="test4054" classname="RandoopRegressionTest8" time="0.0"/>
  <testcase name="test4055" classname="RandoopRegressionTest8" time="0.0"/>
  <testcase name="test4056" classname="RandoopRegressionTest8" time="0.0"/>
  <testcase name="test4057" classname="RandoopRegressionTest8" time="0.0"/>
  <testcase name="test4058" classname="RandoopRegressionTest8" time="0.0"/>
  <testcase name="test4059" classname="RandoopRegressionTest8" time="0.0"/>
  <testcase name="test4060" classname="RandoopRegressionTest8" time="0.0"/>
  <testcase name="test4061" classname="RandoopRegressionTest8" time="0.0"/>
  <testcase name="test4062" classname="RandoopRegressionTest8" time="0.0"/>
  <testcase name="test4063" classname="RandoopRegressionTest8" time="0.0"/>
  <testcase name="test4064" classname="RandoopRegressionTest8" time="0.0"/>
  <testcase name="test4065" classname="RandoopRegressionTest8" time="0.0"/>
  <testcase name="test4066" classname="RandoopRegressionTest8" time="0.0"/>
  <testcase name="test4067" classname="RandoopRegressionTest8" time="0.0"/>
  <testcase name="test4068" classname="RandoopRegressionTest8" time="0.0"/>
  <testcase name="test4069" classname="RandoopRegressionTest8" time="0.0"/>
  <testcase name="test4070" classname="RandoopRegressionTest8" time="0.0"/>
  <testcase name="test4071" classname="RandoopRegressionTest8" time="0.0"/>
  <testcase name="test4072" classname="RandoopRegressionTest8" time="0.0"/>
  <testcase name="test4073" classname="RandoopRegressionTest8" time="0.0"/>
  <testcase name="test4074" classname="RandoopRegressionTest8" time="0.0"/>
  <testcase name="test4075" classname="RandoopRegressionTest8" time="0.0"/>
  <testcase name="test4076" classname="RandoopRegressionTest8" time="0.0"/>
  <testcase name="test4077" classname="RandoopRegressionTest8" time="0.0"/>
  <testcase name="test4078" classname="RandoopRegressionTest8" time="0.0"/>
  <testcase name="test4079" classname="RandoopRegressionTest8" time="0.0"/>
  <testcase name="test4080" classname="RandoopRegressionTest8" time="0.0"/>
  <system-out><![CDATA[]]></system-out>
  <system-err><![CDATA[]]></system-err>
</testsuite>
