<?xml version="1.0" encoding="UTF-8"?>
<testsuite name="RandoopRegressionTest4" tests="1000" skipped="0" failures="0" errors="0" timestamp="2024-04-08T15:53:17" hostname="MacBook-Pro-685.local" time="0.24">
  <properties/>
  <testcase name="test2001" classname="RandoopRegressionTest4" time="0.0"/>
  <testcase name="test2002" classname="RandoopRegressionTest4" time="0.0"/>
  <testcase name="test2003" classname="RandoopRegressionTest4" time="0.0"/>
  <testcase name="test2004" classname="RandoopRegressionTest4" time="0.0"/>
  <testcase name="test2005" classname="RandoopRegressionTest4" time="0.0"/>
  <testcase name="test2006" classname="RandoopRegressionTest4" time="0.0"/>
  <testcase name="test2007" classname="RandoopRegressionTest4" time="0.0"/>
  <testcase name="test2008" classname="RandoopRegressionTest4" time="0.0"/>
  <testcase name="test2009" classname="RandoopRegressionTest4" time="0.0"/>
  <testcase name="test2010" classname="RandoopRegressionTest4" time="0.0"/>
  <testcase name="test2011" classname="RandoopRegressionTest4" time="0.0"/>
  <testcase name="test2012" classname="RandoopRegressionTest4" time="0.0"/>
  <testcase name="test2013" classname="RandoopRegressionTest4" time="0.0"/>
  <testcase name="test2014" classname="RandoopRegressionTest4" time="0.0"/>
  <testcase name="test2015" classname="RandoopRegressionTest4" time="0.0"/>
  <testcase name="test2016" classname="RandoopRegressionTest4" time="0.0"/>
  <testcase name="test2017" classname="RandoopRegressionTest4" time="0.0"/>
  <testcase name="test2018" classname="RandoopRegressionTest4" time="0.0"/>
  <testcase name="test2019" classname="RandoopRegressionTest4" time="0.0"/>
  <testcase name="test2020" classname="RandoopRegressionTest4" time="0.0"/>
  <testcase name="test2021" classname="RandoopRegressionTest4" time="0.0"/>
  <testcase name="test2022" classname="RandoopRegressionTest4" time="0.0"/>
  <testcase name="test2023" classname="RandoopRegressionTest4" time="0.0"/>
  <testcase name="test2024" classname="RandoopRegressionTest4" time="0.0"/>
  <testcase name="test2025" classname="RandoopRegressionTest4" time="0.0"/>
  <testcase name="test2026" classname="RandoopRegressionTest4" time="0.0"/>
  <testcase name="test2027" classname="RandoopRegressionTest4" time="0.0"/>
  <testcase name="test2028" classname="RandoopRegressionTest4" time="0.0"/>
  <testcase name="test2029" classname="RandoopRegressionTest4" time="0.0"/>
  <testcase name="test2030" classname="RandoopRegressionTest4" time="0.0"/>
  <testcase name="test2031" classname="RandoopRegressionTest4" time="0.0"/>
  <testcase name="test2032" classname="RandoopRegressionTest4" time="0.0"/>
  <testcase name="test2033" classname="RandoopRegressionTest4" time="0.0"/>
  <testcase name="test2034" classname="RandoopRegressionTest4" time="0.0"/>
  <testcase name="test2035" classname="RandoopRegressionTest4" time="0.0"/>
  <testcase name="test2036" classname="RandoopRegressionTest4" time="0.0"/>
  <testcase name="test2037" classname="RandoopRegressionTest4" time="0.0"/>
  <testcase name="test2038" classname="RandoopRegressionTest4" time="0.0"/>
  <testcase name="test2039" classname="RandoopRegressionTest4" time="0.0"/>
  <testcase name="test2040" classname="RandoopRegressionTest4" time="0.0"/>
  <testcase name="test2041" classname="RandoopRegressionTest4" time="0.0"/>
  <testcase name="test2042" classname="RandoopRegressionTest4" time="0.0"/>
  <testcase name="test2043" classname="RandoopRegressionTest4" time="0.0"/>
  <testcase name="test2044" classname="RandoopRegressionTest4" time="0.0"/>
  <testcase name="test2045" classname="RandoopRegressionTest4" time="0.0"/>
  <testcase name="test2046" classname="RandoopRegressionTest4" time="0.0"/>
  <testcase name="test2047" classname="RandoopRegressionTest4" time="0.0"/>
  <testcase name="test2048" classname="RandoopRegressionTest4" time="0.0"/>
  <testcase name="test2049" classname="RandoopRegressionTest4" time="0.0"/>
  <testcase name="test2050" classname="RandoopRegressionTest4" time="0.0"/>
  <testcase name="test2051" classname="RandoopRegressionTest4" time="0.0"/>
  <testcase name="test2052" classname="RandoopRegressionTest4" time="0.0"/>
  <testcase name="test2053" classname="RandoopRegressionTest4" time="0.001"/>
  <testcase name="test2054" classname="RandoopRegressionTest4" time="0.0"/>
  <testcase name="test2055" classname="RandoopRegressionTest4" time="0.0"/>
  <testcase name="test2056" classname="RandoopRegressionTest4" time="0.0"/>
  <testcase name="test2057" classname="RandoopRegressionTest4" time="0.0"/>
  <testcase name="test2058" classname="RandoopRegressionTest4" time="0.0"/>
  <testcase name="test2059" classname="RandoopRegressionTest4" time="0.0"/>
  <testcase name="test2060" classname="RandoopRegressionTest4" time="0.0"/>
  <testcase name="test2061" classname="RandoopRegressionTest4" time="0.0"/>
  <testcase name="test2062" classname="RandoopRegressionTest4" time="0.0"/>
  <testcase name="test2063" classname="RandoopRegressionTest4" time="0.0"/>
  <testcase name="test2064" classname="RandoopRegressionTest4" time="0.0"/>
  <testcase name="test2065" classname="RandoopRegressionTest4" time="0.0"/>
  <testcase name="test2066" classname="RandoopRegressionTest4" time="0.0"/>
  <testcase name="test2067" classname="RandoopRegressionTest4" time="0.0"/>
  <testcase name="test2068" classname="RandoopRegressionTest4" time="0.0"/>
  <testcase name="test2069" classname="RandoopRegressionTest4" time="0.0"/>
  <testcase name="test2070" classname="RandoopRegressionTest4" time="0.0"/>
  <testcase name="test2071" classname="RandoopRegressionTest4" time="0.0"/>
  <testcase name="test2072" classname="RandoopRegressionTest4" time="0.0"/>
  <testcase name="test2073" classname="RandoopRegressionTest4" time="0.0"/>
  <testcase name="test2074" classname="RandoopRegressionTest4" time="0.0"/>
  <testcase name="test2075" classname="RandoopRegressionTest4" time="0.0"/>
  <testcase name="test2076" classname="RandoopRegressionTest4" time="0.0"/>
  <testcase name="test2077" classname="RandoopRegressionTest4" time="0.0"/>
  <testcase name="test2078" classname="RandoopRegressionTest4" time="0.0"/>
  <testcase name="test2079" classname="RandoopRegressionTest4" time="0.0"/>
  <testcase name="test2080" classname="RandoopRegressionTest4" time="0.0"/>
  <testcase name="test2081" classname="RandoopRegressionTest4" time="0.0"/>
  <testcase name="test2082" classname="RandoopRegressionTest4" time="0.0"/>
  <testcase name="test2083" classname="RandoopRegressionTest4" time="0.0"/>
  <testcase name="test2084" classname="RandoopRegressionTest4" time="0.0"/>
  <testcase name="test2085" classname="RandoopRegressionTest4" time="0.0"/>
  <testcase name="test2086" classname="RandoopRegressionTest4" time="0.0"/>
  <testcase name="test2087" classname="RandoopRegressionTest4" time="0.0"/>
  <testcase name="test2088" classname="RandoopRegressionTest4" time="0.0"/>
  <testcase name="test2089" classname="RandoopRegressionTest4" time="0.0"/>
  <testcase name="test2090" classname="RandoopRegressionTest4" time="0.0"/>
  <testcase name="test2091" classname="RandoopRegressionTest4" time="0.0"/>
  <testcase name="test2092" classname="RandoopRegressionTest4" time="0.0"/>
  <testcase name="test2093" classname="RandoopRegressionTest4" time="0.0"/>
  <testcase name="test2094" classname="RandoopRegressionTest4" time="0.0"/>
  <testcase name="test2095" classname="RandoopRegressionTest4" time="0.0"/>
  <testcase name="test2096" classname="RandoopRegressionTest4" time="0.0"/>
  <testcase name="test2097" classname="RandoopRegressionTest4" time="0.0"/>
  <testcase name="test2098" classname="RandoopRegressionTest4" time="0.001"/>
  <testcase name="test2099" classname="RandoopRegressionTest4" time="0.0"/>
  <testcase name="test2100" classname="RandoopRegressionTest4" time="0.0"/>
  <testcase name="test2101" classname="RandoopRegressionTest4" time="0.0"/>
  <testcase name="test2102" classname="RandoopRegressionTest4" time="0.0"/>
  <testcase name="test2103" classname="RandoopRegressionTest4" time="0.0"/>
  <testcase name="test2104" classname="RandoopRegressionTest4" time="0.0"/>
  <testcase name="test2105" classname="RandoopRegressionTest4" time="0.0"/>
  <testcase name="test2106" classname="RandoopRegressionTest4" time="0.0"/>
  <testcase name="test2107" classname="RandoopRegressionTest4" time="0.0"/>
  <testcase name="test2108" classname="RandoopRegressionTest4" time="0.0"/>
  <testcase name="test2109" classname="RandoopRegressionTest4" time="0.0"/>
  <testcase name="test2110" classname="RandoopRegressionTest4" time="0.0"/>
  <testcase name="test2111" classname="RandoopRegressionTest4" time="0.0"/>
  <testcase name="test2112" classname="RandoopRegressionTest4" time="0.0"/>
  <testcase name="test2113" classname="RandoopRegressionTest4" time="0.0"/>
  <testcase name="test2114" classname="RandoopRegressionTest4" time="0.0"/>
  <testcase name="test2115" classname="RandoopRegressionTest4" time="0.0"/>
  <testcase name="test2116" classname="RandoopRegressionTest4" time="0.0"/>
  <testcase name="test2117" classname="RandoopRegressionTest4" time="0.0"/>
  <testcase name="test2118" classname="RandoopRegressionTest4" time="0.0"/>
  <testcase name="test2119" classname="RandoopRegressionTest4" time="0.0"/>
  <testcase name="test2120" classname="RandoopRegressionTest4" time="0.0"/>
  <testcase name="test2121" classname="RandoopRegressionTest4" time="0.0"/>
  <testcase name="test2122" classname="RandoopRegressionTest4" time="0.0"/>
  <testcase name="test2123" classname="RandoopRegressionTest4" time="0.0"/>
  <testcase name="test2124" classname="RandoopRegressionTest4" time="0.001"/>
  <testcase name="test2125" classname="RandoopRegressionTest4" time="0.0"/>
  <testcase name="test2126" classname="RandoopRegressionTest4" time="0.0"/>
  <testcase name="test2127" classname="RandoopRegressionTest4" time="0.0"/>
  <testcase name="test2128" classname="RandoopRegressionTest4" time="0.0"/>
  <testcase name="test2129" classname="RandoopRegressionTest4" time="0.0"/>
  <testcase name="test2130" classname="RandoopRegressionTest4" time="0.0"/>
  <testcase name="test2131" classname="RandoopRegressionTest4" time="0.0"/>
  <testcase name="test2132" classname="RandoopRegressionTest4" time="0.0"/>
  <testcase name="test2133" classname="RandoopRegressionTest4" time="0.0"/>
  <testcase name="test2134" classname="RandoopRegressionTest4" time="0.0"/>
  <testcase name="test2135" classname="RandoopRegressionTest4" time="0.0"/>
  <testcase name="test2136" classname="RandoopRegressionTest4" time="0.0"/>
  <testcase name="test2137" classname="RandoopRegressionTest4" time="0.0"/>
  <testcase name="test2138" classname="RandoopRegressionTest4" time="0.0"/>
  <testcase name="test2139" classname="RandoopRegressionTest4" time="0.0"/>
  <testcase name="test2140" classname="RandoopRegressionTest4" time="0.0"/>
  <testcase name="test2141" classname="RandoopRegressionTest4" time="0.0"/>
  <testcase name="test2142" classname="RandoopRegressionTest4" time="0.001"/>
  <testcase name="test2143" classname="RandoopRegressionTest4" time="0.0"/>
  <testcase name="test2144" classname="RandoopRegressionTest4" time="0.0"/>
  <testcase name="test2145" classname="RandoopRegressionTest4" time="0.0"/>
  <testcase name="test2146" classname="RandoopRegressionTest4" time="0.0"/>
  <testcase name="test2147" classname="RandoopRegressionTest4" time="0.0"/>
  <testcase name="test2148" classname="RandoopRegressionTest4" time="0.0"/>
  <testcase name="test2149" classname="RandoopRegressionTest4" time="0.0"/>
  <testcase name="test2150" classname="RandoopRegressionTest4" time="0.0"/>
  <testcase name="test2151" classname="RandoopRegressionTest4" time="0.0"/>
  <testcase name="test2152" classname="RandoopRegressionTest4" time="0.0"/>
  <testcase name="test2153" classname="RandoopRegressionTest4" time="0.0"/>
  <testcase name="test2154" classname="RandoopRegressionTest4" time="0.0"/>
  <testcase name="test2155" classname="RandoopRegressionTest4" time="0.0"/>
  <testcase name="test2156" classname="RandoopRegressionTest4" time="0.0"/>
  <testcase name="test2157" classname="RandoopRegressionTest4" time="0.0"/>
  <testcase name="test2158" classname="RandoopRegressionTest4" time="0.0"/>
  <testcase name="test2159" classname="RandoopRegressionTest4" time="0.0"/>
  <testcase name="test2160" classname="RandoopRegressionTest4" time="0.0"/>
  <testcase name="test2161" classname="RandoopRegressionTest4" time="0.0"/>
  <testcase name="test2162" classname="RandoopRegressionTest4" time="0.0"/>
  <testcase name="test2163" classname="RandoopRegressionTest4" time="0.0"/>
  <testcase name="test2164" classname="RandoopRegressionTest4" time="0.0"/>
  <testcase name="test2165" classname="RandoopRegressionTest4" time="0.0"/>
  <testcase name="test2166" classname="RandoopRegressionTest4" time="0.0"/>
  <testcase name="test2167" classname="RandoopRegressionTest4" time="0.0"/>
  <testcase name="test2168" classname="RandoopRegressionTest4" time="0.0"/>
  <testcase name="test2169" classname="RandoopRegressionTest4" time="0.0"/>
  <testcase name="test2170" classname="RandoopRegressionTest4" time="0.0"/>
  <testcase name="test2171" classname="RandoopRegressionTest4" time="0.0"/>
  <testcase name="test2172" classname="RandoopRegressionTest4" time="0.0"/>
  <testcase name="test2173" classname="RandoopRegressionTest4" time="0.0"/>
  <testcase name="test2174" classname="RandoopRegressionTest4" time="0.0"/>
  <testcase name="test2175" classname="RandoopRegressionTest4" time="0.0"/>
  <testcase name="test2176" classname="RandoopRegressionTest4" time="0.0"/>
  <testcase name="test2177" classname="RandoopRegressionTest4" time="0.0"/>
  <testcase name="test2178" classname="RandoopRegressionTest4" time="0.0"/>
  <testcase name="test2179" classname="RandoopRegressionTest4" time="0.0"/>
  <testcase name="test2180" classname="RandoopRegressionTest4" time="0.0"/>
  <testcase name="test2181" classname="RandoopRegressionTest4" time="0.0"/>
  <testcase name="test2182" classname="RandoopRegressionTest4" time="0.0"/>
  <testcase name="test2183" classname="RandoopRegressionTest4" time="0.0"/>
  <testcase name="test2184" classname="RandoopRegressionTest4" time="0.0"/>
  <testcase name="test2185" classname="RandoopRegressionTest4" time="0.0"/>
  <testcase name="test2186" classname="RandoopRegressionTest4" time="0.0"/>
  <testcase name="test2187" classname="RandoopRegressionTest4" time="0.0"/>
  <testcase name="test2188" classname="RandoopRegressionTest4" time="0.0"/>
  <testcase name="test2189" classname="RandoopRegressionTest4" time="0.0"/>
  <testcase name="test2190" classname="RandoopRegressionTest4" time="0.0"/>
  <testcase name="test2191" classname="RandoopRegressionTest4" time="0.0"/>
  <testcase name="test2192" classname="RandoopRegressionTest4" time="0.0"/>
  <testcase name="test2193" classname="RandoopRegressionTest4" time="0.0"/>
  <testcase name="test2194" classname="RandoopRegressionTest4" time="0.0"/>
  <testcase name="test2195" classname="RandoopRegressionTest4" time="0.0"/>
  <testcase name="test2196" classname="RandoopRegressionTest4" time="0.0"/>
  <testcase name="test2197" classname="RandoopRegressionTest4" time="0.0"/>
  <testcase name="test2198" classname="RandoopRegressionTest4" time="0.0"/>
  <testcase name="test2199" classname="RandoopRegressionTest4" time="0.0"/>
  <testcase name="test2200" classname="RandoopRegressionTest4" time="0.0"/>
  <testcase name="test2201" classname="RandoopRegressionTest4" time="0.0"/>
  <testcase name="test2202" classname="RandoopRegressionTest4" time="0.0"/>
  <testcase name="test2203" classname="RandoopRegressionTest4" time="0.0"/>
  <testcase name="test2204" classname="RandoopRegressionTest4" time="0.0"/>
  <testcase name="test2205" classname="RandoopRegressionTest4" time="0.0"/>
  <testcase name="test2206" classname="RandoopRegressionTest4" time="0.0"/>
  <testcase name="test2207" classname="RandoopRegressionTest4" time="0.0"/>
  <testcase name="test2208" classname="RandoopRegressionTest4" time="0.0"/>
  <testcase name="test2209" classname="RandoopRegressionTest4" time="0.0"/>
  <testcase name="test2210" classname="RandoopRegressionTest4" time="0.0"/>
  <testcase name="test2211" classname="RandoopRegressionTest4" time="0.0"/>
  <testcase name="test2212" classname="RandoopRegressionTest4" time="0.0"/>
  <testcase name="test2213" classname="RandoopRegressionTest4" time="0.0"/>
  <testcase name="test2214" classname="RandoopRegressionTest4" time="0.0"/>
  <testcase name="test2215" classname="RandoopRegressionTest4" time="0.0"/>
  <testcase name="test2216" classname="RandoopRegressionTest4" time="0.0"/>
  <testcase name="test2217" classname="RandoopRegressionTest4" time="0.0"/>
  <testcase name="test2218" classname="RandoopRegressionTest4" time="0.0"/>
  <testcase name="test2219" classname="RandoopRegressionTest4" time="0.0"/>
  <testcase name="test2220" classname="RandoopRegressionTest4" time="0.0"/>
  <testcase name="test2221" classname="RandoopRegressionTest4" time="0.0"/>
  <testcase name="test2222" classname="RandoopRegressionTest4" time="0.0"/>
  <testcase name="test2223" classname="RandoopRegressionTest4" time="0.0"/>
  <testcase name="test2224" classname="RandoopRegressionTest4" time="0.0"/>
  <testcase name="test2225" classname="RandoopRegressionTest4" time="0.0"/>
  <testcase name="test2226" classname="RandoopRegressionTest4" time="0.0"/>
  <testcase name="test2227" classname="RandoopRegressionTest4" time="0.0"/>
  <testcase name="test2228" classname="RandoopRegressionTest4" time="0.0"/>
  <testcase name="test2229" classname="RandoopRegressionTest4" time="0.0"/>
  <testcase name="test2230" classname="RandoopRegressionTest4" time="0.0"/>
  <testcase name="test2231" classname="RandoopRegressionTest4" time="0.0"/>
  <testcase name="test2232" classname="RandoopRegressionTest4" time="0.0"/>
  <testcase name="test2233" classname="RandoopRegressionTest4" time="0.0"/>
  <testcase name="test2234" classname="RandoopRegressionTest4" time="0.0"/>
  <testcase name="test2235" classname="RandoopRegressionTest4" time="0.0"/>
  <testcase name="test2236" classname="RandoopRegressionTest4" time="0.0"/>
  <testcase name="test2237" classname="RandoopRegressionTest4" time="0.0"/>
  <testcase name="test2238" classname="RandoopRegressionTest4" time="0.0"/>
  <testcase name="test2239" classname="RandoopRegressionTest4" time="0.0"/>
  <testcase name="test2240" classname="RandoopRegressionTest4" time="0.0"/>
  <testcase name="test2241" classname="RandoopRegressionTest4" time="0.0"/>
  <testcase name="test2242" classname="RandoopRegressionTest4" time="0.0"/>
  <testcase name="test2243" classname="RandoopRegressionTest4" time="0.0"/>
  <testcase name="test2244" classname="RandoopRegressionTest4" time="0.0"/>
  <testcase name="test2245" classname="RandoopRegressionTest4" time="0.0"/>
  <testcase name="test2246" classname="RandoopRegressionTest4" time="0.0"/>
  <testcase name="test2247" classname="RandoopRegressionTest4" time="0.0"/>
  <testcase name="test2248" classname="RandoopRegressionTest4" time="0.0"/>
  <testcase name="test2249" classname="RandoopRegressionTest4" time="0.0"/>
  <testcase name="test2250" classname="RandoopRegressionTest4" time="0.0"/>
  <testcase name="test2251" classname="RandoopRegressionTest4" time="0.0"/>
  <testcase name="test2252" classname="RandoopRegressionTest4" time="0.0"/>
  <testcase name="test2253" classname="RandoopRegressionTest4" time="0.0"/>
  <testcase name="test2254" classname="RandoopRegressionTest4" time="0.0"/>
  <testcase name="test2255" classname="RandoopRegressionTest4" time="0.0"/>
  <testcase name="test2256" classname="RandoopRegressionTest4" time="0.0"/>
  <testcase name="test2257" classname="RandoopRegressionTest4" time="0.0"/>
  <testcase name="test2258" classname="RandoopRegressionTest4" time="0.0"/>
  <testcase name="test2259" classname="RandoopRegressionTest4" time="0.0"/>
  <testcase name="test2260" classname="RandoopRegressionTest4" time="0.0"/>
  <testcase name="test2261" classname="RandoopRegressionTest4" time="0.0"/>
  <testcase name="test2262" classname="RandoopRegressionTest4" time="0.0"/>
  <testcase name="test2263" classname="RandoopRegressionTest4" time="0.0"/>
  <testcase name="test2264" classname="RandoopRegressionTest4" time="0.0"/>
  <testcase name="test2265" classname="RandoopRegressionTest4" time="0.0"/>
  <testcase name="test2266" classname="RandoopRegressionTest4" time="0.0"/>
  <testcase name="test2267" classname="RandoopRegressionTest4" time="0.0"/>
  <testcase name="test2268" classname="RandoopRegressionTest4" time="0.0"/>
  <testcase name="test2269" classname="RandoopRegressionTest4" time="0.0"/>
  <testcase name="test2270" classname="RandoopRegressionTest4" time="0.0"/>
  <testcase name="test2271" classname="RandoopRegressionTest4" time="0.0"/>
  <testcase name="test2272" classname="RandoopRegressionTest4" time="0.0"/>
  <testcase name="test2273" classname="RandoopRegressionTest4" time="0.0"/>
  <testcase name="test2274" classname="RandoopRegressionTest4" time="0.0"/>
  <testcase name="test2275" classname="RandoopRegressionTest4" time="0.0"/>
  <testcase name="test2276" classname="RandoopRegressionTest4" time="0.0"/>
  <testcase name="test2277" classname="RandoopRegressionTest4" time="0.0"/>
  <testcase name="test2278" classname="RandoopRegressionTest4" time="0.0"/>
  <testcase name="test2279" classname="RandoopRegressionTest4" time="0.0"/>
  <testcase name="test2280" classname="RandoopRegressionTest4" time="0.0"/>
  <testcase name="test2281" classname="RandoopRegressionTest4" time="0.0"/>
  <testcase name="test2282" classname="RandoopRegressionTest4" time="0.0"/>
  <testcase name="test2283" classname="RandoopRegressionTest4" time="0.0"/>
  <testcase name="test2284" classname="RandoopRegressionTest4" time="0.0"/>
  <testcase name="test2285" classname="RandoopRegressionTest4" time="0.0"/>
  <testcase name="test2286" classname="RandoopRegressionTest4" time="0.0"/>
  <testcase name="test2287" classname="RandoopRegressionTest4" time="0.0"/>
  <testcase name="test2288" classname="RandoopRegressionTest4" time="0.0"/>
  <testcase name="test2289" classname="RandoopRegressionTest4" time="0.0"/>
  <testcase name="test2290" classname="RandoopRegressionTest4" time="0.0"/>
  <testcase name="test2291" classname="RandoopRegressionTest4" time="0.0"/>
  <testcase name="test2292" classname="RandoopRegressionTest4" time="0.0"/>
  <testcase name="test2293" classname="RandoopRegressionTest4" time="0.0"/>
  <testcase name="test2294" classname="RandoopRegressionTest4" time="0.0"/>
  <testcase name="test2295" classname="RandoopRegressionTest4" time="0.0"/>
  <testcase name="test2296" classname="RandoopRegressionTest4" time="0.0"/>
  <testcase name="test2297" classname="RandoopRegressionTest4" time="0.0"/>
  <testcase name="test2298" classname="RandoopRegressionTest4" time="0.0"/>
  <testcase name="test2299" classname="RandoopRegressionTest4" time="0.0"/>
  <testcase name="test2300" classname="RandoopRegressionTest4" time="0.0"/>
  <testcase name="test2301" classname="RandoopRegressionTest4" time="0.0"/>
  <testcase name="test2302" classname="RandoopRegressionTest4" time="0.0"/>
  <testcase name="test2303" classname="RandoopRegressionTest4" time="0.0"/>
  <testcase name="test2304" classname="RandoopRegressionTest4" time="0.0"/>
  <testcase name="test2305" classname="RandoopRegressionTest4" time="0.0"/>
  <testcase name="test2306" classname="RandoopRegressionTest4" time="0.0"/>
  <testcase name="test2307" classname="RandoopRegressionTest4" time="0.0"/>
  <testcase name="test2308" classname="RandoopRegressionTest4" time="0.0"/>
  <testcase name="test2309" classname="RandoopRegressionTest4" time="0.0"/>
  <testcase name="test2310" classname="RandoopRegressionTest4" time="0.0"/>
  <testcase name="test2311" classname="RandoopRegressionTest4" time="0.0"/>
  <testcase name="test2312" classname="RandoopRegressionTest4" time="0.0"/>
  <testcase name="test2313" classname="RandoopRegressionTest4" time="0.0"/>
  <testcase name="test2314" classname="RandoopRegressionTest4" time="0.0"/>
  <testcase name="test2315" classname="RandoopRegressionTest4" time="0.0"/>
  <testcase name="test2316" classname="RandoopRegressionTest4" time="0.0"/>
  <testcase name="test2317" classname="RandoopRegressionTest4" time="0.0"/>
  <testcase name="test2318" classname="RandoopRegressionTest4" time="0.0"/>
  <testcase name="test2319" classname="RandoopRegressionTest4" time="0.0"/>
  <testcase name="test2320" classname="RandoopRegressionTest4" time="0.0"/>
  <testcase name="test2321" classname="RandoopRegressionTest4" time="0.0"/>
  <testcase name="test2322" classname="RandoopRegressionTest4" time="0.0"/>
  <testcase name="test2323" classname="RandoopRegressionTest4" time="0.0"/>
  <testcase name="test2324" classname="RandoopRegressionTest4" time="0.0"/>
  <testcase name="test2325" classname="RandoopRegressionTest4" time="0.0"/>
  <testcase name="test2326" classname="RandoopRegressionTest4" time="0.0"/>
  <testcase name="test2327" classname="RandoopRegressionTest4" time="0.0"/>
  <testcase name="test2328" classname="RandoopRegressionTest4" time="0.0"/>
  <testcase name="test2329" classname="RandoopRegressionTest4" time="0.0"/>
  <testcase name="test2330" classname="RandoopRegressionTest4" time="0.0"/>
  <testcase name="test2331" classname="RandoopRegressionTest4" time="0.0"/>
  <testcase name="test2332" classname="RandoopRegressionTest4" time="0.0"/>
  <testcase name="test2333" classname="RandoopRegressionTest4" time="0.0"/>
  <testcase name="test2334" classname="RandoopRegressionTest4" time="0.0"/>
  <testcase name="test2335" classname="RandoopRegressionTest4" time="0.0"/>
  <testcase name="test2336" classname="RandoopRegressionTest4" time="0.0"/>
  <testcase name="test2337" classname="RandoopRegressionTest4" time="0.0"/>
  <testcase name="test2338" classname="RandoopRegressionTest4" time="0.001"/>
  <testcase name="test2339" classname="RandoopRegressionTest4" time="0.0"/>
  <testcase name="test2340" classname="RandoopRegressionTest4" time="0.0"/>
  <testcase name="test2341" classname="RandoopRegressionTest4" time="0.0"/>
  <testcase name="test2342" classname="RandoopRegressionTest4" time="0.0"/>
  <testcase name="test2343" classname="RandoopRegressionTest4" time="0.0"/>
  <testcase name="test2344" classname="RandoopRegressionTest4" time="0.0"/>
  <testcase name="test2345" classname="RandoopRegressionTest4" time="0.0"/>
  <testcase name="test2346" classname="RandoopRegressionTest4" time="0.0"/>
  <testcase name="test2347" classname="RandoopRegressionTest4" time="0.0"/>
  <testcase name="test2348" classname="RandoopRegressionTest4" time="0.0"/>
  <testcase name="test2349" classname="RandoopRegressionTest4" time="0.0"/>
  <testcase name="test2350" classname="RandoopRegressionTest4" time="0.0"/>
  <testcase name="test2351" classname="RandoopRegressionTest4" time="0.0"/>
  <testcase name="test2352" classname="RandoopRegressionTest4" time="0.0"/>
  <testcase name="test2353" classname="RandoopRegressionTest4" time="0.0"/>
  <testcase name="test2354" classname="RandoopRegressionTest4" time="0.0"/>
  <testcase name="test2355" classname="RandoopRegressionTest4" time="0.0"/>
  <testcase name="test2356" classname="RandoopRegressionTest4" time="0.0"/>
  <testcase name="test2357" classname="RandoopRegressionTest4" time="0.0"/>
  <testcase name="test2358" classname="RandoopRegressionTest4" time="0.001"/>
  <testcase name="test2359" classname="RandoopRegressionTest4" time="0.0"/>
  <testcase name="test2360" classname="RandoopRegressionTest4" time="0.0"/>
  <testcase name="test2361" classname="RandoopRegressionTest4" time="0.0"/>
  <testcase name="test2362" classname="RandoopRegressionTest4" time="0.0"/>
  <testcase name="test2363" classname="RandoopRegressionTest4" time="0.0"/>
  <testcase name="test2364" classname="RandoopRegressionTest4" time="0.0"/>
  <testcase name="test2365" classname="RandoopRegressionTest4" time="0.0"/>
  <testcase name="test2366" classname="RandoopRegressionTest4" time="0.0"/>
  <testcase name="test2367" classname="RandoopRegressionTest4" time="0.0"/>
  <testcase name="test2368" classname="RandoopRegressionTest4" time="0.0"/>
  <testcase name="test2369" classname="RandoopRegressionTest4" time="0.0"/>
  <testcase name="test2370" classname="RandoopRegressionTest4" time="0.0"/>
  <testcase name="test2371" classname="RandoopRegressionTest4" time="0.0"/>
  <testcase name="test2372" classname="RandoopRegressionTest4" time="0.0"/>
  <testcase name="test2373" classname="RandoopRegressionTest4" time="0.0"/>
  <testcase name="test2374" classname="RandoopRegressionTest4" time="0.0"/>
  <testcase name="test2375" classname="RandoopRegressionTest4" time="0.0"/>
  <testcase name="test2376" classname="RandoopRegressionTest4" time="0.0"/>
  <testcase name="test2377" classname="RandoopRegressionTest4" time="0.0"/>
  <testcase name="test2378" classname="RandoopRegressionTest4" time="0.0"/>
  <testcase name="test2379" classname="RandoopRegressionTest4" time="0.0"/>
  <testcase name="test2380" classname="RandoopRegressionTest4" time="0.0"/>
  <testcase name="test2381" classname="RandoopRegressionTest4" time="0.0"/>
  <testcase name="test2382" classname="RandoopRegressionTest4" time="0.0"/>
  <testcase name="test2383" classname="RandoopRegressionTest4" time="0.0"/>
  <testcase name="test2384" classname="RandoopRegressionTest4" time="0.0"/>
  <testcase name="test2385" classname="RandoopRegressionTest4" time="0.0"/>
  <testcase name="test2386" classname="RandoopRegressionTest4" time="0.0"/>
  <testcase name="test2387" classname="RandoopRegressionTest4" time="0.0"/>
  <testcase name="test2388" classname="RandoopRegressionTest4" time="0.0"/>
  <testcase name="test2389" classname="RandoopRegressionTest4" time="0.0"/>
  <testcase name="test2390" classname="RandoopRegressionTest4" time="0.0"/>
  <testcase name="test2391" classname="RandoopRegressionTest4" time="0.0"/>
  <testcase name="test2392" classname="RandoopRegressionTest4" time="0.001"/>
  <testcase name="test2393" classname="RandoopRegressionTest4" time="0.0"/>
  <testcase name="test2394" classname="RandoopRegressionTest4" time="0.0"/>
  <testcase name="test2395" classname="RandoopRegressionTest4" time="0.0"/>
  <testcase name="test2396" classname="RandoopRegressionTest4" time="0.0"/>
  <testcase name="test2397" classname="RandoopRegressionTest4" time="0.0"/>
  <testcase name="test2398" classname="RandoopRegressionTest4" time="0.0"/>
  <testcase name="test2399" classname="RandoopRegressionTest4" time="0.0"/>
  <testcase name="test2400" classname="RandoopRegressionTest4" time="0.0"/>
  <testcase name="test2401" classname="RandoopRegressionTest4" time="0.0"/>
  <testcase name="test2402" classname="RandoopRegressionTest4" time="0.0"/>
  <testcase name="test2403" classname="RandoopRegressionTest4" time="0.0"/>
  <testcase name="test2404" classname="RandoopRegressionTest4" time="0.0"/>
  <testcase name="test2405" classname="RandoopRegressionTest4" time="0.0"/>
  <testcase name="test2406" classname="RandoopRegressionTest4" time="0.0"/>
  <testcase name="test2407" classname="RandoopRegressionTest4" time="0.0"/>
  <testcase name="test2408" classname="RandoopRegressionTest4" time="0.0"/>
  <testcase name="test2409" classname="RandoopRegressionTest4" time="0.0"/>
  <testcase name="test2410" classname="RandoopRegressionTest4" time="0.0"/>
  <testcase name="test2411" classname="RandoopRegressionTest4" time="0.0"/>
  <testcase name="test2412" classname="RandoopRegressionTest4" time="0.0"/>
  <testcase name="test2413" classname="RandoopRegressionTest4" time="0.0"/>
  <testcase name="test2414" classname="RandoopRegressionTest4" time="0.0"/>
  <testcase name="test2415" classname="RandoopRegressionTest4" time="0.0"/>
  <testcase name="test2416" classname="RandoopRegressionTest4" time="0.0"/>
  <testcase name="test2417" classname="RandoopRegressionTest4" time="0.0"/>
  <testcase name="test2418" classname="RandoopRegressionTest4" time="0.0"/>
  <testcase name="test2419" classname="RandoopRegressionTest4" time="0.0"/>
  <testcase name="test2420" classname="RandoopRegressionTest4" time="0.0"/>
  <testcase name="test2421" classname="RandoopRegressionTest4" time="0.0"/>
  <testcase name="test2422" classname="RandoopRegressionTest4" time="0.0"/>
  <testcase name="test2423" classname="RandoopRegressionTest4" time="0.0"/>
  <testcase name="test2424" classname="RandoopRegressionTest4" time="0.001"/>
  <testcase name="test2425" classname="RandoopRegressionTest4" time="0.0"/>
  <testcase name="test2426" classname="RandoopRegressionTest4" time="0.0"/>
  <testcase name="test2427" classname="RandoopRegressionTest4" time="0.0"/>
  <testcase name="test2428" classname="RandoopRegressionTest4" time="0.0"/>
  <testcase name="test2429" classname="RandoopRegressionTest4" time="0.0"/>
  <testcase name="test2430" classname="RandoopRegressionTest4" time="0.0"/>
  <testcase name="test2431" classname="RandoopRegressionTest4" time="0.0"/>
  <testcase name="test2432" classname="RandoopRegressionTest4" time="0.0"/>
  <testcase name="test2433" classname="RandoopRegressionTest4" time="0.0"/>
  <testcase name="test2434" classname="RandoopRegressionTest4" time="0.0"/>
  <testcase name="test2435" classname="RandoopRegressionTest4" time="0.0"/>
  <testcase name="test2436" classname="RandoopRegressionTest4" time="0.0"/>
  <testcase name="test2437" classname="RandoopRegressionTest4" time="0.0"/>
  <testcase name="test2438" classname="RandoopRegressionTest4" time="0.0"/>
  <testcase name="test2439" classname="RandoopRegressionTest4" time="0.0"/>
  <testcase name="test2440" classname="RandoopRegressionTest4" time="0.0"/>
  <testcase name="test2441" classname="RandoopRegressionTest4" time="0.0"/>
  <testcase name="test2442" classname="RandoopRegressionTest4" time="0.0"/>
  <testcase name="test2443" classname="RandoopRegressionTest4" time="0.0"/>
  <testcase name="test2444" classname="RandoopRegressionTest4" time="0.0"/>
  <testcase name="test2445" classname="RandoopRegressionTest4" time="0.0"/>
  <testcase name="test2446" classname="RandoopRegressionTest4" time="0.0"/>
  <testcase name="test2447" classname="RandoopRegressionTest4" time="0.0"/>
  <testcase name="test2448" classname="RandoopRegressionTest4" time="0.0"/>
  <testcase name="test2449" classname="RandoopRegressionTest4" time="0.0"/>
  <testcase name="test2450" classname="RandoopRegressionTest4" time="0.0"/>
  <testcase name="test2451" classname="RandoopRegressionTest4" time="0.0"/>
  <testcase name="test2452" classname="RandoopRegressionTest4" time="0.0"/>
  <testcase name="test2453" classname="RandoopRegressionTest4" time="0.0"/>
  <testcase name="test2454" classname="RandoopRegressionTest4" time="0.0"/>
  <testcase name="test2455" classname="RandoopRegressionTest4" time="0.0"/>
  <testcase name="test2456" classname="RandoopRegressionTest4" time="0.0"/>
  <testcase name="test2457" classname="RandoopRegressionTest4" time="0.0"/>
  <testcase name="test2458" classname="RandoopRegressionTest4" time="0.0"/>
  <testcase name="test2459" classname="RandoopRegressionTest4" time="0.0"/>
  <testcase name="test2460" classname="RandoopRegressionTest4" time="0.0"/>
  <testcase name="test2461" classname="RandoopRegressionTest4" time="0.0"/>
  <testcase name="test2462" classname="RandoopRegressionTest4" time="0.0"/>
  <testcase name="test2463" classname="RandoopRegressionTest4" time="0.0"/>
  <testcase name="test2464" classname="RandoopRegressionTest4" time="0.0"/>
  <testcase name="test2465" classname="RandoopRegressionTest4" time="0.0"/>
  <testcase name="test2466" classname="RandoopRegressionTest4" time="0.0"/>
  <testcase name="test2467" classname="RandoopRegressionTest4" time="0.0"/>
  <testcase name="test2468" classname="RandoopRegressionTest4" time="0.0"/>
  <testcase name="test2469" classname="RandoopRegressionTest4" time="0.001"/>
  <testcase name="test2470" classname="RandoopRegressionTest4" time="0.0"/>
  <testcase name="test2471" classname="RandoopRegressionTest4" time="0.0"/>
  <testcase name="test2472" classname="RandoopRegressionTest4" time="0.0"/>
  <testcase name="test2473" classname="RandoopRegressionTest4" time="0.0"/>
  <testcase name="test2474" classname="RandoopRegressionTest4" time="0.0"/>
  <testcase name="test2475" classname="RandoopRegressionTest4" time="0.0"/>
  <testcase name="test2476" classname="RandoopRegressionTest4" time="0.0"/>
  <testcase name="test2477" classname="RandoopRegressionTest4" time="0.0"/>
  <testcase name="test2478" classname="RandoopRegressionTest4" time="0.0"/>
  <testcase name="test2479" classname="RandoopRegressionTest4" time="0.0"/>
  <testcase name="test2480" classname="RandoopRegressionTest4" time="0.0"/>
  <testcase name="test2481" classname="RandoopRegressionTest4" time="0.0"/>
  <testcase name="test2482" classname="RandoopRegressionTest4" time="0.0"/>
  <testcase name="test2483" classname="RandoopRegressionTest4" time="0.0"/>
  <testcase name="test2484" classname="RandoopRegressionTest4" time="0.0"/>
  <testcase name="test2485" classname="RandoopRegressionTest4" time="0.0"/>
  <testcase name="test2486" classname="RandoopRegressionTest4" time="0.0"/>
  <testcase name="test2487" classname="RandoopRegressionTest4" time="0.0"/>
  <testcase name="test2488" classname="RandoopRegressionTest4" time="0.0"/>
  <testcase name="test2489" classname="RandoopRegressionTest4" time="0.0"/>
  <testcase name="test2490" classname="RandoopRegressionTest4" time="0.0"/>
  <testcase name="test2491" classname="RandoopRegressionTest4" time="0.0"/>
  <testcase name="test2492" classname="RandoopRegressionTest4" time="0.0"/>
  <testcase name="test2493" classname="RandoopRegressionTest4" time="0.0"/>
  <testcase name="test2494" classname="RandoopRegressionTest4" time="0.0"/>
  <testcase name="test2495" classname="RandoopRegressionTest4" time="0.0"/>
  <testcase name="test2496" classname="RandoopRegressionTest4" time="0.0"/>
  <testcase name="test2497" classname="RandoopRegressionTest4" time="0.0"/>
  <testcase name="test2498" classname="RandoopRegressionTest4" time="0.0"/>
  <testcase name="test2499" classname="RandoopRegressionTest4" time="0.0"/>
  <testcase name="test2500" classname="RandoopRegressionTest4" time="0.0"/>
  <testcase name="test2001" classname="RandoopRegressionTest4" time="0.0"/>
  <testcase name="test2002" classname="RandoopRegressionTest4" time="0.0"/>
  <testcase name="test2003" classname="RandoopRegressionTest4" time="0.0"/>
  <testcase name="test2004" classname="RandoopRegressionTest4" time="0.0"/>
  <testcase name="test2005" classname="RandoopRegressionTest4" time="0.0"/>
  <testcase name="test2006" classname="RandoopRegressionTest4" time="0.0"/>
  <testcase name="test2007" classname="RandoopRegressionTest4" time="0.0"/>
  <testcase name="test2008" classname="RandoopRegressionTest4" time="0.0"/>
  <testcase name="test2009" classname="RandoopRegressionTest4" time="0.0"/>
  <testcase name="test2010" classname="RandoopRegressionTest4" time="0.0"/>
  <testcase name="test2011" classname="RandoopRegressionTest4" time="0.0"/>
  <testcase name="test2012" classname="RandoopRegressionTest4" time="0.0"/>
  <testcase name="test2013" classname="RandoopRegressionTest4" time="0.0"/>
  <testcase name="test2014" classname="RandoopRegressionTest4" time="0.0"/>
  <testcase name="test2015" classname="RandoopRegressionTest4" time="0.0"/>
  <testcase name="test2016" classname="RandoopRegressionTest4" time="0.0"/>
  <testcase name="test2017" classname="RandoopRegressionTest4" time="0.0"/>
  <testcase name="test2018" classname="RandoopRegressionTest4" time="0.0"/>
  <testcase name="test2019" classname="RandoopRegressionTest4" time="0.0"/>
  <testcase name="test2020" classname="RandoopRegressionTest4" time="0.0"/>
  <testcase name="test2021" classname="RandoopRegressionTest4" time="0.0"/>
  <testcase name="test2022" classname="RandoopRegressionTest4" time="0.0"/>
  <testcase name="test2023" classname="RandoopRegressionTest4" time="0.0"/>
  <testcase name="test2024" classname="RandoopRegressionTest4" time="0.0"/>
  <testcase name="test2025" classname="RandoopRegressionTest4" time="0.0"/>
  <testcase name="test2026" classname="RandoopRegressionTest4" time="0.0"/>
  <testcase name="test2027" classname="RandoopRegressionTest4" time="0.0"/>
  <testcase name="test2028" classname="RandoopRegressionTest4" time="0.0"/>
  <testcase name="test2029" classname="RandoopRegressionTest4" time="0.0"/>
  <testcase name="test2030" classname="RandoopRegressionTest4" time="0.0"/>
  <testcase name="test2031" classname="RandoopRegressionTest4" time="0.0"/>
  <testcase name="test2032" classname="RandoopRegressionTest4" time="0.0"/>
  <testcase name="test2033" classname="RandoopRegressionTest4" time="0.0"/>
  <testcase name="test2034" classname="RandoopRegressionTest4" time="0.0"/>
  <testcase name="test2035" classname="RandoopRegressionTest4" time="0.0"/>
  <testcase name="test2036" classname="RandoopRegressionTest4" time="0.0"/>
  <testcase name="test2037" classname="RandoopRegressionTest4" time="0.0"/>
  <testcase name="test2038" classname="RandoopRegressionTest4" time="0.0"/>
  <testcase name="test2039" classname="RandoopRegressionTest4" time="0.0"/>
  <testcase name="test2040" classname="RandoopRegressionTest4" time="0.0"/>
  <testcase name="test2041" classname="RandoopRegressionTest4" time="0.0"/>
  <testcase name="test2042" classname="RandoopRegressionTest4" time="0.0"/>
  <testcase name="test2043" classname="RandoopRegressionTest4" time="0.0"/>
  <testcase name="test2044" classname="RandoopRegressionTest4" time="0.0"/>
  <testcase name="test2045" classname="RandoopRegressionTest4" time="0.0"/>
  <testcase name="test2046" classname="RandoopRegressionTest4" time="0.001"/>
  <testcase name="test2047" classname="RandoopRegressionTest4" time="0.0"/>
  <testcase name="test2048" classname="RandoopRegressionTest4" time="0.0"/>
  <testcase name="test2049" classname="RandoopRegressionTest4" time="0.0"/>
  <testcase name="test2050" classname="RandoopRegressionTest4" time="0.0"/>
  <testcase name="test2051" classname="RandoopRegressionTest4" time="0.0"/>
  <testcase name="test2052" classname="RandoopRegressionTest4" time="0.0"/>
  <testcase name="test2053" classname="RandoopRegressionTest4" time="0.0"/>
  <testcase name="test2054" classname="RandoopRegressionTest4" time="0.0"/>
  <testcase name="test2055" classname="RandoopRegressionTest4" time="0.0"/>
  <testcase name="test2056" classname="RandoopRegressionTest4" time="0.0"/>
  <testcase name="test2057" classname="RandoopRegressionTest4" time="0.0"/>
  <testcase name="test2058" classname="RandoopRegressionTest4" time="0.0"/>
  <testcase name="test2059" classname="RandoopRegressionTest4" time="0.0"/>
  <testcase name="test2060" classname="RandoopRegressionTest4" time="0.0"/>
  <testcase name="test2061" classname="RandoopRegressionTest4" time="0.0"/>
  <testcase name="test2062" classname="RandoopRegressionTest4" time="0.0"/>
  <testcase name="test2063" classname="RandoopRegressionTest4" time="0.0"/>
  <testcase name="test2064" classname="RandoopRegressionTest4" time="0.0"/>
  <testcase name="test2065" classname="RandoopRegressionTest4" time="0.0"/>
  <testcase name="test2066" classname="RandoopRegressionTest4" time="0.0"/>
  <testcase name="test2067" classname="RandoopRegressionTest4" time="0.0"/>
  <testcase name="test2068" classname="RandoopRegressionTest4" time="0.0"/>
  <testcase name="test2069" classname="RandoopRegressionTest4" time="0.0"/>
  <testcase name="test2070" classname="RandoopRegressionTest4" time="0.0"/>
  <testcase name="test2071" classname="RandoopRegressionTest4" time="0.0"/>
  <testcase name="test2072" classname="RandoopRegressionTest4" time="0.0"/>
  <testcase name="test2073" classname="RandoopRegressionTest4" time="0.0"/>
  <testcase name="test2074" classname="RandoopRegressionTest4" time="0.0"/>
  <testcase name="test2075" classname="RandoopRegressionTest4" time="0.0"/>
  <testcase name="test2076" classname="RandoopRegressionTest4" time="0.0"/>
  <testcase name="test2077" classname="RandoopRegressionTest4" time="0.0"/>
  <testcase name="test2078" classname="RandoopRegressionTest4" time="0.0"/>
  <testcase name="test2079" classname="RandoopRegressionTest4" time="0.0"/>
  <testcase name="test2080" classname="RandoopRegressionTest4" time="0.0"/>
  <testcase name="test2081" classname="RandoopRegressionTest4" time="0.0"/>
  <testcase name="test2082" classname="RandoopRegressionTest4" time="0.0"/>
  <testcase name="test2083" classname="RandoopRegressionTest4" time="0.0"/>
  <testcase name="test2084" classname="RandoopRegressionTest4" time="0.0"/>
  <testcase name="test2085" classname="RandoopRegressionTest4" time="0.0"/>
  <testcase name="test2086" classname="RandoopRegressionTest4" time="0.0"/>
  <testcase name="test2087" classname="RandoopRegressionTest4" time="0.0"/>
  <testcase name="test2088" classname="RandoopRegressionTest4" time="0.0"/>
  <testcase name="test2089" classname="RandoopRegressionTest4" time="0.0"/>
  <testcase name="test2090" classname="RandoopRegressionTest4" time="0.0"/>
  <testcase name="test2091" classname="RandoopRegressionTest4" time="0.0"/>
  <testcase name="test2092" classname="RandoopRegressionTest4" time="0.0"/>
  <testcase name="test2093" classname="RandoopRegressionTest4" time="0.0"/>
  <testcase name="test2094" classname="RandoopRegressionTest4" time="0.0"/>
  <testcase name="test2095" classname="RandoopRegressionTest4" time="0.0"/>
  <testcase name="test2096" classname="RandoopRegressionTest4" time="0.0"/>
  <testcase name="test2097" classname="RandoopRegressionTest4" time="0.0"/>
  <testcase name="test2098" classname="RandoopRegressionTest4" time="0.0"/>
  <testcase name="test2099" classname="RandoopRegressionTest4" time="0.0"/>
  <testcase name="test2100" classname="RandoopRegressionTest4" time="0.0"/>
  <testcase name="test2101" classname="RandoopRegressionTest4" time="0.0"/>
  <testcase name="test2102" classname="RandoopRegressionTest4" time="0.0"/>
  <testcase name="test2103" classname="RandoopRegressionTest4" time="0.0"/>
  <testcase name="test2104" classname="RandoopRegressionTest4" time="0.0"/>
  <testcase name="test2105" classname="RandoopRegressionTest4" time="0.0"/>
  <testcase name="test2106" classname="RandoopRegressionTest4" time="0.0"/>
  <testcase name="test2107" classname="RandoopRegressionTest4" time="0.0"/>
  <testcase name="test2108" classname="RandoopRegressionTest4" time="0.0"/>
  <testcase name="test2109" classname="RandoopRegressionTest4" time="0.0"/>
  <testcase name="test2110" classname="RandoopRegressionTest4" time="0.0"/>
  <testcase name="test2111" classname="RandoopRegressionTest4" time="0.0"/>
  <testcase name="test2112" classname="RandoopRegressionTest4" time="0.0"/>
  <testcase name="test2113" classname="RandoopRegressionTest4" time="0.0"/>
  <testcase name="test2114" classname="RandoopRegressionTest4" time="0.0"/>
  <testcase name="test2115" classname="RandoopRegressionTest4" time="0.0"/>
  <testcase name="test2116" classname="RandoopRegressionTest4" time="0.0"/>
  <testcase name="test2117" classname="RandoopRegressionTest4" time="0.0"/>
  <testcase name="test2118" classname="RandoopRegressionTest4" time="0.0"/>
  <testcase name="test2119" classname="RandoopRegressionTest4" time="0.0"/>
  <testcase name="test2120" classname="RandoopRegressionTest4" time="0.0"/>
  <testcase name="test2121" classname="RandoopRegressionTest4" time="0.0"/>
  <testcase name="test2122" classname="RandoopRegressionTest4" time="0.0"/>
  <testcase name="test2123" classname="RandoopRegressionTest4" time="0.0"/>
  <testcase name="test2124" classname="RandoopRegressionTest4" time="0.0"/>
  <testcase name="test2125" classname="RandoopRegressionTest4" time="0.0"/>
  <testcase name="test2126" classname="RandoopRegressionTest4" time="0.0"/>
  <testcase name="test2127" classname="RandoopRegressionTest4" time="0.0"/>
  <testcase name="test2128" classname="RandoopRegressionTest4" time="0.0"/>
  <testcase name="test2129" classname="RandoopRegressionTest4" time="0.0"/>
  <testcase name="test2130" classname="RandoopRegressionTest4" time="0.0"/>
  <testcase name="test2131" classname="RandoopRegressionTest4" time="0.0"/>
  <testcase name="test2132" classname="RandoopRegressionTest4" time="0.0"/>
  <testcase name="test2133" classname="RandoopRegressionTest4" time="0.0"/>
  <testcase name="test2134" classname="RandoopRegressionTest4" time="0.0"/>
  <testcase name="test2135" classname="RandoopRegressionTest4" time="0.0"/>
  <testcase name="test2136" classname="RandoopRegressionTest4" time="0.0"/>
  <testcase name="test2137" classname="RandoopRegressionTest4" time="0.0"/>
  <testcase name="test2138" classname="RandoopRegressionTest4" time="0.0"/>
  <testcase name="test2139" classname="RandoopRegressionTest4" time="0.0"/>
  <testcase name="test2140" classname="RandoopRegressionTest4" time="0.0"/>
  <testcase name="test2141" classname="RandoopRegressionTest4" time="0.0"/>
  <testcase name="test2142" classname="RandoopRegressionTest4" time="0.0"/>
  <testcase name="test2143" classname="RandoopRegressionTest4" time="0.0"/>
  <testcase name="test2144" classname="RandoopRegressionTest4" time="0.001"/>
  <testcase name="test2145" classname="RandoopRegressionTest4" time="0.0"/>
  <testcase name="test2146" classname="RandoopRegressionTest4" time="0.0"/>
  <testcase name="test2147" classname="RandoopRegressionTest4" time="0.0"/>
  <testcase name="test2148" classname="RandoopRegressionTest4" time="0.0"/>
  <testcase name="test2149" classname="RandoopRegressionTest4" time="0.0"/>
  <testcase name="test2150" classname="RandoopRegressionTest4" time="0.0"/>
  <testcase name="test2151" classname="RandoopRegressionTest4" time="0.0"/>
  <testcase name="test2152" classname="RandoopRegressionTest4" time="0.0"/>
  <testcase name="test2153" classname="RandoopRegressionTest4" time="0.0"/>
  <testcase name="test2154" classname="RandoopRegressionTest4" time="0.0"/>
  <testcase name="test2155" classname="RandoopRegressionTest4" time="0.0"/>
  <testcase name="test2156" classname="RandoopRegressionTest4" time="0.0"/>
  <testcase name="test2157" classname="RandoopRegressionTest4" time="0.0"/>
  <testcase name="test2158" classname="RandoopRegressionTest4" time="0.0"/>
  <testcase name="test2159" classname="RandoopRegressionTest4" time="0.0"/>
  <testcase name="test2160" classname="RandoopRegressionTest4" time="0.0"/>
  <testcase name="test2161" classname="RandoopRegressionTest4" time="0.0"/>
  <testcase name="test2162" classname="RandoopRegressionTest4" time="0.0"/>
  <testcase name="test2163" classname="RandoopRegressionTest4" time="0.0"/>
  <testcase name="test2164" classname="RandoopRegressionTest4" time="0.0"/>
  <testcase name="test2165" classname="RandoopRegressionTest4" time="0.0"/>
  <testcase name="test2166" classname="RandoopRegressionTest4" time="0.0"/>
  <testcase name="test2167" classname="RandoopRegressionTest4" time="0.0"/>
  <testcase name="test2168" classname="RandoopRegressionTest4" time="0.0"/>
  <testcase name="test2169" classname="RandoopRegressionTest4" time="0.0"/>
  <testcase name="test2170" classname="RandoopRegressionTest4" time="0.0"/>
  <testcase name="test2171" classname="RandoopRegressionTest4" time="0.0"/>
  <testcase name="test2172" classname="RandoopRegressionTest4" time="0.0"/>
  <testcase name="test2173" classname="RandoopRegressionTest4" time="0.0"/>
  <testcase name="test2174" classname="RandoopRegressionTest4" time="0.0"/>
  <testcase name="test2175" classname="RandoopRegressionTest4" time="0.0"/>
  <testcase name="test2176" classname="RandoopRegressionTest4" time="0.0"/>
  <testcase name="test2177" classname="RandoopRegressionTest4" time="0.0"/>
  <testcase name="test2178" classname="RandoopRegressionTest4" time="0.0"/>
  <testcase name="test2179" classname="RandoopRegressionTest4" time="0.0"/>
  <testcase name="test2180" classname="RandoopRegressionTest4" time="0.0"/>
  <testcase name="test2181" classname="RandoopRegressionTest4" time="0.0"/>
  <testcase name="test2182" classname="RandoopRegressionTest4" time="0.0"/>
  <testcase name="test2183" classname="RandoopRegressionTest4" time="0.0"/>
  <testcase name="test2184" classname="RandoopRegressionTest4" time="0.0"/>
  <testcase name="test2185" classname="RandoopRegressionTest4" time="0.0"/>
  <testcase name="test2186" classname="RandoopRegressionTest4" time="0.0"/>
  <testcase name="test2187" classname="RandoopRegressionTest4" time="0.0"/>
  <testcase name="test2188" classname="RandoopRegressionTest4" time="0.0"/>
  <testcase name="test2189" classname="RandoopRegressionTest4" time="0.0"/>
  <testcase name="test2190" classname="RandoopRegressionTest4" time="0.0"/>
  <testcase name="test2191" classname="RandoopRegressionTest4" time="0.0"/>
  <testcase name="test2192" classname="RandoopRegressionTest4" time="0.0"/>
  <testcase name="test2193" classname="RandoopRegressionTest4" time="0.0"/>
  <testcase name="test2194" classname="RandoopRegressionTest4" time="0.0"/>
  <testcase name="test2195" classname="RandoopRegressionTest4" time="0.0"/>
  <testcase name="test2196" classname="RandoopRegressionTest4" time="0.0"/>
  <testcase name="test2197" classname="RandoopRegressionTest4" time="0.0"/>
  <testcase name="test2198" classname="RandoopRegressionTest4" time="0.0"/>
  <testcase name="test2199" classname="RandoopRegressionTest4" time="0.0"/>
  <testcase name="test2200" classname="RandoopRegressionTest4" time="0.0"/>
  <testcase name="test2201" classname="RandoopRegressionTest4" time="0.0"/>
  <testcase name="test2202" classname="RandoopRegressionTest4" time="0.0"/>
  <testcase name="test2203" classname="RandoopRegressionTest4" time="0.0"/>
  <testcase name="test2204" classname="RandoopRegressionTest4" time="0.0"/>
  <testcase name="test2205" classname="RandoopRegressionTest4" time="0.0"/>
  <testcase name="test2206" classname="RandoopRegressionTest4" time="0.0"/>
  <testcase name="test2207" classname="RandoopRegressionTest4" time="0.0"/>
  <testcase name="test2208" classname="RandoopRegressionTest4" time="0.0"/>
  <testcase name="test2209" classname="RandoopRegressionTest4" time="0.0"/>
  <testcase name="test2210" classname="RandoopRegressionTest4" time="0.0"/>
  <testcase name="test2211" classname="RandoopRegressionTest4" time="0.0"/>
  <testcase name="test2212" classname="RandoopRegressionTest4" time="0.0"/>
  <testcase name="test2213" classname="RandoopRegressionTest4" time="0.0"/>
  <testcase name="test2214" classname="RandoopRegressionTest4" time="0.0"/>
  <testcase name="test2215" classname="RandoopRegressionTest4" time="0.0"/>
  <testcase name="test2216" classname="RandoopRegressionTest4" time="0.0"/>
  <testcase name="test2217" classname="RandoopRegressionTest4" time="0.0"/>
  <testcase name="test2218" classname="RandoopRegressionTest4" time="0.0"/>
  <testcase name="test2219" classname="RandoopRegressionTest4" time="0.0"/>
  <testcase name="test2220" classname="RandoopRegressionTest4" time="0.0"/>
  <testcase name="test2221" classname="RandoopRegressionTest4" time="0.0"/>
  <testcase name="test2222" classname="RandoopRegressionTest4" time="0.0"/>
  <testcase name="test2223" classname="RandoopRegressionTest4" time="0.0"/>
  <testcase name="test2224" classname="RandoopRegressionTest4" time="0.0"/>
  <testcase name="test2225" classname="RandoopRegressionTest4" time="0.0"/>
  <testcase name="test2226" classname="RandoopRegressionTest4" time="0.0"/>
  <testcase name="test2227" classname="RandoopRegressionTest4" time="0.0"/>
  <testcase name="test2228" classname="RandoopRegressionTest4" time="0.0"/>
  <testcase name="test2229" classname="RandoopRegressionTest4" time="0.0"/>
  <testcase name="test2230" classname="RandoopRegressionTest4" time="0.0"/>
  <testcase name="test2231" classname="RandoopRegressionTest4" time="0.0"/>
  <testcase name="test2232" classname="RandoopRegressionTest4" time="0.0"/>
  <testcase name="test2233" classname="RandoopRegressionTest4" time="0.0"/>
  <testcase name="test2234" classname="RandoopRegressionTest4" time="0.0"/>
  <testcase name="test2235" classname="RandoopRegressionTest4" time="0.0"/>
  <testcase name="test2236" classname="RandoopRegressionTest4" time="0.001"/>
  <testcase name="test2237" classname="RandoopRegressionTest4" time="0.0"/>
  <testcase name="test2238" classname="RandoopRegressionTest4" time="0.0"/>
  <testcase name="test2239" classname="RandoopRegressionTest4" time="0.0"/>
  <testcase name="test2240" classname="RandoopRegressionTest4" time="0.0"/>
  <testcase name="test2241" classname="RandoopRegressionTest4" time="0.0"/>
  <testcase name="test2242" classname="RandoopRegressionTest4" time="0.0"/>
  <testcase name="test2243" classname="RandoopRegressionTest4" time="0.0"/>
  <testcase name="test2244" classname="RandoopRegressionTest4" time="0.0"/>
  <testcase name="test2245" classname="RandoopRegressionTest4" time="0.0"/>
  <testcase name="test2246" classname="RandoopRegressionTest4" time="0.0"/>
  <testcase name="test2247" classname="RandoopRegressionTest4" time="0.0"/>
  <testcase name="test2248" classname="RandoopRegressionTest4" time="0.0"/>
  <testcase name="test2249" classname="RandoopRegressionTest4" time="0.0"/>
  <testcase name="test2250" classname="RandoopRegressionTest4" time="0.0"/>
  <testcase name="test2251" classname="RandoopRegressionTest4" time="0.0"/>
  <testcase name="test2252" classname="RandoopRegressionTest4" time="0.0"/>
  <testcase name="test2253" classname="RandoopRegressionTest4" time="0.0"/>
  <testcase name="test2254" classname="RandoopRegressionTest4" time="0.0"/>
  <testcase name="test2255" classname="RandoopRegressionTest4" time="0.0"/>
  <testcase name="test2256" classname="RandoopRegressionTest4" time="0.0"/>
  <testcase name="test2257" classname="RandoopRegressionTest4" time="0.0"/>
  <testcase name="test2258" classname="RandoopRegressionTest4" time="0.0"/>
  <testcase name="test2259" classname="RandoopRegressionTest4" time="0.0"/>
  <testcase name="test2260" classname="RandoopRegressionTest4" time="0.0"/>
  <testcase name="test2261" classname="RandoopRegressionTest4" time="0.0"/>
  <testcase name="test2262" classname="RandoopRegressionTest4" time="0.0"/>
  <testcase name="test2263" classname="RandoopRegressionTest4" time="0.0"/>
  <testcase name="test2264" classname="RandoopRegressionTest4" time="0.0"/>
  <testcase name="test2265" classname="RandoopRegressionTest4" time="0.0"/>
  <testcase name="test2266" classname="RandoopRegressionTest4" time="0.0"/>
  <testcase name="test2267" classname="RandoopRegressionTest4" time="0.0"/>
  <testcase name="test2268" classname="RandoopRegressionTest4" time="0.0"/>
  <testcase name="test2269" classname="RandoopRegressionTest4" time="0.0"/>
  <testcase name="test2270" classname="RandoopRegressionTest4" time="0.0"/>
  <testcase name="test2271" classname="RandoopRegressionTest4" time="0.0"/>
  <testcase name="test2272" classname="RandoopRegressionTest4" time="0.0"/>
  <testcase name="test2273" classname="RandoopRegressionTest4" time="0.0"/>
  <testcase name="test2274" classname="RandoopRegressionTest4" time="0.0"/>
  <testcase name="test2275" classname="RandoopRegressionTest4" time="0.0"/>
  <testcase name="test2276" classname="RandoopRegressionTest4" time="0.0"/>
  <testcase name="test2277" classname="RandoopRegressionTest4" time="0.0"/>
  <testcase name="test2278" classname="RandoopRegressionTest4" time="0.0"/>
  <testcase name="test2279" classname="RandoopRegressionTest4" time="0.0"/>
  <testcase name="test2280" classname="RandoopRegressionTest4" time="0.0"/>
  <testcase name="test2281" classname="RandoopRegressionTest4" time="0.0"/>
  <testcase name="test2282" classname="RandoopRegressionTest4" time="0.0"/>
  <testcase name="test2283" classname="RandoopRegressionTest4" time="0.0"/>
  <testcase name="test2284" classname="RandoopRegressionTest4" time="0.0"/>
  <testcase name="test2285" classname="RandoopRegressionTest4" time="0.0"/>
  <testcase name="test2286" classname="RandoopRegressionTest4" time="0.0"/>
  <testcase name="test2287" classname="RandoopRegressionTest4" time="0.0"/>
  <testcase name="test2288" classname="RandoopRegressionTest4" time="0.0"/>
  <testcase name="test2289" classname="RandoopRegressionTest4" time="0.0"/>
  <testcase name="test2290" classname="RandoopRegressionTest4" time="0.0"/>
  <testcase name="test2291" classname="RandoopRegressionTest4" time="0.0"/>
  <testcase name="test2292" classname="RandoopRegressionTest4" time="0.0"/>
  <testcase name="test2293" classname="RandoopRegressionTest4" time="0.0"/>
  <testcase name="test2294" classname="RandoopRegressionTest4" time="0.0"/>
  <testcase name="test2295" classname="RandoopRegressionTest4" time="0.0"/>
  <testcase name="test2296" classname="RandoopRegressionTest4" time="0.0"/>
  <testcase name="test2297" classname="RandoopRegressionTest4" time="0.0"/>
  <testcase name="test2298" classname="RandoopRegressionTest4" time="0.0"/>
  <testcase name="test2299" classname="RandoopRegressionTest4" time="0.001"/>
  <testcase name="test2300" classname="RandoopRegressionTest4" time="0.0"/>
  <testcase name="test2301" classname="RandoopRegressionTest4" time="0.0"/>
  <testcase name="test2302" classname="RandoopRegressionTest4" time="0.0"/>
  <testcase name="test2303" classname="RandoopRegressionTest4" time="0.0"/>
  <testcase name="test2304" classname="RandoopRegressionTest4" time="0.0"/>
  <testcase name="test2305" classname="RandoopRegressionTest4" time="0.0"/>
  <testcase name="test2306" classname="RandoopRegressionTest4" time="0.0"/>
  <testcase name="test2307" classname="RandoopRegressionTest4" time="0.0"/>
  <testcase name="test2308" classname="RandoopRegressionTest4" time="0.0"/>
  <testcase name="test2309" classname="RandoopRegressionTest4" time="0.0"/>
  <testcase name="test2310" classname="RandoopRegressionTest4" time="0.0"/>
  <testcase name="test2311" classname="RandoopRegressionTest4" time="0.0"/>
  <testcase name="test2312" classname="RandoopRegressionTest4" time="0.0"/>
  <testcase name="test2313" classname="RandoopRegressionTest4" time="0.0"/>
  <testcase name="test2314" classname="RandoopRegressionTest4" time="0.0"/>
  <testcase name="test2315" classname="RandoopRegressionTest4" time="0.0"/>
  <testcase name="test2316" classname="RandoopRegressionTest4" time="0.0"/>
  <testcase name="test2317" classname="RandoopRegressionTest4" time="0.0"/>
  <testcase name="test2318" classname="RandoopRegressionTest4" time="0.0"/>
  <testcase name="test2319" classname="RandoopRegressionTest4" time="0.001"/>
  <testcase name="test2320" classname="RandoopRegressionTest4" time="0.0"/>
  <testcase name="test2321" classname="RandoopRegressionTest4" time="0.0"/>
  <testcase name="test2322" classname="RandoopRegressionTest4" time="0.0"/>
  <testcase name="test2323" classname="RandoopRegressionTest4" time="0.0"/>
  <testcase name="test2324" classname="RandoopRegressionTest4" time="0.0"/>
  <testcase name="test2325" classname="RandoopRegressionTest4" time="0.0"/>
  <testcase name="test2326" classname="RandoopRegressionTest4" time="0.0"/>
  <testcase name="test2327" classname="RandoopRegressionTest4" time="0.0"/>
  <testcase name="test2328" classname="RandoopRegressionTest4" time="0.0"/>
  <testcase name="test2329" classname="RandoopRegressionTest4" time="0.0"/>
  <testcase name="test2330" classname="RandoopRegressionTest4" time="0.0"/>
  <testcase name="test2331" classname="RandoopRegressionTest4" time="0.0"/>
  <testcase name="test2332" classname="RandoopRegressionTest4" time="0.0"/>
  <testcase name="test2333" classname="RandoopRegressionTest4" time="0.0"/>
  <testcase name="test2334" classname="RandoopRegressionTest4" time="0.0"/>
  <testcase name="test2335" classname="RandoopRegressionTest4" time="0.0"/>
  <testcase name="test2336" classname="RandoopRegressionTest4" time="0.0"/>
  <testcase name="test2337" classname="RandoopRegressionTest4" time="0.0"/>
  <testcase name="test2338" classname="RandoopRegressionTest4" time="0.001"/>
  <testcase name="test2339" classname="RandoopRegressionTest4" time="0.0"/>
  <testcase name="test2340" classname="RandoopRegressionTest4" time="0.0"/>
  <testcase name="test2341" classname="RandoopRegressionTest4" time="0.0"/>
  <testcase name="test2342" classname="RandoopRegressionTest4" time="0.0"/>
  <testcase name="test2343" classname="RandoopRegressionTest4" time="0.0"/>
  <testcase name="test2344" classname="RandoopRegressionTest4" time="0.0"/>
  <testcase name="test2345" classname="RandoopRegressionTest4" time="0.0"/>
  <testcase name="test2346" classname="RandoopRegressionTest4" time="0.0"/>
  <testcase name="test2347" classname="RandoopRegressionTest4" time="0.001"/>
  <testcase name="test2348" classname="RandoopRegressionTest4" time="0.0"/>
  <testcase name="test2349" classname="RandoopRegressionTest4" time="0.0"/>
  <testcase name="test2350" classname="RandoopRegressionTest4" time="0.0"/>
  <testcase name="test2351" classname="RandoopRegressionTest4" time="0.0"/>
  <testcase name="test2352" classname="RandoopRegressionTest4" time="0.0"/>
  <testcase name="test2353" classname="RandoopRegressionTest4" time="0.0"/>
  <testcase name="test2354" classname="RandoopRegressionTest4" time="0.0"/>
  <testcase name="test2355" classname="RandoopRegressionTest4" time="0.0"/>
  <testcase name="test2356" classname="RandoopRegressionTest4" time="0.0"/>
  <testcase name="test2357" classname="RandoopRegressionTest4" time="0.0"/>
  <testcase name="test2358" classname="RandoopRegressionTest4" time="0.001"/>
  <testcase name="test2359" classname="RandoopRegressionTest4" time="0.0"/>
  <testcase name="test2360" classname="RandoopRegressionTest4" time="0.0"/>
  <testcase name="test2361" classname="RandoopRegressionTest4" time="0.0"/>
  <testcase name="test2362" classname="RandoopRegressionTest4" time="0.001"/>
  <testcase name="test2363" classname="RandoopRegressionTest4" time="0.0"/>
  <testcase name="test2364" classname="RandoopRegressionTest4" time="0.0"/>
  <testcase name="test2365" classname="RandoopRegressionTest4" time="0.0"/>
  <testcase name="test2366" classname="RandoopRegressionTest4" time="0.0"/>
  <testcase name="test2367" classname="RandoopRegressionTest4" time="0.0"/>
  <testcase name="test2368" classname="RandoopRegressionTest4" time="0.0"/>
  <testcase name="test2369" classname="RandoopRegressionTest4" time="0.0"/>
  <testcase name="test2370" classname="RandoopRegressionTest4" time="0.0"/>
  <testcase name="test2371" classname="RandoopRegressionTest4" time="0.001"/>
  <testcase name="test2372" classname="RandoopRegressionTest4" time="0.0"/>
  <testcase name="test2373" classname="RandoopRegressionTest4" time="0.0"/>
  <testcase name="test2374" classname="RandoopRegressionTest4" time="0.0"/>
  <testcase name="test2375" classname="RandoopRegressionTest4" time="0.0"/>
  <testcase name="test2376" classname="RandoopRegressionTest4" time="0.0"/>
  <testcase name="test2377" classname="RandoopRegressionTest4" time="0.0"/>
  <testcase name="test2378" classname="RandoopRegressionTest4" time="0.0"/>
  <testcase name="test2379" classname="RandoopRegressionTest4" time="0.0"/>
  <testcase name="test2380" classname="RandoopRegressionTest4" time="0.0"/>
  <testcase name="test2381" classname="RandoopRegressionTest4" time="0.0"/>
  <testcase name="test2382" classname="RandoopRegressionTest4" time="0.0"/>
  <testcase name="test2383" classname="RandoopRegressionTest4" time="0.0"/>
  <testcase name="test2384" classname="RandoopRegressionTest4" time="0.0"/>
  <testcase name="test2385" classname="RandoopRegressionTest4" time="0.0"/>
  <testcase name="test2386" classname="RandoopRegressionTest4" time="0.0"/>
  <testcase name="test2387" classname="RandoopRegressionTest4" time="0.0"/>
  <testcase name="test2388" classname="RandoopRegressionTest4" time="0.0"/>
  <testcase name="test2389" classname="RandoopRegressionTest4" time="0.0"/>
  <testcase name="test2390" classname="RandoopRegressionTest4" time="0.0"/>
  <testcase name="test2391" classname="RandoopRegressionTest4" time="0.0"/>
  <testcase name="test2392" classname="RandoopRegressionTest4" time="0.0"/>
  <testcase name="test2393" classname="RandoopRegressionTest4" time="0.0"/>
  <testcase name="test2394" classname="RandoopRegressionTest4" time="0.0"/>
  <testcase name="test2395" classname="RandoopRegressionTest4" time="0.0"/>
  <testcase name="test2396" classname="RandoopRegressionTest4" time="0.0"/>
  <testcase name="test2397" classname="RandoopRegressionTest4" time="0.0"/>
  <testcase name="test2398" classname="RandoopRegressionTest4" time="0.0"/>
  <testcase name="test2399" classname="RandoopRegressionTest4" time="0.0"/>
  <testcase name="test2400" classname="RandoopRegressionTest4" time="0.0"/>
  <testcase name="test2401" classname="RandoopRegressionTest4" time="0.0"/>
  <testcase name="test2402" classname="RandoopRegressionTest4" time="0.0"/>
  <testcase name="test2403" classname="RandoopRegressionTest4" time="0.0"/>
  <testcase name="test2404" classname="RandoopRegressionTest4" time="0.0"/>
  <testcase name="test2405" classname="RandoopRegressionTest4" time="0.0"/>
  <testcase name="test2406" classname="RandoopRegressionTest4" time="0.0"/>
  <testcase name="test2407" classname="RandoopRegressionTest4" time="0.0"/>
  <testcase name="test2408" classname="RandoopRegressionTest4" time="0.0"/>
  <testcase name="test2409" classname="RandoopRegressionTest4" time="0.0"/>
  <testcase name="test2410" classname="RandoopRegressionTest4" time="0.0"/>
  <testcase name="test2411" classname="RandoopRegressionTest4" time="0.0"/>
  <testcase name="test2412" classname="RandoopRegressionTest4" time="0.0"/>
  <testcase name="test2413" classname="RandoopRegressionTest4" time="0.0"/>
  <testcase name="test2414" classname="RandoopRegressionTest4" time="0.0"/>
  <testcase name="test2415" classname="RandoopRegressionTest4" time="0.0"/>
  <testcase name="test2416" classname="RandoopRegressionTest4" time="0.0"/>
  <testcase name="test2417" classname="RandoopRegressionTest4" time="0.0"/>
  <testcase name="test2418" classname="RandoopRegressionTest4" time="0.0"/>
  <testcase name="test2419" classname="RandoopRegressionTest4" time="0.0"/>
  <testcase name="test2420" classname="RandoopRegressionTest4" time="0.0"/>
  <testcase name="test2421" classname="RandoopRegressionTest4" time="0.0"/>
  <testcase name="test2422" classname="RandoopRegressionTest4" time="0.0"/>
  <testcase name="test2423" classname="RandoopRegressionTest4" time="0.0"/>
  <testcase name="test2424" classname="RandoopRegressionTest4" time="0.0"/>
  <testcase name="test2425" classname="RandoopRegressionTest4" time="0.0"/>
  <testcase name="test2426" classname="RandoopRegressionTest4" time="0.0"/>
  <testcase name="test2427" classname="RandoopRegressionTest4" time="0.0"/>
  <testcase name="test2428" classname="RandoopRegressionTest4" time="0.0"/>
  <testcase name="test2429" classname="RandoopRegressionTest4" time="0.0"/>
  <testcase name="test2430" classname="RandoopRegressionTest4" time="0.0"/>
  <testcase name="test2431" classname="RandoopRegressionTest4" time="0.0"/>
  <testcase name="test2432" classname="RandoopRegressionTest4" time="0.0"/>
  <testcase name="test2433" classname="RandoopRegressionTest4" time="0.0"/>
  <testcase name="test2434" classname="RandoopRegressionTest4" time="0.0"/>
  <testcase name="test2435" classname="RandoopRegressionTest4" time="0.0"/>
  <testcase name="test2436" classname="RandoopRegressionTest4" time="0.0"/>
  <testcase name="test2437" classname="RandoopRegressionTest4" time="0.0"/>
  <testcase name="test2438" classname="RandoopRegressionTest4" time="0.0"/>
  <testcase name="test2439" classname="RandoopRegressionTest4" time="0.0"/>
  <testcase name="test2440" classname="RandoopRegressionTest4" time="0.0"/>
  <testcase name="test2441" classname="RandoopRegressionTest4" time="0.0"/>
  <testcase name="test2442" classname="RandoopRegressionTest4" time="0.0"/>
  <testcase name="test2443" classname="RandoopRegressionTest4" time="0.0"/>
  <testcase name="test2444" classname="RandoopRegressionTest4" time="0.0"/>
  <testcase name="test2445" classname="RandoopRegressionTest4" time="0.0"/>
  <testcase name="test2446" classname="RandoopRegressionTest4" time="0.0"/>
  <testcase name="test2447" classname="RandoopRegressionTest4" time="0.0"/>
  <testcase name="test2448" classname="RandoopRegressionTest4" time="0.0"/>
  <testcase name="test2449" classname="RandoopRegressionTest4" time="0.0"/>
  <testcase name="test2450" classname="RandoopRegressionTest4" time="0.0"/>
  <testcase name="test2451" classname="RandoopRegressionTest4" time="0.0"/>
  <testcase name="test2452" classname="RandoopRegressionTest4" time="0.0"/>
  <testcase name="test2453" classname="RandoopRegressionTest4" time="0.0"/>
  <testcase name="test2454" classname="RandoopRegressionTest4" time="0.001"/>
  <testcase name="test2455" classname="RandoopRegressionTest4" time="0.0"/>
  <testcase name="test2456" classname="RandoopRegressionTest4" time="0.0"/>
  <testcase name="test2457" classname="RandoopRegressionTest4" time="0.0"/>
  <testcase name="test2458" classname="RandoopRegressionTest4" time="0.0"/>
  <testcase name="test2459" classname="RandoopRegressionTest4" time="0.0"/>
  <testcase name="test2460" classname="RandoopRegressionTest4" time="0.0"/>
  <testcase name="test2461" classname="RandoopRegressionTest4" time="0.0"/>
  <testcase name="test2462" classname="RandoopRegressionTest4" time="0.0"/>
  <testcase name="test2463" classname="RandoopRegressionTest4" time="0.0"/>
  <testcase name="test2464" classname="RandoopRegressionTest4" time="0.0"/>
  <testcase name="test2465" classname="RandoopRegressionTest4" time="0.0"/>
  <testcase name="test2466" classname="RandoopRegressionTest4" time="0.0"/>
  <testcase name="test2467" classname="RandoopRegressionTest4" time="0.0"/>
  <testcase name="test2468" classname="RandoopRegressionTest4" time="0.0"/>
  <testcase name="test2469" classname="RandoopRegressionTest4" time="0.0"/>
  <testcase name="test2470" classname="RandoopRegressionTest4" time="0.0"/>
  <testcase name="test2471" classname="RandoopRegressionTest4" time="0.0"/>
  <testcase name="test2472" classname="RandoopRegressionTest4" time="0.0"/>
  <testcase name="test2473" classname="RandoopRegressionTest4" time="0.0"/>
  <testcase name="test2474" classname="RandoopRegressionTest4" time="0.0"/>
  <testcase name="test2475" classname="RandoopRegressionTest4" time="0.0"/>
  <testcase name="test2476" classname="RandoopRegressionTest4" time="0.0"/>
  <testcase name="test2477" classname="RandoopRegressionTest4" time="0.0"/>
  <testcase name="test2478" classname="RandoopRegressionTest4" time="0.0"/>
  <testcase name="test2479" classname="RandoopRegressionTest4" time="0.0"/>
  <testcase name="test2480" classname="RandoopRegressionTest4" time="0.0"/>
  <testcase name="test2481" classname="RandoopRegressionTest4" time="0.0"/>
  <testcase name="test2482" classname="RandoopRegressionTest4" time="0.0"/>
  <testcase name="test2483" classname="RandoopRegressionTest4" time="0.0"/>
  <testcase name="test2484" classname="RandoopRegressionTest4" time="0.001"/>
  <testcase name="test2485" classname="RandoopRegressionTest4" time="0.0"/>
  <testcase name="test2486" classname="RandoopRegressionTest4" time="0.0"/>
  <testcase name="test2487" classname="RandoopRegressionTest4" time="0.0"/>
  <testcase name="test2488" classname="RandoopRegressionTest4" time="0.0"/>
  <testcase name="test2489" classname="RandoopRegressionTest4" time="0.0"/>
  <testcase name="test2490" classname="RandoopRegressionTest4" time="0.0"/>
  <testcase name="test2491" classname="RandoopRegressionTest4" time="0.0"/>
  <testcase name="test2492" classname="RandoopRegressionTest4" time="0.0"/>
  <testcase name="test2493" classname="RandoopRegressionTest4" time="0.0"/>
  <testcase name="test2494" classname="RandoopRegressionTest4" time="0.0"/>
  <testcase name="test2495" classname="RandoopRegressionTest4" time="0.0"/>
  <testcase name="test2496" classname="RandoopRegressionTest4" time="0.0"/>
  <testcase name="test2497" classname="RandoopRegressionTest4" time="0.0"/>
  <testcase name="test2498" classname="RandoopRegressionTest4" time="0.0"/>
  <testcase name="test2499" classname="RandoopRegressionTest4" time="0.0"/>
  <testcase name="test2500" classname="RandoopRegressionTest4" time="0.0"/>
  <system-out><![CDATA[]]></system-out>
  <system-err><![CDATA[]]></system-err>
</testsuite>
