<?xml version="1.0" encoding="UTF-8"?>
<testsuite name="RandoopRegressionTest2" tests="1000" skipped="0" failures="0" errors="0" timestamp="2024-04-08T16:45:25" hostname="MacBook-Pro-685.local" time="0.139">
  <properties/>
  <testcase name="test1001" classname="RandoopRegressionTest2" time="0.0"/>
  <testcase name="test1002" classname="RandoopRegressionTest2" time="0.0"/>
  <testcase name="test1003" classname="RandoopRegressionTest2" time="0.0"/>
  <testcase name="test1004" classname="RandoopRegressionTest2" time="0.0"/>
  <testcase name="test1005" classname="RandoopRegressionTest2" time="0.0"/>
  <testcase name="test1006" classname="RandoopRegressionTest2" time="0.0"/>
  <testcase name="test1007" classname="RandoopRegressionTest2" time="0.0"/>
  <testcase name="test1008" classname="RandoopRegressionTest2" time="0.0"/>
  <testcase name="test1009" classname="RandoopRegressionTest2" time="0.0"/>
  <testcase name="test1010" classname="RandoopRegressionTest2" time="0.001"/>
  <testcase name="test1011" classname="RandoopRegressionTest2" time="0.0"/>
  <testcase name="test1012" classname="RandoopRegressionTest2" time="0.0"/>
  <testcase name="test1013" classname="RandoopRegressionTest2" time="0.0"/>
  <testcase name="test1014" classname="RandoopRegressionTest2" time="0.0"/>
  <testcase name="test1015" classname="RandoopRegressionTest2" time="0.0"/>
  <testcase name="test1016" classname="RandoopRegressionTest2" time="0.0"/>
  <testcase name="test1017" classname="RandoopRegressionTest2" time="0.0"/>
  <testcase name="test1018" classname="RandoopRegressionTest2" time="0.0"/>
  <testcase name="test1019" classname="RandoopRegressionTest2" time="0.0"/>
  <testcase name="test1020" classname="RandoopRegressionTest2" time="0.0"/>
  <testcase name="test1021" classname="RandoopRegressionTest2" time="0.0"/>
  <testcase name="test1022" classname="RandoopRegressionTest2" time="0.0"/>
  <testcase name="test1023" classname="RandoopRegressionTest2" time="0.0"/>
  <testcase name="test1024" classname="RandoopRegressionTest2" time="0.0"/>
  <testcase name="test1025" classname="RandoopRegressionTest2" time="0.0"/>
  <testcase name="test1026" classname="RandoopRegressionTest2" time="0.0"/>
  <testcase name="test1027" classname="RandoopRegressionTest2" time="0.0"/>
  <testcase name="test1028" classname="RandoopRegressionTest2" time="0.0"/>
  <testcase name="test1029" classname="RandoopRegressionTest2" time="0.0"/>
  <testcase name="test1030" classname="RandoopRegressionTest2" time="0.0"/>
  <testcase name="test1031" classname="RandoopRegressionTest2" time="0.0"/>
  <testcase name="test1032" classname="RandoopRegressionTest2" time="0.0"/>
  <testcase name="test1033" classname="RandoopRegressionTest2" time="0.0"/>
  <testcase name="test1034" classname="RandoopRegressionTest2" time="0.0"/>
  <testcase name="test1035" classname="RandoopRegressionTest2" time="0.0"/>
  <testcase name="test1036" classname="RandoopRegressionTest2" time="0.0"/>
  <testcase name="test1037" classname="RandoopRegressionTest2" time="0.0"/>
  <testcase name="test1038" classname="RandoopRegressionTest2" time="0.0"/>
  <testcase name="test1039" classname="RandoopRegressionTest2" time="0.0"/>
  <testcase name="test1040" classname="RandoopRegressionTest2" time="0.0"/>
  <testcase name="test1041" classname="RandoopRegressionTest2" time="0.0"/>
  <testcase name="test1042" classname="RandoopRegressionTest2" time="0.0"/>
  <testcase name="test1043" classname="RandoopRegressionTest2" time="0.0"/>
  <testcase name="test1044" classname="RandoopRegressionTest2" time="0.0"/>
  <testcase name="test1045" classname="RandoopRegressionTest2" time="0.0"/>
  <testcase name="test1046" classname="RandoopRegressionTest2" time="0.0"/>
  <testcase name="test1047" classname="RandoopRegressionTest2" time="0.0"/>
  <testcase name="test1048" classname="RandoopRegressionTest2" time="0.0"/>
  <testcase name="test1049" classname="RandoopRegressionTest2" time="0.0"/>
  <testcase name="test1050" classname="RandoopRegressionTest2" time="0.0"/>
  <testcase name="test1051" classname="RandoopRegressionTest2" time="0.0"/>
  <testcase name="test1052" classname="RandoopRegressionTest2" time="0.0"/>
  <testcase name="test1053" classname="RandoopRegressionTest2" time="0.0"/>
  <testcase name="test1054" classname="RandoopRegressionTest2" time="0.0"/>
  <testcase name="test1055" classname="RandoopRegressionTest2" time="0.0"/>
  <testcase name="test1056" classname="RandoopRegressionTest2" time="0.0"/>
  <testcase name="test1057" classname="RandoopRegressionTest2" time="0.0"/>
  <testcase name="test1058" classname="RandoopRegressionTest2" time="0.0"/>
  <testcase name="test1059" classname="RandoopRegressionTest2" time="0.0"/>
  <testcase name="test1060" classname="RandoopRegressionTest2" time="0.0"/>
  <testcase name="test1061" classname="RandoopRegressionTest2" time="0.0"/>
  <testcase name="test1062" classname="RandoopRegressionTest2" time="0.0"/>
  <testcase name="test1063" classname="RandoopRegressionTest2" time="0.0"/>
  <testcase name="test1064" classname="RandoopRegressionTest2" time="0.0"/>
  <testcase name="test1065" classname="RandoopRegressionTest2" time="0.0"/>
  <testcase name="test1066" classname="RandoopRegressionTest2" time="0.0"/>
  <testcase name="test1067" classname="RandoopRegressionTest2" time="0.0"/>
  <testcase name="test1068" classname="RandoopRegressionTest2" time="0.0"/>
  <testcase name="test1069" classname="RandoopRegressionTest2" time="0.0"/>
  <testcase name="test1070" classname="RandoopRegressionTest2" time="0.001"/>
  <testcase name="test1071" classname="RandoopRegressionTest2" time="0.0"/>
  <testcase name="test1072" classname="RandoopRegressionTest2" time="0.0"/>
  <testcase name="test1073" classname="RandoopRegressionTest2" time="0.0"/>
  <testcase name="test1074" classname="RandoopRegressionTest2" time="0.0"/>
  <testcase name="test1075" classname="RandoopRegressionTest2" time="0.0"/>
  <testcase name="test1076" classname="RandoopRegressionTest2" time="0.0"/>
  <testcase name="test1077" classname="RandoopRegressionTest2" time="0.0"/>
  <testcase name="test1078" classname="RandoopRegressionTest2" time="0.0"/>
  <testcase name="test1079" classname="RandoopRegressionTest2" time="0.0"/>
  <testcase name="test1080" classname="RandoopRegressionTest2" time="0.0"/>
  <testcase name="test1081" classname="RandoopRegressionTest2" time="0.0"/>
  <testcase name="test1082" classname="RandoopRegressionTest2" time="0.0"/>
  <testcase name="test1083" classname="RandoopRegressionTest2" time="0.0"/>
  <testcase name="test1084" classname="RandoopRegressionTest2" time="0.0"/>
  <testcase name="test1085" classname="RandoopRegressionTest2" time="0.0"/>
  <testcase name="test1086" classname="RandoopRegressionTest2" time="0.0"/>
  <testcase name="test1087" classname="RandoopRegressionTest2" time="0.0"/>
  <testcase name="test1088" classname="RandoopRegressionTest2" time="0.0"/>
  <testcase name="test1089" classname="RandoopRegressionTest2" time="0.0"/>
  <testcase name="test1090" classname="RandoopRegressionTest2" time="0.0"/>
  <testcase name="test1091" classname="RandoopRegressionTest2" time="0.0"/>
  <testcase name="test1092" classname="RandoopRegressionTest2" time="0.0"/>
  <testcase name="test1093" classname="RandoopRegressionTest2" time="0.0"/>
  <testcase name="test1094" classname="RandoopRegressionTest2" time="0.0"/>
  <testcase name="test1095" classname="RandoopRegressionTest2" time="0.0"/>
  <testcase name="test1096" classname="RandoopRegressionTest2" time="0.0"/>
  <testcase name="test1097" classname="RandoopRegressionTest2" time="0.0"/>
  <testcase name="test1098" classname="RandoopRegressionTest2" time="0.0"/>
  <testcase name="test1099" classname="RandoopRegressionTest2" time="0.0"/>
  <testcase name="test1100" classname="RandoopRegressionTest2" time="0.0"/>
  <testcase name="test1101" classname="RandoopRegressionTest2" time="0.0"/>
  <testcase name="test1102" classname="RandoopRegressionTest2" time="0.0"/>
  <testcase name="test1103" classname="RandoopRegressionTest2" time="0.0"/>
  <testcase name="test1104" classname="RandoopRegressionTest2" time="0.0"/>
  <testcase name="test1105" classname="RandoopRegressionTest2" time="0.0"/>
  <testcase name="test1106" classname="RandoopRegressionTest2" time="0.0"/>
  <testcase name="test1107" classname="RandoopRegressionTest2" time="0.0"/>
  <testcase name="test1108" classname="RandoopRegressionTest2" time="0.0"/>
  <testcase name="test1109" classname="RandoopRegressionTest2" time="0.0"/>
  <testcase name="test1110" classname="RandoopRegressionTest2" time="0.0"/>
  <testcase name="test1111" classname="RandoopRegressionTest2" time="0.0"/>
  <testcase name="test1112" classname="RandoopRegressionTest2" time="0.0"/>
  <testcase name="test1113" classname="RandoopRegressionTest2" time="0.0"/>
  <testcase name="test1114" classname="RandoopRegressionTest2" time="0.0"/>
  <testcase name="test1115" classname="RandoopRegressionTest2" time="0.0"/>
  <testcase name="test1116" classname="RandoopRegressionTest2" time="0.0"/>
  <testcase name="test1117" classname="RandoopRegressionTest2" time="0.0"/>
  <testcase name="test1118" classname="RandoopRegressionTest2" time="0.0"/>
  <testcase name="test1119" classname="RandoopRegressionTest2" time="0.0"/>
  <testcase name="test1120" classname="RandoopRegressionTest2" time="0.0"/>
  <testcase name="test1121" classname="RandoopRegressionTest2" time="0.0"/>
  <testcase name="test1122" classname="RandoopRegressionTest2" time="0.001"/>
  <testcase name="test1123" classname="RandoopRegressionTest2" time="0.0"/>
  <testcase name="test1124" classname="RandoopRegressionTest2" time="0.0"/>
  <testcase name="test1125" classname="RandoopRegressionTest2" time="0.0"/>
  <testcase name="test1126" classname="RandoopRegressionTest2" time="0.0"/>
  <testcase name="test1127" classname="RandoopRegressionTest2" time="0.0"/>
  <testcase name="test1128" classname="RandoopRegressionTest2" time="0.0"/>
  <testcase name="test1129" classname="RandoopRegressionTest2" time="0.0"/>
  <testcase name="test1130" classname="RandoopRegressionTest2" time="0.0"/>
  <testcase name="test1131" classname="RandoopRegressionTest2" time="0.0"/>
  <testcase name="test1132" classname="RandoopRegressionTest2" time="0.0"/>
  <testcase name="test1133" classname="RandoopRegressionTest2" time="0.0"/>
  <testcase name="test1134" classname="RandoopRegressionTest2" time="0.0"/>
  <testcase name="test1135" classname="RandoopRegressionTest2" time="0.0"/>
  <testcase name="test1136" classname="RandoopRegressionTest2" time="0.0"/>
  <testcase name="test1137" classname="RandoopRegressionTest2" time="0.0"/>
  <testcase name="test1138" classname="RandoopRegressionTest2" time="0.001"/>
  <testcase name="test1139" classname="RandoopRegressionTest2" time="0.0"/>
  <testcase name="test1140" classname="RandoopRegressionTest2" time="0.0"/>
  <testcase name="test1141" classname="RandoopRegressionTest2" time="0.0"/>
  <testcase name="test1142" classname="RandoopRegressionTest2" time="0.0"/>
  <testcase name="test1143" classname="RandoopRegressionTest2" time="0.0"/>
  <testcase name="test1144" classname="RandoopRegressionTest2" time="0.0"/>
  <testcase name="test1145" classname="RandoopRegressionTest2" time="0.0"/>
  <testcase name="test1146" classname="RandoopRegressionTest2" time="0.0"/>
  <testcase name="test1147" classname="RandoopRegressionTest2" time="0.0"/>
  <testcase name="test1148" classname="RandoopRegressionTest2" time="0.0"/>
  <testcase name="test1149" classname="RandoopRegressionTest2" time="0.0"/>
  <testcase name="test1150" classname="RandoopRegressionTest2" time="0.0"/>
  <testcase name="test1151" classname="RandoopRegressionTest2" time="0.0"/>
  <testcase name="test1152" classname="RandoopRegressionTest2" time="0.0"/>
  <testcase name="test1153" classname="RandoopRegressionTest2" time="0.0"/>
  <testcase name="test1154" classname="RandoopRegressionTest2" time="0.0"/>
  <testcase name="test1155" classname="RandoopRegressionTest2" time="0.0"/>
  <testcase name="test1156" classname="RandoopRegressionTest2" time="0.0"/>
  <testcase name="test1157" classname="RandoopRegressionTest2" time="0.0"/>
  <testcase name="test1158" classname="RandoopRegressionTest2" time="0.0"/>
  <testcase name="test1159" classname="RandoopRegressionTest2" time="0.0"/>
  <testcase name="test1160" classname="RandoopRegressionTest2" time="0.0"/>
  <testcase name="test1161" classname="RandoopRegressionTest2" time="0.0"/>
  <testcase name="test1162" classname="RandoopRegressionTest2" time="0.0"/>
  <testcase name="test1163" classname="RandoopRegressionTest2" time="0.0"/>
  <testcase name="test1164" classname="RandoopRegressionTest2" time="0.0"/>
  <testcase name="test1165" classname="RandoopRegressionTest2" time="0.0"/>
  <testcase name="test1166" classname="RandoopRegressionTest2" time="0.0"/>
  <testcase name="test1167" classname="RandoopRegressionTest2" time="0.0"/>
  <testcase name="test1168" classname="RandoopRegressionTest2" time="0.0"/>
  <testcase name="test1169" classname="RandoopRegressionTest2" time="0.0"/>
  <testcase name="test1170" classname="RandoopRegressionTest2" time="0.001"/>
  <testcase name="test1171" classname="RandoopRegressionTest2" time="0.0"/>
  <testcase name="test1172" classname="RandoopRegressionTest2" time="0.0"/>
  <testcase name="test1173" classname="RandoopRegressionTest2" time="0.0"/>
  <testcase name="test1174" classname="RandoopRegressionTest2" time="0.0"/>
  <testcase name="test1175" classname="RandoopRegressionTest2" time="0.0"/>
  <testcase name="test1176" classname="RandoopRegressionTest2" time="0.0"/>
  <testcase name="test1177" classname="RandoopRegressionTest2" time="0.0"/>
  <testcase name="test1178" classname="RandoopRegressionTest2" time="0.0"/>
  <testcase name="test1179" classname="RandoopRegressionTest2" time="0.0"/>
  <testcase name="test1180" classname="RandoopRegressionTest2" time="0.0"/>
  <testcase name="test1181" classname="RandoopRegressionTest2" time="0.0"/>
  <testcase name="test1182" classname="RandoopRegressionTest2" time="0.0"/>
  <testcase name="test1183" classname="RandoopRegressionTest2" time="0.0"/>
  <testcase name="test1184" classname="RandoopRegressionTest2" time="0.0"/>
  <testcase name="test1185" classname="RandoopRegressionTest2" time="0.0"/>
  <testcase name="test1186" classname="RandoopRegressionTest2" time="0.0"/>
  <testcase name="test1187" classname="RandoopRegressionTest2" time="0.0"/>
  <testcase name="test1188" classname="RandoopRegressionTest2" time="0.0"/>
  <testcase name="test1189" classname="RandoopRegressionTest2" time="0.0"/>
  <testcase name="test1190" classname="RandoopRegressionTest2" time="0.0"/>
  <testcase name="test1191" classname="RandoopRegressionTest2" time="0.0"/>
  <testcase name="test1192" classname="RandoopRegressionTest2" time="0.0"/>
  <testcase name="test1193" classname="RandoopRegressionTest2" time="0.0"/>
  <testcase name="test1194" classname="RandoopRegressionTest2" time="0.0"/>
  <testcase name="test1195" classname="RandoopRegressionTest2" time="0.0"/>
  <testcase name="test1196" classname="RandoopRegressionTest2" time="0.0"/>
  <testcase name="test1197" classname="RandoopRegressionTest2" time="0.0"/>
  <testcase name="test1198" classname="RandoopRegressionTest2" time="0.0"/>
  <testcase name="test1199" classname="RandoopRegressionTest2" time="0.0"/>
  <testcase name="test1200" classname="RandoopRegressionTest2" time="0.0"/>
  <testcase name="test1201" classname="RandoopRegressionTest2" time="0.0"/>
  <testcase name="test1202" classname="RandoopRegressionTest2" time="0.0"/>
  <testcase name="test1203" classname="RandoopRegressionTest2" time="0.0"/>
  <testcase name="test1204" classname="RandoopRegressionTest2" time="0.0"/>
  <testcase name="test1205" classname="RandoopRegressionTest2" time="0.0"/>
  <testcase name="test1206" classname="RandoopRegressionTest2" time="0.0"/>
  <testcase name="test1207" classname="RandoopRegressionTest2" time="0.0"/>
  <testcase name="test1208" classname="RandoopRegressionTest2" time="0.0"/>
  <testcase name="test1209" classname="RandoopRegressionTest2" time="0.0"/>
  <testcase name="test1210" classname="RandoopRegressionTest2" time="0.0"/>
  <testcase name="test1211" classname="RandoopRegressionTest2" time="0.0"/>
  <testcase name="test1212" classname="RandoopRegressionTest2" time="0.0"/>
  <testcase name="test1213" classname="RandoopRegressionTest2" time="0.0"/>
  <testcase name="test1214" classname="RandoopRegressionTest2" time="0.0"/>
  <testcase name="test1215" classname="RandoopRegressionTest2" time="0.0"/>
  <testcase name="test1216" classname="RandoopRegressionTest2" time="0.0"/>
  <testcase name="test1217" classname="RandoopRegressionTest2" time="0.0"/>
  <testcase name="test1218" classname="RandoopRegressionTest2" time="0.0"/>
  <testcase name="test1219" classname="RandoopRegressionTest2" time="0.0"/>
  <testcase name="test1220" classname="RandoopRegressionTest2" time="0.0"/>
  <testcase name="test1221" classname="RandoopRegressionTest2" time="0.0"/>
  <testcase name="test1222" classname="RandoopRegressionTest2" time="0.0"/>
  <testcase name="test1223" classname="RandoopRegressionTest2" time="0.0"/>
  <testcase name="test1224" classname="RandoopRegressionTest2" time="0.0"/>
  <testcase name="test1225" classname="RandoopRegressionTest2" time="0.0"/>
  <testcase name="test1226" classname="RandoopRegressionTest2" time="0.0"/>
  <testcase name="test1227" classname="RandoopRegressionTest2" time="0.0"/>
  <testcase name="test1228" classname="RandoopRegressionTest2" time="0.0"/>
  <testcase name="test1229" classname="RandoopRegressionTest2" time="0.0"/>
  <testcase name="test1230" classname="RandoopRegressionTest2" time="0.0"/>
  <testcase name="test1231" classname="RandoopRegressionTest2" time="0.0"/>
  <testcase name="test1232" classname="RandoopRegressionTest2" time="0.0"/>
  <testcase name="test1233" classname="RandoopRegressionTest2" time="0.0"/>
  <testcase name="test1234" classname="RandoopRegressionTest2" time="0.0"/>
  <testcase name="test1235" classname="RandoopRegressionTest2" time="0.0"/>
  <testcase name="test1236" classname="RandoopRegressionTest2" time="0.0"/>
  <testcase name="test1237" classname="RandoopRegressionTest2" time="0.0"/>
  <testcase name="test1238" classname="RandoopRegressionTest2" time="0.0"/>
  <testcase name="test1239" classname="RandoopRegressionTest2" time="0.0"/>
  <testcase name="test1240" classname="RandoopRegressionTest2" time="0.0"/>
  <testcase name="test1241" classname="RandoopRegressionTest2" time="0.0"/>
  <testcase name="test1242" classname="RandoopRegressionTest2" time="0.0"/>
  <testcase name="test1243" classname="RandoopRegressionTest2" time="0.0"/>
  <testcase name="test1244" classname="RandoopRegressionTest2" time="0.0"/>
  <testcase name="test1245" classname="RandoopRegressionTest2" time="0.0"/>
  <testcase name="test1246" classname="RandoopRegressionTest2" time="0.0"/>
  <testcase name="test1247" classname="RandoopRegressionTest2" time="0.0"/>
  <testcase name="test1248" classname="RandoopRegressionTest2" time="0.0"/>
  <testcase name="test1249" classname="RandoopRegressionTest2" time="0.0"/>
  <testcase name="test1250" classname="RandoopRegressionTest2" time="0.0"/>
  <testcase name="test1251" classname="RandoopRegressionTest2" time="0.0"/>
  <testcase name="test1252" classname="RandoopRegressionTest2" time="0.0"/>
  <testcase name="test1253" classname="RandoopRegressionTest2" time="0.0"/>
  <testcase name="test1254" classname="RandoopRegressionTest2" time="0.0"/>
  <testcase name="test1255" classname="RandoopRegressionTest2" time="0.0"/>
  <testcase name="test1256" classname="RandoopRegressionTest2" time="0.0"/>
  <testcase name="test1257" classname="RandoopRegressionTest2" time="0.0"/>
  <testcase name="test1258" classname="RandoopRegressionTest2" time="0.0"/>
  <testcase name="test1259" classname="RandoopRegressionTest2" time="0.0"/>
  <testcase name="test1260" classname="RandoopRegressionTest2" time="0.0"/>
  <testcase name="test1261" classname="RandoopRegressionTest2" time="0.0"/>
  <testcase name="test1262" classname="RandoopRegressionTest2" time="0.0"/>
  <testcase name="test1263" classname="RandoopRegressionTest2" time="0.0"/>
  <testcase name="test1264" classname="RandoopRegressionTest2" time="0.0"/>
  <testcase name="test1265" classname="RandoopRegressionTest2" time="0.0"/>
  <testcase name="test1266" classname="RandoopRegressionTest2" time="0.0"/>
  <testcase name="test1267" classname="RandoopRegressionTest2" time="0.0"/>
  <testcase name="test1268" classname="RandoopRegressionTest2" time="0.0"/>
  <testcase name="test1269" classname="RandoopRegressionTest2" time="0.0"/>
  <testcase name="test1270" classname="RandoopRegressionTest2" time="0.0"/>
  <testcase name="test1271" classname="RandoopRegressionTest2" time="0.0"/>
  <testcase name="test1272" classname="RandoopRegressionTest2" time="0.001"/>
  <testcase name="test1273" classname="RandoopRegressionTest2" time="0.0"/>
  <testcase name="test1274" classname="RandoopRegressionTest2" time="0.0"/>
  <testcase name="test1275" classname="RandoopRegressionTest2" time="0.0"/>
  <testcase name="test1276" classname="RandoopRegressionTest2" time="0.0"/>
  <testcase name="test1277" classname="RandoopRegressionTest2" time="0.0"/>
  <testcase name="test1278" classname="RandoopRegressionTest2" time="0.0"/>
  <testcase name="test1279" classname="RandoopRegressionTest2" time="0.0"/>
  <testcase name="test1280" classname="RandoopRegressionTest2" time="0.0"/>
  <testcase name="test1281" classname="RandoopRegressionTest2" time="0.0"/>
  <testcase name="test1282" classname="RandoopRegressionTest2" time="0.0"/>
  <testcase name="test1283" classname="RandoopRegressionTest2" time="0.0"/>
  <testcase name="test1284" classname="RandoopRegressionTest2" time="0.0"/>
  <testcase name="test1285" classname="RandoopRegressionTest2" time="0.0"/>
  <testcase name="test1286" classname="RandoopRegressionTest2" time="0.0"/>
  <testcase name="test1287" classname="RandoopRegressionTest2" time="0.0"/>
  <testcase name="test1288" classname="RandoopRegressionTest2" time="0.0"/>
  <testcase name="test1289" classname="RandoopRegressionTest2" time="0.0"/>
  <testcase name="test1290" classname="RandoopRegressionTest2" time="0.0"/>
  <testcase name="test1291" classname="RandoopRegressionTest2" time="0.0"/>
  <testcase name="test1292" classname="RandoopRegressionTest2" time="0.0"/>
  <testcase name="test1293" classname="RandoopRegressionTest2" time="0.0"/>
  <testcase name="test1294" classname="RandoopRegressionTest2" time="0.0"/>
  <testcase name="test1295" classname="RandoopRegressionTest2" time="0.0"/>
  <testcase name="test1296" classname="RandoopRegressionTest2" time="0.0"/>
  <testcase name="test1297" classname="RandoopRegressionTest2" time="0.0"/>
  <testcase name="test1298" classname="RandoopRegressionTest2" time="0.0"/>
  <testcase name="test1299" classname="RandoopRegressionTest2" time="0.0"/>
  <testcase name="test1300" classname="RandoopRegressionTest2" time="0.0"/>
  <testcase name="test1301" classname="RandoopRegressionTest2" time="0.0"/>
  <testcase name="test1302" classname="RandoopRegressionTest2" time="0.0"/>
  <testcase name="test1303" classname="RandoopRegressionTest2" time="0.0"/>
  <testcase name="test1304" classname="RandoopRegressionTest2" time="0.0"/>
  <testcase name="test1305" classname="RandoopRegressionTest2" time="0.0"/>
  <testcase name="test1306" classname="RandoopRegressionTest2" time="0.0"/>
  <testcase name="test1307" classname="RandoopRegressionTest2" time="0.0"/>
  <testcase name="test1308" classname="RandoopRegressionTest2" time="0.0"/>
  <testcase name="test1309" classname="RandoopRegressionTest2" time="0.0"/>
  <testcase name="test1310" classname="RandoopRegressionTest2" time="0.0"/>
  <testcase name="test1311" classname="RandoopRegressionTest2" time="0.0"/>
  <testcase name="test1312" classname="RandoopRegressionTest2" time="0.0"/>
  <testcase name="test1313" classname="RandoopRegressionTest2" time="0.0"/>
  <testcase name="test1314" classname="RandoopRegressionTest2" time="0.0"/>
  <testcase name="test1315" classname="RandoopRegressionTest2" time="0.0"/>
  <testcase name="test1316" classname="RandoopRegressionTest2" time="0.0"/>
  <testcase name="test1317" classname="RandoopRegressionTest2" time="0.0"/>
  <testcase name="test1318" classname="RandoopRegressionTest2" time="0.0"/>
  <testcase name="test1319" classname="RandoopRegressionTest2" time="0.0"/>
  <testcase name="test1320" classname="RandoopRegressionTest2" time="0.0"/>
  <testcase name="test1321" classname="RandoopRegressionTest2" time="0.0"/>
  <testcase name="test1322" classname="RandoopRegressionTest2" time="0.0"/>
  <testcase name="test1323" classname="RandoopRegressionTest2" time="0.0"/>
  <testcase name="test1324" classname="RandoopRegressionTest2" time="0.0"/>
  <testcase name="test1325" classname="RandoopRegressionTest2" time="0.0"/>
  <testcase name="test1326" classname="RandoopRegressionTest2" time="0.0"/>
  <testcase name="test1327" classname="RandoopRegressionTest2" time="0.0"/>
  <testcase name="test1328" classname="RandoopRegressionTest2" time="0.0"/>
  <testcase name="test1329" classname="RandoopRegressionTest2" time="0.0"/>
  <testcase name="test1330" classname="RandoopRegressionTest2" time="0.0"/>
  <testcase name="test1331" classname="RandoopRegressionTest2" time="0.0"/>
  <testcase name="test1332" classname="RandoopRegressionTest2" time="0.0"/>
  <testcase name="test1333" classname="RandoopRegressionTest2" time="0.0"/>
  <testcase name="test1334" classname="RandoopRegressionTest2" time="0.0"/>
  <testcase name="test1335" classname="RandoopRegressionTest2" time="0.0"/>
  <testcase name="test1336" classname="RandoopRegressionTest2" time="0.0"/>
  <testcase name="test1337" classname="RandoopRegressionTest2" time="0.0"/>
  <testcase name="test1338" classname="RandoopRegressionTest2" time="0.0"/>
  <testcase name="test1339" classname="RandoopRegressionTest2" time="0.0"/>
  <testcase name="test1340" classname="RandoopRegressionTest2" time="0.0"/>
  <testcase name="test1341" classname="RandoopRegressionTest2" time="0.0"/>
  <testcase name="test1342" classname="RandoopRegressionTest2" time="0.0"/>
  <testcase name="test1343" classname="RandoopRegressionTest2" time="0.0"/>
  <testcase name="test1344" classname="RandoopRegressionTest2" time="0.0"/>
  <testcase name="test1345" classname="RandoopRegressionTest2" time="0.0"/>
  <testcase name="test1346" classname="RandoopRegressionTest2" time="0.0"/>
  <testcase name="test1347" classname="RandoopRegressionTest2" time="0.0"/>
  <testcase name="test1348" classname="RandoopRegressionTest2" time="0.0"/>
  <testcase name="test1349" classname="RandoopRegressionTest2" time="0.0"/>
  <testcase name="test1350" classname="RandoopRegressionTest2" time="0.0"/>
  <testcase name="test1351" classname="RandoopRegressionTest2" time="0.0"/>
  <testcase name="test1352" classname="RandoopRegressionTest2" time="0.0"/>
  <testcase name="test1353" classname="RandoopRegressionTest2" time="0.0"/>
  <testcase name="test1354" classname="RandoopRegressionTest2" time="0.001"/>
  <testcase name="test1355" classname="RandoopRegressionTest2" time="0.0"/>
  <testcase name="test1356" classname="RandoopRegressionTest2" time="0.0"/>
  <testcase name="test1357" classname="RandoopRegressionTest2" time="0.0"/>
  <testcase name="test1358" classname="RandoopRegressionTest2" time="0.0"/>
  <testcase name="test1359" classname="RandoopRegressionTest2" time="0.0"/>
  <testcase name="test1360" classname="RandoopRegressionTest2" time="0.0"/>
  <testcase name="test1361" classname="RandoopRegressionTest2" time="0.0"/>
  <testcase name="test1362" classname="RandoopRegressionTest2" time="0.0"/>
  <testcase name="test1363" classname="RandoopRegressionTest2" time="0.0"/>
  <testcase name="test1364" classname="RandoopRegressionTest2" time="0.0"/>
  <testcase name="test1365" classname="RandoopRegressionTest2" time="0.0"/>
  <testcase name="test1366" classname="RandoopRegressionTest2" time="0.0"/>
  <testcase name="test1367" classname="RandoopRegressionTest2" time="0.0"/>
  <testcase name="test1368" classname="RandoopRegressionTest2" time="0.0"/>
  <testcase name="test1369" classname="RandoopRegressionTest2" time="0.0"/>
  <testcase name="test1370" classname="RandoopRegressionTest2" time="0.0"/>
  <testcase name="test1371" classname="RandoopRegressionTest2" time="0.0"/>
  <testcase name="test1372" classname="RandoopRegressionTest2" time="0.0"/>
  <testcase name="test1373" classname="RandoopRegressionTest2" time="0.0"/>
  <testcase name="test1374" classname="RandoopRegressionTest2" time="0.0"/>
  <testcase name="test1375" classname="RandoopRegressionTest2" time="0.0"/>
  <testcase name="test1376" classname="RandoopRegressionTest2" time="0.0"/>
  <testcase name="test1377" classname="RandoopRegressionTest2" time="0.0"/>
  <testcase name="test1378" classname="RandoopRegressionTest2" time="0.0"/>
  <testcase name="test1379" classname="RandoopRegressionTest2" time="0.0"/>
  <testcase name="test1380" classname="RandoopRegressionTest2" time="0.0"/>
  <testcase name="test1381" classname="RandoopRegressionTest2" time="0.0"/>
  <testcase name="test1382" classname="RandoopRegressionTest2" time="0.0"/>
  <testcase name="test1383" classname="RandoopRegressionTest2" time="0.0"/>
  <testcase name="test1384" classname="RandoopRegressionTest2" time="0.0"/>
  <testcase name="test1385" classname="RandoopRegressionTest2" time="0.0"/>
  <testcase name="test1386" classname="RandoopRegressionTest2" time="0.0"/>
  <testcase name="test1387" classname="RandoopRegressionTest2" time="0.0"/>
  <testcase name="test1388" classname="RandoopRegressionTest2" time="0.0"/>
  <testcase name="test1389" classname="RandoopRegressionTest2" time="0.0"/>
  <testcase name="test1390" classname="RandoopRegressionTest2" time="0.0"/>
  <testcase name="test1391" classname="RandoopRegressionTest2" time="0.0"/>
  <testcase name="test1392" classname="RandoopRegressionTest2" time="0.0"/>
  <testcase name="test1393" classname="RandoopRegressionTest2" time="0.0"/>
  <testcase name="test1394" classname="RandoopRegressionTest2" time="0.0"/>
  <testcase name="test1395" classname="RandoopRegressionTest2" time="0.0"/>
  <testcase name="test1396" classname="RandoopRegressionTest2" time="0.0"/>
  <testcase name="test1397" classname="RandoopRegressionTest2" time="0.0"/>
  <testcase name="test1398" classname="RandoopRegressionTest2" time="0.0"/>
  <testcase name="test1399" classname="RandoopRegressionTest2" time="0.0"/>
  <testcase name="test1400" classname="RandoopRegressionTest2" time="0.0"/>
  <testcase name="test1401" classname="RandoopRegressionTest2" time="0.0"/>
  <testcase name="test1402" classname="RandoopRegressionTest2" time="0.0"/>
  <testcase name="test1403" classname="RandoopRegressionTest2" time="0.0"/>
  <testcase name="test1404" classname="RandoopRegressionTest2" time="0.0"/>
  <testcase name="test1405" classname="RandoopRegressionTest2" time="0.0"/>
  <testcase name="test1406" classname="RandoopRegressionTest2" time="0.0"/>
  <testcase name="test1407" classname="RandoopRegressionTest2" time="0.0"/>
  <testcase name="test1408" classname="RandoopRegressionTest2" time="0.0"/>
  <testcase name="test1409" classname="RandoopRegressionTest2" time="0.0"/>
  <testcase name="test1410" classname="RandoopRegressionTest2" time="0.0"/>
  <testcase name="test1411" classname="RandoopRegressionTest2" time="0.001"/>
  <testcase name="test1412" classname="RandoopRegressionTest2" time="0.0"/>
  <testcase name="test1413" classname="RandoopRegressionTest2" time="0.0"/>
  <testcase name="test1414" classname="RandoopRegressionTest2" time="0.0"/>
  <testcase name="test1415" classname="RandoopRegressionTest2" time="0.0"/>
  <testcase name="test1416" classname="RandoopRegressionTest2" time="0.0"/>
  <testcase name="test1417" classname="RandoopRegressionTest2" time="0.0"/>
  <testcase name="test1418" classname="RandoopRegressionTest2" time="0.0"/>
  <testcase name="test1419" classname="RandoopRegressionTest2" time="0.0"/>
  <testcase name="test1420" classname="RandoopRegressionTest2" time="0.0"/>
  <testcase name="test1421" classname="RandoopRegressionTest2" time="0.0"/>
  <testcase name="test1422" classname="RandoopRegressionTest2" time="0.0"/>
  <testcase name="test1423" classname="RandoopRegressionTest2" time="0.0"/>
  <testcase name="test1424" classname="RandoopRegressionTest2" time="0.0"/>
  <testcase name="test1425" classname="RandoopRegressionTest2" time="0.0"/>
  <testcase name="test1426" classname="RandoopRegressionTest2" time="0.0"/>
  <testcase name="test1427" classname="RandoopRegressionTest2" time="0.0"/>
  <testcase name="test1428" classname="RandoopRegressionTest2" time="0.0"/>
  <testcase name="test1429" classname="RandoopRegressionTest2" time="0.0"/>
  <testcase name="test1430" classname="RandoopRegressionTest2" time="0.001"/>
  <testcase name="test1431" classname="RandoopRegressionTest2" time="0.0"/>
  <testcase name="test1432" classname="RandoopRegressionTest2" time="0.0"/>
  <testcase name="test1433" classname="RandoopRegressionTest2" time="0.0"/>
  <testcase name="test1434" classname="RandoopRegressionTest2" time="0.0"/>
  <testcase name="test1435" classname="RandoopRegressionTest2" time="0.0"/>
  <testcase name="test1436" classname="RandoopRegressionTest2" time="0.0"/>
  <testcase name="test1437" classname="RandoopRegressionTest2" time="0.0"/>
  <testcase name="test1438" classname="RandoopRegressionTest2" time="0.0"/>
  <testcase name="test1439" classname="RandoopRegressionTest2" time="0.0"/>
  <testcase name="test1440" classname="RandoopRegressionTest2" time="0.0"/>
  <testcase name="test1441" classname="RandoopRegressionTest2" time="0.0"/>
  <testcase name="test1442" classname="RandoopRegressionTest2" time="0.0"/>
  <testcase name="test1443" classname="RandoopRegressionTest2" time="0.0"/>
  <testcase name="test1444" classname="RandoopRegressionTest2" time="0.0"/>
  <testcase name="test1445" classname="RandoopRegressionTest2" time="0.0"/>
  <testcase name="test1446" classname="RandoopRegressionTest2" time="0.0"/>
  <testcase name="test1447" classname="RandoopRegressionTest2" time="0.0"/>
  <testcase name="test1448" classname="RandoopRegressionTest2" time="0.0"/>
  <testcase name="test1449" classname="RandoopRegressionTest2" time="0.0"/>
  <testcase name="test1450" classname="RandoopRegressionTest2" time="0.0"/>
  <testcase name="test1451" classname="RandoopRegressionTest2" time="0.0"/>
  <testcase name="test1452" classname="RandoopRegressionTest2" time="0.0"/>
  <testcase name="test1453" classname="RandoopRegressionTest2" time="0.0"/>
  <testcase name="test1454" classname="RandoopRegressionTest2" time="0.0"/>
  <testcase name="test1455" classname="RandoopRegressionTest2" time="0.0"/>
  <testcase name="test1456" classname="RandoopRegressionTest2" time="0.0"/>
  <testcase name="test1457" classname="RandoopRegressionTest2" time="0.0"/>
  <testcase name="test1458" classname="RandoopRegressionTest2" time="0.0"/>
  <testcase name="test1459" classname="RandoopRegressionTest2" time="0.0"/>
  <testcase name="test1460" classname="RandoopRegressionTest2" time="0.0"/>
  <testcase name="test1461" classname="RandoopRegressionTest2" time="0.0"/>
  <testcase name="test1462" classname="RandoopRegressionTest2" time="0.0"/>
  <testcase name="test1463" classname="RandoopRegressionTest2" time="0.0"/>
  <testcase name="test1464" classname="RandoopRegressionTest2" time="0.0"/>
  <testcase name="test1465" classname="RandoopRegressionTest2" time="0.0"/>
  <testcase name="test1466" classname="RandoopRegressionTest2" time="0.0"/>
  <testcase name="test1467" classname="RandoopRegressionTest2" time="0.0"/>
  <testcase name="test1468" classname="RandoopRegressionTest2" time="0.0"/>
  <testcase name="test1469" classname="RandoopRegressionTest2" time="0.0"/>
  <testcase name="test1470" classname="RandoopRegressionTest2" time="0.0"/>
  <testcase name="test1471" classname="RandoopRegressionTest2" time="0.0"/>
  <testcase name="test1472" classname="RandoopRegressionTest2" time="0.0"/>
  <testcase name="test1473" classname="RandoopRegressionTest2" time="0.0"/>
  <testcase name="test1474" classname="RandoopRegressionTest2" time="0.0"/>
  <testcase name="test1475" classname="RandoopRegressionTest2" time="0.0"/>
  <testcase name="test1476" classname="RandoopRegressionTest2" time="0.0"/>
  <testcase name="test1477" classname="RandoopRegressionTest2" time="0.0"/>
  <testcase name="test1478" classname="RandoopRegressionTest2" time="0.0"/>
  <testcase name="test1479" classname="RandoopRegressionTest2" time="0.0"/>
  <testcase name="test1480" classname="RandoopRegressionTest2" time="0.0"/>
  <testcase name="test1481" classname="RandoopRegressionTest2" time="0.0"/>
  <testcase name="test1482" classname="RandoopRegressionTest2" time="0.0"/>
  <testcase name="test1483" classname="RandoopRegressionTest2" time="0.0"/>
  <testcase name="test1484" classname="RandoopRegressionTest2" time="0.0"/>
  <testcase name="test1485" classname="RandoopRegressionTest2" time="0.0"/>
  <testcase name="test1486" classname="RandoopRegressionTest2" time="0.0"/>
  <testcase name="test1487" classname="RandoopRegressionTest2" time="0.0"/>
  <testcase name="test1488" classname="RandoopRegressionTest2" time="0.0"/>
  <testcase name="test1489" classname="RandoopRegressionTest2" time="0.0"/>
  <testcase name="test1490" classname="RandoopRegressionTest2" time="0.001"/>
  <testcase name="test1491" classname="RandoopRegressionTest2" time="0.0"/>
  <testcase name="test1492" classname="RandoopRegressionTest2" time="0.0"/>
  <testcase name="test1493" classname="RandoopRegressionTest2" time="0.0"/>
  <testcase name="test1494" classname="RandoopRegressionTest2" time="0.0"/>
  <testcase name="test1495" classname="RandoopRegressionTest2" time="0.0"/>
  <testcase name="test1496" classname="RandoopRegressionTest2" time="0.0"/>
  <testcase name="test1497" classname="RandoopRegressionTest2" time="0.0"/>
  <testcase name="test1498" classname="RandoopRegressionTest2" time="0.0"/>
  <testcase name="test1499" classname="RandoopRegressionTest2" time="0.0"/>
  <testcase name="test1500" classname="RandoopRegressionTest2" time="0.0"/>
  <testcase name="test1001" classname="RandoopRegressionTest2" time="0.0"/>
  <testcase name="test1002" classname="RandoopRegressionTest2" time="0.0"/>
  <testcase name="test1003" classname="RandoopRegressionTest2" time="0.0"/>
  <testcase name="test1004" classname="RandoopRegressionTest2" time="0.0"/>
  <testcase name="test1005" classname="RandoopRegressionTest2" time="0.0"/>
  <testcase name="test1006" classname="RandoopRegressionTest2" time="0.0"/>
  <testcase name="test1007" classname="RandoopRegressionTest2" time="0.0"/>
  <testcase name="test1008" classname="RandoopRegressionTest2" time="0.0"/>
  <testcase name="test1009" classname="RandoopRegressionTest2" time="0.0"/>
  <testcase name="test1010" classname="RandoopRegressionTest2" time="0.0"/>
  <testcase name="test1011" classname="RandoopRegressionTest2" time="0.0"/>
  <testcase name="test1012" classname="RandoopRegressionTest2" time="0.001"/>
  <testcase name="test1013" classname="RandoopRegressionTest2" time="0.0"/>
  <testcase name="test1014" classname="RandoopRegressionTest2" time="0.0"/>
  <testcase name="test1015" classname="RandoopRegressionTest2" time="0.0"/>
  <testcase name="test1016" classname="RandoopRegressionTest2" time="0.0"/>
  <testcase name="test1017" classname="RandoopRegressionTest2" time="0.0"/>
  <testcase name="test1018" classname="RandoopRegressionTest2" time="0.0"/>
  <testcase name="test1019" classname="RandoopRegressionTest2" time="0.0"/>
  <testcase name="test1020" classname="RandoopRegressionTest2" time="0.0"/>
  <testcase name="test1021" classname="RandoopRegressionTest2" time="0.0"/>
  <testcase name="test1022" classname="RandoopRegressionTest2" time="0.0"/>
  <testcase name="test1023" classname="RandoopRegressionTest2" time="0.0"/>
  <testcase name="test1024" classname="RandoopRegressionTest2" time="0.0"/>
  <testcase name="test1025" classname="RandoopRegressionTest2" time="0.0"/>
  <testcase name="test1026" classname="RandoopRegressionTest2" time="0.0"/>
  <testcase name="test1027" classname="RandoopRegressionTest2" time="0.0"/>
  <testcase name="test1028" classname="RandoopRegressionTest2" time="0.0"/>
  <testcase name="test1029" classname="RandoopRegressionTest2" time="0.0"/>
  <testcase name="test1030" classname="RandoopRegressionTest2" time="0.0"/>
  <testcase name="test1031" classname="RandoopRegressionTest2" time="0.0"/>
  <testcase name="test1032" classname="RandoopRegressionTest2" time="0.0"/>
  <testcase name="test1033" classname="RandoopRegressionTest2" time="0.0"/>
  <testcase name="test1034" classname="RandoopRegressionTest2" time="0.0"/>
  <testcase name="test1035" classname="RandoopRegressionTest2" time="0.0"/>
  <testcase name="test1036" classname="RandoopRegressionTest2" time="0.0"/>
  <testcase name="test1037" classname="RandoopRegressionTest2" time="0.0"/>
  <testcase name="test1038" classname="RandoopRegressionTest2" time="0.0"/>
  <testcase name="test1039" classname="RandoopRegressionTest2" time="0.0"/>
  <testcase name="test1040" classname="RandoopRegressionTest2" time="0.0"/>
  <testcase name="test1041" classname="RandoopRegressionTest2" time="0.0"/>
  <testcase name="test1042" classname="RandoopRegressionTest2" time="0.0"/>
  <testcase name="test1043" classname="RandoopRegressionTest2" time="0.0"/>
  <testcase name="test1044" classname="RandoopRegressionTest2" time="0.0"/>
  <testcase name="test1045" classname="RandoopRegressionTest2" time="0.0"/>
  <testcase name="test1046" classname="RandoopRegressionTest2" time="0.0"/>
  <testcase name="test1047" classname="RandoopRegressionTest2" time="0.0"/>
  <testcase name="test1048" classname="RandoopRegressionTest2" time="0.0"/>
  <testcase name="test1049" classname="RandoopRegressionTest2" time="0.0"/>
  <testcase name="test1050" classname="RandoopRegressionTest2" time="0.0"/>
  <testcase name="test1051" classname="RandoopRegressionTest2" time="0.0"/>
  <testcase name="test1052" classname="RandoopRegressionTest2" time="0.0"/>
  <testcase name="test1053" classname="RandoopRegressionTest2" time="0.0"/>
  <testcase name="test1054" classname="RandoopRegressionTest2" time="0.0"/>
  <testcase name="test1055" classname="RandoopRegressionTest2" time="0.0"/>
  <testcase name="test1056" classname="RandoopRegressionTest2" time="0.0"/>
  <testcase name="test1057" classname="RandoopRegressionTest2" time="0.0"/>
  <testcase name="test1058" classname="RandoopRegressionTest2" time="0.0"/>
  <testcase name="test1059" classname="RandoopRegressionTest2" time="0.0"/>
  <testcase name="test1060" classname="RandoopRegressionTest2" time="0.0"/>
  <testcase name="test1061" classname="RandoopRegressionTest2" time="0.0"/>
  <testcase name="test1062" classname="RandoopRegressionTest2" time="0.0"/>
  <testcase name="test1063" classname="RandoopRegressionTest2" time="0.0"/>
  <testcase name="test1064" classname="RandoopRegressionTest2" time="0.0"/>
  <testcase name="test1065" classname="RandoopRegressionTest2" time="0.0"/>
  <testcase name="test1066" classname="RandoopRegressionTest2" time="0.0"/>
  <testcase name="test1067" classname="RandoopRegressionTest2" time="0.0"/>
  <testcase name="test1068" classname="RandoopRegressionTest2" time="0.0"/>
  <testcase name="test1069" classname="RandoopRegressionTest2" time="0.0"/>
  <testcase name="test1070" classname="RandoopRegressionTest2" time="0.0"/>
  <testcase name="test1071" classname="RandoopRegressionTest2" time="0.001"/>
  <testcase name="test1072" classname="RandoopRegressionTest2" time="0.0"/>
  <testcase name="test1073" classname="RandoopRegressionTest2" time="0.0"/>
  <testcase name="test1074" classname="RandoopRegressionTest2" time="0.0"/>
  <testcase name="test1075" classname="RandoopRegressionTest2" time="0.0"/>
  <testcase name="test1076" classname="RandoopRegressionTest2" time="0.0"/>
  <testcase name="test1077" classname="RandoopRegressionTest2" time="0.0"/>
  <testcase name="test1078" classname="RandoopRegressionTest2" time="0.0"/>
  <testcase name="test1079" classname="RandoopRegressionTest2" time="0.0"/>
  <testcase name="test1080" classname="RandoopRegressionTest2" time="0.0"/>
  <testcase name="test1081" classname="RandoopRegressionTest2" time="0.0"/>
  <testcase name="test1082" classname="RandoopRegressionTest2" time="0.0"/>
  <testcase name="test1083" classname="RandoopRegressionTest2" time="0.0"/>
  <testcase name="test1084" classname="RandoopRegressionTest2" time="0.0"/>
  <testcase name="test1085" classname="RandoopRegressionTest2" time="0.0"/>
  <testcase name="test1086" classname="RandoopRegressionTest2" time="0.0"/>
  <testcase name="test1087" classname="RandoopRegressionTest2" time="0.0"/>
  <testcase name="test1088" classname="RandoopRegressionTest2" time="0.0"/>
  <testcase name="test1089" classname="RandoopRegressionTest2" time="0.0"/>
  <testcase name="test1090" classname="RandoopRegressionTest2" time="0.0"/>
  <testcase name="test1091" classname="RandoopRegressionTest2" time="0.0"/>
  <testcase name="test1092" classname="RandoopRegressionTest2" time="0.0"/>
  <testcase name="test1093" classname="RandoopRegressionTest2" time="0.0"/>
  <testcase name="test1094" classname="RandoopRegressionTest2" time="0.0"/>
  <testcase name="test1095" classname="RandoopRegressionTest2" time="0.0"/>
  <testcase name="test1096" classname="RandoopRegressionTest2" time="0.0"/>
  <testcase name="test1097" classname="RandoopRegressionTest2" time="0.0"/>
  <testcase name="test1098" classname="RandoopRegressionTest2" time="0.0"/>
  <testcase name="test1099" classname="RandoopRegressionTest2" time="0.0"/>
  <testcase name="test1100" classname="RandoopRegressionTest2" time="0.0"/>
  <testcase name="test1101" classname="RandoopRegressionTest2" time="0.0"/>
  <testcase name="test1102" classname="RandoopRegressionTest2" time="0.0"/>
  <testcase name="test1103" classname="RandoopRegressionTest2" time="0.0"/>
  <testcase name="test1104" classname="RandoopRegressionTest2" time="0.0"/>
  <testcase name="test1105" classname="RandoopRegressionTest2" time="0.0"/>
  <testcase name="test1106" classname="RandoopRegressionTest2" time="0.0"/>
  <testcase name="test1107" classname="RandoopRegressionTest2" time="0.0"/>
  <testcase name="test1108" classname="RandoopRegressionTest2" time="0.0"/>
  <testcase name="test1109" classname="RandoopRegressionTest2" time="0.0"/>
  <testcase name="test1110" classname="RandoopRegressionTest2" time="0.0"/>
  <testcase name="test1111" classname="RandoopRegressionTest2" time="0.0"/>
  <testcase name="test1112" classname="RandoopRegressionTest2" time="0.0"/>
  <testcase name="test1113" classname="RandoopRegressionTest2" time="0.0"/>
  <testcase name="test1114" classname="RandoopRegressionTest2" time="0.0"/>
  <testcase name="test1115" classname="RandoopRegressionTest2" time="0.0"/>
  <testcase name="test1116" classname="RandoopRegressionTest2" time="0.0"/>
  <testcase name="test1117" classname="RandoopRegressionTest2" time="0.0"/>
  <testcase name="test1118" classname="RandoopRegressionTest2" time="0.0"/>
  <testcase name="test1119" classname="RandoopRegressionTest2" time="0.0"/>
  <testcase name="test1120" classname="RandoopRegressionTest2" time="0.0"/>
  <testcase name="test1121" classname="RandoopRegressionTest2" time="0.0"/>
  <testcase name="test1122" classname="RandoopRegressionTest2" time="0.0"/>
  <testcase name="test1123" classname="RandoopRegressionTest2" time="0.0"/>
  <testcase name="test1124" classname="RandoopRegressionTest2" time="0.0"/>
  <testcase name="test1125" classname="RandoopRegressionTest2" time="0.0"/>
  <testcase name="test1126" classname="RandoopRegressionTest2" time="0.0"/>
  <testcase name="test1127" classname="RandoopRegressionTest2" time="0.0"/>
  <testcase name="test1128" classname="RandoopRegressionTest2" time="0.0"/>
  <testcase name="test1129" classname="RandoopRegressionTest2" time="0.0"/>
  <testcase name="test1130" classname="RandoopRegressionTest2" time="0.0"/>
  <testcase name="test1131" classname="RandoopRegressionTest2" time="0.0"/>
  <testcase name="test1132" classname="RandoopRegressionTest2" time="0.0"/>
  <testcase name="test1133" classname="RandoopRegressionTest2" time="0.0"/>
  <testcase name="test1134" classname="RandoopRegressionTest2" time="0.0"/>
  <testcase name="test1135" classname="RandoopRegressionTest2" time="0.0"/>
  <testcase name="test1136" classname="RandoopRegressionTest2" time="0.0"/>
  <testcase name="test1137" classname="RandoopRegressionTest2" time="0.001"/>
  <testcase name="test1138" classname="RandoopRegressionTest2" time="0.0"/>
  <testcase name="test1139" classname="RandoopRegressionTest2" time="0.0"/>
  <testcase name="test1140" classname="RandoopRegressionTest2" time="0.0"/>
  <testcase name="test1141" classname="RandoopRegressionTest2" time="0.0"/>
  <testcase name="test1142" classname="RandoopRegressionTest2" time="0.0"/>
  <testcase name="test1143" classname="RandoopRegressionTest2" time="0.0"/>
  <testcase name="test1144" classname="RandoopRegressionTest2" time="0.0"/>
  <testcase name="test1145" classname="RandoopRegressionTest2" time="0.0"/>
  <testcase name="test1146" classname="RandoopRegressionTest2" time="0.0"/>
  <testcase name="test1147" classname="RandoopRegressionTest2" time="0.0"/>
  <testcase name="test1148" classname="RandoopRegressionTest2" time="0.0"/>
  <testcase name="test1149" classname="RandoopRegressionTest2" time="0.0"/>
  <testcase name="test1150" classname="RandoopRegressionTest2" time="0.0"/>
  <testcase name="test1151" classname="RandoopRegressionTest2" time="0.0"/>
  <testcase name="test1152" classname="RandoopRegressionTest2" time="0.0"/>
  <testcase name="test1153" classname="RandoopRegressionTest2" time="0.0"/>
  <testcase name="test1154" classname="RandoopRegressionTest2" time="0.0"/>
  <testcase name="test1155" classname="RandoopRegressionTest2" time="0.0"/>
  <testcase name="test1156" classname="RandoopRegressionTest2" time="0.0"/>
  <testcase name="test1157" classname="RandoopRegressionTest2" time="0.0"/>
  <testcase name="test1158" classname="RandoopRegressionTest2" time="0.0"/>
  <testcase name="test1159" classname="RandoopRegressionTest2" time="0.0"/>
  <testcase name="test1160" classname="RandoopRegressionTest2" time="0.001"/>
  <testcase name="test1161" classname="RandoopRegressionTest2" time="0.0"/>
  <testcase name="test1162" classname="RandoopRegressionTest2" time="0.0"/>
  <testcase name="test1163" classname="RandoopRegressionTest2" time="0.0"/>
  <testcase name="test1164" classname="RandoopRegressionTest2" time="0.0"/>
  <testcase name="test1165" classname="RandoopRegressionTest2" time="0.0"/>
  <testcase name="test1166" classname="RandoopRegressionTest2" time="0.0"/>
  <testcase name="test1167" classname="RandoopRegressionTest2" time="0.0"/>
  <testcase name="test1168" classname="RandoopRegressionTest2" time="0.0"/>
  <testcase name="test1169" classname="RandoopRegressionTest2" time="0.0"/>
  <testcase name="test1170" classname="RandoopRegressionTest2" time="0.0"/>
  <testcase name="test1171" classname="RandoopRegressionTest2" time="0.0"/>
  <testcase name="test1172" classname="RandoopRegressionTest2" time="0.0"/>
  <testcase name="test1173" classname="RandoopRegressionTest2" time="0.0"/>
  <testcase name="test1174" classname="RandoopRegressionTest2" time="0.0"/>
  <testcase name="test1175" classname="RandoopRegressionTest2" time="0.0"/>
  <testcase name="test1176" classname="RandoopRegressionTest2" time="0.0"/>
  <testcase name="test1177" classname="RandoopRegressionTest2" time="0.0"/>
  <testcase name="test1178" classname="RandoopRegressionTest2" time="0.0"/>
  <testcase name="test1179" classname="RandoopRegressionTest2" time="0.0"/>
  <testcase name="test1180" classname="RandoopRegressionTest2" time="0.0"/>
  <testcase name="test1181" classname="RandoopRegressionTest2" time="0.0"/>
  <testcase name="test1182" classname="RandoopRegressionTest2" time="0.0"/>
  <testcase name="test1183" classname="RandoopRegressionTest2" time="0.0"/>
  <testcase name="test1184" classname="RandoopRegressionTest2" time="0.0"/>
  <testcase name="test1185" classname="RandoopRegressionTest2" time="0.0"/>
  <testcase name="test1186" classname="RandoopRegressionTest2" time="0.0"/>
  <testcase name="test1187" classname="RandoopRegressionTest2" time="0.0"/>
  <testcase name="test1188" classname="RandoopRegressionTest2" time="0.0"/>
  <testcase name="test1189" classname="RandoopRegressionTest2" time="0.0"/>
  <testcase name="test1190" classname="RandoopRegressionTest2" time="0.0"/>
  <testcase name="test1191" classname="RandoopRegressionTest2" time="0.0"/>
  <testcase name="test1192" classname="RandoopRegressionTest2" time="0.0"/>
  <testcase name="test1193" classname="RandoopRegressionTest2" time="0.0"/>
  <testcase name="test1194" classname="RandoopRegressionTest2" time="0.0"/>
  <testcase name="test1195" classname="RandoopRegressionTest2" time="0.0"/>
  <testcase name="test1196" classname="RandoopRegressionTest2" time="0.0"/>
  <testcase name="test1197" classname="RandoopRegressionTest2" time="0.0"/>
  <testcase name="test1198" classname="RandoopRegressionTest2" time="0.0"/>
  <testcase name="test1199" classname="RandoopRegressionTest2" time="0.0"/>
  <testcase name="test1200" classname="RandoopRegressionTest2" time="0.0"/>
  <testcase name="test1201" classname="RandoopRegressionTest2" time="0.0"/>
  <testcase name="test1202" classname="RandoopRegressionTest2" time="0.0"/>
  <testcase name="test1203" classname="RandoopRegressionTest2" time="0.0"/>
  <testcase name="test1204" classname="RandoopRegressionTest2" time="0.0"/>
  <testcase name="test1205" classname="RandoopRegressionTest2" time="0.0"/>
  <testcase name="test1206" classname="RandoopRegressionTest2" time="0.0"/>
  <testcase name="test1207" classname="RandoopRegressionTest2" time="0.0"/>
  <testcase name="test1208" classname="RandoopRegressionTest2" time="0.0"/>
  <testcase name="test1209" classname="RandoopRegressionTest2" time="0.0"/>
  <testcase name="test1210" classname="RandoopRegressionTest2" time="0.0"/>
  <testcase name="test1211" classname="RandoopRegressionTest2" time="0.0"/>
  <testcase name="test1212" classname="RandoopRegressionTest2" time="0.0"/>
  <testcase name="test1213" classname="RandoopRegressionTest2" time="0.0"/>
  <testcase name="test1214" classname="RandoopRegressionTest2" time="0.0"/>
  <testcase name="test1215" classname="RandoopRegressionTest2" time="0.0"/>
  <testcase name="test1216" classname="RandoopRegressionTest2" time="0.001"/>
  <testcase name="test1217" classname="RandoopRegressionTest2" time="0.0"/>
  <testcase name="test1218" classname="RandoopRegressionTest2" time="0.0"/>
  <testcase name="test1219" classname="RandoopRegressionTest2" time="0.0"/>
  <testcase name="test1220" classname="RandoopRegressionTest2" time="0.0"/>
  <testcase name="test1221" classname="RandoopRegressionTest2" time="0.0"/>
  <testcase name="test1222" classname="RandoopRegressionTest2" time="0.0"/>
  <testcase name="test1223" classname="RandoopRegressionTest2" time="0.0"/>
  <testcase name="test1224" classname="RandoopRegressionTest2" time="0.0"/>
  <testcase name="test1225" classname="RandoopRegressionTest2" time="0.0"/>
  <testcase name="test1226" classname="RandoopRegressionTest2" time="0.0"/>
  <testcase name="test1227" classname="RandoopRegressionTest2" time="0.0"/>
  <testcase name="test1228" classname="RandoopRegressionTest2" time="0.0"/>
  <testcase name="test1229" classname="RandoopRegressionTest2" time="0.0"/>
  <testcase name="test1230" classname="RandoopRegressionTest2" time="0.0"/>
  <testcase name="test1231" classname="RandoopRegressionTest2" time="0.0"/>
  <testcase name="test1232" classname="RandoopRegressionTest2" time="0.0"/>
  <testcase name="test1233" classname="RandoopRegressionTest2" time="0.0"/>
  <testcase name="test1234" classname="RandoopRegressionTest2" time="0.0"/>
  <testcase name="test1235" classname="RandoopRegressionTest2" time="0.0"/>
  <testcase name="test1236" classname="RandoopRegressionTest2" time="0.0"/>
  <testcase name="test1237" classname="RandoopRegressionTest2" time="0.0"/>
  <testcase name="test1238" classname="RandoopRegressionTest2" time="0.0"/>
  <testcase name="test1239" classname="RandoopRegressionTest2" time="0.0"/>
  <testcase name="test1240" classname="RandoopRegressionTest2" time="0.0"/>
  <testcase name="test1241" classname="RandoopRegressionTest2" time="0.0"/>
  <testcase name="test1242" classname="RandoopRegressionTest2" time="0.0"/>
  <testcase name="test1243" classname="RandoopRegressionTest2" time="0.0"/>
  <testcase name="test1244" classname="RandoopRegressionTest2" time="0.0"/>
  <testcase name="test1245" classname="RandoopRegressionTest2" time="0.0"/>
  <testcase name="test1246" classname="RandoopRegressionTest2" time="0.0"/>
  <testcase name="test1247" classname="RandoopRegressionTest2" time="0.0"/>
  <testcase name="test1248" classname="RandoopRegressionTest2" time="0.0"/>
  <testcase name="test1249" classname="RandoopRegressionTest2" time="0.001"/>
  <testcase name="test1250" classname="RandoopRegressionTest2" time="0.0"/>
  <testcase name="test1251" classname="RandoopRegressionTest2" time="0.0"/>
  <testcase name="test1252" classname="RandoopRegressionTest2" time="0.0"/>
  <testcase name="test1253" classname="RandoopRegressionTest2" time="0.0"/>
  <testcase name="test1254" classname="RandoopRegressionTest2" time="0.0"/>
  <testcase name="test1255" classname="RandoopRegressionTest2" time="0.0"/>
  <testcase name="test1256" classname="RandoopRegressionTest2" time="0.0"/>
  <testcase name="test1257" classname="RandoopRegressionTest2" time="0.0"/>
  <testcase name="test1258" classname="RandoopRegressionTest2" time="0.0"/>
  <testcase name="test1259" classname="RandoopRegressionTest2" time="0.0"/>
  <testcase name="test1260" classname="RandoopRegressionTest2" time="0.0"/>
  <testcase name="test1261" classname="RandoopRegressionTest2" time="0.0"/>
  <testcase name="test1262" classname="RandoopRegressionTest2" time="0.0"/>
  <testcase name="test1263" classname="RandoopRegressionTest2" time="0.0"/>
  <testcase name="test1264" classname="RandoopRegressionTest2" time="0.0"/>
  <testcase name="test1265" classname="RandoopRegressionTest2" time="0.0"/>
  <testcase name="test1266" classname="RandoopRegressionTest2" time="0.0"/>
  <testcase name="test1267" classname="RandoopRegressionTest2" time="0.0"/>
  <testcase name="test1268" classname="RandoopRegressionTest2" time="0.0"/>
  <testcase name="test1269" classname="RandoopRegressionTest2" time="0.0"/>
  <testcase name="test1270" classname="RandoopRegressionTest2" time="0.0"/>
  <testcase name="test1271" classname="RandoopRegressionTest2" time="0.0"/>
  <testcase name="test1272" classname="RandoopRegressionTest2" time="0.0"/>
  <testcase name="test1273" classname="RandoopRegressionTest2" time="0.0"/>
  <testcase name="test1274" classname="RandoopRegressionTest2" time="0.0"/>
  <testcase name="test1275" classname="RandoopRegressionTest2" time="0.0"/>
  <testcase name="test1276" classname="RandoopRegressionTest2" time="0.0"/>
  <testcase name="test1277" classname="RandoopRegressionTest2" time="0.0"/>
  <testcase name="test1278" classname="RandoopRegressionTest2" time="0.0"/>
  <testcase name="test1279" classname="RandoopRegressionTest2" time="0.0"/>
  <testcase name="test1280" classname="RandoopRegressionTest2" time="0.0"/>
  <testcase name="test1281" classname="RandoopRegressionTest2" time="0.0"/>
  <testcase name="test1282" classname="RandoopRegressionTest2" time="0.0"/>
  <testcase name="test1283" classname="RandoopRegressionTest2" time="0.0"/>
  <testcase name="test1284" classname="RandoopRegressionTest2" time="0.0"/>
  <testcase name="test1285" classname="RandoopRegressionTest2" time="0.0"/>
  <testcase name="test1286" classname="RandoopRegressionTest2" time="0.0"/>
  <testcase name="test1287" classname="RandoopRegressionTest2" time="0.0"/>
  <testcase name="test1288" classname="RandoopRegressionTest2" time="0.0"/>
  <testcase name="test1289" classname="RandoopRegressionTest2" time="0.001"/>
  <testcase name="test1290" classname="RandoopRegressionTest2" time="0.0"/>
  <testcase name="test1291" classname="RandoopRegressionTest2" time="0.0"/>
  <testcase name="test1292" classname="RandoopRegressionTest2" time="0.0"/>
  <testcase name="test1293" classname="RandoopRegressionTest2" time="0.0"/>
  <testcase name="test1294" classname="RandoopRegressionTest2" time="0.0"/>
  <testcase name="test1295" classname="RandoopRegressionTest2" time="0.0"/>
  <testcase name="test1296" classname="RandoopRegressionTest2" time="0.0"/>
  <testcase name="test1297" classname="RandoopRegressionTest2" time="0.0"/>
  <testcase name="test1298" classname="RandoopRegressionTest2" time="0.0"/>
  <testcase name="test1299" classname="RandoopRegressionTest2" time="0.0"/>
  <testcase name="test1300" classname="RandoopRegressionTest2" time="0.0"/>
  <testcase name="test1301" classname="RandoopRegressionTest2" time="0.0"/>
  <testcase name="test1302" classname="RandoopRegressionTest2" time="0.0"/>
  <testcase name="test1303" classname="RandoopRegressionTest2" time="0.0"/>
  <testcase name="test1304" classname="RandoopRegressionTest2" time="0.0"/>
  <testcase name="test1305" classname="RandoopRegressionTest2" time="0.0"/>
  <testcase name="test1306" classname="RandoopRegressionTest2" time="0.0"/>
  <testcase name="test1307" classname="RandoopRegressionTest2" time="0.0"/>
  <testcase name="test1308" classname="RandoopRegressionTest2" time="0.0"/>
  <testcase name="test1309" classname="RandoopRegressionTest2" time="0.0"/>
  <testcase name="test1310" classname="RandoopRegressionTest2" time="0.0"/>
  <testcase name="test1311" classname="RandoopRegressionTest2" time="0.0"/>
  <testcase name="test1312" classname="RandoopRegressionTest2" time="0.0"/>
  <testcase name="test1313" classname="RandoopRegressionTest2" time="0.0"/>
  <testcase name="test1314" classname="RandoopRegressionTest2" time="0.0"/>
  <testcase name="test1315" classname="RandoopRegressionTest2" time="0.0"/>
  <testcase name="test1316" classname="RandoopRegressionTest2" time="0.0"/>
  <testcase name="test1317" classname="RandoopRegressionTest2" time="0.0"/>
  <testcase name="test1318" classname="RandoopRegressionTest2" time="0.0"/>
  <testcase name="test1319" classname="RandoopRegressionTest2" time="0.0"/>
  <testcase name="test1320" classname="RandoopRegressionTest2" time="0.0"/>
  <testcase name="test1321" classname="RandoopRegressionTest2" time="0.0"/>
  <testcase name="test1322" classname="RandoopRegressionTest2" time="0.0"/>
  <testcase name="test1323" classname="RandoopRegressionTest2" time="0.0"/>
  <testcase name="test1324" classname="RandoopRegressionTest2" time="0.0"/>
  <testcase name="test1325" classname="RandoopRegressionTest2" time="0.0"/>
  <testcase name="test1326" classname="RandoopRegressionTest2" time="0.0"/>
  <testcase name="test1327" classname="RandoopRegressionTest2" time="0.0"/>
  <testcase name="test1328" classname="RandoopRegressionTest2" time="0.0"/>
  <testcase name="test1329" classname="RandoopRegressionTest2" time="0.0"/>
  <testcase name="test1330" classname="RandoopRegressionTest2" time="0.0"/>
  <testcase name="test1331" classname="RandoopRegressionTest2" time="0.0"/>
  <testcase name="test1332" classname="RandoopRegressionTest2" time="0.0"/>
  <testcase name="test1333" classname="RandoopRegressionTest2" time="0.0"/>
  <testcase name="test1334" classname="RandoopRegressionTest2" time="0.0"/>
  <testcase name="test1335" classname="RandoopRegressionTest2" time="0.0"/>
  <testcase name="test1336" classname="RandoopRegressionTest2" time="0.0"/>
  <testcase name="test1337" classname="RandoopRegressionTest2" time="0.0"/>
  <testcase name="test1338" classname="RandoopRegressionTest2" time="0.0"/>
  <testcase name="test1339" classname="RandoopRegressionTest2" time="0.0"/>
  <testcase name="test1340" classname="RandoopRegressionTest2" time="0.0"/>
  <testcase name="test1341" classname="RandoopRegressionTest2" time="0.0"/>
  <testcase name="test1342" classname="RandoopRegressionTest2" time="0.0"/>
  <testcase name="test1343" classname="RandoopRegressionTest2" time="0.0"/>
  <testcase name="test1344" classname="RandoopRegressionTest2" time="0.0"/>
  <testcase name="test1345" classname="RandoopRegressionTest2" time="0.0"/>
  <testcase name="test1346" classname="RandoopRegressionTest2" time="0.0"/>
  <testcase name="test1347" classname="RandoopRegressionTest2" time="0.0"/>
  <testcase name="test1348" classname="RandoopRegressionTest2" time="0.0"/>
  <testcase name="test1349" classname="RandoopRegressionTest2" time="0.0"/>
  <testcase name="test1350" classname="RandoopRegressionTest2" time="0.0"/>
  <testcase name="test1351" classname="RandoopRegressionTest2" time="0.0"/>
  <testcase name="test1352" classname="RandoopRegressionTest2" time="0.0"/>
  <testcase name="test1353" classname="RandoopRegressionTest2" time="0.0"/>
  <testcase name="test1354" classname="RandoopRegressionTest2" time="0.0"/>
  <testcase name="test1355" classname="RandoopRegressionTest2" time="0.0"/>
  <testcase name="test1356" classname="RandoopRegressionTest2" time="0.0"/>
  <testcase name="test1357" classname="RandoopRegressionTest2" time="0.0"/>
  <testcase name="test1358" classname="RandoopRegressionTest2" time="0.0"/>
  <testcase name="test1359" classname="RandoopRegressionTest2" time="0.0"/>
  <testcase name="test1360" classname="RandoopRegressionTest2" time="0.0"/>
  <testcase name="test1361" classname="RandoopRegressionTest2" time="0.0"/>
  <testcase name="test1362" classname="RandoopRegressionTest2" time="0.0"/>
  <testcase name="test1363" classname="RandoopRegressionTest2" time="0.0"/>
  <testcase name="test1364" classname="RandoopRegressionTest2" time="0.0"/>
  <testcase name="test1365" classname="RandoopRegressionTest2" time="0.0"/>
  <testcase name="test1366" classname="RandoopRegressionTest2" time="0.0"/>
  <testcase name="test1367" classname="RandoopRegressionTest2" time="0.0"/>
  <testcase name="test1368" classname="RandoopRegressionTest2" time="0.0"/>
  <testcase name="test1369" classname="RandoopRegressionTest2" time="0.0"/>
  <testcase name="test1370" classname="RandoopRegressionTest2" time="0.0"/>
  <testcase name="test1371" classname="RandoopRegressionTest2" time="0.0"/>
  <testcase name="test1372" classname="RandoopRegressionTest2" time="0.0"/>
  <testcase name="test1373" classname="RandoopRegressionTest2" time="0.0"/>
  <testcase name="test1374" classname="RandoopRegressionTest2" time="0.0"/>
  <testcase name="test1375" classname="RandoopRegressionTest2" time="0.0"/>
  <testcase name="test1376" classname="RandoopRegressionTest2" time="0.0"/>
  <testcase name="test1377" classname="RandoopRegressionTest2" time="0.0"/>
  <testcase name="test1378" classname="RandoopRegressionTest2" time="0.0"/>
  <testcase name="test1379" classname="RandoopRegressionTest2" time="0.0"/>
  <testcase name="test1380" classname="RandoopRegressionTest2" time="0.0"/>
  <testcase name="test1381" classname="RandoopRegressionTest2" time="0.0"/>
  <testcase name="test1382" classname="RandoopRegressionTest2" time="0.0"/>
  <testcase name="test1383" classname="RandoopRegressionTest2" time="0.0"/>
  <testcase name="test1384" classname="RandoopRegressionTest2" time="0.0"/>
  <testcase name="test1385" classname="RandoopRegressionTest2" time="0.0"/>
  <testcase name="test1386" classname="RandoopRegressionTest2" time="0.0"/>
  <testcase name="test1387" classname="RandoopRegressionTest2" time="0.0"/>
  <testcase name="test1388" classname="RandoopRegressionTest2" time="0.0"/>
  <testcase name="test1389" classname="RandoopRegressionTest2" time="0.0"/>
  <testcase name="test1390" classname="RandoopRegressionTest2" time="0.0"/>
  <testcase name="test1391" classname="RandoopRegressionTest2" time="0.0"/>
  <testcase name="test1392" classname="RandoopRegressionTest2" time="0.0"/>
  <testcase name="test1393" classname="RandoopRegressionTest2" time="0.0"/>
  <testcase name="test1394" classname="RandoopRegressionTest2" time="0.0"/>
  <testcase name="test1395" classname="RandoopRegressionTest2" time="0.0"/>
  <testcase name="test1396" classname="RandoopRegressionTest2" time="0.0"/>
  <testcase name="test1397" classname="RandoopRegressionTest2" time="0.0"/>
  <testcase name="test1398" classname="RandoopRegressionTest2" time="0.0"/>
  <testcase name="test1399" classname="RandoopRegressionTest2" time="0.0"/>
  <testcase name="test1400" classname="RandoopRegressionTest2" time="0.0"/>
  <testcase name="test1401" classname="RandoopRegressionTest2" time="0.0"/>
  <testcase name="test1402" classname="RandoopRegressionTest2" time="0.0"/>
  <testcase name="test1403" classname="RandoopRegressionTest2" time="0.0"/>
  <testcase name="test1404" classname="RandoopRegressionTest2" time="0.0"/>
  <testcase name="test1405" classname="RandoopRegressionTest2" time="0.0"/>
  <testcase name="test1406" classname="RandoopRegressionTest2" time="0.0"/>
  <testcase name="test1407" classname="RandoopRegressionTest2" time="0.001"/>
  <testcase name="test1408" classname="RandoopRegressionTest2" time="0.0"/>
  <testcase name="test1409" classname="RandoopRegressionTest2" time="0.0"/>
  <testcase name="test1410" classname="RandoopRegressionTest2" time="0.0"/>
  <testcase name="test1411" classname="RandoopRegressionTest2" time="0.0"/>
  <testcase name="test1412" classname="RandoopRegressionTest2" time="0.0"/>
  <testcase name="test1413" classname="RandoopRegressionTest2" time="0.0"/>
  <testcase name="test1414" classname="RandoopRegressionTest2" time="0.0"/>
  <testcase name="test1415" classname="RandoopRegressionTest2" time="0.0"/>
  <testcase name="test1416" classname="RandoopRegressionTest2" time="0.0"/>
  <testcase name="test1417" classname="RandoopRegressionTest2" time="0.0"/>
  <testcase name="test1418" classname="RandoopRegressionTest2" time="0.0"/>
  <testcase name="test1419" classname="RandoopRegressionTest2" time="0.0"/>
  <testcase name="test1420" classname="RandoopRegressionTest2" time="0.0"/>
  <testcase name="test1421" classname="RandoopRegressionTest2" time="0.0"/>
  <testcase name="test1422" classname="RandoopRegressionTest2" time="0.0"/>
  <testcase name="test1423" classname="RandoopRegressionTest2" time="0.0"/>
  <testcase name="test1424" classname="RandoopRegressionTest2" time="0.0"/>
  <testcase name="test1425" classname="RandoopRegressionTest2" time="0.0"/>
  <testcase name="test1426" classname="RandoopRegressionTest2" time="0.0"/>
  <testcase name="test1427" classname="RandoopRegressionTest2" time="0.0"/>
  <testcase name="test1428" classname="RandoopRegressionTest2" time="0.0"/>
  <testcase name="test1429" classname="RandoopRegressionTest2" time="0.0"/>
  <testcase name="test1430" classname="RandoopRegressionTest2" time="0.0"/>
  <testcase name="test1431" classname="RandoopRegressionTest2" time="0.0"/>
  <testcase name="test1432" classname="RandoopRegressionTest2" time="0.0"/>
  <testcase name="test1433" classname="RandoopRegressionTest2" time="0.0"/>
  <testcase name="test1434" classname="RandoopRegressionTest2" time="0.0"/>
  <testcase name="test1435" classname="RandoopRegressionTest2" time="0.0"/>
  <testcase name="test1436" classname="RandoopRegressionTest2" time="0.0"/>
  <testcase name="test1437" classname="RandoopRegressionTest2" time="0.0"/>
  <testcase name="test1438" classname="RandoopRegressionTest2" time="0.0"/>
  <testcase name="test1439" classname="RandoopRegressionTest2" time="0.0"/>
  <testcase name="test1440" classname="RandoopRegressionTest2" time="0.0"/>
  <testcase name="test1441" classname="RandoopRegressionTest2" time="0.0"/>
  <testcase name="test1442" classname="RandoopRegressionTest2" time="0.0"/>
  <testcase name="test1443" classname="RandoopRegressionTest2" time="0.001"/>
  <testcase name="test1444" classname="RandoopRegressionTest2" time="0.0"/>
  <testcase name="test1445" classname="RandoopRegressionTest2" time="0.0"/>
  <testcase name="test1446" classname="RandoopRegressionTest2" time="0.0"/>
  <testcase name="test1447" classname="RandoopRegressionTest2" time="0.0"/>
  <testcase name="test1448" classname="RandoopRegressionTest2" time="0.0"/>
  <testcase name="test1449" classname="RandoopRegressionTest2" time="0.0"/>
  <testcase name="test1450" classname="RandoopRegressionTest2" time="0.0"/>
  <testcase name="test1451" classname="RandoopRegressionTest2" time="0.0"/>
  <testcase name="test1452" classname="RandoopRegressionTest2" time="0.0"/>
  <testcase name="test1453" classname="RandoopRegressionTest2" time="0.0"/>
  <testcase name="test1454" classname="RandoopRegressionTest2" time="0.0"/>
  <testcase name="test1455" classname="RandoopRegressionTest2" time="0.0"/>
  <testcase name="test1456" classname="RandoopRegressionTest2" time="0.0"/>
  <testcase name="test1457" classname="RandoopRegressionTest2" time="0.0"/>
  <testcase name="test1458" classname="RandoopRegressionTest2" time="0.0"/>
  <testcase name="test1459" classname="RandoopRegressionTest2" time="0.0"/>
  <testcase name="test1460" classname="RandoopRegressionTest2" time="0.0"/>
  <testcase name="test1461" classname="RandoopRegressionTest2" time="0.0"/>
  <testcase name="test1462" classname="RandoopRegressionTest2" time="0.0"/>
  <testcase name="test1463" classname="RandoopRegressionTest2" time="0.0"/>
  <testcase name="test1464" classname="RandoopRegressionTest2" time="0.0"/>
  <testcase name="test1465" classname="RandoopRegressionTest2" time="0.0"/>
  <testcase name="test1466" classname="RandoopRegressionTest2" time="0.0"/>
  <testcase name="test1467" classname="RandoopRegressionTest2" time="0.0"/>
  <testcase name="test1468" classname="RandoopRegressionTest2" time="0.0"/>
  <testcase name="test1469" classname="RandoopRegressionTest2" time="0.0"/>
  <testcase name="test1470" classname="RandoopRegressionTest2" time="0.0"/>
  <testcase name="test1471" classname="RandoopRegressionTest2" time="0.001"/>
  <testcase name="test1472" classname="RandoopRegressionTest2" time="0.0"/>
  <testcase name="test1473" classname="RandoopRegressionTest2" time="0.0"/>
  <testcase name="test1474" classname="RandoopRegressionTest2" time="0.0"/>
  <testcase name="test1475" classname="RandoopRegressionTest2" time="0.0"/>
  <testcase name="test1476" classname="RandoopRegressionTest2" time="0.0"/>
  <testcase name="test1477" classname="RandoopRegressionTest2" time="0.0"/>
  <testcase name="test1478" classname="RandoopRegressionTest2" time="0.0"/>
  <testcase name="test1479" classname="RandoopRegressionTest2" time="0.0"/>
  <testcase name="test1480" classname="RandoopRegressionTest2" time="0.0"/>
  <testcase name="test1481" classname="RandoopRegressionTest2" time="0.0"/>
  <testcase name="test1482" classname="RandoopRegressionTest2" time="0.0"/>
  <testcase name="test1483" classname="RandoopRegressionTest2" time="0.0"/>
  <testcase name="test1484" classname="RandoopRegressionTest2" time="0.0"/>
  <testcase name="test1485" classname="RandoopRegressionTest2" time="0.0"/>
  <testcase name="test1486" classname="RandoopRegressionTest2" time="0.0"/>
  <testcase name="test1487" classname="RandoopRegressionTest2" time="0.0"/>
  <testcase name="test1488" classname="RandoopRegressionTest2" time="0.0"/>
  <testcase name="test1489" classname="RandoopRegressionTest2" time="0.0"/>
  <testcase name="test1490" classname="RandoopRegressionTest2" time="0.0"/>
  <testcase name="test1491" classname="RandoopRegressionTest2" time="0.0"/>
  <testcase name="test1492" classname="RandoopRegressionTest2" time="0.0"/>
  <testcase name="test1493" classname="RandoopRegressionTest2" time="0.0"/>
  <testcase name="test1494" classname="RandoopRegressionTest2" time="0.0"/>
  <testcase name="test1495" classname="RandoopRegressionTest2" time="0.0"/>
  <testcase name="test1496" classname="RandoopRegressionTest2" time="0.0"/>
  <testcase name="test1497" classname="RandoopRegressionTest2" time="0.0"/>
  <testcase name="test1498" classname="RandoopRegressionTest2" time="0.0"/>
  <testcase name="test1499" classname="RandoopRegressionTest2" time="0.0"/>
  <testcase name="test1500" classname="RandoopRegressionTest2" time="0.0"/>
  <system-out><![CDATA[]]></system-out>
  <system-err><![CDATA[]]></system-err>
</testsuite>
